Warning: Cannot symlink from /home/albertozafra7/Desktop/Universidad/Master/AR/project/catkin_ws/devel/.private/glog_catkin/share/glog_catkin/cmake/glog_catkinConfig.cmake to existing file /home/albertozafra7/Desktop/Universidad/Master/AR/project/catkin_ws/devel/share/glog_catkin/cmake/glog_catkinConfig.cmake
Warning: Source hash: 00076968c099942850b72708b275bc1b
Warning: Dest hash: 9c320781b450d9e222712091b94be865
Warning: Cannot symlink from /home/albertozafra7/Desktop/Universidad/Master/AR/project/catkin_ws/devel/.private/glog_catkin/lib/pkgconfig/glog_catkin.pc to existing file /home/albertozafra7/Desktop/Universidad/Master/AR/project/catkin_ws/devel/lib/pkgconfig/glog_catkin.pc
Warning: Source hash: 3861e97c23a5a443998ea1c96fe38936
Warning: Dest hash: b43453a7ae23457fc39e5a9f9dac96c8
Cleaning: (/home/albertozafra7/Desktop/Universidad/Master/AR/Lab6/catkin_ws/devel/.private/glog_catkin/cmake.lock, /home/albertozafra7/Desktop/Universidad/Master/AR/Lab6/catkin_ws/devel/./cmake.lock)
Cleaning: (/home/albertozafra7/Desktop/Universidad/Master/AR/Lab6/catkin_ws/devel/.private/glog_catkin/share/doc/glog-0.3.5/NEWS, /home/albertozafra7/Desktop/Universidad/Master/AR/Lab6/catkin_ws/devel/share/doc/glog-0.3.5/NEWS)
Cleaning: (/home/albertozafra7/Desktop/Universidad/Master/AR/Lab6/catkin_ws/devel/.private/glog_catkin/share/doc/glog-0.3.5/COPYING, /home/albertozafra7/Desktop/Universidad/Master/AR/Lab6/catkin_ws/devel/share/doc/glog-0.3.5/COPYING)
Cleaning: (/home/albertozafra7/Desktop/Universidad/Master/AR/Lab6/catkin_ws/devel/.private/glog_catkin/share/doc/glog-0.3.5/README.windows, /home/albertozafra7/Desktop/Universidad/Master/AR/Lab6/catkin_ws/devel/share/doc/glog-0.3.5/README.windows)
Cleaning: (/home/albertozafra7/Desktop/Universidad/Master/AR/Lab6/catkin_ws/devel/.private/glog_catkin/share/doc/glog-0.3.5/designstyle.css, /home/albertozafra7/Desktop/Universidad/Master/AR/Lab6/catkin_ws/devel/share/doc/glog-0.3.5/designstyle.css)
Cleaning: (/home/albertozafra7/Desktop/Universidad/Master/AR/Lab6/catkin_ws/devel/.private/glog_catkin/share/doc/glog-0.3.5/glog.html, /home/albertozafra7/Desktop/Universidad/Master/AR/Lab6/catkin_ws/devel/share/doc/glog-0.3.5/glog.html)
Cleaning: (/home/albertozafra7/Desktop/Universidad/Master/AR/Lab6/catkin_ws/devel/.private/glog_catkin/share/doc/glog-0.3.5/INSTALL, /home/albertozafra7/Desktop/Universidad/Master/AR/Lab6/catkin_ws/devel/share/doc/glog-0.3.5/INSTALL)
Cleaning: (/home/albertozafra7/Desktop/Universidad/Master/AR/Lab6/catkin_ws/devel/.private/glog_catkin/share/doc/glog-0.3.5/AUTHORS, /home/albertozafra7/Desktop/Universidad/Master/AR/Lab6/catkin_ws/devel/share/doc/glog-0.3.5/AUTHORS)
Cleaning: (/home/albertozafra7/Desktop/Universidad/Master/AR/Lab6/catkin_ws/devel/.private/glog_catkin/share/doc/glog-0.3.5/README, /home/albertozafra7/Desktop/Universidad/Master/AR/Lab6/catkin_ws/devel/share/doc/glog-0.3.5/README)
Cleaning: (/home/albertozafra7/Desktop/Universidad/Master/AR/Lab6/catkin_ws/devel/.private/glog_catkin/share/doc/glog-0.3.5/ChangeLog, /home/albertozafra7/Desktop/Universidad/Master/AR/Lab6/catkin_ws/devel/share/doc/glog-0.3.5/ChangeLog)
Cleaning: (/home/albertozafra7/Desktop/Universidad/Master/AR/Lab6/catkin_ws/devel/.private/glog_catkin/share/glog_catkin/cmake/glog_catkinConfig.cmake, /home/albertozafra7/Desktop/Universidad/Master/AR/Lab6/catkin_ws/devel/share/glog_catkin/cmake/glog_catkinConfig.cmake)
Cleaning: (/home/albertozafra7/Desktop/Universidad/Master/AR/Lab6/catkin_ws/devel/.private/glog_catkin/share/glog_catkin/cmake/glog_catkinConfig-version.cmake, /home/albertozafra7/Desktop/Universidad/Master/AR/Lab6/catkin_ws/devel/share/glog_catkin/cmake/glog_catkinConfig-version.cmake)
Cleaning: (/home/albertozafra7/Desktop/Universidad/Master/AR/Lab6/catkin_ws/devel/.private/glog_catkin/lib/libglog.la, /home/albertozafra7/Desktop/Universidad/Master/AR/Lab6/catkin_ws/devel/lib/libglog.la)
Cleaning: (/home/albertozafra7/Desktop/Universidad/Master/AR/Lab6/catkin_ws/devel/.private/glog_catkin/lib/libglog.so, /home/albertozafra7/Desktop/Universidad/Master/AR/Lab6/catkin_ws/devel/lib/libglog.so)
Cleaning: (/home/albertozafra7/Desktop/Universidad/Master/AR/Lab6/catkin_ws/devel/.private/glog_catkin/lib/libglog.a, /home/albertozafra7/Desktop/Universidad/Master/AR/Lab6/catkin_ws/devel/lib/libglog.a)
Cleaning: (/home/albertozafra7/Desktop/Universidad/Master/AR/Lab6/catkin_ws/devel/.private/glog_catkin/lib/libglog.so.0, /home/albertozafra7/Desktop/Universidad/Master/AR/Lab6/catkin_ws/devel/lib/libglog.so.0)
Cleaning: (/home/albertozafra7/Desktop/Universidad/Master/AR/Lab6/catkin_ws/devel/.private/glog_catkin/lib/libglog.so.0.0.0, /home/albertozafra7/Desktop/Universidad/Master/AR/Lab6/catkin_ws/devel/lib/libglog.so.0.0.0)
Cleaning: (/home/albertozafra7/Desktop/Universidad/Master/AR/Lab6/catkin_ws/devel/.private/glog_catkin/lib/pkgconfig/libglog.pc, /home/albertozafra7/Desktop/Universidad/Master/AR/Lab6/catkin_ws/devel/lib/pkgconfig/libglog.pc)
Cleaning: (/home/albertozafra7/Desktop/Universidad/Master/AR/Lab6/catkin_ws/devel/.private/glog_catkin/lib/pkgconfig/glog_catkin.pc, /home/albertozafra7/Desktop/Universidad/Master/AR/Lab6/catkin_ws/devel/lib/pkgconfig/glog_catkin.pc)
Cleaning: (/home/albertozafra7/Desktop/Universidad/Master/AR/Lab6/catkin_ws/devel/.private/glog_catkin/include/glog/stl_logging.h, /home/albertozafra7/Desktop/Universidad/Master/AR/Lab6/catkin_ws/devel/include/glog/stl_logging.h)
Cleaning: (/home/albertozafra7/Desktop/Universidad/Master/AR/Lab6/catkin_ws/devel/.private/glog_catkin/include/glog/raw_logging.h, /home/albertozafra7/Desktop/Universidad/Master/AR/Lab6/catkin_ws/devel/include/glog/raw_logging.h)
Cleaning: (/home/albertozafra7/Desktop/Universidad/Master/AR/Lab6/catkin_ws/devel/.private/glog_catkin/include/glog/logging.h, /home/albertozafra7/Desktop/Universidad/Master/AR/Lab6/catkin_ws/devel/include/glog/logging.h)
Cleaning: (/home/albertozafra7/Desktop/Universidad/Master/AR/Lab6/catkin_ws/devel/.private/glog_catkin/include/glog/vlog_is_on.h, /home/albertozafra7/Desktop/Universidad/Master/AR/Lab6/catkin_ws/devel/include/glog/vlog_is_on.h)
Cleaning: (/home/albertozafra7/Desktop/Universidad/Master/AR/Lab6/catkin_ws/devel/.private/glog_catkin/include/glog/log_severity.h, /home/albertozafra7/Desktop/Universidad/Master/AR/Lab6/catkin_ws/devel/include/glog/log_severity.h)
Unlinking: /home/albertozafra7/Desktop/Universidad/Master/AR/Lab6/catkin_ws/devel/share/doc/glog-0.3.5/NEWS
Unlinking: /home/albertozafra7/Desktop/Universidad/Master/AR/Lab6/catkin_ws/devel/share/doc/glog-0.3.5/COPYING
Unlinking: /home/albertozafra7/Desktop/Universidad/Master/AR/Lab6/catkin_ws/devel/share/doc/glog-0.3.5/README.windows
Unlinking: /home/albertozafra7/Desktop/Universidad/Master/AR/Lab6/catkin_ws/devel/share/doc/glog-0.3.5/designstyle.css
Unlinking: /home/albertozafra7/Desktop/Universidad/Master/AR/Lab6/catkin_ws/devel/share/doc/glog-0.3.5/glog.html
Unlinking: /home/albertozafra7/Desktop/Universidad/Master/AR/Lab6/catkin_ws/devel/share/doc/glog-0.3.5/INSTALL
Unlinking: /home/albertozafra7/Desktop/Universidad/Master/AR/Lab6/catkin_ws/devel/share/doc/glog-0.3.5/AUTHORS
Unlinking: /home/albertozafra7/Desktop/Universidad/Master/AR/Lab6/catkin_ws/devel/share/doc/glog-0.3.5/README
Unlinking: /home/albertozafra7/Desktop/Universidad/Master/AR/Lab6/catkin_ws/devel/share/doc/glog-0.3.5/ChangeLog
Unlinking: /home/albertozafra7/Desktop/Universidad/Master/AR/Lab6/catkin_ws/devel/share/glog_catkin/cmake/glog_catkinConfig.cmake
Unlinking: /home/albertozafra7/Desktop/Universidad/Master/AR/Lab6/catkin_ws/devel/share/glog_catkin/cmake/glog_catkinConfig-version.cmake
Unlinking: /home/albertozafra7/Desktop/Universidad/Master/AR/Lab6/catkin_ws/devel/lib/libglog.la
Unlinking: /home/albertozafra7/Desktop/Universidad/Master/AR/Lab6/catkin_ws/devel/lib/libglog.so
Unlinking: /home/albertozafra7/Desktop/Universidad/Master/AR/Lab6/catkin_ws/devel/lib/libglog.a
Unlinking: /home/albertozafra7/Desktop/Universidad/Master/AR/Lab6/catkin_ws/devel/lib/libglog.so.0
Unlinking: /home/albertozafra7/Desktop/Universidad/Master/AR/Lab6/catkin_ws/devel/lib/libglog.so.0.0.0
Unlinking: /home/albertozafra7/Desktop/Universidad/Master/AR/Lab6/catkin_ws/devel/lib/pkgconfig/libglog.pc
Unlinking: /home/albertozafra7/Desktop/Universidad/Master/AR/Lab6/catkin_ws/devel/lib/pkgconfig/glog_catkin.pc
Unlinking: /home/albertozafra7/Desktop/Universidad/Master/AR/Lab6/catkin_ws/devel/include/glog/stl_logging.h
Unlinking: /home/albertozafra7/Desktop/Universidad/Master/AR/Lab6/catkin_ws/devel/include/glog/raw_logging.h
Unlinking: /home/albertozafra7/Desktop/Universidad/Master/AR/Lab6/catkin_ws/devel/include/glog/logging.h
Unlinking: /home/albertozafra7/Desktop/Universidad/Master/AR/Lab6/catkin_ws/devel/include/glog/vlog_is_on.h
Unlinking: /home/albertozafra7/Desktop/Universidad/Master/AR/Lab6/catkin_ws/devel/include/glog/log_severity.h
