Warning: Cannot symlink from /home/albertozafra7/Desktop/Universidad/Master/AR/project/catkin_ws/devel/.private/mav_system_msgs/share/mav_system_msgs/cmake/mav_system_msgs-msg-extras.cmake to existing file /home/albertozafra7/Desktop/Universidad/Master/AR/project/catkin_ws/devel/share/mav_system_msgs/cmake/mav_system_msgs-msg-extras.cmake
Warning: Source hash: 2c3ba3ddec26834ebb75d969b1a39ad1
Warning: Dest hash: 99d8044f12254ac9df8a0161f6731a12
Warning: Cannot symlink from /home/albertozafra7/Desktop/Universidad/Master/AR/project/catkin_ws/devel/.private/mav_system_msgs/share/mav_system_msgs/cmake/mav_system_msgsConfig.cmake to existing file /home/albertozafra7/Desktop/Universidad/Master/AR/project/catkin_ws/devel/share/mav_system_msgs/cmake/mav_system_msgsConfig.cmake
Warning: Source hash: 2d1a9822280178ac8868cba239961add
Warning: Dest hash: b61bad12e697fbe521720754affd49ee
Warning: Cannot symlink from /home/albertozafra7/Desktop/Universidad/Master/AR/project/catkin_ws/devel/.private/mav_system_msgs/share/mav_system_msgs/cmake/mav_system_msgs-msg-paths.cmake to existing file /home/albertozafra7/Desktop/Universidad/Master/AR/project/catkin_ws/devel/share/mav_system_msgs/cmake/mav_system_msgs-msg-paths.cmake
Warning: Source hash: 81bc9fcb531102757da09f4a3b9862e7
Warning: Dest hash: b147e7739d6f6c5c8274836b0577484d
Warning: Cannot symlink from /home/albertozafra7/Desktop/Universidad/Master/AR/project/catkin_ws/devel/.private/mav_system_msgs/lib/pkgconfig/mav_system_msgs.pc to existing file /home/albertozafra7/Desktop/Universidad/Master/AR/project/catkin_ws/devel/lib/pkgconfig/mav_system_msgs.pc
Warning: Source hash: 0aab3e2653c3987fd8c340bc1d55e37f
Warning: Dest hash: 20a93d418b3ca985a629e96f6821ef43
Cleaning: (/home/albertozafra7/Desktop/Universidad/Master/AR/Lab6/catkin_ws/devel/.private/mav_system_msgs/cmake.lock, /home/albertozafra7/Desktop/Universidad/Master/AR/Lab6/catkin_ws/devel/./cmake.lock)
Cleaning: (/home/albertozafra7/Desktop/Universidad/Master/AR/Lab6/catkin_ws/devel/.private/mav_system_msgs/share/roseus/ros/mav_system_msgs/manifest.l, /home/albertozafra7/Desktop/Universidad/Master/AR/Lab6/catkin_ws/devel/share/roseus/ros/mav_system_msgs/manifest.l)
Cleaning: (/home/albertozafra7/Desktop/Universidad/Master/AR/Lab6/catkin_ws/devel/.private/mav_system_msgs/share/roseus/ros/mav_system_msgs/msg/CpuInfo.l, /home/albertozafra7/Desktop/Universidad/Master/AR/Lab6/catkin_ws/devel/share/roseus/ros/mav_system_msgs/msg/CpuInfo.l)
Cleaning: (/home/albertozafra7/Desktop/Universidad/Master/AR/Lab6/catkin_ws/devel/.private/mav_system_msgs/share/roseus/ros/mav_system_msgs/msg/ProcessInfo.l, /home/albertozafra7/Desktop/Universidad/Master/AR/Lab6/catkin_ws/devel/share/roseus/ros/mav_system_msgs/msg/ProcessInfo.l)
Cleaning: (/home/albertozafra7/Desktop/Universidad/Master/AR/Lab6/catkin_ws/devel/.private/mav_system_msgs/share/gennodejs/ros/mav_system_msgs/_index.js, /home/albertozafra7/Desktop/Universidad/Master/AR/Lab6/catkin_ws/devel/share/gennodejs/ros/mav_system_msgs/_index.js)
Cleaning: (/home/albertozafra7/Desktop/Universidad/Master/AR/Lab6/catkin_ws/devel/.private/mav_system_msgs/share/gennodejs/ros/mav_system_msgs/msg/_index.js, /home/albertozafra7/Desktop/Universidad/Master/AR/Lab6/catkin_ws/devel/share/gennodejs/ros/mav_system_msgs/msg/_index.js)
Cleaning: (/home/albertozafra7/Desktop/Universidad/Master/AR/Lab6/catkin_ws/devel/.private/mav_system_msgs/share/gennodejs/ros/mav_system_msgs/msg/CpuInfo.js, /home/albertozafra7/Desktop/Universidad/Master/AR/Lab6/catkin_ws/devel/share/gennodejs/ros/mav_system_msgs/msg/CpuInfo.js)
Cleaning: (/home/albertozafra7/Desktop/Universidad/Master/AR/Lab6/catkin_ws/devel/.private/mav_system_msgs/share/gennodejs/ros/mav_system_msgs/msg/ProcessInfo.js, /home/albertozafra7/Desktop/Universidad/Master/AR/Lab6/catkin_ws/devel/share/gennodejs/ros/mav_system_msgs/msg/ProcessInfo.js)
Cleaning: (/home/albertozafra7/Desktop/Universidad/Master/AR/Lab6/catkin_ws/devel/.private/mav_system_msgs/share/mav_system_msgs/cmake/mav_system_msgs-msg-extras.cmake, /home/albertozafra7/Desktop/Universidad/Master/AR/Lab6/catkin_ws/devel/share/mav_system_msgs/cmake/mav_system_msgs-msg-extras.cmake)
Cleaning: (/home/albertozafra7/Desktop/Universidad/Master/AR/Lab6/catkin_ws/devel/.private/mav_system_msgs/share/mav_system_msgs/cmake/mav_system_msgsConfig-version.cmake, /home/albertozafra7/Desktop/Universidad/Master/AR/Lab6/catkin_ws/devel/share/mav_system_msgs/cmake/mav_system_msgsConfig-version.cmake)
Cleaning: (/home/albertozafra7/Desktop/Universidad/Master/AR/Lab6/catkin_ws/devel/.private/mav_system_msgs/share/mav_system_msgs/cmake/mav_system_msgsConfig.cmake, /home/albertozafra7/Desktop/Universidad/Master/AR/Lab6/catkin_ws/devel/share/mav_system_msgs/cmake/mav_system_msgsConfig.cmake)
Cleaning: (/home/albertozafra7/Desktop/Universidad/Master/AR/Lab6/catkin_ws/devel/.private/mav_system_msgs/share/mav_system_msgs/cmake/mav_system_msgs-msg-paths.cmake, /home/albertozafra7/Desktop/Universidad/Master/AR/Lab6/catkin_ws/devel/share/mav_system_msgs/cmake/mav_system_msgs-msg-paths.cmake)
Cleaning: (/home/albertozafra7/Desktop/Universidad/Master/AR/Lab6/catkin_ws/devel/.private/mav_system_msgs/share/common-lisp/ros/mav_system_msgs/msg/_package.lisp, /home/albertozafra7/Desktop/Universidad/Master/AR/Lab6/catkin_ws/devel/share/common-lisp/ros/mav_system_msgs/msg/_package.lisp)
Cleaning: (/home/albertozafra7/Desktop/Universidad/Master/AR/Lab6/catkin_ws/devel/.private/mav_system_msgs/share/common-lisp/ros/mav_system_msgs/msg/_package_CpuInfo.lisp, /home/albertozafra7/Desktop/Universidad/Master/AR/Lab6/catkin_ws/devel/share/common-lisp/ros/mav_system_msgs/msg/_package_CpuInfo.lisp)
Cleaning: (/home/albertozafra7/Desktop/Universidad/Master/AR/Lab6/catkin_ws/devel/.private/mav_system_msgs/share/common-lisp/ros/mav_system_msgs/msg/ProcessInfo.lisp, /home/albertozafra7/Desktop/Universidad/Master/AR/Lab6/catkin_ws/devel/share/common-lisp/ros/mav_system_msgs/msg/ProcessInfo.lisp)
Cleaning: (/home/albertozafra7/Desktop/Universidad/Master/AR/Lab6/catkin_ws/devel/.private/mav_system_msgs/share/common-lisp/ros/mav_system_msgs/msg/_package_ProcessInfo.lisp, /home/albertozafra7/Desktop/Universidad/Master/AR/Lab6/catkin_ws/devel/share/common-lisp/ros/mav_system_msgs/msg/_package_ProcessInfo.lisp)
Cleaning: (/home/albertozafra7/Desktop/Universidad/Master/AR/Lab6/catkin_ws/devel/.private/mav_system_msgs/share/common-lisp/ros/mav_system_msgs/msg/CpuInfo.lisp, /home/albertozafra7/Desktop/Universidad/Master/AR/Lab6/catkin_ws/devel/share/common-lisp/ros/mav_system_msgs/msg/CpuInfo.lisp)
Cleaning: (/home/albertozafra7/Desktop/Universidad/Master/AR/Lab6/catkin_ws/devel/.private/mav_system_msgs/share/common-lisp/ros/mav_system_msgs/msg/mav_system_msgs-msg.asd, /home/albertozafra7/Desktop/Universidad/Master/AR/Lab6/catkin_ws/devel/share/common-lisp/ros/mav_system_msgs/msg/mav_system_msgs-msg.asd)
Cleaning: (/home/albertozafra7/Desktop/Universidad/Master/AR/Lab6/catkin_ws/devel/.private/mav_system_msgs/lib/pkgconfig/mav_system_msgs.pc, /home/albertozafra7/Desktop/Universidad/Master/AR/Lab6/catkin_ws/devel/lib/pkgconfig/mav_system_msgs.pc)
Cleaning: (/home/albertozafra7/Desktop/Universidad/Master/AR/Lab6/catkin_ws/devel/.private/mav_system_msgs/lib/python3/dist-packages/mav_system_msgs/__init__.py, /home/albertozafra7/Desktop/Universidad/Master/AR/Lab6/catkin_ws/devel/lib/python3/dist-packages/mav_system_msgs/__init__.py)
Cleaning: (/home/albertozafra7/Desktop/Universidad/Master/AR/Lab6/catkin_ws/devel/.private/mav_system_msgs/lib/python3/dist-packages/mav_system_msgs/msg/_CpuInfo.py, /home/albertozafra7/Desktop/Universidad/Master/AR/Lab6/catkin_ws/devel/lib/python3/dist-packages/mav_system_msgs/msg/_CpuInfo.py)
Cleaning: (/home/albertozafra7/Desktop/Universidad/Master/AR/Lab6/catkin_ws/devel/.private/mav_system_msgs/lib/python3/dist-packages/mav_system_msgs/msg/__init__.py, /home/albertozafra7/Desktop/Universidad/Master/AR/Lab6/catkin_ws/devel/lib/python3/dist-packages/mav_system_msgs/msg/__init__.py)
Cleaning: (/home/albertozafra7/Desktop/Universidad/Master/AR/Lab6/catkin_ws/devel/.private/mav_system_msgs/lib/python3/dist-packages/mav_system_msgs/msg/_ProcessInfo.py, /home/albertozafra7/Desktop/Universidad/Master/AR/Lab6/catkin_ws/devel/lib/python3/dist-packages/mav_system_msgs/msg/_ProcessInfo.py)
Cleaning: (/home/albertozafra7/Desktop/Universidad/Master/AR/Lab6/catkin_ws/devel/.private/mav_system_msgs/include/mav_system_msgs/CpuInfo.h, /home/albertozafra7/Desktop/Universidad/Master/AR/Lab6/catkin_ws/devel/include/mav_system_msgs/CpuInfo.h)
Cleaning: (/home/albertozafra7/Desktop/Universidad/Master/AR/Lab6/catkin_ws/devel/.private/mav_system_msgs/include/mav_system_msgs/ProcessInfo.h, /home/albertozafra7/Desktop/Universidad/Master/AR/Lab6/catkin_ws/devel/include/mav_system_msgs/ProcessInfo.h)
Unlinking: /home/albertozafra7/Desktop/Universidad/Master/AR/Lab6/catkin_ws/devel/share/roseus/ros/mav_system_msgs/manifest.l
Unlinking: /home/albertozafra7/Desktop/Universidad/Master/AR/Lab6/catkin_ws/devel/share/roseus/ros/mav_system_msgs/msg/CpuInfo.l
Unlinking: /home/albertozafra7/Desktop/Universidad/Master/AR/Lab6/catkin_ws/devel/share/roseus/ros/mav_system_msgs/msg/ProcessInfo.l
Unlinking: /home/albertozafra7/Desktop/Universidad/Master/AR/Lab6/catkin_ws/devel/share/gennodejs/ros/mav_system_msgs/_index.js
Unlinking: /home/albertozafra7/Desktop/Universidad/Master/AR/Lab6/catkin_ws/devel/share/gennodejs/ros/mav_system_msgs/msg/_index.js
Unlinking: /home/albertozafra7/Desktop/Universidad/Master/AR/Lab6/catkin_ws/devel/share/gennodejs/ros/mav_system_msgs/msg/CpuInfo.js
Unlinking: /home/albertozafra7/Desktop/Universidad/Master/AR/Lab6/catkin_ws/devel/share/gennodejs/ros/mav_system_msgs/msg/ProcessInfo.js
Unlinking: /home/albertozafra7/Desktop/Universidad/Master/AR/Lab6/catkin_ws/devel/share/mav_system_msgs/cmake/mav_system_msgs-msg-extras.cmake
Unlinking: /home/albertozafra7/Desktop/Universidad/Master/AR/Lab6/catkin_ws/devel/share/mav_system_msgs/cmake/mav_system_msgsConfig-version.cmake
Unlinking: /home/albertozafra7/Desktop/Universidad/Master/AR/Lab6/catkin_ws/devel/share/mav_system_msgs/cmake/mav_system_msgsConfig.cmake
Unlinking: /home/albertozafra7/Desktop/Universidad/Master/AR/Lab6/catkin_ws/devel/share/mav_system_msgs/cmake/mav_system_msgs-msg-paths.cmake
Unlinking: /home/albertozafra7/Desktop/Universidad/Master/AR/Lab6/catkin_ws/devel/share/common-lisp/ros/mav_system_msgs/msg/_package.lisp
Unlinking: /home/albertozafra7/Desktop/Universidad/Master/AR/Lab6/catkin_ws/devel/share/common-lisp/ros/mav_system_msgs/msg/_package_CpuInfo.lisp
Unlinking: /home/albertozafra7/Desktop/Universidad/Master/AR/Lab6/catkin_ws/devel/share/common-lisp/ros/mav_system_msgs/msg/ProcessInfo.lisp
Unlinking: /home/albertozafra7/Desktop/Universidad/Master/AR/Lab6/catkin_ws/devel/share/common-lisp/ros/mav_system_msgs/msg/_package_ProcessInfo.lisp
Unlinking: /home/albertozafra7/Desktop/Universidad/Master/AR/Lab6/catkin_ws/devel/share/common-lisp/ros/mav_system_msgs/msg/CpuInfo.lisp
Unlinking: /home/albertozafra7/Desktop/Universidad/Master/AR/Lab6/catkin_ws/devel/share/common-lisp/ros/mav_system_msgs/msg/mav_system_msgs-msg.asd
Unlinking: /home/albertozafra7/Desktop/Universidad/Master/AR/Lab6/catkin_ws/devel/lib/pkgconfig/mav_system_msgs.pc
Unlinking: /home/albertozafra7/Desktop/Universidad/Master/AR/Lab6/catkin_ws/devel/lib/python3/dist-packages/mav_system_msgs/__init__.py
Unlinking: /home/albertozafra7/Desktop/Universidad/Master/AR/Lab6/catkin_ws/devel/lib/python3/dist-packages/mav_system_msgs/msg/_CpuInfo.py
Unlinking: /home/albertozafra7/Desktop/Universidad/Master/AR/Lab6/catkin_ws/devel/lib/python3/dist-packages/mav_system_msgs/msg/__init__.py
Unlinking: /home/albertozafra7/Desktop/Universidad/Master/AR/Lab6/catkin_ws/devel/lib/python3/dist-packages/mav_system_msgs/msg/_ProcessInfo.py
Unlinking: /home/albertozafra7/Desktop/Universidad/Master/AR/Lab6/catkin_ws/devel/include/mav_system_msgs/CpuInfo.h
Unlinking: /home/albertozafra7/Desktop/Universidad/Master/AR/Lab6/catkin_ws/devel/include/mav_system_msgs/ProcessInfo.h
