[01m[K/home/albertozafra7/Desktop/Universidad/Master/AR/Lab5/catkin_ws/src/arob_lab5/src/rrt_global_planner.cpp:[m[K In member function ‘[01m[Kbool rrt_planner::RRTPlanner::computeRRT(std::vector<int>, std::vector<int>, std::vector<std::vector<int> >&)[m[K’:
[01m[K/home/albertozafra7/Desktop/Universidad/Master/AR/Lab5/catkin_ws/src/arob_lab5/src/rrt_global_planner.cpp:119:30:[m[K [01;31m[Kerror: [m[Kno matching function for call to ‘[01m[Kdistance(const std::vector<int>&, const std::vector<int>&)[m[K’
  119 |     while(distance(start,goal[01;31m[K)[m[K > min_distanceToGoal)
      |                              [01;31m[K^[m[K
[01m[K/home/albertozafra7/Desktop/Universidad/Master/AR/Lab5/catkin_ws/src/arob_lab5/src/rrt_global_planner.cpp:12:8:[m[K [01;36m[Knote: [m[Kcandidate: ‘[01m[Kdouble rrt_planner::distance(unsigned int, unsigned int, unsigned int, unsigned int)[m[K’
   12 | double [01;36m[Kdistance[m[K(const unsigned int x0, const unsigned int y0, const unsigned int x1, const unsigned int y1){
      |        [01;36m[K^~~~~~~~[m[K
[01m[K/home/albertozafra7/Desktop/Universidad/Master/AR/Lab5/catkin_ws/src/arob_lab5/src/rrt_global_planner.cpp:12:8:[m[K [01;36m[Knote: [m[K  candidate expects 4 arguments, 2 provided
[01m[K/home/albertozafra7/Desktop/Universidad/Master/AR/Lab5/catkin_ws/src/arob_lab5/src/rrt_global_planner.cpp:16:8:[m[K [01;36m[Knote: [m[Kcandidate: ‘[01m[Kdouble rrt_planner::distance(std::vector<unsigned int>, std::vector<unsigned int>)[m[K’
   16 | double [01;36m[Kdistance[m[K(const std::vector<unsigned int> x0, const std::vector<unsigned int> x1){
      |        [01;36m[K^~~~~~~~[m[K
[01m[K/home/albertozafra7/Desktop/Universidad/Master/AR/Lab5/catkin_ws/src/arob_lab5/src/rrt_global_planner.cpp:16:49:[m[K [01;36m[Knote: [m[K  no known conversion for argument 1 from ‘[01m[Kvector<[01;32m[Kint[m[K>[m[K’ to ‘[01m[Kvector<[01;32m[Kunsigned int[m[K>[m[K’
   16 | double distance([01;36m[Kconst std::vector<unsigned int> x0[m[K, const std::vector<unsigned int> x1){
      |                 [01;36m[K~~~~~~~~~~~~~~~~~~~~~~~~~~~~~~~~^~[m[K
In file included from [01m[K/usr/include/c++/9/bits/stl_algobase.h:66[m[K,
                 from [01m[K/usr/include/c++/9/memory:62[m[K,
                 from [01m[K/usr/include/boost/config/no_tr1/memory.hpp:21[m[K,
                 from [01m[K/usr/include/boost/get_pointer.hpp:14[m[K,
                 from [01m[K/usr/include/boost/bind/mem_fn.hpp:25[m[K,
                 from [01m[K/usr/include/boost/mem_fn.hpp:22[m[K,
                 from [01m[K/usr/include/boost/bind/bind.hpp:26[m[K,
                 from [01m[K/usr/include/boost/bind.hpp:22[m[K,
                 from [01m[K/opt/ros/noetic/include/class_loader/class_loader.hpp:35[m[K,
                 from [01m[K/opt/ros/noetic/include/pluginlib/./class_list_macros.hpp:40[m[K,
                 from [01m[K/opt/ros/noetic/include/pluginlib/class_list_macros.h:35[m[K,
                 from [01m[K/home/albertozafra7/Desktop/Universidad/Master/AR/Lab5/catkin_ws/src/arob_lab5/src/rrt_global_planner.cpp:1[m[K:
[01m[K/usr/include/c++/9/bits/stl_iterator_base_funcs.h:138:5:[m[K [01;36m[Knote: [m[Kcandidate: ‘[01m[Ktemplate<class _InputIterator> typename std::iterator_traits<_Iterator>::difference_type std::distance(_InputIterator, _InputIterator)[m[K’
  138 |     [01;36m[Kdistance[m[K(_InputIterator __first, _InputIterator __last)
      |     [01;36m[K^~~~~~~~[m[K
[01m[K/usr/include/c++/9/bits/stl_iterator_base_funcs.h:138:5:[m[K [01;36m[Knote: [m[K  template argument deduction/substitution failed:
/usr/include/c++/9/bits/stl_iterator_base_funcs.h: In substitution of ‘[01m[Ktemplate<class _InputIterator> typename std::iterator_traits<_Iterator>::difference_type std::distance(_InputIterator, _InputIterator) [with _InputIterator = std::vector<int>][m[K’:
[01m[K/home/albertozafra7/Desktop/Universidad/Master/AR/Lab5/catkin_ws/src/arob_lab5/src/rrt_global_planner.cpp:119:30:[m[K   required from here
[01m[K/usr/include/c++/9/bits/stl_iterator_base_funcs.h:138:5:[m[K [01;31m[Kerror: [m[Kno type named ‘[01m[Kdifference_type[m[K’ in ‘[01m[Kstruct std::iterator_traits<std::vector<int> >[m[K’
make[2]: *** [CMakeFiles/rrt_global_planner_lib.dir/build.make:63: CMakeFiles/rrt_global_planner_lib.dir/src/rrt_global_planner.cpp.o] Error 1
make[1]: *** [CMakeFiles/Makefile2:246: CMakeFiles/rrt_global_planner_lib.dir/all] Error 2
make: *** [Makefile:141: all] Error 2
