[01m[K/home/albertozafra7/Desktop/Universidad/Master/AR/Lab5/catkin_ws/src/arob_lab5/src/rrt_global_planner.cpp:58:6:[m[K [01;31m[Kerror: [m[Kno declaration matches ‘[01m[Kvoid rrt_planner::RRTPlanner::printPlan(std::vector<geometry_msgs::PoseStamped_<std::allocator<void> > >, const PoseStamped&)[m[K’
   58 | void [01;31m[KRRTPlanner[m[K::printPlan(const std::vector<geometry_msgs::PoseStamped> plan, const geometry_msgs::PoseStamped& start){
      |      [01;31m[K^~~~~~~~~~[m[K
In file included from [01m[K/home/albertozafra7/Desktop/Universidad/Master/AR/Lab5/catkin_ws/src/arob_lab5/src/rrt_global_planner.cpp:2[m[K:
[01m[K/home/albertozafra7/Desktop/Universidad/Master/AR/Lab5/catkin_ws/src/arob_lab5/include/AROB_lab5/rrt_global_planner.h:62:10:[m[K [01;36m[Knote: [m[Kcandidate is: ‘[01m[Kvoid rrt_planner::RRTPlanner::printPlan(std::vector<geometry_msgs::PoseStamped_<std::allocator<void> > >)[m[K’
   62 |     void [01;36m[KprintPlan[m[K(const std::vector<geometry_msgs::PoseStamped> plan);
      |          [01;36m[K^~~~~~~~~[m[K
[01m[K/home/albertozafra7/Desktop/Universidad/Master/AR/Lab5/catkin_ws/src/arob_lab5/include/AROB_lab5/rrt_global_planner.h:20:7:[m[K [01;36m[Knote: [m[K‘[01m[Kclass rrt_planner::RRTPlanner[m[K’ defined here
   20 | class [01;36m[KRRTPlanner[m[K : public nav_core::BaseGlobalPlanner {
      |       [01;36m[K^~~~~~~~~~[m[K
[01m[K/home/albertozafra7/Desktop/Universidad/Master/AR/Lab5/catkin_ws/src/arob_lab5/src/rrt_global_planner.cpp:[m[K In member function ‘[01m[Kvirtual bool rrt_planner::RRTPlanner::makePlan(const PoseStamped&, const PoseStamped&, std::vector<geometry_msgs::PoseStamped_<std::allocator<void> > >&)[m[K’:
[01m[K/home/albertozafra7/Desktop/Universidad/Master/AR/Lab5/catkin_ws/src/arob_lab5/src/rrt_global_planner.cpp:177:29:[m[K [01;31m[Kerror: [m[Kno matching function for call to ‘[01m[Krrt_planner::RRTPlanner::printPlan(std::vector<geometry_msgs::PoseStamped_<std::allocator<void> > >&, const PoseStamped&)[m[K’
  177 |         printPlan(plan,start[01;31m[K)[m[K;
      |                             [01;31m[K^[m[K
In file included from [01m[K/home/albertozafra7/Desktop/Universidad/Master/AR/Lab5/catkin_ws/src/arob_lab5/src/rrt_global_planner.cpp:2[m[K:
[01m[K/home/albertozafra7/Desktop/Universidad/Master/AR/Lab5/catkin_ws/src/arob_lab5/include/AROB_lab5/rrt_global_planner.h:62:10:[m[K [01;36m[Knote: [m[Kcandidate: ‘[01m[Kvoid rrt_planner::RRTPlanner::printPlan(std::vector<geometry_msgs::PoseStamped_<std::allocator<void> > >)[m[K’
   62 |     void [01;36m[KprintPlan[m[K(const std::vector<geometry_msgs::PoseStamped> plan);
      |          [01;36m[K^~~~~~~~~[m[K
[01m[K/home/albertozafra7/Desktop/Universidad/Master/AR/Lab5/catkin_ws/src/arob_lab5/include/AROB_lab5/rrt_global_planner.h:62:10:[m[K [01;36m[Knote: [m[K  candidate expects 1 argument, 2 provided
make[2]: *** [CMakeFiles/rrt_global_planner_lib.dir/build.make:63: CMakeFiles/rrt_global_planner_lib.dir/src/rrt_global_planner.cpp.o] Error 1
make[1]: *** [CMakeFiles/Makefile2:246: CMakeFiles/rrt_global_planner_lib.dir/all] Error 2
make: *** [Makefile:141: all] Error 2
