[01m[K/home/albertozafra7/Desktop/Universidad/Master/AR/Lab5/catkin_ws/src/arob_lab5/src/rrt_global_planner.cpp:[m[K In member function ‘[01m[Kstd::vector<int> rrt_planner::RRTPlanner::SampleFree()[m[K’:
[01m[K/home/albertozafra7/Desktop/Universidad/Master/AR/Lab5/catkin_ws/src/arob_lab5/src/rrt_global_planner.cpp:150:52:[m[K [01;31m[Kerror: [m[Kinvalid operands of types ‘[01m[Kint[m[K’ and ‘[01m[Kdouble[m[K’ to binary ‘[01m[Koperator%[m[K’
  150 |     std::vector<int> xrand{static_cast<int>([32m[Krand()[m[K [01;31m[K%[m[K [34m[Kresolution_[m[K),static_cast<int>(rand() % resolution_)};
      |                                             [32m[K~~~~~~[m[K [01;31m[K^[m[K [34m[K~~~~~~~~~~~[m[K
      |                                                 [32m[K|[m[K    [34m[K|[m[K
      |                                                 [32m[Kint[m[K  [34m[Kdouble[m[K
[01m[K/home/albertozafra7/Desktop/Universidad/Master/AR/Lab5/catkin_ws/src/arob_lab5/src/rrt_global_planner.cpp:150:91:[m[K [01;31m[Kerror: [m[Kinvalid operands of types ‘[01m[Kint[m[K’ and ‘[01m[Kdouble[m[K’ to binary ‘[01m[Koperator%[m[K’
  150 |     std::vector<int> xrand{static_cast<int>(rand() % resolution_),static_cast<int>([32m[Krand()[m[K [01;31m[K%[m[K [34m[Kresolution_[m[K)};
      |                                                                                    [32m[K~~~~~~[m[K [01;31m[K^[m[K [34m[K~~~~~~~~~~~[m[K
      |                                                                                        [32m[K|[m[K    [34m[K|[m[K
      |                                                                                        [32m[Kint[m[K  [34m[Kdouble[m[K
[01m[K/home/albertozafra7/Desktop/Universidad/Master/AR/Lab5/catkin_ws/src/arob_lab5/src/rrt_global_planner.cpp:150:105:[m[K [01;31m[Kerror: [m[Kno matching function for call to ‘[01m[Kstd::vector<int>::vector(<brace-enclosed initializer list>)[m[K’
  150 |     std::vector<int> xrand{static_cast<int>(rand() % resolution_),static_cast<int>(rand() % resolution_)[01;31m[K}[m[K;
      |                                                                                                         [01;31m[K^[m[K
In file included from [01m[K/usr/include/c++/9/vector:67[m[K,
                 from [01m[K/opt/ros/noetic/include/class_loader/class_loader.hpp:42[m[K,
                 from [01m[K/opt/ros/noetic/include/pluginlib/./class_list_macros.hpp:40[m[K,
                 from [01m[K/opt/ros/noetic/include/pluginlib/class_list_macros.h:35[m[K,
                 from [01m[K/home/albertozafra7/Desktop/Universidad/Master/AR/Lab5/catkin_ws/src/arob_lab5/src/rrt_global_planner.cpp:1[m[K:
[01m[K/usr/include/c++/9/bits/stl_vector.h:650:2:[m[K [01;36m[Knote: [m[Kcandidate: ‘[01m[Ktemplate<class _InputIterator, class> std::vector<_Tp, _Alloc>::vector(_InputIterator, _InputIterator, const allocator_type&)[m[K’
  650 |  [01;36m[Kvector[m[K(_InputIterator __first, _InputIterator __last,
      |  [01;36m[K^~~~~~[m[K
[01m[K/usr/include/c++/9/bits/stl_vector.h:650:2:[m[K [01;36m[Knote: [m[K  template argument deduction/substitution failed:
[01m[K/usr/include/c++/9/bits/stl_vector.h:622:7:[m[K [01;36m[Knote: [m[Kcandidate: ‘[01m[Kstd::vector<_Tp, _Alloc>::vector(std::initializer_list<_Tp>, const allocator_type&) [with _Tp = int; _Alloc = std::allocator<int>; std::vector<_Tp, _Alloc>::allocator_type = std::allocator<int>][m[K’
  622 |       [01;36m[Kvector[m[K(initializer_list<value_type> __l,
      |       [01;36m[K^~~~~~[m[K
[01m[K/usr/include/c++/9/bits/stl_vector.h:622:7:[m[K [01;36m[Knote: [m[K  conversion of argument 1 would be ill-formed:
[01m[K/usr/include/c++/9/bits/stl_vector.h:604:7:[m[K [01;36m[Knote: [m[Kcandidate: ‘[01m[Kstd::vector<_Tp, _Alloc>::vector(std::vector<_Tp, _Alloc>&&, const allocator_type&) [with _Tp = int; _Alloc = std::allocator<int>; std::vector<_Tp, _Alloc>::allocator_type = std::allocator<int>][m[K’
  604 |       [01;36m[Kvector[m[K(vector&& __rv, const allocator_type& __m)
      |       [01;36m[K^~~~~~[m[K
[01m[K/usr/include/c++/9/bits/stl_vector.h:604:7:[m[K [01;36m[Knote: [m[K  conversion of argument 1 would be ill-formed:
[01m[K/usr/include/c++/9/bits/stl_vector.h:586:7:[m[K [01;36m[Knote: [m[Kcandidate: ‘[01m[Kstd::vector<_Tp, _Alloc>::vector(std::vector<_Tp, _Alloc>&&, const allocator_type&, std::false_type) [with _Tp = int; _Alloc = std::allocator<int>; std::vector<_Tp, _Alloc>::allocator_type = std::allocator<int>; std::false_type = std::integral_constant<bool, false>][m[K’
  586 |       [01;36m[Kvector[m[K(vector&& __rv, const allocator_type& __m, false_type)
      |       [01;36m[K^~~~~~[m[K
[01m[K/usr/include/c++/9/bits/stl_vector.h:586:7:[m[K [01;36m[Knote: [m[K  candidate expects 3 arguments, 2 provided
[01m[K/usr/include/c++/9/bits/stl_vector.h:582:7:[m[K [01;36m[Knote: [m[Kcandidate: ‘[01m[Kstd::vector<_Tp, _Alloc>::vector(std::vector<_Tp, _Alloc>&&, const allocator_type&, std::true_type) [with _Tp = int; _Alloc = std::allocator<int>; std::vector<_Tp, _Alloc>::allocator_type = std::allocator<int>; std::true_type = std::integral_constant<bool, true>][m[K’
  582 |       [01;36m[Kvector[m[K(vector&& __rv, const allocator_type& __m, true_type) noexcept
      |       [01;36m[K^~~~~~[m[K
[01m[K/usr/include/c++/9/bits/stl_vector.h:582:7:[m[K [01;36m[Knote: [m[K  candidate expects 3 arguments, 2 provided
[01m[K/usr/include/c++/9/bits/stl_vector.h:572:7:[m[K [01;36m[Knote: [m[Kcandidate: ‘[01m[Kstd::vector<_Tp, _Alloc>::vector(const std::vector<_Tp, _Alloc>&, const allocator_type&) [with _Tp = int; _Alloc = std::allocator<int>; std::vector<_Tp, _Alloc>::allocator_type = std::allocator<int>][m[K’
  572 |       [01;36m[Kvector[m[K(const vector& __x, const allocator_type& __a)
      |       [01;36m[K^~~~~~[m[K
[01m[K/usr/include/c++/9/bits/stl_vector.h:572:7:[m[K [01;36m[Knote: [m[K  conversion of argument 1 would be ill-formed:
[01m[K/usr/include/c++/9/bits/stl_vector.h:569:7:[m[K [01;36m[Knote: [m[Kcandidate: ‘[01m[Kstd::vector<_Tp, _Alloc>::vector(std::vector<_Tp, _Alloc>&&) [with _Tp = int; _Alloc = std::allocator<int>][m[K’
  569 |       [01;36m[Kvector[m[K(vector&&) noexcept = default;
      |       [01;36m[K^~~~~~[m[K
[01m[K/usr/include/c++/9/bits/stl_vector.h:569:7:[m[K [01;36m[Knote: [m[K  candidate expects 1 argument, 2 provided
[01m[K/usr/include/c++/9/bits/stl_vector.h:550:7:[m[K [01;36m[Knote: [m[Kcandidate: ‘[01m[Kstd::vector<_Tp, _Alloc>::vector(const std::vector<_Tp, _Alloc>&) [with _Tp = int; _Alloc = std::allocator<int>][m[K’
  550 |       [01;36m[Kvector[m[K(const vector& __x)
      |       [01;36m[K^~~~~~[m[K
[01m[K/usr/include/c++/9/bits/stl_vector.h:550:7:[m[K [01;36m[Knote: [m[K  candidate expects 1 argument, 2 provided
[01m[K/usr/include/c++/9/bits/stl_vector.h:519:7:[m[K [01;36m[Knote: [m[Kcandidate: ‘[01m[Kstd::vector<_Tp, _Alloc>::vector(std::vector<_Tp, _Alloc>::size_type, const value_type&, const allocator_type&) [with _Tp = int; _Alloc = std::allocator<int>; std::vector<_Tp, _Alloc>::size_type = long unsigned int; std::vector<_Tp, _Alloc>::value_type = int; std::vector<_Tp, _Alloc>::allocator_type = std::allocator<int>][m[K’
  519 |       [01;36m[Kvector[m[K(size_type __n, const value_type& __value,
      |       [01;36m[K^~~~~~[m[K
[01m[K/usr/include/c++/9/bits/stl_vector.h:519:7:[m[K [01;36m[Knote: [m[K  conversion of argument 1 would be ill-formed:
[01m[K/usr/include/c++/9/bits/stl_vector.h:507:7:[m[K [01;36m[Knote: [m[Kcandidate: ‘[01m[Kstd::vector<_Tp, _Alloc>::vector(std::vector<_Tp, _Alloc>::size_type, const allocator_type&) [with _Tp = int; _Alloc = std::allocator<int>; std::vector<_Tp, _Alloc>::size_type = long unsigned int; std::vector<_Tp, _Alloc>::allocator_type = std::allocator<int>][m[K’
  507 |       [01;36m[Kvector[m[K(size_type __n, const allocator_type& __a = allocator_type())
      |       [01;36m[K^~~~~~[m[K
[01m[K/usr/include/c++/9/bits/stl_vector.h:507:7:[m[K [01;36m[Knote: [m[K  conversion of argument 1 would be ill-formed:
[01m[K/usr/include/c++/9/bits/stl_vector.h:494:7:[m[K [01;36m[Knote: [m[Kcandidate: ‘[01m[Kstd::vector<_Tp, _Alloc>::vector(const allocator_type&) [with _Tp = int; _Alloc = std::allocator<int>; std::vector<_Tp, _Alloc>::allocator_type = std::allocator<int>][m[K’
  494 |       [01;36m[Kvector[m[K(const allocator_type& __a) _GLIBCXX_NOEXCEPT
      |       [01;36m[K^~~~~~[m[K
[01m[K/usr/include/c++/9/bits/stl_vector.h:494:7:[m[K [01;36m[Knote: [m[K  candidate expects 1 argument, 2 provided
[01m[K/usr/include/c++/9/bits/stl_vector.h:484:7:[m[K [01;36m[Knote: [m[Kcandidate: ‘[01m[Kstd::vector<_Tp, _Alloc>::vector() [with _Tp = int; _Alloc = std::allocator<int>][m[K’
  484 |       [01;36m[Kvector[m[K() = default;
      |       [01;36m[K^~~~~~[m[K
[01m[K/usr/include/c++/9/bits/stl_vector.h:484:7:[m[K [01;36m[Knote: [m[K  candidate expects 0 arguments, 2 provided
make[2]: *** [CMakeFiles/rrt_global_planner_lib.dir/build.make:63: CMakeFiles/rrt_global_planner_lib.dir/src/rrt_global_planner.cpp.o] Error 1
make[1]: *** [CMakeFiles/Makefile2:246: CMakeFiles/rrt_global_planner_lib.dir/all] Error 2
make: *** [Makefile:141: all] Error 2
