Warning: Cannot symlink from /home/albertozafra7/Desktop/Universidad/Master/AR/project/catkin_ws/devel/.private/hector_quadrotor_pose_estimation/share/hector_quadrotor_pose_estimation/cmake/hector_quadrotor_pose_estimationConfig.cmake to existing file /home/albertozafra7/Desktop/Universidad/Master/AR/project/catkin_ws/devel/share/hector_quadrotor_pose_estimation/cmake/hector_quadrotor_pose_estimationConfig.cmake
Warning: Source hash: 70fb7173ddc735208767fea881ca961d
Warning: Dest hash: b83b67ff006dee4f5c06db5d40bcebcc
Warning: Cannot symlink from /home/albertozafra7/Desktop/Universidad/Master/AR/project/catkin_ws/devel/.private/hector_quadrotor_pose_estimation/lib/libhector_quadrotor_pose_estimation_nodelet.so to existing file /home/albertozafra7/Desktop/Universidad/Master/AR/project/catkin_ws/devel/lib/libhector_quadrotor_pose_estimation_nodelet.so
Warning: Source hash: b538bf85b784a6384ffa1ba4d229266d
Warning: Dest hash: c8b95d0ffa21b4f295ee599a9ebe4267
Warning: Cannot symlink from /home/albertozafra7/Desktop/Universidad/Master/AR/project/catkin_ws/devel/.private/hector_quadrotor_pose_estimation/lib/pkgconfig/hector_quadrotor_pose_estimation.pc to existing file /home/albertozafra7/Desktop/Universidad/Master/AR/project/catkin_ws/devel/lib/pkgconfig/hector_quadrotor_pose_estimation.pc
Warning: Source hash: a160becda32d12bc0ea6927358683362
Warning: Dest hash: 3703fc832cece5016436aa5327a1c2a6
Warning: Cannot symlink from /home/albertozafra7/Desktop/Universidad/Master/AR/project/catkin_ws/devel/.private/hector_quadrotor_pose_estimation/lib/hector_quadrotor_pose_estimation/hector_quadrotor_pose_estimation to existing file /home/albertozafra7/Desktop/Universidad/Master/AR/project/catkin_ws/devel/lib/hector_quadrotor_pose_estimation/hector_quadrotor_pose_estimation
Warning: Source hash: 9ee526111537c8e438f21c8dbf8589ab
Warning: Dest hash: 766c472cf72d4b5b779f2b9a40fd26fd
Cleaning: (/home/albertozafra7/Desktop/Universidad/Master/AR/Lab6/catkin_ws/devel/.private/hector_quadrotor_pose_estimation/cmake.lock, /home/albertozafra7/Desktop/Universidad/Master/AR/Lab6/catkin_ws/devel/./cmake.lock)
Cleaning: (/home/albertozafra7/Desktop/Universidad/Master/AR/Lab6/catkin_ws/devel/.private/hector_quadrotor_pose_estimation/share/hector_quadrotor_pose_estimation/cmake/hector_quadrotor_pose_estimationConfig-version.cmake, /home/albertozafra7/Desktop/Universidad/Master/AR/Lab6/catkin_ws/devel/share/hector_quadrotor_pose_estimation/cmake/hector_quadrotor_pose_estimationConfig-version.cmake)
Cleaning: (/home/albertozafra7/Desktop/Universidad/Master/AR/Lab6/catkin_ws/devel/.private/hector_quadrotor_pose_estimation/share/hector_quadrotor_pose_estimation/cmake/hector_quadrotor_pose_estimationConfig.cmake, /home/albertozafra7/Desktop/Universidad/Master/AR/Lab6/catkin_ws/devel/share/hector_quadrotor_pose_estimation/cmake/hector_quadrotor_pose_estimationConfig.cmake)
Cleaning: (/home/albertozafra7/Desktop/Universidad/Master/AR/Lab6/catkin_ws/devel/.private/hector_quadrotor_pose_estimation/lib/libhector_quadrotor_pose_estimation_nodelet.so, /home/albertozafra7/Desktop/Universidad/Master/AR/Lab6/catkin_ws/devel/lib/libhector_quadrotor_pose_estimation_nodelet.so)
Cleaning: (/home/albertozafra7/Desktop/Universidad/Master/AR/Lab6/catkin_ws/devel/.private/hector_quadrotor_pose_estimation/lib/libhector_quadrotor_pose_estimation_node.so, /home/albertozafra7/Desktop/Universidad/Master/AR/Lab6/catkin_ws/devel/lib/libhector_quadrotor_pose_estimation_node.so)
Cleaning: (/home/albertozafra7/Desktop/Universidad/Master/AR/Lab6/catkin_ws/devel/.private/hector_quadrotor_pose_estimation/lib/pkgconfig/hector_quadrotor_pose_estimation.pc, /home/albertozafra7/Desktop/Universidad/Master/AR/Lab6/catkin_ws/devel/lib/pkgconfig/hector_quadrotor_pose_estimation.pc)
Cleaning: (/home/albertozafra7/Desktop/Universidad/Master/AR/Lab6/catkin_ws/devel/.private/hector_quadrotor_pose_estimation/lib/hector_quadrotor_pose_estimation/hector_quadrotor_pose_estimation, /home/albertozafra7/Desktop/Universidad/Master/AR/Lab6/catkin_ws/devel/lib/hector_quadrotor_pose_estimation/hector_quadrotor_pose_estimation)
Unlinking: /home/albertozafra7/Desktop/Universidad/Master/AR/Lab6/catkin_ws/devel/share/hector_quadrotor_pose_estimation/cmake/hector_quadrotor_pose_estimationConfig-version.cmake
Unlinking: /home/albertozafra7/Desktop/Universidad/Master/AR/Lab6/catkin_ws/devel/share/hector_quadrotor_pose_estimation/cmake/hector_quadrotor_pose_estimationConfig.cmake
Unlinking: /home/albertozafra7/Desktop/Universidad/Master/AR/Lab6/catkin_ws/devel/lib/libhector_quadrotor_pose_estimation_nodelet.so
Unlinking: /home/albertozafra7/Desktop/Universidad/Master/AR/Lab6/catkin_ws/devel/lib/libhector_quadrotor_pose_estimation_node.so
Unlinking: /home/albertozafra7/Desktop/Universidad/Master/AR/Lab6/catkin_ws/devel/lib/pkgconfig/hector_quadrotor_pose_estimation.pc
Unlinking: /home/albertozafra7/Desktop/Universidad/Master/AR/Lab6/catkin_ws/devel/lib/hector_quadrotor_pose_estimation/hector_quadrotor_pose_estimation
