Warning: Cannot symlink from /home/albertozafra7/Desktop/Universidad/Master/AR/project/catkin_ws/devel/.private/hector_gazebo_plugins/share/hector_gazebo_plugins/cmake/hector_gazebo_pluginsConfig.cmake to existing file /home/albertozafra7/Desktop/Universidad/Master/AR/project/catkin_ws/devel/share/hector_gazebo_plugins/cmake/hector_gazebo_pluginsConfig.cmake
Warning: Source hash: e642c32afffe4489ff0b075f0215323a
Warning: Dest hash: 755e2a9a72fee210d7fb5b632436cf06
Warning: Cannot symlink from /home/albertozafra7/Desktop/Universidad/Master/AR/project/catkin_ws/devel/.private/hector_gazebo_plugins/share/hector_gazebo_plugins/cmake/hector_gazebo_plugins-msg-extras.cmake to existing file /home/albertozafra7/Desktop/Universidad/Master/AR/project/catkin_ws/devel/share/hector_gazebo_plugins/cmake/hector_gazebo_plugins-msg-extras.cmake
Warning: Source hash: 4bad7e6ba2cd3a4cf8d6330c2cafed08
Warning: Dest hash: 6cef7bad5c7d538325476d2610d6aa67
Warning: Cannot symlink from /home/albertozafra7/Desktop/Universidad/Master/AR/project/catkin_ws/devel/.private/hector_gazebo_plugins/lib/libgazebo_ros_force_based_move.so to existing file /home/albertozafra7/Desktop/Universidad/Master/AR/project/catkin_ws/devel/lib/libgazebo_ros_force_based_move.so
Warning: Source hash: 509ddca9e8d0bf524a95a06833cbaf23
Warning: Dest hash: 0731abb2e9c56ecdd9e6140b6136cf71
Warning: Cannot symlink from /home/albertozafra7/Desktop/Universidad/Master/AR/project/catkin_ws/devel/.private/hector_gazebo_plugins/lib/libdiffdrive_plugin_6w.so to existing file /home/albertozafra7/Desktop/Universidad/Master/AR/project/catkin_ws/devel/lib/libdiffdrive_plugin_6w.so
Warning: Source hash: 2706453eef6fc508ac4d43d01e5c6705
Warning: Dest hash: b5c2d02a6261f1fa868f4a3e15d62050
Warning: Cannot symlink from /home/albertozafra7/Desktop/Universidad/Master/AR/project/catkin_ws/devel/.private/hector_gazebo_plugins/lib/libhector_gazebo_ros_gps.so to existing file /home/albertozafra7/Desktop/Universidad/Master/AR/project/catkin_ws/devel/lib/libhector_gazebo_ros_gps.so
Warning: Source hash: 02cc3b22ea798974dd121700fe76af3d
Warning: Dest hash: e3b3ab9397caa56e5d02be518c114ef0
Warning: Cannot symlink from /home/albertozafra7/Desktop/Universidad/Master/AR/project/catkin_ws/devel/.private/hector_gazebo_plugins/lib/libhector_gazebo_ros_sonar.so to existing file /home/albertozafra7/Desktop/Universidad/Master/AR/project/catkin_ws/devel/lib/libhector_gazebo_ros_sonar.so
Warning: Source hash: ff893369b74e5c194788ef16fb0748e3
Warning: Dest hash: 415554f3634b74851f70540b280b73f3
Warning: Cannot symlink from /home/albertozafra7/Desktop/Universidad/Master/AR/project/catkin_ws/devel/.private/hector_gazebo_plugins/lib/libdiffdrive_plugin_multi_wheel.so to existing file /home/albertozafra7/Desktop/Universidad/Master/AR/project/catkin_ws/devel/lib/libdiffdrive_plugin_multi_wheel.so
Warning: Source hash: ac059663240a9833a785bb93afe357f1
Warning: Dest hash: 22ad4bf8774afec56f377e0a1dab3621
Warning: Cannot symlink from /home/albertozafra7/Desktop/Universidad/Master/AR/project/catkin_ws/devel/.private/hector_gazebo_plugins/lib/libhector_gazebo_reset_plugin.so to existing file /home/albertozafra7/Desktop/Universidad/Master/AR/project/catkin_ws/devel/lib/libhector_gazebo_reset_plugin.so
Warning: Source hash: 24555c89d4903e96b4df7f868ac25852
Warning: Dest hash: 8a2bcbb2c87a2e74290cdf30f0d80ce0
Warning: Cannot symlink from /home/albertozafra7/Desktop/Universidad/Master/AR/project/catkin_ws/devel/.private/hector_gazebo_plugins/lib/libhector_gazebo_ros_imu.so to existing file /home/albertozafra7/Desktop/Universidad/Master/AR/project/catkin_ws/devel/lib/libhector_gazebo_ros_imu.so
Warning: Source hash: 3059aaa067b2438528df8c3fca43f784
Warning: Dest hash: 27358d9281e87cf57b4b8aedd6b7676e
Warning: Cannot symlink from /home/albertozafra7/Desktop/Universidad/Master/AR/project/catkin_ws/devel/.private/hector_gazebo_plugins/lib/libhector_servo_plugin.so to existing file /home/albertozafra7/Desktop/Universidad/Master/AR/project/catkin_ws/devel/lib/libhector_servo_plugin.so
Warning: Source hash: 30ea78e1b0bb2b273d7de0c3bd2d9b03
Warning: Dest hash: ef78a5c476169ceee6856cfb897e9a91
Warning: Cannot symlink from /home/albertozafra7/Desktop/Universidad/Master/AR/project/catkin_ws/devel/.private/hector_gazebo_plugins/lib/libhector_gazebo_ros_magnetic.so to existing file /home/albertozafra7/Desktop/Universidad/Master/AR/project/catkin_ws/devel/lib/libhector_gazebo_ros_magnetic.so
Warning: Source hash: a625de1a85a5e1f86cdb300095e2ef65
Warning: Dest hash: 14d370381696d2e999325034816ab9bb
Warning: Cannot symlink from /home/albertozafra7/Desktop/Universidad/Master/AR/project/catkin_ws/devel/.private/hector_gazebo_plugins/lib/pkgconfig/hector_gazebo_plugins.pc to existing file /home/albertozafra7/Desktop/Universidad/Master/AR/project/catkin_ws/devel/lib/pkgconfig/hector_gazebo_plugins.pc
Warning: Source hash: 21e585958bce4d6de835963a68af3b1e
Warning: Dest hash: f09573727b0ddb238d8a5165330c35a2
