Warning: Cannot symlink from /home/albertozafra7/Desktop/Universidad/Master/AR/project/catkin_ws/devel/.private/hector_gazebo_plugins/share/hector_gazebo_plugins/cmake/hector_gazebo_pluginsConfig.cmake to existing file /home/albertozafra7/Desktop/Universidad/Master/AR/project/catkin_ws/devel/share/hector_gazebo_plugins/cmake/hector_gazebo_pluginsConfig.cmake
Warning: Source hash: e642c32afffe4489ff0b075f0215323a
Warning: Dest hash: 755e2a9a72fee210d7fb5b632436cf06
Warning: Cannot symlink from /home/albertozafra7/Desktop/Universidad/Master/AR/project/catkin_ws/devel/.private/hector_gazebo_plugins/share/hector_gazebo_plugins/cmake/hector_gazebo_plugins-msg-extras.cmake to existing file /home/albertozafra7/Desktop/Universidad/Master/AR/project/catkin_ws/devel/share/hector_gazebo_plugins/cmake/hector_gazebo_plugins-msg-extras.cmake
Warning: Source hash: 4bad7e6ba2cd3a4cf8d6330c2cafed08
Warning: Dest hash: 6cef7bad5c7d538325476d2610d6aa67
Warning: Cannot symlink from /home/albertozafra7/Desktop/Universidad/Master/AR/project/catkin_ws/devel/.private/hector_gazebo_plugins/lib/libgazebo_ros_force_based_move.so to existing file /home/albertozafra7/Desktop/Universidad/Master/AR/project/catkin_ws/devel/lib/libgazebo_ros_force_based_move.so
Warning: Source hash: 509ddca9e8d0bf524a95a06833cbaf23
Warning: Dest hash: 0731abb2e9c56ecdd9e6140b6136cf71
Warning: Cannot symlink from /home/albertozafra7/Desktop/Universidad/Master/AR/project/catkin_ws/devel/.private/hector_gazebo_plugins/lib/libdiffdrive_plugin_6w.so to existing file /home/albertozafra7/Desktop/Universidad/Master/AR/project/catkin_ws/devel/lib/libdiffdrive_plugin_6w.so
Warning: Source hash: 2706453eef6fc508ac4d43d01e5c6705
Warning: Dest hash: b5c2d02a6261f1fa868f4a3e15d62050
Warning: Cannot symlink from /home/albertozafra7/Desktop/Universidad/Master/AR/project/catkin_ws/devel/.private/hector_gazebo_plugins/lib/libhector_gazebo_ros_gps.so to existing file /home/albertozafra7/Desktop/Universidad/Master/AR/project/catkin_ws/devel/lib/libhector_gazebo_ros_gps.so
Warning: Source hash: 02cc3b22ea798974dd121700fe76af3d
Warning: Dest hash: e3b3ab9397caa56e5d02be518c114ef0
Warning: Cannot symlink from /home/albertozafra7/Desktop/Universidad/Master/AR/project/catkin_ws/devel/.private/hector_gazebo_plugins/lib/libhector_gazebo_ros_sonar.so to existing file /home/albertozafra7/Desktop/Universidad/Master/AR/project/catkin_ws/devel/lib/libhector_gazebo_ros_sonar.so
Warning: Source hash: ff893369b74e5c194788ef16fb0748e3
Warning: Dest hash: 415554f3634b74851f70540b280b73f3
Warning: Cannot symlink from /home/albertozafra7/Desktop/Universidad/Master/AR/project/catkin_ws/devel/.private/hector_gazebo_plugins/lib/libdiffdrive_plugin_multi_wheel.so to existing file /home/albertozafra7/Desktop/Universidad/Master/AR/project/catkin_ws/devel/lib/libdiffdrive_plugin_multi_wheel.so
Warning: Source hash: ac059663240a9833a785bb93afe357f1
Warning: Dest hash: 22ad4bf8774afec56f377e0a1dab3621
Warning: Cannot symlink from /home/albertozafra7/Desktop/Universidad/Master/AR/project/catkin_ws/devel/.private/hector_gazebo_plugins/lib/libhector_gazebo_reset_plugin.so to existing file /home/albertozafra7/Desktop/Universidad/Master/AR/project/catkin_ws/devel/lib/libhector_gazebo_reset_plugin.so
Warning: Source hash: 24555c89d4903e96b4df7f868ac25852
Warning: Dest hash: 8a2bcbb2c87a2e74290cdf30f0d80ce0
Warning: Cannot symlink from /home/albertozafra7/Desktop/Universidad/Master/AR/project/catkin_ws/devel/.private/hector_gazebo_plugins/lib/libhector_gazebo_ros_imu.so to existing file /home/albertozafra7/Desktop/Universidad/Master/AR/project/catkin_ws/devel/lib/libhector_gazebo_ros_imu.so
Warning: Source hash: 3059aaa067b2438528df8c3fca43f784
Warning: Dest hash: 27358d9281e87cf57b4b8aedd6b7676e
Warning: Cannot symlink from /home/albertozafra7/Desktop/Universidad/Master/AR/project/catkin_ws/devel/.private/hector_gazebo_plugins/lib/libhector_servo_plugin.so to existing file /home/albertozafra7/Desktop/Universidad/Master/AR/project/catkin_ws/devel/lib/libhector_servo_plugin.so
Warning: Source hash: 30ea78e1b0bb2b273d7de0c3bd2d9b03
Warning: Dest hash: ef78a5c476169ceee6856cfb897e9a91
Warning: Cannot symlink from /home/albertozafra7/Desktop/Universidad/Master/AR/project/catkin_ws/devel/.private/hector_gazebo_plugins/lib/libhector_gazebo_ros_magnetic.so to existing file /home/albertozafra7/Desktop/Universidad/Master/AR/project/catkin_ws/devel/lib/libhector_gazebo_ros_magnetic.so
Warning: Source hash: a625de1a85a5e1f86cdb300095e2ef65
Warning: Dest hash: 14d370381696d2e999325034816ab9bb
Warning: Cannot symlink from /home/albertozafra7/Desktop/Universidad/Master/AR/project/catkin_ws/devel/.private/hector_gazebo_plugins/lib/pkgconfig/hector_gazebo_plugins.pc to existing file /home/albertozafra7/Desktop/Universidad/Master/AR/project/catkin_ws/devel/lib/pkgconfig/hector_gazebo_plugins.pc
Warning: Source hash: 21e585958bce4d6de835963a68af3b1e
Warning: Dest hash: f09573727b0ddb238d8a5165330c35a2
Cleaning: (/home/albertozafra7/Desktop/Universidad/Master/AR/Lab6/catkin_ws/devel/.private/hector_gazebo_plugins/cmake.lock, /home/albertozafra7/Desktop/Universidad/Master/AR/Lab6/catkin_ws/devel/./cmake.lock)
Cleaning: (/home/albertozafra7/Desktop/Universidad/Master/AR/Lab6/catkin_ws/devel/.private/hector_gazebo_plugins/share/hector_gazebo_plugins/cmake/hector_gazebo_pluginsConfig.cmake, /home/albertozafra7/Desktop/Universidad/Master/AR/Lab6/catkin_ws/devel/share/hector_gazebo_plugins/cmake/hector_gazebo_pluginsConfig.cmake)
Cleaning: (/home/albertozafra7/Desktop/Universidad/Master/AR/Lab6/catkin_ws/devel/.private/hector_gazebo_plugins/share/hector_gazebo_plugins/cmake/hector_gazebo_pluginsConfig-version.cmake, /home/albertozafra7/Desktop/Universidad/Master/AR/Lab6/catkin_ws/devel/share/hector_gazebo_plugins/cmake/hector_gazebo_pluginsConfig-version.cmake)
Cleaning: (/home/albertozafra7/Desktop/Universidad/Master/AR/Lab6/catkin_ws/devel/.private/hector_gazebo_plugins/share/hector_gazebo_plugins/cmake/hector_gazebo_plugins-msg-paths.cmake, /home/albertozafra7/Desktop/Universidad/Master/AR/Lab6/catkin_ws/devel/share/hector_gazebo_plugins/cmake/hector_gazebo_plugins-msg-paths.cmake)
Cleaning: (/home/albertozafra7/Desktop/Universidad/Master/AR/Lab6/catkin_ws/devel/.private/hector_gazebo_plugins/share/hector_gazebo_plugins/cmake/hector_gazebo_plugins-msg-extras.cmake, /home/albertozafra7/Desktop/Universidad/Master/AR/Lab6/catkin_ws/devel/share/hector_gazebo_plugins/cmake/hector_gazebo_plugins-msg-extras.cmake)
Cleaning: (/home/albertozafra7/Desktop/Universidad/Master/AR/Lab6/catkin_ws/devel/.private/hector_gazebo_plugins/share/hector_gazebo_plugins/docs/GNSSConfig.dox, /home/albertozafra7/Desktop/Universidad/Master/AR/Lab6/catkin_ws/devel/share/hector_gazebo_plugins/docs/GNSSConfig.dox)
Cleaning: (/home/albertozafra7/Desktop/Universidad/Master/AR/Lab6/catkin_ws/devel/.private/hector_gazebo_plugins/share/hector_gazebo_plugins/docs/SensorModelConfig-usage.dox, /home/albertozafra7/Desktop/Universidad/Master/AR/Lab6/catkin_ws/devel/share/hector_gazebo_plugins/docs/SensorModelConfig-usage.dox)
Cleaning: (/home/albertozafra7/Desktop/Universidad/Master/AR/Lab6/catkin_ws/devel/.private/hector_gazebo_plugins/share/hector_gazebo_plugins/docs/SensorModelConfig.wikidoc, /home/albertozafra7/Desktop/Universidad/Master/AR/Lab6/catkin_ws/devel/share/hector_gazebo_plugins/docs/SensorModelConfig.wikidoc)
Cleaning: (/home/albertozafra7/Desktop/Universidad/Master/AR/Lab6/catkin_ws/devel/.private/hector_gazebo_plugins/share/hector_gazebo_plugins/docs/GNSSConfig.wikidoc, /home/albertozafra7/Desktop/Universidad/Master/AR/Lab6/catkin_ws/devel/share/hector_gazebo_plugins/docs/GNSSConfig.wikidoc)
Cleaning: (/home/albertozafra7/Desktop/Universidad/Master/AR/Lab6/catkin_ws/devel/.private/hector_gazebo_plugins/share/hector_gazebo_plugins/docs/SensorModelConfig.dox, /home/albertozafra7/Desktop/Universidad/Master/AR/Lab6/catkin_ws/devel/share/hector_gazebo_plugins/docs/SensorModelConfig.dox)
Cleaning: (/home/albertozafra7/Desktop/Universidad/Master/AR/Lab6/catkin_ws/devel/.private/hector_gazebo_plugins/share/hector_gazebo_plugins/docs/GNSSConfig-usage.dox, /home/albertozafra7/Desktop/Universidad/Master/AR/Lab6/catkin_ws/devel/share/hector_gazebo_plugins/docs/GNSSConfig-usage.dox)
Cleaning: (/home/albertozafra7/Desktop/Universidad/Master/AR/Lab6/catkin_ws/devel/.private/hector_gazebo_plugins/share/roseus/ros/hector_gazebo_plugins/manifest.l, /home/albertozafra7/Desktop/Universidad/Master/AR/Lab6/catkin_ws/devel/share/roseus/ros/hector_gazebo_plugins/manifest.l)
Cleaning: (/home/albertozafra7/Desktop/Universidad/Master/AR/Lab6/catkin_ws/devel/.private/hector_gazebo_plugins/share/roseus/ros/hector_gazebo_plugins/srv/SetBias.l, /home/albertozafra7/Desktop/Universidad/Master/AR/Lab6/catkin_ws/devel/share/roseus/ros/hector_gazebo_plugins/srv/SetBias.l)
Cleaning: (/home/albertozafra7/Desktop/Universidad/Master/AR/Lab6/catkin_ws/devel/.private/hector_gazebo_plugins/share/gennodejs/ros/hector_gazebo_plugins/_index.js, /home/albertozafra7/Desktop/Universidad/Master/AR/Lab6/catkin_ws/devel/share/gennodejs/ros/hector_gazebo_plugins/_index.js)
Cleaning: (/home/albertozafra7/Desktop/Universidad/Master/AR/Lab6/catkin_ws/devel/.private/hector_gazebo_plugins/share/gennodejs/ros/hector_gazebo_plugins/srv/_index.js, /home/albertozafra7/Desktop/Universidad/Master/AR/Lab6/catkin_ws/devel/share/gennodejs/ros/hector_gazebo_plugins/srv/_index.js)
Cleaning: (/home/albertozafra7/Desktop/Universidad/Master/AR/Lab6/catkin_ws/devel/.private/hector_gazebo_plugins/share/gennodejs/ros/hector_gazebo_plugins/srv/SetBias.js, /home/albertozafra7/Desktop/Universidad/Master/AR/Lab6/catkin_ws/devel/share/gennodejs/ros/hector_gazebo_plugins/srv/SetBias.js)
Cleaning: (/home/albertozafra7/Desktop/Universidad/Master/AR/Lab6/catkin_ws/devel/.private/hector_gazebo_plugins/share/common-lisp/ros/hector_gazebo_plugins/srv/_package.lisp, /home/albertozafra7/Desktop/Universidad/Master/AR/Lab6/catkin_ws/devel/share/common-lisp/ros/hector_gazebo_plugins/srv/_package.lisp)
Cleaning: (/home/albertozafra7/Desktop/Universidad/Master/AR/Lab6/catkin_ws/devel/.private/hector_gazebo_plugins/share/common-lisp/ros/hector_gazebo_plugins/srv/SetBias.lisp, /home/albertozafra7/Desktop/Universidad/Master/AR/Lab6/catkin_ws/devel/share/common-lisp/ros/hector_gazebo_plugins/srv/SetBias.lisp)
Cleaning: (/home/albertozafra7/Desktop/Universidad/Master/AR/Lab6/catkin_ws/devel/.private/hector_gazebo_plugins/share/common-lisp/ros/hector_gazebo_plugins/srv/hector_gazebo_plugins-srv.asd, /home/albertozafra7/Desktop/Universidad/Master/AR/Lab6/catkin_ws/devel/share/common-lisp/ros/hector_gazebo_plugins/srv/hector_gazebo_plugins-srv.asd)
Cleaning: (/home/albertozafra7/Desktop/Universidad/Master/AR/Lab6/catkin_ws/devel/.private/hector_gazebo_plugins/share/common-lisp/ros/hector_gazebo_plugins/srv/_package_SetBias.lisp, /home/albertozafra7/Desktop/Universidad/Master/AR/Lab6/catkin_ws/devel/share/common-lisp/ros/hector_gazebo_plugins/srv/_package_SetBias.lisp)
Cleaning: (/home/albertozafra7/Desktop/Universidad/Master/AR/Lab6/catkin_ws/devel/.private/hector_gazebo_plugins/lib/libgazebo_ros_force_based_move.so, /home/albertozafra7/Desktop/Universidad/Master/AR/Lab6/catkin_ws/devel/lib/libgazebo_ros_force_based_move.so)
Cleaning: (/home/albertozafra7/Desktop/Universidad/Master/AR/Lab6/catkin_ws/devel/.private/hector_gazebo_plugins/lib/libdiffdrive_plugin_6w.so, /home/albertozafra7/Desktop/Universidad/Master/AR/Lab6/catkin_ws/devel/lib/libdiffdrive_plugin_6w.so)
Cleaning: (/home/albertozafra7/Desktop/Universidad/Master/AR/Lab6/catkin_ws/devel/.private/hector_gazebo_plugins/lib/libhector_gazebo_ros_gps.so, /home/albertozafra7/Desktop/Universidad/Master/AR/Lab6/catkin_ws/devel/lib/libhector_gazebo_ros_gps.so)
Cleaning: (/home/albertozafra7/Desktop/Universidad/Master/AR/Lab6/catkin_ws/devel/.private/hector_gazebo_plugins/lib/libhector_gazebo_ros_sonar.so, /home/albertozafra7/Desktop/Universidad/Master/AR/Lab6/catkin_ws/devel/lib/libhector_gazebo_ros_sonar.so)
Cleaning: (/home/albertozafra7/Desktop/Universidad/Master/AR/Lab6/catkin_ws/devel/.private/hector_gazebo_plugins/lib/libdiffdrive_plugin_multi_wheel.so, /home/albertozafra7/Desktop/Universidad/Master/AR/Lab6/catkin_ws/devel/lib/libdiffdrive_plugin_multi_wheel.so)
Cleaning: (/home/albertozafra7/Desktop/Universidad/Master/AR/Lab6/catkin_ws/devel/.private/hector_gazebo_plugins/lib/libhector_gazebo_reset_plugin.so, /home/albertozafra7/Desktop/Universidad/Master/AR/Lab6/catkin_ws/devel/lib/libhector_gazebo_reset_plugin.so)
Cleaning: (/home/albertozafra7/Desktop/Universidad/Master/AR/Lab6/catkin_ws/devel/.private/hector_gazebo_plugins/lib/libhector_gazebo_ros_imu.so, /home/albertozafra7/Desktop/Universidad/Master/AR/Lab6/catkin_ws/devel/lib/libhector_gazebo_ros_imu.so)
Cleaning: (/home/albertozafra7/Desktop/Universidad/Master/AR/Lab6/catkin_ws/devel/.private/hector_gazebo_plugins/lib/libhector_servo_plugin.so, /home/albertozafra7/Desktop/Universidad/Master/AR/Lab6/catkin_ws/devel/lib/libhector_servo_plugin.so)
Cleaning: (/home/albertozafra7/Desktop/Universidad/Master/AR/Lab6/catkin_ws/devel/.private/hector_gazebo_plugins/lib/libhector_gazebo_ros_magnetic.so, /home/albertozafra7/Desktop/Universidad/Master/AR/Lab6/catkin_ws/devel/lib/libhector_gazebo_ros_magnetic.so)
Cleaning: (/home/albertozafra7/Desktop/Universidad/Master/AR/Lab6/catkin_ws/devel/.private/hector_gazebo_plugins/lib/pkgconfig/hector_gazebo_plugins.pc, /home/albertozafra7/Desktop/Universidad/Master/AR/Lab6/catkin_ws/devel/lib/pkgconfig/hector_gazebo_plugins.pc)
Cleaning: (/home/albertozafra7/Desktop/Universidad/Master/AR/Lab6/catkin_ws/devel/.private/hector_gazebo_plugins/lib/python3/dist-packages/hector_gazebo_plugins/__init__.py, /home/albertozafra7/Desktop/Universidad/Master/AR/Lab6/catkin_ws/devel/lib/python3/dist-packages/hector_gazebo_plugins/__init__.py)
Cleaning: (/home/albertozafra7/Desktop/Universidad/Master/AR/Lab6/catkin_ws/devel/.private/hector_gazebo_plugins/lib/python3/dist-packages/hector_gazebo_plugins/cfg/__init__.py, /home/albertozafra7/Desktop/Universidad/Master/AR/Lab6/catkin_ws/devel/lib/python3/dist-packages/hector_gazebo_plugins/cfg/__init__.py)
Cleaning: (/home/albertozafra7/Desktop/Universidad/Master/AR/Lab6/catkin_ws/devel/.private/hector_gazebo_plugins/lib/python3/dist-packages/hector_gazebo_plugins/cfg/SensorModelConfig.py, /home/albertozafra7/Desktop/Universidad/Master/AR/Lab6/catkin_ws/devel/lib/python3/dist-packages/hector_gazebo_plugins/cfg/SensorModelConfig.py)
Cleaning: (/home/albertozafra7/Desktop/Universidad/Master/AR/Lab6/catkin_ws/devel/.private/hector_gazebo_plugins/lib/python3/dist-packages/hector_gazebo_plugins/cfg/GNSSConfig.py, /home/albertozafra7/Desktop/Universidad/Master/AR/Lab6/catkin_ws/devel/lib/python3/dist-packages/hector_gazebo_plugins/cfg/GNSSConfig.py)
Cleaning: (/home/albertozafra7/Desktop/Universidad/Master/AR/Lab6/catkin_ws/devel/.private/hector_gazebo_plugins/lib/python3/dist-packages/hector_gazebo_plugins/srv/__init__.py, /home/albertozafra7/Desktop/Universidad/Master/AR/Lab6/catkin_ws/devel/lib/python3/dist-packages/hector_gazebo_plugins/srv/__init__.py)
Cleaning: (/home/albertozafra7/Desktop/Universidad/Master/AR/Lab6/catkin_ws/devel/.private/hector_gazebo_plugins/lib/python3/dist-packages/hector_gazebo_plugins/srv/_SetBias.py, /home/albertozafra7/Desktop/Universidad/Master/AR/Lab6/catkin_ws/devel/lib/python3/dist-packages/hector_gazebo_plugins/srv/_SetBias.py)
Cleaning: (/home/albertozafra7/Desktop/Universidad/Master/AR/Lab6/catkin_ws/devel/.private/hector_gazebo_plugins/include/hector_gazebo_plugins/SetBias.h, /home/albertozafra7/Desktop/Universidad/Master/AR/Lab6/catkin_ws/devel/include/hector_gazebo_plugins/SetBias.h)
Cleaning: (/home/albertozafra7/Desktop/Universidad/Master/AR/Lab6/catkin_ws/devel/.private/hector_gazebo_plugins/include/hector_gazebo_plugins/SetBiasRequest.h, /home/albertozafra7/Desktop/Universidad/Master/AR/Lab6/catkin_ws/devel/include/hector_gazebo_plugins/SetBiasRequest.h)
Cleaning: (/home/albertozafra7/Desktop/Universidad/Master/AR/Lab6/catkin_ws/devel/.private/hector_gazebo_plugins/include/hector_gazebo_plugins/GNSSConfig.h, /home/albertozafra7/Desktop/Universidad/Master/AR/Lab6/catkin_ws/devel/include/hector_gazebo_plugins/GNSSConfig.h)
Cleaning: (/home/albertozafra7/Desktop/Universidad/Master/AR/Lab6/catkin_ws/devel/.private/hector_gazebo_plugins/include/hector_gazebo_plugins/SetBiasResponse.h, /home/albertozafra7/Desktop/Universidad/Master/AR/Lab6/catkin_ws/devel/include/hector_gazebo_plugins/SetBiasResponse.h)
Cleaning: (/home/albertozafra7/Desktop/Universidad/Master/AR/Lab6/catkin_ws/devel/.private/hector_gazebo_plugins/include/hector_gazebo_plugins/SensorModelConfig.h, /home/albertozafra7/Desktop/Universidad/Master/AR/Lab6/catkin_ws/devel/include/hector_gazebo_plugins/SensorModelConfig.h)
Unlinking: /home/albertozafra7/Desktop/Universidad/Master/AR/Lab6/catkin_ws/devel/share/hector_gazebo_plugins/cmake/hector_gazebo_pluginsConfig.cmake
Unlinking: /home/albertozafra7/Desktop/Universidad/Master/AR/Lab6/catkin_ws/devel/share/hector_gazebo_plugins/cmake/hector_gazebo_pluginsConfig-version.cmake
Unlinking: /home/albertozafra7/Desktop/Universidad/Master/AR/Lab6/catkin_ws/devel/share/hector_gazebo_plugins/cmake/hector_gazebo_plugins-msg-paths.cmake
Unlinking: /home/albertozafra7/Desktop/Universidad/Master/AR/Lab6/catkin_ws/devel/share/hector_gazebo_plugins/cmake/hector_gazebo_plugins-msg-extras.cmake
Unlinking: /home/albertozafra7/Desktop/Universidad/Master/AR/Lab6/catkin_ws/devel/share/hector_gazebo_plugins/docs/GNSSConfig.dox
Unlinking: /home/albertozafra7/Desktop/Universidad/Master/AR/Lab6/catkin_ws/devel/share/hector_gazebo_plugins/docs/SensorModelConfig-usage.dox
Unlinking: /home/albertozafra7/Desktop/Universidad/Master/AR/Lab6/catkin_ws/devel/share/hector_gazebo_plugins/docs/SensorModelConfig.wikidoc
Unlinking: /home/albertozafra7/Desktop/Universidad/Master/AR/Lab6/catkin_ws/devel/share/hector_gazebo_plugins/docs/GNSSConfig.wikidoc
Unlinking: /home/albertozafra7/Desktop/Universidad/Master/AR/Lab6/catkin_ws/devel/share/hector_gazebo_plugins/docs/SensorModelConfig.dox
Unlinking: /home/albertozafra7/Desktop/Universidad/Master/AR/Lab6/catkin_ws/devel/share/hector_gazebo_plugins/docs/GNSSConfig-usage.dox
Unlinking: /home/albertozafra7/Desktop/Universidad/Master/AR/Lab6/catkin_ws/devel/share/roseus/ros/hector_gazebo_plugins/manifest.l
Unlinking: /home/albertozafra7/Desktop/Universidad/Master/AR/Lab6/catkin_ws/devel/share/roseus/ros/hector_gazebo_plugins/srv/SetBias.l
Unlinking: /home/albertozafra7/Desktop/Universidad/Master/AR/Lab6/catkin_ws/devel/share/gennodejs/ros/hector_gazebo_plugins/_index.js
Unlinking: /home/albertozafra7/Desktop/Universidad/Master/AR/Lab6/catkin_ws/devel/share/gennodejs/ros/hector_gazebo_plugins/srv/_index.js
Unlinking: /home/albertozafra7/Desktop/Universidad/Master/AR/Lab6/catkin_ws/devel/share/gennodejs/ros/hector_gazebo_plugins/srv/SetBias.js
Unlinking: /home/albertozafra7/Desktop/Universidad/Master/AR/Lab6/catkin_ws/devel/share/common-lisp/ros/hector_gazebo_plugins/srv/_package.lisp
Unlinking: /home/albertozafra7/Desktop/Universidad/Master/AR/Lab6/catkin_ws/devel/share/common-lisp/ros/hector_gazebo_plugins/srv/SetBias.lisp
Unlinking: /home/albertozafra7/Desktop/Universidad/Master/AR/Lab6/catkin_ws/devel/share/common-lisp/ros/hector_gazebo_plugins/srv/hector_gazebo_plugins-srv.asd
Unlinking: /home/albertozafra7/Desktop/Universidad/Master/AR/Lab6/catkin_ws/devel/share/common-lisp/ros/hector_gazebo_plugins/srv/_package_SetBias.lisp
Unlinking: /home/albertozafra7/Desktop/Universidad/Master/AR/Lab6/catkin_ws/devel/lib/libgazebo_ros_force_based_move.so
Unlinking: /home/albertozafra7/Desktop/Universidad/Master/AR/Lab6/catkin_ws/devel/lib/libdiffdrive_plugin_6w.so
Unlinking: /home/albertozafra7/Desktop/Universidad/Master/AR/Lab6/catkin_ws/devel/lib/libhector_gazebo_ros_gps.so
Unlinking: /home/albertozafra7/Desktop/Universidad/Master/AR/Lab6/catkin_ws/devel/lib/libhector_gazebo_ros_sonar.so
Unlinking: /home/albertozafra7/Desktop/Universidad/Master/AR/Lab6/catkin_ws/devel/lib/libdiffdrive_plugin_multi_wheel.so
Unlinking: /home/albertozafra7/Desktop/Universidad/Master/AR/Lab6/catkin_ws/devel/lib/libhector_gazebo_reset_plugin.so
Unlinking: /home/albertozafra7/Desktop/Universidad/Master/AR/Lab6/catkin_ws/devel/lib/libhector_gazebo_ros_imu.so
Unlinking: /home/albertozafra7/Desktop/Universidad/Master/AR/Lab6/catkin_ws/devel/lib/libhector_servo_plugin.so
Unlinking: /home/albertozafra7/Desktop/Universidad/Master/AR/Lab6/catkin_ws/devel/lib/libhector_gazebo_ros_magnetic.so
Unlinking: /home/albertozafra7/Desktop/Universidad/Master/AR/Lab6/catkin_ws/devel/lib/pkgconfig/hector_gazebo_plugins.pc
Unlinking: /home/albertozafra7/Desktop/Universidad/Master/AR/Lab6/catkin_ws/devel/lib/python3/dist-packages/hector_gazebo_plugins/__init__.py
Unlinking: /home/albertozafra7/Desktop/Universidad/Master/AR/Lab6/catkin_ws/devel/lib/python3/dist-packages/hector_gazebo_plugins/cfg/__init__.py
Unlinking: /home/albertozafra7/Desktop/Universidad/Master/AR/Lab6/catkin_ws/devel/lib/python3/dist-packages/hector_gazebo_plugins/cfg/SensorModelConfig.py
Unlinking: /home/albertozafra7/Desktop/Universidad/Master/AR/Lab6/catkin_ws/devel/lib/python3/dist-packages/hector_gazebo_plugins/cfg/GNSSConfig.py
Unlinking: /home/albertozafra7/Desktop/Universidad/Master/AR/Lab6/catkin_ws/devel/lib/python3/dist-packages/hector_gazebo_plugins/srv/__init__.py
Unlinking: /home/albertozafra7/Desktop/Universidad/Master/AR/Lab6/catkin_ws/devel/lib/python3/dist-packages/hector_gazebo_plugins/srv/_SetBias.py
Unlinking: /home/albertozafra7/Desktop/Universidad/Master/AR/Lab6/catkin_ws/devel/include/hector_gazebo_plugins/SetBias.h
Unlinking: /home/albertozafra7/Desktop/Universidad/Master/AR/Lab6/catkin_ws/devel/include/hector_gazebo_plugins/SetBiasRequest.h
Unlinking: /home/albertozafra7/Desktop/Universidad/Master/AR/Lab6/catkin_ws/devel/include/hector_gazebo_plugins/GNSSConfig.h
Unlinking: /home/albertozafra7/Desktop/Universidad/Master/AR/Lab6/catkin_ws/devel/include/hector_gazebo_plugins/SetBiasResponse.h
Unlinking: /home/albertozafra7/Desktop/Universidad/Master/AR/Lab6/catkin_ws/devel/include/hector_gazebo_plugins/SensorModelConfig.h
