[  0%] Built target geometry_msgs_generate_messages_py
[  0%] Built target geometry_msgs_generate_messages_cpp
[  0%] Built target _hector_gazebo_plugins_generate_messages_check_deps_SetBias
[  0%] Built target geometry_msgs_generate_messages_lisp
[  0%] Built target geometry_msgs_generate_messages_eus
[  0%] Built target geometry_msgs_generate_messages_nodejs
[  7%] Built target hector_gazebo_plugins_gencfg
[ 22%] Built target diffdrive_plugin_6w
[ 22%] Built target hector_gazebo_ros_magnetic
[ 29%] Built target diffdrive_plugin_multi_wheel
[ 44%] Built target hector_gazebo_reset_plugin
[ 44%] Built target hector_gazebo_ros_gps
[ 51%] Built target gazebo_ros_force_based_move
[ 55%] Built target hector_gazebo_plugins_generate_messages_cpp
[ 59%] Built target hector_gazebo_plugins_generate_messages_lisp
[ 66%] Built target hector_gazebo_plugins_generate_messages_py
[ 70%] Built target hector_gazebo_plugins_generate_messages_nodejs
[ 77%] Built target hector_gazebo_plugins_generate_messages_eus
[ 77%] Built target hector_gazebo_plugins_generate_messages
[ 85%] Built target hector_gazebo_ros_sonar
[ 92%] Built target hector_servo_plugin
[100%] Built target hector_gazebo_ros_imu
