[01m[K/home/albertozafra7/Desktop/Universidad/Master/AR/Lab3/catkin_ws/src/p12_arob_lab3/src/followTargets3D.cpp:[m[K In member function ‘[01m[Kvoid FollowTargetsClass::UpdateGoal(const Odometry&)[m[K’:
[01m[K/home/albertozafra7/Desktop/Universidad/Master/AR/Lab3/catkin_ws/src/p12_arob_lab3/src/followTargets3D.cpp:118:6:[m[K [01;35m[Kwarning: [m[Kinit-statement in selection statements only available with ‘[01m[K-std=c++17[m[K’ or ‘[01m[K-std=gnu++17[m[K’
  118 |   if([01;35m[K![m[KisMoving(current_pos)
      |      [01;35m[K^[m[K
[01m[K/home/albertozafra7/Desktop/Universidad/Master/AR/Lab3/catkin_ws/src/p12_arob_lab3/src/followTargets3D.cpp:118:28:[m[K [01;31m[Kerror: [m[Kexpected ‘[01m[K;[m[K’ before ‘[01m[KReloadGoal[m[K’
  118 |   if(!isMoving(current_pos)
      |                            [01;31m[K^[m[K
      |                            [32m[K;[m[K
  119 |    [32m[KReloadGoal[m[K();
      |    [32m[K~~~~~~~~~~[m[K               
[01m[K/home/albertozafra7/Desktop/Universidad/Master/AR/Lab3/catkin_ws/src/p12_arob_lab3/src/followTargets3D.cpp:121:25:[m[K [01;31m[Kerror: [m[Kexpected ‘[01m[K)[m[K’ before ‘[01m[K;[m[K’ token
  121 |   prev_pos = current_pos[01;31m[K;[m[K
      |                         [01;31m[K^[m[K
      |                         [32m[K)[m[K
[01m[K/home/albertozafra7/Desktop/Universidad/Master/AR/Lab3/catkin_ws/src/p12_arob_lab3/src/followTargets3D.cpp:118:5:[m[K [01;36m[Knote: [m[Kto match this ‘[01m[K([m[K’
  118 |   if[01;36m[K([m[K!isMoving(current_pos)
      |     [01;36m[K^[m[K
[01m[K/home/albertozafra7/Desktop/Universidad/Master/AR/Lab3/catkin_ws/src/p12_arob_lab3/src/followTargets3D.cpp:121:12:[m[K [01;31m[Kerror: [m[Kcould not convert ‘[01m[K((FollowTargetsClass*)this)->FollowTargetsClass::prev_pos.std::vector<double>::operator=(current_pos)[m[K’ from ‘[01m[Kstd::vector<double>[m[K’ to ‘[01m[Kbool[m[K’
  121 |   [01;31m[Kprev_pos = current_pos[m[K;
      |   [01;31m[K~~~~~~~~~^~~~~~~~~~~~~[m[K
      |            [01;31m[K|[m[K
      |            [01;31m[Kstd::vector<double>[m[K
make[2]: *** [CMakeFiles/followTargets3D.dir/build.make:63: CMakeFiles/followTargets3D.dir/src/followTargets3D.cpp.o] Error 1
make[1]: *** [CMakeFiles/Makefile2:1704: CMakeFiles/followTargets3D.dir/all] Error 2
make: *** [Makefile:141: all] Error 2
