[01m[K/home/albertozafra7/Desktop/Universidad/Master/AR/Lab3/catkin_ws/src/p12_arob_lab3/src/followTargets3D.cpp:100:24:[m[K [01;31m[Kerror: [m[K‘[01m[Keometry_msgs[m[K’ does not name a type; did you mean ‘[01m[Kgeometry_msgs[m[K’?
  100 |  void UpdateGoal(const [01;31m[Keometry_msgs[m[K::PoseStamped& msg) {
      |                        [01;31m[K^~~~~~~~~~~~[m[K
      |                        [32m[Kgeometry_msgs[m[K
[01m[K/home/albertozafra7/Desktop/Universidad/Master/AR/Lab3/catkin_ws/src/p12_arob_lab3/src/followTargets3D.cpp:100:49:[m[K [01;31m[Kerror: [m[Kexpected unqualified-id before ‘[01m[K&[m[K’ token
  100 |  void UpdateGoal(const eometry_msgs::PoseStamped[01;31m[K&[m[K msg) {
      |                                                 [01;31m[K^[m[K
[01m[K/home/albertozafra7/Desktop/Universidad/Master/AR/Lab3/catkin_ws/src/p12_arob_lab3/src/followTargets3D.cpp:100:49:[m[K [01;31m[Kerror: [m[Kexpected ‘[01m[K)[m[K’ before ‘[01m[K&[m[K’ token
  100 |  void UpdateGoal[34m[K([m[Kconst eometry_msgs::PoseStamped[01;31m[K&[m[K msg) {
      |                 [34m[K~[m[K                               [01;31m[K^[m[K
      |                                                 [32m[K)[m[K
[01m[K/home/albertozafra7/Desktop/Universidad/Master/AR/Lab3/catkin_ws/src/p12_arob_lab3/src/followTargets3D.cpp:100:49:[m[K [01;31m[Kerror: [m[Kexpected ‘[01m[K;[m[K’ at end of member declaration
  100 |  void UpdateGoal(const eometry_msgs::PoseStamped[01;31m[K&[m[K msg) {
      |                                                 [01;31m[K^[m[K
      |                                                  [32m[K;[m[K
[01m[K/home/albertozafra7/Desktop/Universidad/Master/AR/Lab3/catkin_ws/src/p12_arob_lab3/src/followTargets3D.cpp:100:51:[m[K [01;31m[Kerror: [m[K‘[01m[Kmsg[m[K’ does not name a type
  100 |  void UpdateGoal(const eometry_msgs::PoseStamped& [01;31m[Kmsg[m[K) {
      |                                                   [01;31m[K^~~[m[K
[01m[K/home/albertozafra7/Desktop/Universidad/Master/AR/Lab3/catkin_ws/src/p12_arob_lab3/src/followTargets3D.cpp:[m[K In constructor ‘[01m[KFollowTargetsClass::FollowTargetsClass()[m[K’:
[01m[K/home/albertozafra7/Desktop/Universidad/Master/AR/Lab3/catkin_ws/src/p12_arob_lab3/src/followTargets3D.cpp:28:96:[m[K [01;31m[Kerror: [m[Kno matching function for call to ‘[01m[Kros::NodeHandle::subscribe(const char [20], int, void (FollowTargetsClass::*)(...) &, FollowTargetsClass*)[m[K’
   28 |   position_sub_ = nh_.subscribe("/ground_truth/state", 1, &FollowTargetsClass::UpdateGoal, this[01;31m[K)[m[K;
      |                                                                                                [01;31m[K^[m[K
In file included from [01m[K/opt/ros/noetic/include/ros/ros.h:45[m[K,
                 from [01m[K/home/albertozafra7/Desktop/Universidad/Master/AR/Lab3/catkin_ws/src/p12_arob_lab3/src/followTargets3D.cpp:6[m[K:
[01m[K/opt/ros/noetic/include/ros/node_handle.h:402:14:[m[K [01;36m[Knote: [m[Kcandidate: ‘[01m[Ktemplate<class M, class T> ros::Subscriber ros::NodeHandle::subscribe(const string&, uint32_t, void (T::*)(M), T*, const ros::TransportHints&)[m[K’
  402 |   Subscriber [01;36m[Ksubscribe[m[K(const std::string& topic, uint32_t queue_size, void(T::*fp)(M), T* obj,
      |              [01;36m[K^~~~~~~~~[m[K
[01m[K/opt/ros/noetic/include/ros/node_handle.h:402:14:[m[K [01;36m[Knote: [m[K  template argument deduction/substitution failed:
[01m[K/home/albertozafra7/Desktop/Universidad/Master/AR/Lab3/catkin_ws/src/p12_arob_lab3/src/followTargets3D.cpp:28:96:[m[K [01;36m[Knote: [m[K  mismatched types ‘[01m[Kvoid (T::)(M)[m[K’ and ‘[01m[Kvoid (FollowTargetsClass::)(...) &[m[K’
   28 |   position_sub_ = nh_.subscribe("/ground_truth/state", 1, &FollowTargetsClass::UpdateGoal, this[01;36m[K)[m[K;
      |                                                                                                [01;36m[K^[m[K
In file included from [01m[K/opt/ros/noetic/include/ros/ros.h:45[m[K,
                 from [01m[K/home/albertozafra7/Desktop/Universidad/Master/AR/Lab3/catkin_ws/src/p12_arob_lab3/src/followTargets3D.cpp:6[m[K:
[01m[K/opt/ros/noetic/include/ros/node_handle.h:413:14:[m[K [01;36m[Knote: [m[Kcandidate: ‘[01m[Ktemplate<class M, class T> ros::Subscriber ros::NodeHandle::subscribe(const string&, uint32_t, void (T::*)(M) const, T*, const ros::TransportHints&)[m[K’
  413 |   Subscriber [01;36m[Ksubscribe[m[K(const std::string& topic, uint32_t queue_size, void(T::*fp)(M) const, T* obj,
      |              [01;36m[K^~~~~~~~~[m[K
[01m[K/opt/ros/noetic/include/ros/node_handle.h:413:14:[m[K [01;36m[Knote: [m[K  template argument deduction/substitution failed:
[01m[K/home/albertozafra7/Desktop/Universidad/Master/AR/Lab3/catkin_ws/src/p12_arob_lab3/src/followTargets3D.cpp:28:96:[m[K [01;36m[Knote: [m[K  types ‘[01m[Kvoid (T::)(M) const[m[K’ and ‘[01m[Kvoid (FollowTargetsClass::)(...) &[m[K’ have incompatible cv-qualifiers
   28 |   position_sub_ = nh_.subscribe("/ground_truth/state", 1, &FollowTargetsClass::UpdateGoal, this[01;36m[K)[m[K;
      |                                                                                                [01;36m[K^[m[K
In file included from [01m[K/opt/ros/noetic/include/ros/ros.h:45[m[K,
                 from [01m[K/home/albertozafra7/Desktop/Universidad/Master/AR/Lab3/catkin_ws/src/p12_arob_lab3/src/followTargets3D.cpp:6[m[K:
[01m[K/opt/ros/noetic/include/ros/node_handle.h:465:14:[m[K [01;36m[Knote: [m[Kcandidate: ‘[01m[Ktemplate<class M, class T> ros::Subscriber ros::NodeHandle::subscribe(const string&, uint32_t, void (T::*)(const boost::shared_ptr<const M>&), T*, const ros::TransportHints&)[m[K’
  465 |   Subscriber [01;36m[Ksubscribe[m[K(const std::string& topic, uint32_t queue_size,
      |              [01;36m[K^~~~~~~~~[m[K
[01m[K/opt/ros/noetic/include/ros/node_handle.h:465:14:[m[K [01;36m[Knote: [m[K  template argument deduction/substitution failed:
[01m[K/home/albertozafra7/Desktop/Universidad/Master/AR/Lab3/catkin_ws/src/p12_arob_lab3/src/followTargets3D.cpp:28:96:[m[K [01;36m[Knote: [m[K  mismatched types ‘[01m[Kvoid (T::)(const boost::shared_ptr<const M>&)[m[K’ and ‘[01m[Kvoid (FollowTargetsClass::)(...) &[m[K’
   28 |   position_sub_ = nh_.subscribe("/ground_truth/state", 1, &FollowTargetsClass::UpdateGoal, this[01;36m[K)[m[K;
      |                                                                                                [01;36m[K^[m[K
In file included from [01m[K/opt/ros/noetic/include/ros/ros.h:45[m[K,
                 from [01m[K/home/albertozafra7/Desktop/Universidad/Master/AR/Lab3/catkin_ws/src/p12_arob_lab3/src/followTargets3D.cpp:6[m[K:
[01m[K/opt/ros/noetic/include/ros/node_handle.h:475:14:[m[K [01;36m[Knote: [m[Kcandidate: ‘[01m[Ktemplate<class M, class T> ros::Subscriber ros::NodeHandle::subscribe(const string&, uint32_t, void (T::*)(const boost::shared_ptr<const M>&) const, T*, const ros::TransportHints&)[m[K’
  475 |   Subscriber [01;36m[Ksubscribe[m[K(const std::string& topic, uint32_t queue_size,
      |              [01;36m[K^~~~~~~~~[m[K
[01m[K/opt/ros/noetic/include/ros/node_handle.h:475:14:[m[K [01;36m[Knote: [m[K  template argument deduction/substitution failed:
[01m[K/home/albertozafra7/Desktop/Universidad/Master/AR/Lab3/catkin_ws/src/p12_arob_lab3/src/followTargets3D.cpp:28:96:[m[K [01;36m[Knote: [m[K  types ‘[01m[Kvoid (T::)(const boost::shared_ptr<const M>&) const[m[K’ and ‘[01m[Kvoid (FollowTargetsClass::)(...) &[m[K’ have incompatible cv-qualifiers
   28 |   position_sub_ = nh_.subscribe("/ground_truth/state", 1, &FollowTargetsClass::UpdateGoal, this[01;36m[K)[m[K;
      |                                                                                                [01;36m[K^[m[K
In file included from [01m[K/opt/ros/noetic/include/ros/ros.h:45[m[K,
                 from [01m[K/home/albertozafra7/Desktop/Universidad/Master/AR/Lab3/catkin_ws/src/p12_arob_lab3/src/followTargets3D.cpp:6[m[K:
[01m[K/opt/ros/noetic/include/ros/node_handle.h:529:14:[m[K [01;36m[Knote: [m[Kcandidate: ‘[01m[Ktemplate<class M, class T> ros::Subscriber ros::NodeHandle::subscribe(const string&, uint32_t, void (T::*)(M), const boost::shared_ptr<U>&, const ros::TransportHints&)[m[K’
  529 |   Subscriber [01;36m[Ksubscribe[m[K(const std::string& topic, uint32_t queue_size, void(T::*fp)(M),
      |              [01;36m[K^~~~~~~~~[m[K
[01m[K/opt/ros/noetic/include/ros/node_handle.h:529:14:[m[K [01;36m[Knote: [m[K  template argument deduction/substitution failed:
[01m[K/home/albertozafra7/Desktop/Universidad/Master/AR/Lab3/catkin_ws/src/p12_arob_lab3/src/followTargets3D.cpp:28:96:[m[K [01;36m[Knote: [m[K  mismatched types ‘[01m[Kvoid (T::)(M)[m[K’ and ‘[01m[Kvoid (FollowTargetsClass::)(...) &[m[K’
   28 |   position_sub_ = nh_.subscribe("/ground_truth/state", 1, &FollowTargetsClass::UpdateGoal, this[01;36m[K)[m[K;
      |                                                                                                [01;36m[K^[m[K
In file included from [01m[K/opt/ros/noetic/include/ros/ros.h:45[m[K,
                 from [01m[K/home/albertozafra7/Desktop/Universidad/Master/AR/Lab3/catkin_ws/src/p12_arob_lab3/src/followTargets3D.cpp:6[m[K:
[01m[K/opt/ros/noetic/include/ros/node_handle.h:540:14:[m[K [01;36m[Knote: [m[Kcandidate: ‘[01m[Ktemplate<class M, class T> ros::Subscriber ros::NodeHandle::subscribe(const string&, uint32_t, void (T::*)(M) const, const boost::shared_ptr<U>&, const ros::TransportHints&)[m[K’
  540 |   Subscriber [01;36m[Ksubscribe[m[K(const std::string& topic, uint32_t queue_size, void(T::*fp)(M) const,
      |              [01;36m[K^~~~~~~~~[m[K
[01m[K/opt/ros/noetic/include/ros/node_handle.h:540:14:[m[K [01;36m[Knote: [m[K  template argument deduction/substitution failed:
[01m[K/home/albertozafra7/Desktop/Universidad/Master/AR/Lab3/catkin_ws/src/p12_arob_lab3/src/followTargets3D.cpp:28:96:[m[K [01;36m[Knote: [m[K  types ‘[01m[Kvoid (T::)(M) const[m[K’ and ‘[01m[Kvoid (FollowTargetsClass::)(...) &[m[K’ have incompatible cv-qualifiers
   28 |   position_sub_ = nh_.subscribe("/ground_truth/state", 1, &FollowTargetsClass::UpdateGoal, this[01;36m[K)[m[K;
      |                                                                                                [01;36m[K^[m[K
In file included from [01m[K/opt/ros/noetic/include/ros/ros.h:45[m[K,
                 from [01m[K/home/albertozafra7/Desktop/Universidad/Master/AR/Lab3/catkin_ws/src/p12_arob_lab3/src/followTargets3D.cpp:6[m[K:
[01m[K/opt/ros/noetic/include/ros/node_handle.h:594:14:[m[K [01;36m[Knote: [m[Kcandidate: ‘[01m[Ktemplate<class M, class T> ros::Subscriber ros::NodeHandle::subscribe(const string&, uint32_t, void (T::*)(const boost::shared_ptr<const M>&), const boost::shared_ptr<U>&, const ros::TransportHints&)[m[K’
  594 |   Subscriber [01;36m[Ksubscribe[m[K(const std::string& topic, uint32_t queue_size,
      |              [01;36m[K^~~~~~~~~[m[K
[01m[K/opt/ros/noetic/include/ros/node_handle.h:594:14:[m[K [01;36m[Knote: [m[K  template argument deduction/substitution failed:
[01m[K/home/albertozafra7/Desktop/Universidad/Master/AR/Lab3/catkin_ws/src/p12_arob_lab3/src/followTargets3D.cpp:28:96:[m[K [01;36m[Knote: [m[K  mismatched types ‘[01m[Kvoid (T::)(const boost::shared_ptr<const M>&)[m[K’ and ‘[01m[Kvoid (FollowTargetsClass::)(...) &[m[K’
   28 |   position_sub_ = nh_.subscribe("/ground_truth/state", 1, &FollowTargetsClass::UpdateGoal, this[01;36m[K)[m[K;
      |                                                                                                [01;36m[K^[m[K
In file included from [01m[K/opt/ros/noetic/include/ros/ros.h:45[m[K,
                 from [01m[K/home/albertozafra7/Desktop/Universidad/Master/AR/Lab3/catkin_ws/src/p12_arob_lab3/src/followTargets3D.cpp:6[m[K:
[01m[K/opt/ros/noetic/include/ros/node_handle.h:605:14:[m[K [01;36m[Knote: [m[Kcandidate: ‘[01m[Ktemplate<class M, class T> ros::Subscriber ros::NodeHandle::subscribe(const string&, uint32_t, void (T::*)(const boost::shared_ptr<const M>&) const, const boost::shared_ptr<U>&, const ros::TransportHints&)[m[K’
  605 |   Subscriber [01;36m[Ksubscribe[m[K(const std::string& topic, uint32_t queue_size,
      |              [01;36m[K^~~~~~~~~[m[K
[01m[K/opt/ros/noetic/include/ros/node_handle.h:605:14:[m[K [01;36m[Knote: [m[K  template argument deduction/substitution failed:
[01m[K/home/albertozafra7/Desktop/Universidad/Master/AR/Lab3/catkin_ws/src/p12_arob_lab3/src/followTargets3D.cpp:28:96:[m[K [01;36m[Knote: [m[K  types ‘[01m[Kvoid (T::)(const boost::shared_ptr<const M>&) const[m[K’ and ‘[01m[Kvoid (FollowTargetsClass::)(...) &[m[K’ have incompatible cv-qualifiers
   28 |   position_sub_ = nh_.subscribe("/ground_truth/state", 1, &FollowTargetsClass::UpdateGoal, this[01;36m[K)[m[K;
      |                                                                                                [01;36m[K^[m[K
In file included from [01m[K/opt/ros/noetic/include/ros/ros.h:45[m[K,
                 from [01m[K/home/albertozafra7/Desktop/Universidad/Master/AR/Lab3/catkin_ws/src/p12_arob_lab3/src/followTargets3D.cpp:6[m[K:
[01m[K/opt/ros/noetic/include/ros/node_handle.h:656:14:[m[K [01;36m[Knote: [m[Kcandidate: ‘[01m[Ktemplate<class M> ros::Subscriber ros::NodeHandle::subscribe(const string&, uint32_t, void (*)(M), const ros::TransportHints&)[m[K’
  656 |   Subscriber [01;36m[Ksubscribe[m[K(const std::string& topic, uint32_t queue_size, void(*fp)(M), const TransportHints& transport_hints = TransportHints())
      |              [01;36m[K^~~~~~~~~[m[K
[01m[K/opt/ros/noetic/include/ros/node_handle.h:656:14:[m[K [01;36m[Knote: [m[K  template argument deduction/substitution failed:
[01m[K/home/albertozafra7/Desktop/Universidad/Master/AR/Lab3/catkin_ws/src/p12_arob_lab3/src/followTargets3D.cpp:28:96:[m[K [01;36m[Knote: [m[K  mismatched types ‘[01m[Kvoid (*)(M)[m[K’ and ‘[01m[Kvoid (FollowTargetsClass::*)(...) &[m[K’
   28 |   position_sub_ = nh_.subscribe("/ground_truth/state", 1, &FollowTargetsClass::UpdateGoal, this[01;36m[K)[m[K;
      |                                                                                                [01;36m[K^[m[K
In file included from [01m[K/opt/ros/noetic/include/ros/ros.h:45[m[K,
                 from [01m[K/home/albertozafra7/Desktop/Universidad/Master/AR/Lab3/catkin_ws/src/p12_arob_lab3/src/followTargets3D.cpp:6[m[K:
[01m[K/opt/ros/noetic/include/ros/node_handle.h:704:14:[m[K [01;36m[Knote: [m[Kcandidate: ‘[01m[Ktemplate<class M> ros::Subscriber ros::NodeHandle::subscribe(const string&, uint32_t, void (*)(const boost::shared_ptr<const M>&), const ros::TransportHints&)[m[K’
  704 |   Subscriber [01;36m[Ksubscribe[m[K(const std::string& topic, uint32_t queue_size, void(*fp)(const boost::shared_ptr<M const>&), const TransportHints& transport_hints = TransportHints())
      |              [01;36m[K^~~~~~~~~[m[K
[01m[K/opt/ros/noetic/include/ros/node_handle.h:704:14:[m[K [01;36m[Knote: [m[K  template argument deduction/substitution failed:
[01m[K/home/albertozafra7/Desktop/Universidad/Master/AR/Lab3/catkin_ws/src/p12_arob_lab3/src/followTargets3D.cpp:28:96:[m[K [01;36m[Knote: [m[K  mismatched types ‘[01m[Kvoid (*)(const boost::shared_ptr<const M>&)[m[K’ and ‘[01m[Kvoid (FollowTargetsClass::*)(...) &[m[K’
   28 |   position_sub_ = nh_.subscribe("/ground_truth/state", 1, &FollowTargetsClass::UpdateGoal, this[01;36m[K)[m[K;
      |                                                                                                [01;36m[K^[m[K
In file included from [01m[K/opt/ros/noetic/include/ros/ros.h:45[m[K,
                 from [01m[K/home/albertozafra7/Desktop/Universidad/Master/AR/Lab3/catkin_ws/src/p12_arob_lab3/src/followTargets3D.cpp:6[m[K:
[01m[K/opt/ros/noetic/include/ros/node_handle.h:750:14:[m[K [01;36m[Knote: [m[Kcandidate: ‘[01m[Ktemplate<class M> ros::Subscriber ros::NodeHandle::subscribe(const string&, uint32_t, const boost::function<void(const boost::shared_ptr<const M>&)>&, const VoidConstPtr&, const ros::TransportHints&)[m[K’
  750 |   Subscriber [01;36m[Ksubscribe[m[K(const std::string& topic, uint32_t queue_size, const boost::function<void (const boost::shared_ptr<M const>&)>& callback,
      |              [01;36m[K^~~~~~~~~[m[K
[01m[K/opt/ros/noetic/include/ros/node_handle.h:750:14:[m[K [01;36m[Knote: [m[K  template argument deduction/substitution failed:
[01m[K/home/albertozafra7/Desktop/Universidad/Master/AR/Lab3/catkin_ws/src/p12_arob_lab3/src/followTargets3D.cpp:28:96:[m[K [01;36m[Knote: [m[K  mismatched types ‘[01m[Kconst boost::function<void(const boost::shared_ptr<const M>&)>[m[K’ and ‘[01m[Kvoid (FollowTargetsClass::*)(...) &[m[K’
   28 |   position_sub_ = nh_.subscribe("/ground_truth/state", 1, &FollowTargetsClass::UpdateGoal, this[01;36m[K)[m[K;
      |                                                                                                [01;36m[K^[m[K
In file included from [01m[K/opt/ros/noetic/include/ros/ros.h:45[m[K,
                 from [01m[K/home/albertozafra7/Desktop/Universidad/Master/AR/Lab3/catkin_ws/src/p12_arob_lab3/src/followTargets3D.cpp:6[m[K:
[01m[K/opt/ros/noetic/include/ros/node_handle.h:799:14:[m[K [01;36m[Knote: [m[Kcandidate: ‘[01m[Ktemplate<class M, class C> ros::Subscriber ros::NodeHandle::subscribe(const string&, uint32_t, const boost::function<void(C)>&, const VoidConstPtr&, const ros::TransportHints&)[m[K’
  799 |   Subscriber [01;36m[Ksubscribe[m[K(const std::string& topic, uint32_t queue_size, const boost::function<void (C)>& callback,
      |              [01;36m[K^~~~~~~~~[m[K
[01m[K/opt/ros/noetic/include/ros/node_handle.h:799:14:[m[K [01;36m[Knote: [m[K  template argument deduction/substitution failed:
[01m[K/home/albertozafra7/Desktop/Universidad/Master/AR/Lab3/catkin_ws/src/p12_arob_lab3/src/followTargets3D.cpp:28:96:[m[K [01;36m[Knote: [m[K  mismatched types ‘[01m[Kconst boost::function<void(C)>[m[K’ and ‘[01m[Kvoid (FollowTargetsClass::*)(...) &[m[K’
   28 |   position_sub_ = nh_.subscribe("/ground_truth/state", 1, &FollowTargetsClass::UpdateGoal, this[01;36m[K)[m[K;
      |                                                                                                [01;36m[K^[m[K
In file included from [01m[K/opt/ros/noetic/include/ros/ros.h:45[m[K,
                 from [01m[K/home/albertozafra7/Desktop/Universidad/Master/AR/Lab3/catkin_ws/src/p12_arob_lab3/src/followTargets3D.cpp:6[m[K:
[01m[K/opt/ros/noetic/include/ros/node_handle.h:836:14:[m[K [01;36m[Knote: [m[Kcandidate: ‘[01m[Kros::Subscriber ros::NodeHandle::subscribe(ros::SubscribeOptions&)[m[K’
  836 |   Subscriber [01;36m[Ksubscribe[m[K(SubscribeOptions& ops);
      |              [01;36m[K^~~~~~~~~[m[K
[01m[K/opt/ros/noetic/include/ros/node_handle.h:836:14:[m[K [01;36m[Knote: [m[K  candidate expects 1 argument, 4 provided
make[2]: *** [CMakeFiles/followTargets3D.dir/build.make:63: CMakeFiles/followTargets3D.dir/src/followTargets3D.cpp.o] Error 1
make[1]: *** [CMakeFiles/Makefile2:1704: CMakeFiles/followTargets3D.dir/all] Error 2
make: *** [Makefile:141: all] Error 2
