[01m[K/home/albertozafra7/Desktop/Universidad/Master/AR/Lab3/catkin_ws/src/p12_arob_lab3/src/followTargets3D.cpp:[m[K In member function ‘[01m[Kvoid FollowTargetsClass::UpdateGoal(const Odometry&)[m[K’:
[01m[K/home/albertozafra7/Desktop/Universidad/Master/AR/Lab3/catkin_ws/src/p12_arob_lab3/src/followTargets3D.cpp:104:53:[m[K [01;35m[Kwarning: [m[Knarrowing conversion of ‘[01m[K(geometry_msgs::Point_<std::allocator<void> >::_x_type)msg.nav_msgs::Odometry_<std::allocator<void> >::pose.geometry_msgs::PoseWithCovariance_<std::allocator<void> >::pose.geometry_msgs::Pose_<std::allocator<void> >::position.geometry_msgs::Point_<std::allocator<void> >::x[m[K’ from ‘[01m[Kgeometry_msgs::Point_<std::allocator<void> >::_x_type[m[K’ {aka ‘[01m[Kdouble[m[K’} to ‘[01m[Kfloat[m[K’ [[01;35m[K-Wnarrowing[m[K]
  104 |   std::vector<float> current{[01;35m[Kmsg.pose.pose.position.x[m[K,msg.pose.pose.position.y,msg.pose.pose.position.z};
      |                              [01;35m[K~~~~~~~~~~~~~~~~~~~~~~~^[m[K
[01m[K/home/albertozafra7/Desktop/Universidad/Master/AR/Lab3/catkin_ws/src/p12_arob_lab3/src/followTargets3D.cpp:104:53:[m[K [01;35m[Kwarning: [m[Knarrowing conversion of ‘[01m[Kmsg.nav_msgs::Odometry_<std::allocator<void> >::pose.geometry_msgs::PoseWithCovariance_<std::allocator<void> >::pose.geometry_msgs::Pose_<std::allocator<void> >::position.geometry_msgs::Point_<std::allocator<void> >::x[m[K’ from ‘[01m[Kconst _x_type[m[K’ {aka ‘[01m[Kconst double[m[K’} to ‘[01m[Kfloat[m[K’ [[01;35m[K-Wnarrowing[m[K]
[01m[K/home/albertozafra7/Desktop/Universidad/Master/AR/Lab3/catkin_ws/src/p12_arob_lab3/src/followTargets3D.cpp:104:78:[m[K [01;35m[Kwarning: [m[Knarrowing conversion of ‘[01m[K(geometry_msgs::Point_<std::allocator<void> >::_y_type)msg.nav_msgs::Odometry_<std::allocator<void> >::pose.geometry_msgs::PoseWithCovariance_<std::allocator<void> >::pose.geometry_msgs::Pose_<std::allocator<void> >::position.geometry_msgs::Point_<std::allocator<void> >::y[m[K’ from ‘[01m[Kgeometry_msgs::Point_<std::allocator<void> >::_y_type[m[K’ {aka ‘[01m[Kdouble[m[K’} to ‘[01m[Kfloat[m[K’ [[01;35m[K-Wnarrowing[m[K]
  104 |   std::vector<float> current{msg.pose.pose.position.x,[01;35m[Kmsg.pose.pose.position.y[m[K,msg.pose.pose.position.z};
      |                                                       [01;35m[K~~~~~~~~~~~~~~~~~~~~~~~^[m[K
[01m[K/home/albertozafra7/Desktop/Universidad/Master/AR/Lab3/catkin_ws/src/p12_arob_lab3/src/followTargets3D.cpp:104:78:[m[K [01;35m[Kwarning: [m[Knarrowing conversion of ‘[01m[Kmsg.nav_msgs::Odometry_<std::allocator<void> >::pose.geometry_msgs::PoseWithCovariance_<std::allocator<void> >::pose.geometry_msgs::Pose_<std::allocator<void> >::position.geometry_msgs::Point_<std::allocator<void> >::y[m[K’ from ‘[01m[Kconst _y_type[m[K’ {aka ‘[01m[Kconst double[m[K’} to ‘[01m[Kfloat[m[K’ [[01;35m[K-Wnarrowing[m[K]
[01m[K/home/albertozafra7/Desktop/Universidad/Master/AR/Lab3/catkin_ws/src/p12_arob_lab3/src/followTargets3D.cpp:104:103:[m[K [01;35m[Kwarning: [m[Knarrowing conversion of ‘[01m[K(geometry_msgs::Point_<std::allocator<void> >::_z_type)msg.nav_msgs::Odometry_<std::allocator<void> >::pose.geometry_msgs::PoseWithCovariance_<std::allocator<void> >::pose.geometry_msgs::Pose_<std::allocator<void> >::position.geometry_msgs::Point_<std::allocator<void> >::z[m[K’ from ‘[01m[Kgeometry_msgs::Point_<std::allocator<void> >::_z_type[m[K’ {aka ‘[01m[Kdouble[m[K’} to ‘[01m[Kfloat[m[K’ [[01;35m[K-Wnarrowing[m[K]
  104 |   std::vector<float> current{msg.pose.pose.position.x,msg.pose.pose.position.y,[01;35m[Kmsg.pose.pose.position.z[m[K};
      |                                                                                [01;35m[K~~~~~~~~~~~~~~~~~~~~~~~^[m[K
[01m[K/home/albertozafra7/Desktop/Universidad/Master/AR/Lab3/catkin_ws/src/p12_arob_lab3/src/followTargets3D.cpp:104:103:[m[K [01;35m[Kwarning: [m[Knarrowing conversion of ‘[01m[Kmsg.nav_msgs::Odometry_<std::allocator<void> >::pose.geometry_msgs::PoseWithCovariance_<std::allocator<void> >::pose.geometry_msgs::Pose_<std::allocator<void> >::position.geometry_msgs::Point_<std::allocator<void> >::z[m[K’ from ‘[01m[Kconst _z_type[m[K’ {aka ‘[01m[Kconst double[m[K’} to ‘[01m[Kfloat[m[K’ [[01;35m[K-Wnarrowing[m[K]
[01m[K/home/albertozafra7/Desktop/Universidad/Master/AR/Lab3/catkin_ws/src/p12_arob_lab3/src/followTargets3D.cpp:105:46:[m[K [01;35m[Kwarning: [m[Knarrowing conversion of ‘[01m[K((FollowTargetsClass*)this)->FollowTargetsClass::Goal.geometry_msgs::PoseStamped_<std::allocator<void> >::pose.geometry_msgs::Pose_<std::allocator<void> >::position.geometry_msgs::Point_<std::allocator<void> >::x[m[K’ from ‘[01m[Kgeometry_msgs::Point_<std::allocator<void> >::_x_type[m[K’ {aka ‘[01m[Kdouble[m[K’} to ‘[01m[Kfloat[m[K’ [[01;35m[K-Wnarrowing[m[K]
  105 |   std::vector<float> goal{[01;35m[KGoal.pose.position.x[m[K,Goal.pose.position.y,Goal.pose.position.z};
      |                           [01;35m[K~~~~~~~~~~~~~~~~~~~^[m[K
[01m[K/home/albertozafra7/Desktop/Universidad/Master/AR/Lab3/catkin_ws/src/p12_arob_lab3/src/followTargets3D.cpp:105:46:[m[K [01;35m[Kwarning: [m[Knarrowing conversion of ‘[01m[K((FollowTargetsClass*)this)->FollowTargetsClass::Goal.geometry_msgs::PoseStamped_<std::allocator<void> >::pose.geometry_msgs::Pose_<std::allocator<void> >::position.geometry_msgs::Point_<std::allocator<void> >::x[m[K’ from ‘[01m[Kgeometry_msgs::Point_<std::allocator<void> >::_x_type[m[K’ {aka ‘[01m[Kdouble[m[K’} to ‘[01m[Kfloat[m[K’ [[01;35m[K-Wnarrowing[m[K]
[01m[K/home/albertozafra7/Desktop/Universidad/Master/AR/Lab3/catkin_ws/src/p12_arob_lab3/src/followTargets3D.cpp:105:67:[m[K [01;35m[Kwarning: [m[Knarrowing conversion of ‘[01m[K((FollowTargetsClass*)this)->FollowTargetsClass::Goal.geometry_msgs::PoseStamped_<std::allocator<void> >::pose.geometry_msgs::Pose_<std::allocator<void> >::position.geometry_msgs::Point_<std::allocator<void> >::y[m[K’ from ‘[01m[Kgeometry_msgs::Point_<std::allocator<void> >::_y_type[m[K’ {aka ‘[01m[Kdouble[m[K’} to ‘[01m[Kfloat[m[K’ [[01;35m[K-Wnarrowing[m[K]
  105 |   std::vector<float> goal{Goal.pose.position.x,[01;35m[KGoal.pose.position.y[m[K,Goal.pose.position.z};
      |                                                [01;35m[K~~~~~~~~~~~~~~~~~~~^[m[K
[01m[K/home/albertozafra7/Desktop/Universidad/Master/AR/Lab3/catkin_ws/src/p12_arob_lab3/src/followTargets3D.cpp:105:67:[m[K [01;35m[Kwarning: [m[Knarrowing conversion of ‘[01m[K((FollowTargetsClass*)this)->FollowTargetsClass::Goal.geometry_msgs::PoseStamped_<std::allocator<void> >::pose.geometry_msgs::Pose_<std::allocator<void> >::position.geometry_msgs::Point_<std::allocator<void> >::y[m[K’ from ‘[01m[Kgeometry_msgs::Point_<std::allocator<void> >::_y_type[m[K’ {aka ‘[01m[Kdouble[m[K’} to ‘[01m[Kfloat[m[K’ [[01;35m[K-Wnarrowing[m[K]
[01m[K/home/albertozafra7/Desktop/Universidad/Master/AR/Lab3/catkin_ws/src/p12_arob_lab3/src/followTargets3D.cpp:105:88:[m[K [01;35m[Kwarning: [m[Knarrowing conversion of ‘[01m[K((FollowTargetsClass*)this)->FollowTargetsClass::Goal.geometry_msgs::PoseStamped_<std::allocator<void> >::pose.geometry_msgs::Pose_<std::allocator<void> >::position.geometry_msgs::Point_<std::allocator<void> >::z[m[K’ from ‘[01m[Kgeometry_msgs::Point_<std::allocator<void> >::_z_type[m[K’ {aka ‘[01m[Kdouble[m[K’} to ‘[01m[Kfloat[m[K’ [[01;35m[K-Wnarrowing[m[K]
  105 |   std::vector<float> goal{Goal.pose.position.x,Goal.pose.position.y,[01;35m[KGoal.pose.position.z[m[K};
      |                                                                     [01;35m[K~~~~~~~~~~~~~~~~~~~^[m[K
[01m[K/home/albertozafra7/Desktop/Universidad/Master/AR/Lab3/catkin_ws/src/p12_arob_lab3/src/followTargets3D.cpp:105:88:[m[K [01;35m[Kwarning: [m[Knarrowing conversion of ‘[01m[K((FollowTargetsClass*)this)->FollowTargetsClass::Goal.geometry_msgs::PoseStamped_<std::allocator<void> >::pose.geometry_msgs::Pose_<std::allocator<void> >::position.geometry_msgs::Point_<std::allocator<void> >::z[m[K’ from ‘[01m[Kgeometry_msgs::Point_<std::allocator<void> >::_z_type[m[K’ {aka ‘[01m[Kdouble[m[K’} to ‘[01m[Kfloat[m[K’ [[01;35m[K-Wnarrowing[m[K]
[01m[K/home/albertozafra7/Desktop/Universidad/Master/AR/Lab3/catkin_ws/src/p12_arob_lab3/src/followTargets3D.cpp:107:6:[m[K [01;31m[Kerror: [m[K‘[01m[Keuclidean_dist[m[K’ was not declared in this scope; did you mean ‘[01m[Keuclidean_dis[m[K’?
  107 |   if([01;31m[Keuclidean_dist[m[K(current,goal)  < 0.2) {
      |      [01;31m[K^~~~~~~~~~~~~~[m[K
      |      [32m[Keuclidean_dis[m[K
make[2]: *** [CMakeFiles/followTargets3D.dir/build.make:63: CMakeFiles/followTargets3D.dir/src/followTargets3D.cpp.o] Error 1
make[1]: *** [CMakeFiles/Makefile2:1704: CMakeFiles/followTargets3D.dir/all] Error 2
make: *** [Makefile:141: all] Error 2
