[01m[K/home/albertozafra7/Desktop/Universidad/Master/AR/project/catkin_ws/src/arob_mpc/src/mpc_custom.cpp:[m[K In constructor ‘[01m[Kmpc_custom::mpc_custom()[m[K’:
[01m[K/home/albertozafra7/Desktop/Universidad/Master/AR/project/catkin_ws/src/arob_mpc/src/mpc_custom.cpp:297:9:[m[K [01;31m[Kerror: [m[K‘[01m[Kvelocity_sub_[m[K’ was not declared in this scope; did you mean ‘[01m[Kvelocity_pub_[m[K’?
  297 |         [01;31m[Kvelocity_sub_[m[K = nh_.subscribe("/base_pose_ground_truth", 1, &mpc_custom::velocity_update, this);
      |         [01;31m[K^~~~~~~~~~~~~[m[K
      |         [32m[Kvelocity_pub_[m[K
[01m[K/home/albertozafra7/Desktop/Universidad/Master/AR/project/catkin_ws/src/arob_mpc/src/mpc_custom.cpp:299:9:[m[K [01;31m[Kerror: [m[K‘[01m[Kaccel_sub_[m[K’ was not declared in this scope
  299 |         [01;31m[Kaccel_sub_[m[K = nh_.subscribe("/base_pose_ground_truth", 1, &mpc_custom::accel_update, this);
      |         [01;31m[K^~~~~~~~~~[m[K
[01m[K/home/albertozafra7/Desktop/Universidad/Master/AR/project/catkin_ws/src/arob_mpc/src/mpc_custom.cpp:[m[K In member function ‘[01m[Kvoid mpc_custom::velocity_update(const Odometry&)[m[K’:
[01m[K/home/albertozafra7/Desktop/Universidad/Master/AR/project/catkin_ws/src/arob_mpc/src/mpc_custom.cpp:371:51:[m[K [01;31m[Kerror: [m[K‘[01m[Kconst Odometry[m[K’ {aka ‘[01m[Kconst struct nav_msgs::Odometry_<std::allocator<void> >[m[K’} has no member named ‘[01m[Kvelocity[m[K’
  371 |         std::get<1>(current_state).linear.x = msg.[01;31m[Kvelocity[m[K.linear.x;
      |                                                   [01;31m[K^~~~~~~~[m[K
[01m[K/home/albertozafra7/Desktop/Universidad/Master/AR/project/catkin_ws/src/arob_mpc/src/mpc_custom.cpp:372:45:[m[K [01;31m[Kerror: [m[K‘[01m[Kconst Odometry[m[K’ {aka ‘[01m[Kconst struct nav_msgs::Odometry_<std::allocator<void> >[m[K’} has no member named ‘[01m[Kvelocity[m[K’
  372 |   std::get<1>(current_state).linear.y = msg.[01;31m[Kvelocity[m[K.linear.y;
      |                                             [01;31m[K^~~~~~~~[m[K
[01m[K/home/albertozafra7/Desktop/Universidad/Master/AR/project/catkin_ws/src/arob_mpc/src/mpc_custom.cpp:373:45:[m[K [01;31m[Kerror: [m[K‘[01m[Kconst Odometry[m[K’ {aka ‘[01m[Kconst struct nav_msgs::Odometry_<std::allocator<void> >[m[K’} has no member named ‘[01m[Kvelocity[m[K’
  373 |   std::get<1>(current_state).linear.y = msg.[01;31m[Kvelocity[m[K.linear.z;
      |                                             [01;31m[K^~~~~~~~[m[K
[01m[K/home/albertozafra7/Desktop/Universidad/Master/AR/project/catkin_ws/src/arob_mpc/src/mpc_custom.cpp:375:52:[m[K [01;31m[Kerror: [m[K‘[01m[Kconst Odometry[m[K’ {aka ‘[01m[Kconst struct nav_msgs::Odometry_<std::allocator<void> >[m[K’} has no member named ‘[01m[Kvelocity[m[K’
  375 |         std::get<1>(current_state).angular.x = msg.[01;31m[Kvelocity[m[K.angular.x;
      |                                                    [01;31m[K^~~~~~~~[m[K
[01m[K/home/albertozafra7/Desktop/Universidad/Master/AR/project/catkin_ws/src/arob_mpc/src/mpc_custom.cpp:376:52:[m[K [01;31m[Kerror: [m[K‘[01m[Kconst Odometry[m[K’ {aka ‘[01m[Kconst struct nav_msgs::Odometry_<std::allocator<void> >[m[K’} has no member named ‘[01m[Kvelocity[m[K’
  376 |         std::get<1>(current_state).angular.y = msg.[01;31m[Kvelocity[m[K.angular.y;
      |                                                    [01;31m[K^~~~~~~~[m[K
[01m[K/home/albertozafra7/Desktop/Universidad/Master/AR/project/catkin_ws/src/arob_mpc/src/mpc_custom.cpp:377:52:[m[K [01;31m[Kerror: [m[K‘[01m[Kconst Odometry[m[K’ {aka ‘[01m[Kconst struct nav_msgs::Odometry_<std::allocator<void> >[m[K’} has no member named ‘[01m[Kvelocity[m[K’
  377 |         std::get<1>(current_state).angular.z = msg.[01;31m[Kvelocity[m[K.angular.z;
      |                                                    [01;31m[K^~~~~~~~[m[K
[01m[K/home/albertozafra7/Desktop/Universidad/Master/AR/project/catkin_ws/src/arob_mpc/src/mpc_custom.cpp:[m[K In member function ‘[01m[Kvoid mpc_custom::accel_update(const Odometry&)[m[K’:
[01m[K/home/albertozafra7/Desktop/Universidad/Master/AR/project/catkin_ws/src/arob_mpc/src/mpc_custom.cpp:386:51:[m[K [01;31m[Kerror: [m[K‘[01m[Kconst Odometry[m[K’ {aka ‘[01m[Kconst struct nav_msgs::Odometry_<std::allocator<void> >[m[K’} has no member named ‘[01m[Kvelocity[m[K’
  386 |         std::get<2>(current_state).linear.x = msg.[01;31m[Kvelocity[m[K.linear.x;
      |                                                   [01;31m[K^~~~~~~~[m[K
[01m[K/home/albertozafra7/Desktop/Universidad/Master/AR/project/catkin_ws/src/arob_mpc/src/mpc_custom.cpp:387:45:[m[K [01;31m[Kerror: [m[K‘[01m[Kconst Odometry[m[K’ {aka ‘[01m[Kconst struct nav_msgs::Odometry_<std::allocator<void> >[m[K’} has no member named ‘[01m[Kvelocity[m[K’
  387 |   std::get<2>(current_state).linear.y = msg.[01;31m[Kvelocity[m[K.linear.y;
      |                                             [01;31m[K^~~~~~~~[m[K
[01m[K/home/albertozafra7/Desktop/Universidad/Master/AR/project/catkin_ws/src/arob_mpc/src/mpc_custom.cpp:388:45:[m[K [01;31m[Kerror: [m[K‘[01m[Kconst Odometry[m[K’ {aka ‘[01m[Kconst struct nav_msgs::Odometry_<std::allocator<void> >[m[K’} has no member named ‘[01m[Kvelocity[m[K’
  388 |   std::get<2>(current_state).linear.y = msg.[01;31m[Kvelocity[m[K.linear.z;
      |                                             [01;31m[K^~~~~~~~[m[K
[01m[K/home/albertozafra7/Desktop/Universidad/Master/AR/project/catkin_ws/src/arob_mpc/src/mpc_custom.cpp:390:52:[m[K [01;31m[Kerror: [m[K‘[01m[Kconst Odometry[m[K’ {aka ‘[01m[Kconst struct nav_msgs::Odometry_<std::allocator<void> >[m[K’} has no member named ‘[01m[Kvelocity[m[K’
  390 |         std::get<2>(current_state).angular.x = msg.[01;31m[Kvelocity[m[K.angular.x;
      |                                                    [01;31m[K^~~~~~~~[m[K
[01m[K/home/albertozafra7/Desktop/Universidad/Master/AR/project/catkin_ws/src/arob_mpc/src/mpc_custom.cpp:391:52:[m[K [01;31m[Kerror: [m[K‘[01m[Kconst Odometry[m[K’ {aka ‘[01m[Kconst struct nav_msgs::Odometry_<std::allocator<void> >[m[K’} has no member named ‘[01m[Kvelocity[m[K’
  391 |         std::get<2>(current_state).angular.y = msg.[01;31m[Kvelocity[m[K.angular.y;
      |                                                    [01;31m[K^~~~~~~~[m[K
[01m[K/home/albertozafra7/Desktop/Universidad/Master/AR/project/catkin_ws/src/arob_mpc/src/mpc_custom.cpp:392:52:[m[K [01;31m[Kerror: [m[K‘[01m[Kconst Odometry[m[K’ {aka ‘[01m[Kconst struct nav_msgs::Odometry_<std::allocator<void> >[m[K’} has no member named ‘[01m[Kvelocity[m[K’
  392 |         std::get<2>(current_state).angular.z = msg.[01;31m[Kvelocity[m[K.angular.z;
      |                                                    [01;31m[K^~~~~~~~[m[K
In file included from [01m[K/home/albertozafra7/Desktop/Universidad/Master/AR/project/catkin_ws/src/arob_mpc/include/arob_mpc/mpc_custom.h:29[m[K,
                 from [01m[K/home/albertozafra7/Desktop/Universidad/Master/AR/project/catkin_ws/src/arob_mpc/src/mpc_custom.cpp:1[m[K:
/usr/include/cppad/ipopt/solve.hpp: In instantiation of ‘[01m[Kvoid CppAD::ipopt::solve(const string&, const Dvector&, const Dvector&, const Dvector&, const Dvector&, const Dvector&, FG_eval&, CppAD::ipopt::solve_result<Dvector>&) [with Dvector = CppAD::vector<double>; FG_eval = FG_eval; std::string = std::__cxx11::basic_string<char>][m[K’:
[01m[K/home/albertozafra7/Desktop/Universidad/Master/AR/project/catkin_ws/src/arob_mpc/src/mpc_custom.cpp:433:21:[m[K   required from here
[01m[K/usr/include/cppad/ipopt/solve.hpp:481:40:[m[K [01;31m[Kerror: [m[Kno type named ‘[01m[KADvector[m[K’ in ‘[01m[Kclass FG_eval[m[K’
  481 |     typedef typename FG_eval::ADvector [01;31m[KADvector[m[K;
      |                                        [01;31m[K^~~~~~~~[m[K
[01m[K/usr/include/cppad/ipopt/solve.hpp:620:5:[m[K [01;31m[Kerror: [m[Kno type named ‘[01m[KADvector[m[K’ in ‘[01m[Kclass FG_eval[m[K’
  620 |     [01;31m[Knew CppAD::ipopt::solve_callback<Dvector, ADvector, FG_eval>([m[K
      |     [01;31m[K^~~~~~~~~~~~~~~~~~~~~~~~~~~~~~~~~~~~~~~~~~~~~~~~~~~~~~~~~~~~~[m[K
  621 | [01;31m[K        nf,[m[K
      |         [01;31m[K~~~[m[K
  622 | [01;31m[K        nx,[m[K
      |         [01;31m[K~~~[m[K
  623 | [01;31m[K        ng,[m[K
      |         [01;31m[K~~~[m[K
  624 | [01;31m[K        xi,[m[K
      |         [01;31m[K~~~[m[K
  625 | [01;31m[K        xl,[m[K
      |         [01;31m[K~~~[m[K
  626 | [01;31m[K        xu,[m[K
      |         [01;31m[K~~~[m[K
  627 | [01;31m[K        gl,[m[K
      |         [01;31m[K~~~[m[K
  628 | [01;31m[K        gu,[m[K
      |         [01;31m[K~~~[m[K
  629 | [01;31m[K        fg_eval,[m[K
      |         [01;31m[K~~~~~~~~[m[K
  630 | [01;31m[K        retape,[m[K
      |         [01;31m[K~~~~~~~[m[K
  631 | [01;31m[K        sparse_forward,[m[K
      |         [01;31m[K~~~~~~~~~~~~~~~[m[K
  632 | [01;31m[K        sparse_reverse,[m[K
      |         [01;31m[K~~~~~~~~~~~~~~~[m[K
  633 | [01;31m[K        solution[m[K
      |         [01;31m[K~~~~~~~~[m[K
  634 | [01;31m[K    )[m[K;
      |     [01;31m[K~[m[K
make[2]: *** [CMakeFiles/mpc_custom.dir/build.make:63: CMakeFiles/mpc_custom.dir/src/mpc_custom.cpp.o] Error 1
make[1]: *** [CMakeFiles/Makefile2:2001: CMakeFiles/mpc_custom.dir/all] Error 2
make[1]: *** Waiting for unfinished jobs....
make: *** [Makefile:141: all] Error 2
