In file included from [01m[K/home/albertozafra7/Desktop/Universidad/Master/AR/project/catkin_ws/src/arob_mpc/include/arob_mpc/mpc_custom.h:29[m[K,
                 from [01m[K/home/albertozafra7/Desktop/Universidad/Master/AR/project/catkin_ws/src/arob_mpc/src/mpc_custom.cpp:1[m[K:
/usr/include/cppad/ipopt/solve.hpp: In instantiation of ‘[01m[Kvoid CppAD::ipopt::solve(const string&, const Dvector&, const Dvector&, const Dvector&, const Dvector&, const Dvector&, FG_eval&, CppAD::ipopt::solve_result<Dvector>&) [with Dvector = CppAD::vector<double>; FG_eval = FG_eval; std::string = std::__cxx11::basic_string<char>][m[K’:
[01m[K/home/albertozafra7/Desktop/Universidad/Master/AR/project/catkin_ws/src/arob_mpc/src/mpc_custom.cpp:435:21:[m[K   required from here
[01m[K/usr/include/cppad/ipopt/solve.hpp:481:40:[m[K [01;31m[Kerror: [m[Kno type named ‘[01m[KADvector[m[K’ in ‘[01m[Kclass FG_eval[m[K’
  481 |     typedef typename FG_eval::ADvector [01;31m[KADvector[m[K;
      |                                        [01;31m[K^~~~~~~~[m[K
[01m[K/usr/include/cppad/ipopt/solve.hpp:620:5:[m[K [01;31m[Kerror: [m[Kno type named ‘[01m[KADvector[m[K’ in ‘[01m[Kclass FG_eval[m[K’
  620 |     [01;31m[Knew CppAD::ipopt::solve_callback<Dvector, ADvector, FG_eval>([m[K
      |     [01;31m[K^~~~~~~~~~~~~~~~~~~~~~~~~~~~~~~~~~~~~~~~~~~~~~~~~~~~~~~~~~~~~[m[K
  621 | [01;31m[K        nf,[m[K
      |         [01;31m[K~~~[m[K
  622 | [01;31m[K        nx,[m[K
      |         [01;31m[K~~~[m[K
  623 | [01;31m[K        ng,[m[K
      |         [01;31m[K~~~[m[K
  624 | [01;31m[K        xi,[m[K
      |         [01;31m[K~~~[m[K
  625 | [01;31m[K        xl,[m[K
      |         [01;31m[K~~~[m[K
  626 | [01;31m[K        xu,[m[K
      |         [01;31m[K~~~[m[K
  627 | [01;31m[K        gl,[m[K
      |         [01;31m[K~~~[m[K
  628 | [01;31m[K        gu,[m[K
      |         [01;31m[K~~~[m[K
  629 | [01;31m[K        fg_eval,[m[K
      |         [01;31m[K~~~~~~~~[m[K
  630 | [01;31m[K        retape,[m[K
      |         [01;31m[K~~~~~~~[m[K
  631 | [01;31m[K        sparse_forward,[m[K
      |         [01;31m[K~~~~~~~~~~~~~~~[m[K
  632 | [01;31m[K        sparse_reverse,[m[K
      |         [01;31m[K~~~~~~~~~~~~~~~[m[K
  633 | [01;31m[K        solution[m[K
      |         [01;31m[K~~~~~~~~[m[K
  634 | [01;31m[K    )[m[K;
      |     [01;31m[K~[m[K
make[2]: *** [CMakeFiles/mpc_custom.dir/build.make:63: CMakeFiles/mpc_custom.dir/src/mpc_custom.cpp.o] Error 1
make[1]: *** [CMakeFiles/Makefile2:2001: CMakeFiles/mpc_custom.dir/all] Error 2
make: *** [Makefile:141: all] Error 2
