Symlinking /home/albertozafra7/Desktop/Universidad/Master/AR/project/catkin_ws/devel/share/roseus/ros/arob_mpc/manifest.l
Symlinking /home/albertozafra7/Desktop/Universidad/Master/AR/project/catkin_ws/devel/share/roseus/ros/arob_mpc/msg/vector_poses.l
Symlinking /home/albertozafra7/Desktop/Universidad/Master/AR/project/catkin_ws/devel/share/gennodejs/ros/arob_mpc/_index.js
Symlinking /home/albertozafra7/Desktop/Universidad/Master/AR/project/catkin_ws/devel/share/gennodejs/ros/arob_mpc/msg/_index.js
Symlinking /home/albertozafra7/Desktop/Universidad/Master/AR/project/catkin_ws/devel/share/gennodejs/ros/arob_mpc/msg/vector_poses.js
Symlinking /home/albertozafra7/Desktop/Universidad/Master/AR/project/catkin_ws/devel/share/arob_mpc/cmake/arob_mpcConfig.cmake
Symlinking /home/albertozafra7/Desktop/Universidad/Master/AR/project/catkin_ws/devel/share/arob_mpc/cmake/arob_mpc-msg-paths.cmake
Symlinking /home/albertozafra7/Desktop/Universidad/Master/AR/project/catkin_ws/devel/share/arob_mpc/cmake/arob_mpcConfig-version.cmake
Symlinking /home/albertozafra7/Desktop/Universidad/Master/AR/project/catkin_ws/devel/share/arob_mpc/cmake/arob_mpc-msg-extras.cmake
Symlinking /home/albertozafra7/Desktop/Universidad/Master/AR/project/catkin_ws/devel/share/common-lisp/ros/arob_mpc/msg/vector_poses.lisp
Symlinking /home/albertozafra7/Desktop/Universidad/Master/AR/project/catkin_ws/devel/share/common-lisp/ros/arob_mpc/msg/_package.lisp
Symlinking /home/albertozafra7/Desktop/Universidad/Master/AR/project/catkin_ws/devel/share/common-lisp/ros/arob_mpc/msg/_package_vector_poses.lisp
Symlinking /home/albertozafra7/Desktop/Universidad/Master/AR/project/catkin_ws/devel/share/common-lisp/ros/arob_mpc/msg/arob_mpc-msg.asd
Symlinking /home/albertozafra7/Desktop/Universidad/Master/AR/project/catkin_ws/devel/lib/pkgconfig/arob_mpc.pc
Symlinking /home/albertozafra7/Desktop/Universidad/Master/AR/project/catkin_ws/devel/lib/arob_mpc/drone_race
Symlinking /home/albertozafra7/Desktop/Universidad/Master/AR/project/catkin_ws/devel/lib/arob_mpc/mpc_custom
Symlinking /home/albertozafra7/Desktop/Universidad/Master/AR/project/catkin_ws/devel/lib/python3/dist-packages/arob_mpc/__init__.py
Symlinking /home/albertozafra7/Desktop/Universidad/Master/AR/project/catkin_ws/devel/lib/python3/dist-packages/arob_mpc/msg/_vector_poses.py
Symlinking /home/albertozafra7/Desktop/Universidad/Master/AR/project/catkin_ws/devel/lib/python3/dist-packages/arob_mpc/msg/__init__.py
Symlinking /home/albertozafra7/Desktop/Universidad/Master/AR/project/catkin_ws/devel/include/arob_mpc/vector_poses.h
