[  0%] Built target mav_msgs_generate_messages_lisp
[  0%] Built target geometry_msgs_generate_messages_eus
[  0%] Built target std_msgs_generate_messages_nodejs
[  0%] Built target mav_msgs_generate_messages_nodejs
[  0%] Built target roscpp_generate_messages_cpp
[  0%] Built target sensor_msgs_generate_messages_py
[  0%] Built target sensor_msgs_generate_messages_nodejs
[  0%] Built target std_msgs_generate_messages_cpp
[  0%] Built target std_msgs_generate_messages_py
[  0%] Built target roscpp_generate_messages_lisp
[  0%] Built target mav_planning_msgs_generate_messages_lisp
[  0%] Built target mav_planning_msgs_generate_messages_cpp
[  0%] Built target mav_planning_msgs_generate_messages_nodejs
[  0%] Built target rosgraph_msgs_generate_messages_nodejs
[  0%] Built target actionlib_msgs_generate_messages_py
[  0%] Built target std_msgs_generate_messages_lisp
[  0%] Built target actionlib_msgs_generate_messages_eus
[  0%] Built target rosgraph_msgs_generate_messages_lisp
[  0%] Built target mav_msgs_generate_messages_eus
[  0%] Built target roscpp_generate_messages_eus
[  0%] Built target rosgraph_msgs_generate_messages_py
[  0%] Built target mav_msgs_generate_messages_cpp
[  0%] Built target geometry_msgs_generate_messages_nodejs
[  0%] Built target mav_msgs_generate_messages_py
[  0%] Built target visualization_msgs_generate_messages_lisp
[  0%] Built target geometry_msgs_generate_messages_cpp
[  0%] Built target rosgraph_msgs_generate_messages_eus
[  0%] Built target geometry_msgs_generate_messages_lisp
[  0%] Built target roscpp_generate_messages_nodejs
[  0%] Built target nav_msgs_generate_messages_cpp
[  0%] Built target visualization_msgs_generate_messages_eus
[  0%] Built target geometry_msgs_generate_messages_py
[  0%] Built target trajectory_msgs_generate_messages_cpp
[  0%] Built target nav_msgs_generate_messages_py
[  0%] Built target roscpp_generate_messages_py
[  0%] Built target trajectory_msgs_generate_messages_eus
[  0%] Built target trajectory_msgs_generate_messages_nodejs
[  0%] Built target trajectory_msgs_generate_messages_lisp
[  0%] Built target trajectory_msgs_generate_messages_py
[  0%] Built target rosgraph_msgs_generate_messages_cpp
[  0%] Built target actionlib_msgs_generate_messages_lisp
[  0%] Built target actionlib_msgs_generate_messages_nodejs
[  0%] Built target nav_msgs_generate_messages_eus
[  0%] Built target std_msgs_generate_messages_eus
[  0%] Built target visualization_msgs_generate_messages_nodejs
[  0%] Built target nav_msgs_generate_messages_lisp
[  0%] Built target visualization_msgs_generate_messages_py
[  0%] Built target actionlib_msgs_generate_messages_cpp
[  0%] Built target nav_msgs_generate_messages_nodejs
[  0%] Built target sensor_msgs_generate_messages_cpp
[  0%] Built target mav_planning_msgs_generate_messages_py
[  0%] Built target visualization_msgs_generate_messages_cpp
[  0%] Built target sensor_msgs_generate_messages_eus
[  0%] Built target sensor_msgs_generate_messages_lisp
[  0%] Built target mav_planning_msgs_generate_messages_eus
[35m[1mScanning dependencies of target mpc_custom[0m
[35m[1mScanning dependencies of target drone_race[0m
[  9%] [32mBuilding CXX object CMakeFiles/mpc_custom.dir/src/mpc_custom.cpp.o[0m
[ 18%] [32mBuilding CXX object CMakeFiles/drone_race.dir/src/drone_race.cpp.o[0m
[ 18%] Built target _arob_mpc_generate_messages_check_deps_vector_poses
[ 27%] Built target arob_mpc_generate_messages_cpp
[ 45%] Built target arob_mpc_generate_messages_eus
[ 54%] Built target arob_mpc_generate_messages_nodejs
[ 72%] Built target arob_mpc_generate_messages_lisp
[ 81%] Built target arob_mpc_generate_messages_py
[ 81%] Built target arob_mpc_generate_messages
[01m[K/home/albertozafra7/Desktop/Universidad/Master/AR/project/catkin_ws/src/arob_mpc/src/mpc_custom.cpp:6:7:[m[K [01;31m[Kerror: [m[Kredefinition of ‘[01m[Kclass mpc_custom[m[K’
    6 | class [01;31m[Kmpc_custom[m[K {
      |       [01;31m[K^~~~~~~~~~[m[K
In file included from [01m[K/home/albertozafra7/Desktop/Universidad/Master/AR/project/catkin_ws/src/arob_mpc/src/mpc_custom.cpp:1[m[K:
[01m[K/home/albertozafra7/Desktop/Universidad/Master/AR/project/catkin_ws/src/arob_mpc/include/mpc_custom.h:88:7:[m[K [01;36m[Knote: [m[Kprevious definition of ‘[01m[Kclass mpc_custom[m[K’
   88 | class [01;36m[Kmpc_custom[m[K {
      |       [01;36m[K^~~~~~~~~~[m[K
make[2]: *** [CMakeFiles/mpc_custom.dir/build.make:63: CMakeFiles/mpc_custom.dir/src/mpc_custom.cpp.o] Error 1
make[1]: *** [CMakeFiles/Makefile2:2001: CMakeFiles/mpc_custom.dir/all] Error 2
make[1]: *** Waiting for unfinished jobs....
[ 90%] [32m[1mLinking CXX executable /home/albertozafra7/Desktop/Universidad/Master/AR/project/catkin_ws/devel/.private/arob_mpc/lib/arob_mpc/drone_race[0m
[ 90%] Built target drone_race
make: *** [Makefile:141: all] Error 2
