[01m[K/home/albertozafra7/Desktop/Universidad/Master/AR/project/catkin_ws/src/arob_mpc/src/drone_race.cpp:[m[K In member function ‘[01m[Kvoid drone_race::send_goals(int)[m[K’:
[01m[K/home/albertozafra7/Desktop/Universidad/Master/AR/project/catkin_ws/src/arob_mpc/src/drone_race.cpp:321:33:[m[K [01;31m[Kerror: [m[K‘[01m[Karob_mpc::vector_poses[m[K’ {aka ‘[01m[Kstruct arob_mpc::vector_poses_<std::allocator<void> >[m[K’} has no member named ‘[01m[Kpush_back[m[K’
  321 |                 lookahead_poses.[01;31m[Kpush_back[m[K(drone_pose_list[i+j]);
      |                                 [01;31m[K^~~~~~~~~[m[K
[01m[K/home/albertozafra7/Desktop/Universidad/Master/AR/project/catkin_ws/src/arob_mpc/src/drone_race.cpp:326:29:[m[K [01;31m[Kerror: [m[K‘[01m[Karob_mpc::vector_poses[m[K’ {aka ‘[01m[Kstruct arob_mpc::vector_poses_<std::allocator<void> >[m[K’} has no member named ‘[01m[Kclear[m[K’
  326 |             lookahead_poses.[01;31m[Kclear[m[K();
      |                             [01;31m[K^~~~~[m[K
In file included from [01m[K/opt/ros/noetic/include/ros/ros.h:40[m[K,
                 from [01m[K/home/albertozafra7/Desktop/Universidad/Master/AR/project/catkin_ws/src/arob_mpc/src/mpc_custom.cpp:1[m[K:
[01m[K/home/albertozafra7/Desktop/Universidad/Master/AR/project/catkin_ws/src/arob_mpc/src/mpc_custom.cpp:[m[K In member function ‘[01m[Kvoid mpc_custom::goal_update(const vector_poses&)[m[K’:
[01m[K/home/albertozafra7/Desktop/Universidad/Master/AR/project/catkin_ws/src/arob_mpc/src/mpc_custom.cpp:65:104:[m[K [01;31m[Kerror: [m[K‘[01m[Kconst vector_poses[m[K’ {aka ‘[01m[Kconst struct arob_mpc::vector_poses_<std::allocator<void> >[m[K’} has no member named ‘[01m[Ksize[m[K’
   65 |         ROS_INFO("The Custom MPC has received a new trajectory, with a lookahead of %d to follow", msg.[01;31m[Ksize[m[K());
      |                                                                                                        [01;31m[K^~~~[m[K
[01m[K/opt/ros/noetic/include/ros/console.h:351:165:[m[K [01;36m[Knote: [m[Kin definition of macro ‘[01m[KROSCONSOLE_PRINT_AT_LOCATION_WITH_FILTER[m[K’
  351 |     ::ros::console::print(filter, __rosconsole_define_location__loc.logger_, __rosconsole_define_location__loc.level_, __FILE__, __LINE__, __ROSCONSOLE_FUNCTION__, [01;36m[K__VA_ARGS__[m[K)
      |                                                                                                                                                                     [01;36m[K^~~~~~~~~~~[m[K
[01m[K/opt/ros/noetic/include/ros/console.h:390:7:[m[K [01;36m[Knote: [m[Kin expansion of macro ‘[01m[KROSCONSOLE_PRINT_AT_LOCATION[m[K’
  390 |       [01;36m[KROSCONSOLE_PRINT_AT_LOCATION[m[K(__VA_ARGS__); \
      |       [01;36m[K^~~~~~~~~~~~~~~~~~~~~~~~~~~~[m[K
[01m[K/opt/ros/noetic/include/ros/console.h:575:35:[m[K [01;36m[Knote: [m[Kin expansion of macro ‘[01m[KROS_LOG_COND[m[K’
  575 | #define ROS_LOG(level, name, ...) [01;36m[KROS_LOG_COND[m[K(true, level, name, __VA_ARGS__)
      |                                   [01;36m[K^~~~~~~~~~~~[m[K
[01m[K/opt/ros/noetic/include/rosconsole/macros_generated.h:110:23:[m[K [01;36m[Knote: [m[Kin expansion of macro ‘[01m[KROS_LOG[m[K’
  110 | #define ROS_INFO(...) [01;36m[KROS_LOG[m[K(::ros::console::levels::Info, ROSCONSOLE_DEFAULT_NAME, __VA_ARGS__)
      |                       [01;36m[K^~~~~~~[m[K
[01m[K/home/albertozafra7/Desktop/Universidad/Master/AR/project/catkin_ws/src/arob_mpc/src/mpc_custom.cpp:65:9:[m[K [01;36m[Knote: [m[Kin expansion of macro ‘[01m[KROS_INFO[m[K’
   65 |         [01;36m[KROS_INFO[m[K("The Custom MPC has received a new trajectory, with a lookahead of %d to follow", msg.size());
      |         [01;36m[K^~~~~~~~[m[K
[01m[K/home/albertozafra7/Desktop/Universidad/Master/AR/project/catkin_ws/src/arob_mpc/src/mpc_custom.cpp:67:21:[m[K [01;31m[Kerror: [m[Kno match for ‘[01m[Koperator=[m[K’ (operand types are ‘[01m[Kstd::vector<geometry_msgs::PoseStamped_<std::allocator<void> > >[m[K’ and ‘[01m[Kconst vector_poses[m[K’ {aka ‘[01m[Kconst arob_mpc::vector_poses_<std::allocator<void> >[m[K’})
   67 |         Traj_goal = [01;31m[Kmsg[m[K;
      |                     [01;31m[K^~~[m[K
In file included from [01m[K/usr/include/c++/9/vector:72[m[K,
                 from [01m[K/usr/include/boost/math/special_functions/math_fwd.hpp:26[m[K,
                 from [01m[K/usr/include/boost/math/special_functions/round.hpp:15[m[K,
                 from [01m[K/opt/ros/noetic/include/ros/time.h:58[m[K,
                 from [01m[K/opt/ros/noetic/include/ros/ros.h:38[m[K,
                 from [01m[K/home/albertozafra7/Desktop/Universidad/Master/AR/project/catkin_ws/src/arob_mpc/src/mpc_custom.cpp:1[m[K:
[01m[K/usr/include/c++/9/bits/vector.tcc:198:5:[m[K [01;36m[Knote: [m[Kcandidate: ‘[01m[Kstd::vector<_Tp, _Alloc>& std::vector<_Tp, _Alloc>::operator=(const std::vector<_Tp, _Alloc>&) [with _Tp = geometry_msgs::PoseStamped_<std::allocator<void> >; _Alloc = std::allocator<geometry_msgs::PoseStamped_<std::allocator<void> > >][m[K’
  198 |     [01;36m[Kvector<_Tp, _Alloc>[m[K::
      |     [01;36m[K^~~~~~~~~~~~~~~~~~~[m[K
[01m[K/usr/include/c++/9/bits/vector.tcc:199:42:[m[K [01;36m[Knote: [m[K  no known conversion for argument 1 from ‘[01m[Kconst vector_poses[m[K’ {aka ‘[01m[Kconst arob_mpc::vector_poses_<std::allocator<void> >[m[K’} to ‘[01m[Kconst std::vector<geometry_msgs::PoseStamped_<std::allocator<void> > >&[m[K’
  199 |     operator=([01;36m[Kconst vector<_Tp, _Alloc>& __x[m[K)
      |               [01;36m[K~~~~~~~~~~~~~~~~~~~~~~~~~~~^~~[m[K
In file included from [01m[K/usr/include/c++/9/vector:67[m[K,
                 from [01m[K/usr/include/boost/math/special_functions/math_fwd.hpp:26[m[K,
                 from [01m[K/usr/include/boost/math/special_functions/round.hpp:15[m[K,
                 from [01m[K/opt/ros/noetic/include/ros/time.h:58[m[K,
                 from [01m[K/opt/ros/noetic/include/ros/ros.h:38[m[K,
                 from [01m[K/home/albertozafra7/Desktop/Universidad/Master/AR/project/catkin_ws/src/arob_mpc/src/mpc_custom.cpp:1[m[K:
[01m[K/usr/include/c++/9/bits/stl_vector.h:706:7:[m[K [01;36m[Knote: [m[Kcandidate: ‘[01m[Kstd::vector<_Tp, _Alloc>& std::vector<_Tp, _Alloc>::operator=(std::vector<_Tp, _Alloc>&&) [with _Tp = geometry_msgs::PoseStamped_<std::allocator<void> >; _Alloc = std::allocator<geometry_msgs::PoseStamped_<std::allocator<void> > >][m[K’
  706 |       [01;36m[Koperator[m[K=(vector&& __x) noexcept(_Alloc_traits::_S_nothrow_move())
      |       [01;36m[K^~~~~~~~[m[K
[01m[K/usr/include/c++/9/bits/stl_vector.h:706:26:[m[K [01;36m[Knote: [m[K  no known conversion for argument 1 from ‘[01m[Kconst vector_poses[m[K’ {aka ‘[01m[Kconst arob_mpc::vector_poses_<std::allocator<void> >[m[K’} to ‘[01m[Kstd::vector<geometry_msgs::PoseStamped_<std::allocator<void> > >&&[m[K’
  706 |       operator=([01;36m[Kvector&& __x[m[K) noexcept(_Alloc_traits::_S_nothrow_move())
      |                 [01;36m[K~~~~~~~~~^~~[m[K
[01m[K/usr/include/c++/9/bits/stl_vector.h:727:7:[m[K [01;36m[Knote: [m[Kcandidate: ‘[01m[Kstd::vector<_Tp, _Alloc>& std::vector<_Tp, _Alloc>::operator=(std::initializer_list<_Tp>) [with _Tp = geometry_msgs::PoseStamped_<std::allocator<void> >; _Alloc = std::allocator<geometry_msgs::PoseStamped_<std::allocator<void> > >][m[K’
  727 |       [01;36m[Koperator[m[K=(initializer_list<value_type> __l)
      |       [01;36m[K^~~~~~~~[m[K
[01m[K/usr/include/c++/9/bits/stl_vector.h:727:46:[m[K [01;36m[Knote: [m[K  no known conversion for argument 1 from ‘[01m[Kconst vector_poses[m[K’ {aka ‘[01m[Kconst arob_mpc::vector_poses_<std::allocator<void> >[m[K’} to ‘[01m[Kstd::initializer_list<geometry_msgs::PoseStamped_<std::allocator<void> > >[m[K’
  727 |       operator=([01;36m[Kinitializer_list<value_type> __l[m[K)
      |                 [01;36m[K~~~~~~~~~~~~~~~~~~~~~~~~~~~~~^~~[m[K
[01m[K/home/albertozafra7/Desktop/Universidad/Master/AR/project/catkin_ws/src/arob_mpc/src/mpc_custom.cpp:71:22:[m[K [01;31m[Kerror: [m[Kcannot convert ‘[01m[Kconst vector_poses[m[K’ {aka ‘[01m[Kconst arob_mpc::vector_poses_<std::allocator<void> >[m[K’} to ‘[01m[Kstd::vector<geometry_msgs::PoseStamped_<std::allocator<void> > >[m[K’
   71 |         print_vector([01;31m[Kmsg[m[K);
      |                      [01;31m[K^~~[m[K
      |                      [01;31m[K|[m[K
      |                      [01;31m[Kconst vector_poses {aka const arob_mpc::vector_poses_<std::allocator<void> >}[m[K
[01m[K/home/albertozafra7/Desktop/Universidad/Master/AR/project/catkin_ws/src/arob_mpc/src/mpc_custom.cpp:81:63:[m[K [01;36m[Knote: [m[K  initializing argument 1 of ‘[01m[Kvoid mpc_custom::print_vector(std::vector<geometry_msgs::PoseStamped_<std::allocator<void> > >)[m[K’
   81 |     void print_vector([01;36m[Kstd::vector<geometry_msgs::PoseStamped> vector[m[K){
      |                       [01;36m[K~~~~~~~~~~~~~~~~~~~~~~~~~~~~~~~~~~~~~~~~^~~~~~[m[K
make[2]: *** [CMakeFiles/mpc_custom.dir/build.make:63: CMakeFiles/mpc_custom.dir/src/mpc_custom.cpp.o] Error 1
make[1]: *** [CMakeFiles/Makefile2:2001: CMakeFiles/mpc_custom.dir/all] Error 2
make[1]: *** Waiting for unfinished jobs....
make[2]: *** [CMakeFiles/drone_race.dir/build.make:63: CMakeFiles/drone_race.dir/src/drone_race.cpp.o] Error 1
make[1]: *** [CMakeFiles/Makefile2:347: CMakeFiles/drone_race.dir/all] Error 2
make: *** [Makefile:141: all] Error 2
