Linked: (/home/albertozafra7/Desktop/Universidad/Master/AR/project/catkin_ws/devel/.private/arob_mpc/share/roseus/ros/arob_mpc/manifest.l, /home/albertozafra7/Desktop/Universidad/Master/AR/project/catkin_ws/devel/share/roseus/ros/arob_mpc/manifest.l)
Linked: (/home/albertozafra7/Desktop/Universidad/Master/AR/project/catkin_ws/devel/.private/arob_mpc/share/roseus/ros/arob_mpc/msg/vector_poses.l, /home/albertozafra7/Desktop/Universidad/Master/AR/project/catkin_ws/devel/share/roseus/ros/arob_mpc/msg/vector_poses.l)
Linked: (/home/albertozafra7/Desktop/Universidad/Master/AR/project/catkin_ws/devel/.private/arob_mpc/share/gennodejs/ros/arob_mpc/_index.js, /home/albertozafra7/Desktop/Universidad/Master/AR/project/catkin_ws/devel/share/gennodejs/ros/arob_mpc/_index.js)
Linked: (/home/albertozafra7/Desktop/Universidad/Master/AR/project/catkin_ws/devel/.private/arob_mpc/share/gennodejs/ros/arob_mpc/msg/_index.js, /home/albertozafra7/Desktop/Universidad/Master/AR/project/catkin_ws/devel/share/gennodejs/ros/arob_mpc/msg/_index.js)
Linked: (/home/albertozafra7/Desktop/Universidad/Master/AR/project/catkin_ws/devel/.private/arob_mpc/share/gennodejs/ros/arob_mpc/msg/vector_poses.js, /home/albertozafra7/Desktop/Universidad/Master/AR/project/catkin_ws/devel/share/gennodejs/ros/arob_mpc/msg/vector_poses.js)
Linked: (/home/albertozafra7/Desktop/Universidad/Master/AR/project/catkin_ws/devel/.private/arob_mpc/share/arob_mpc/cmake/arob_mpcConfig.cmake, /home/albertozafra7/Desktop/Universidad/Master/AR/project/catkin_ws/devel/share/arob_mpc/cmake/arob_mpcConfig.cmake)
Linked: (/home/albertozafra7/Desktop/Universidad/Master/AR/project/catkin_ws/devel/.private/arob_mpc/share/arob_mpc/cmake/arob_mpc-msg-paths.cmake, /home/albertozafra7/Desktop/Universidad/Master/AR/project/catkin_ws/devel/share/arob_mpc/cmake/arob_mpc-msg-paths.cmake)
Linked: (/home/albertozafra7/Desktop/Universidad/Master/AR/project/catkin_ws/devel/.private/arob_mpc/share/arob_mpc/cmake/arob_mpcConfig-version.cmake, /home/albertozafra7/Desktop/Universidad/Master/AR/project/catkin_ws/devel/share/arob_mpc/cmake/arob_mpcConfig-version.cmake)
Linked: (/home/albertozafra7/Desktop/Universidad/Master/AR/project/catkin_ws/devel/.private/arob_mpc/share/arob_mpc/cmake/arob_mpc-msg-extras.cmake, /home/albertozafra7/Desktop/Universidad/Master/AR/project/catkin_ws/devel/share/arob_mpc/cmake/arob_mpc-msg-extras.cmake)
Linked: (/home/albertozafra7/Desktop/Universidad/Master/AR/project/catkin_ws/devel/.private/arob_mpc/share/common-lisp/ros/arob_mpc/msg/vector_poses.lisp, /home/albertozafra7/Desktop/Universidad/Master/AR/project/catkin_ws/devel/share/common-lisp/ros/arob_mpc/msg/vector_poses.lisp)
Linked: (/home/albertozafra7/Desktop/Universidad/Master/AR/project/catkin_ws/devel/.private/arob_mpc/share/common-lisp/ros/arob_mpc/msg/_package.lisp, /home/albertozafra7/Desktop/Universidad/Master/AR/project/catkin_ws/devel/share/common-lisp/ros/arob_mpc/msg/_package.lisp)
Linked: (/home/albertozafra7/Desktop/Universidad/Master/AR/project/catkin_ws/devel/.private/arob_mpc/share/common-lisp/ros/arob_mpc/msg/_package_vector_poses.lisp, /home/albertozafra7/Desktop/Universidad/Master/AR/project/catkin_ws/devel/share/common-lisp/ros/arob_mpc/msg/_package_vector_poses.lisp)
Linked: (/home/albertozafra7/Desktop/Universidad/Master/AR/project/catkin_ws/devel/.private/arob_mpc/share/common-lisp/ros/arob_mpc/msg/arob_mpc-msg.asd, /home/albertozafra7/Desktop/Universidad/Master/AR/project/catkin_ws/devel/share/common-lisp/ros/arob_mpc/msg/arob_mpc-msg.asd)
Linked: (/home/albertozafra7/Desktop/Universidad/Master/AR/project/catkin_ws/devel/.private/arob_mpc/lib/pkgconfig/arob_mpc.pc, /home/albertozafra7/Desktop/Universidad/Master/AR/project/catkin_ws/devel/lib/pkgconfig/arob_mpc.pc)
Linked: (/home/albertozafra7/Desktop/Universidad/Master/AR/project/catkin_ws/devel/.private/arob_mpc/lib/arob_mpc/drone_race, /home/albertozafra7/Desktop/Universidad/Master/AR/project/catkin_ws/devel/lib/arob_mpc/drone_race)
Linked: (/home/albertozafra7/Desktop/Universidad/Master/AR/project/catkin_ws/devel/.private/arob_mpc/lib/arob_mpc/mpc_custom, /home/albertozafra7/Desktop/Universidad/Master/AR/project/catkin_ws/devel/lib/arob_mpc/mpc_custom)
Linked: (/home/albertozafra7/Desktop/Universidad/Master/AR/project/catkin_ws/devel/.private/arob_mpc/lib/python3/dist-packages/arob_mpc/__init__.py, /home/albertozafra7/Desktop/Universidad/Master/AR/project/catkin_ws/devel/lib/python3/dist-packages/arob_mpc/__init__.py)
Linked: (/home/albertozafra7/Desktop/Universidad/Master/AR/project/catkin_ws/devel/.private/arob_mpc/lib/python3/dist-packages/arob_mpc/msg/_vector_poses.py, /home/albertozafra7/Desktop/Universidad/Master/AR/project/catkin_ws/devel/lib/python3/dist-packages/arob_mpc/msg/_vector_poses.py)
Linked: (/home/albertozafra7/Desktop/Universidad/Master/AR/project/catkin_ws/devel/.private/arob_mpc/lib/python3/dist-packages/arob_mpc/msg/__init__.py, /home/albertozafra7/Desktop/Universidad/Master/AR/project/catkin_ws/devel/lib/python3/dist-packages/arob_mpc/msg/__init__.py)
Linked: (/home/albertozafra7/Desktop/Universidad/Master/AR/project/catkin_ws/devel/.private/arob_mpc/include/arob_mpc/vector_poses.h, /home/albertozafra7/Desktop/Universidad/Master/AR/project/catkin_ws/devel/include/arob_mpc/vector_poses.h)
