[01m[K/home/albertozafra7/Desktop/Universidad/Master/AR/project/catkin_ws/src/arob_mpc/src/mpc_custom.cpp:[m[K In member function ‘[01m[Kvoid mpc_custom::mpc()[m[K’:
[01m[K/home/albertozafra7/Desktop/Universidad/Master/AR/project/catkin_ws/src/arob_mpc/src/mpc_custom.cpp:254:41:[m[K [01;31m[Kerror: [m[Kno matching function for call to ‘[01m[Kpow(casadi::MX, int)[m[K’
  254 |             cost_function += [01;31m[Kcasadi::pow(pos_x(k) - ref_x, 2)[m[K +
      |                              [01;31m[K~~~~~~~~~~~^~~~~~~~~~~~~~~~~~~~~[m[K
In file included from [01m[K/usr/include/boost/config/no_tr1/complex.hpp:21[m[K,
                 from [01m[K/usr/include/boost/math/policies/error_handling.hpp:17[m[K,
                 from [01m[K/usr/include/boost/math/special_functions/round.hpp:14[m[K,
                 from [01m[K/opt/ros/noetic/include/ros/time.h:58[m[K,
                 from [01m[K/opt/ros/noetic/include/ros/ros.h:38[m[K,
                 from [01m[K/home/albertozafra7/Desktop/Universidad/Master/AR/project/catkin_ws/src/arob_mpc/include/arob_mpc/mpc_custom.h:5[m[K,
                 from [01m[K/home/albertozafra7/Desktop/Universidad/Master/AR/project/catkin_ws/src/arob_mpc/src/mpc_custom.cpp:1[m[K:
[01m[K/usr/include/c++/11/complex:1899:5:[m[K [01;36m[Knote: [m[Kcandidate: ‘[01m[Ktemplate<class _Tp, class _Up> std::complex<typename __gnu_cxx::__promote_2<_Tp, _Up>::__type> std::pow(const std::complex<_Tp>&, const std::complex<_Up>&)[m[K’
 1899 |     [01;36m[Kpow[m[K(const std::complex<_Tp>& __x, const std::complex<_Up>& __y)
      |     [01;36m[K^~~[m[K
[01m[K/usr/include/c++/11/complex:1899:5:[m[K [01;36m[Knote: [m[K  template argument deduction/substitution failed:
[01m[K/home/albertozafra7/Desktop/Universidad/Master/AR/project/catkin_ws/src/arob_mpc/src/mpc_custom.cpp:254:41:[m[K [01;36m[Knote: [m[K  ‘[01m[Kcasadi::MX[m[K’ is not derived from ‘[01m[Kconst std::complex<_Tp>[m[K’
  254 |             cost_function += [01;36m[Kcasadi::pow(pos_x(k) - ref_x, 2)[m[K +
      |                              [01;36m[K~~~~~~~~~~~^~~~~~~~~~~~~~~~~~~~~[m[K
In file included from [01m[K/usr/include/boost/config/no_tr1/complex.hpp:21[m[K,
                 from [01m[K/usr/include/boost/math/policies/error_handling.hpp:17[m[K,
                 from [01m[K/usr/include/boost/math/special_functions/round.hpp:14[m[K,
                 from [01m[K/opt/ros/noetic/include/ros/time.h:58[m[K,
                 from [01m[K/opt/ros/noetic/include/ros/ros.h:38[m[K,
                 from [01m[K/home/albertozafra7/Desktop/Universidad/Master/AR/project/catkin_ws/src/arob_mpc/include/arob_mpc/mpc_custom.h:5[m[K,
                 from [01m[K/home/albertozafra7/Desktop/Universidad/Master/AR/project/catkin_ws/src/arob_mpc/src/mpc_custom.cpp:1[m[K:
[01m[K/usr/include/c++/11/complex:1891:5:[m[K [01;36m[Knote: [m[Kcandidate: ‘[01m[Ktemplate<class _Tp, class _Up> std::complex<typename __gnu_cxx::__promote_2<_Tp, _Up>::__type> std::pow(const _Tp&, const std::complex<_Up>&)[m[K’
 1891 |     [01;36m[Kpow[m[K(const _Tp& __x, const std::complex<_Up>& __y)
      |     [01;36m[K^~~[m[K
[01m[K/usr/include/c++/11/complex:1891:5:[m[K [01;36m[Knote: [m[K  template argument deduction/substitution failed:
[01m[K/home/albertozafra7/Desktop/Universidad/Master/AR/project/catkin_ws/src/arob_mpc/src/mpc_custom.cpp:254:41:[m[K [01;36m[Knote: [m[K  mismatched types ‘[01m[Kconst std::complex<_Up>[m[K’ and ‘[01m[Kint[m[K’
  254 |             cost_function += [01;36m[Kcasadi::pow(pos_x(k) - ref_x, 2)[m[K +
      |                              [01;36m[K~~~~~~~~~~~^~~~~~~~~~~~~~~~~~~~~[m[K
In file included from [01m[K/usr/include/boost/config/no_tr1/complex.hpp:21[m[K,
                 from [01m[K/usr/include/boost/math/policies/error_handling.hpp:17[m[K,
                 from [01m[K/usr/include/boost/math/special_functions/round.hpp:14[m[K,
                 from [01m[K/opt/ros/noetic/include/ros/time.h:58[m[K,
                 from [01m[K/opt/ros/noetic/include/ros/ros.h:38[m[K,
                 from [01m[K/home/albertozafra7/Desktop/Universidad/Master/AR/project/catkin_ws/src/arob_mpc/include/arob_mpc/mpc_custom.h:5[m[K,
                 from [01m[K/home/albertozafra7/Desktop/Universidad/Master/AR/project/catkin_ws/src/arob_mpc/src/mpc_custom.cpp:1[m[K:
[01m[K/usr/include/c++/11/complex:1883:5:[m[K [01;36m[Knote: [m[Kcandidate: ‘[01m[Ktemplate<class _Tp, class _Up> std::complex<typename __gnu_cxx::__promote_2<_Tp, _Up>::__type> std::pow(const std::complex<_Tp>&, const _Up&)[m[K’
 1883 |     [01;36m[Kpow[m[K(const std::complex<_Tp>& __x, const _Up& __y)
      |     [01;36m[K^~~[m[K
[01m[K/usr/include/c++/11/complex:1883:5:[m[K [01;36m[Knote: [m[K  template argument deduction/substitution failed:
[01m[K/home/albertozafra7/Desktop/Universidad/Master/AR/project/catkin_ws/src/arob_mpc/src/mpc_custom.cpp:254:41:[m[K [01;36m[Knote: [m[K  ‘[01m[Kcasadi::MX[m[K’ is not derived from ‘[01m[Kconst std::complex<_Tp>[m[K’
  254 |             cost_function += [01;36m[Kcasadi::pow(pos_x(k) - ref_x, 2)[m[K +
      |                              [01;36m[K~~~~~~~~~~~^~~~~~~~~~~~~~~~~~~~~[m[K
In file included from [01m[K/usr/include/boost/config/no_tr1/complex.hpp:21[m[K,
                 from [01m[K/usr/include/boost/math/policies/error_handling.hpp:17[m[K,
                 from [01m[K/usr/include/boost/math/special_functions/round.hpp:14[m[K,
                 from [01m[K/opt/ros/noetic/include/ros/time.h:58[m[K,
                 from [01m[K/opt/ros/noetic/include/ros/ros.h:38[m[K,
                 from [01m[K/home/albertozafra7/Desktop/Universidad/Master/AR/project/catkin_ws/src/arob_mpc/include/arob_mpc/mpc_custom.h:5[m[K,
                 from [01m[K/home/albertozafra7/Desktop/Universidad/Master/AR/project/catkin_ws/src/arob_mpc/src/mpc_custom.cpp:1[m[K:
[01m[K/usr/include/c++/11/complex:1073:5:[m[K [01;36m[Knote: [m[Kcandidate: ‘[01m[Ktemplate<class _Tp> std::complex<_Tp> std::pow(const _Tp&, const std::complex<_Tp>&)[m[K’
 1073 |     [01;36m[Kpow[m[K(const _Tp& __x, const complex<_Tp>& __y)
      |     [01;36m[K^~~[m[K
[01m[K/usr/include/c++/11/complex:1073:5:[m[K [01;36m[Knote: [m[K  template argument deduction/substitution failed:
[01m[K/home/albertozafra7/Desktop/Universidad/Master/AR/project/catkin_ws/src/arob_mpc/src/mpc_custom.cpp:254:41:[m[K [01;36m[Knote: [m[K  mismatched types ‘[01m[Kconst std::complex<_Tp>[m[K’ and ‘[01m[Kint[m[K’
  254 |             cost_function += [01;36m[Kcasadi::pow(pos_x(k) - ref_x, 2)[m[K +
      |                              [01;36m[K~~~~~~~~~~~^~~~~~~~~~~~~~~~~~~~~[m[K
In file included from [01m[K/usr/include/boost/config/no_tr1/complex.hpp:21[m[K,
                 from [01m[K/usr/include/boost/math/policies/error_handling.hpp:17[m[K,
                 from [01m[K/usr/include/boost/math/special_functions/round.hpp:14[m[K,
                 from [01m[K/opt/ros/noetic/include/ros/time.h:58[m[K,
                 from [01m[K/opt/ros/noetic/include/ros/ros.h:38[m[K,
                 from [01m[K/home/albertozafra7/Desktop/Universidad/Master/AR/project/catkin_ws/src/arob_mpc/include/arob_mpc/mpc_custom.h:5[m[K,
                 from [01m[K/home/albertozafra7/Desktop/Universidad/Master/AR/project/catkin_ws/src/arob_mpc/src/mpc_custom.cpp:1[m[K:
[01m[K/usr/include/c++/11/complex:1062:5:[m[K [01;36m[Knote: [m[Kcandidate: ‘[01m[Ktemplate<class _Tp> std::complex<_Tp> std::pow(const std::complex<_Tp>&, const std::complex<_Tp>&)[m[K’
 1062 |     [01;36m[Kpow[m[K(const complex<_Tp>& __x, const complex<_Tp>& __y)
      |     [01;36m[K^~~[m[K
[01m[K/usr/include/c++/11/complex:1062:5:[m[K [01;36m[Knote: [m[K  template argument deduction/substitution failed:
[01m[K/home/albertozafra7/Desktop/Universidad/Master/AR/project/catkin_ws/src/arob_mpc/src/mpc_custom.cpp:254:41:[m[K [01;36m[Knote: [m[K  ‘[01m[Kcasadi::MX[m[K’ is not derived from ‘[01m[Kconst std::complex<_Tp>[m[K’
  254 |             cost_function += [01;36m[Kcasadi::pow(pos_x(k) - ref_x, 2)[m[K +
      |                              [01;36m[K~~~~~~~~~~~^~~~~~~~~~~~~~~~~~~~~[m[K
In file included from [01m[K/usr/include/boost/config/no_tr1/complex.hpp:21[m[K,
                 from [01m[K/usr/include/boost/math/policies/error_handling.hpp:17[m[K,
                 from [01m[K/usr/include/boost/math/special_functions/round.hpp:14[m[K,
                 from [01m[K/opt/ros/noetic/include/ros/time.h:58[m[K,
                 from [01m[K/opt/ros/noetic/include/ros/ros.h:38[m[K,
                 from [01m[K/home/albertozafra7/Desktop/Universidad/Master/AR/project/catkin_ws/src/arob_mpc/include/arob_mpc/mpc_custom.h:5[m[K,
                 from [01m[K/home/albertozafra7/Desktop/Universidad/Master/AR/project/catkin_ws/src/arob_mpc/src/mpc_custom.cpp:1[m[K:
[01m[K/usr/include/c++/11/complex:1028:5:[m[K [01;36m[Knote: [m[Kcandidate: ‘[01m[Ktemplate<class _Tp> std::complex<_Tp> std::pow(const std::complex<_Tp>&, const _Tp&)[m[K’
 1028 |     [01;36m[Kpow[m[K(const complex<_Tp>& __x, const _Tp& __y)
      |     [01;36m[K^~~[m[K
[01m[K/usr/include/c++/11/complex:1028:5:[m[K [01;36m[Knote: [m[K  template argument deduction/substitution failed:
[01m[K/home/albertozafra7/Desktop/Universidad/Master/AR/project/catkin_ws/src/arob_mpc/src/mpc_custom.cpp:254:41:[m[K [01;36m[Knote: [m[K  ‘[01m[Kcasadi::MX[m[K’ is not derived from ‘[01m[Kconst std::complex<_Tp>[m[K’
  254 |             cost_function += [01;36m[Kcasadi::pow(pos_x(k) - ref_x, 2)[m[K +
      |                              [01;36m[K~~~~~~~~~~~^~~~~~~~~~~~~~~~~~~~~[m[K
In file included from [01m[K/usr/include/boost/config/no_tr1/complex.hpp:21[m[K,
                 from [01m[K/usr/include/boost/math/policies/error_handling.hpp:17[m[K,
                 from [01m[K/usr/include/boost/math/special_functions/round.hpp:14[m[K,
                 from [01m[K/opt/ros/noetic/include/ros/time.h:58[m[K,
                 from [01m[K/opt/ros/noetic/include/ros/ros.h:38[m[K,
                 from [01m[K/home/albertozafra7/Desktop/Universidad/Master/AR/project/catkin_ws/src/arob_mpc/include/arob_mpc/mpc_custom.h:5[m[K,
                 from [01m[K/home/albertozafra7/Desktop/Universidad/Master/AR/project/catkin_ws/src/arob_mpc/src/mpc_custom.cpp:1[m[K:
[01m[K/usr/include/c++/11/complex:1019:5:[m[K [01;36m[Knote: [m[Kcandidate: ‘[01m[Ktemplate<class _Tp> std::complex<_Tp> std::pow(const std::complex<_Tp>&, int)[m[K’
 1019 |     [01;36m[Kpow[m[K(const complex<_Tp>& __z, int __n)
      |     [01;36m[K^~~[m[K
[01m[K/usr/include/c++/11/complex:1019:5:[m[K [01;36m[Knote: [m[K  template argument deduction/substitution failed:
[01m[K/home/albertozafra7/Desktop/Universidad/Master/AR/project/catkin_ws/src/arob_mpc/src/mpc_custom.cpp:254:41:[m[K [01;36m[Knote: [m[K  ‘[01m[Kcasadi::MX[m[K’ is not derived from ‘[01m[Kconst std::complex<_Tp>[m[K’
  254 |             cost_function += [01;36m[Kcasadi::pow(pos_x(k) - ref_x, 2)[m[K +
      |                              [01;36m[K~~~~~~~~~~~^~~~~~~~~~~~~~~~~~~~~[m[K
In file included from [01m[K/opt/ros/noetic/include/ros/time.h:55[m[K,
                 from [01m[K/opt/ros/noetic/include/ros/ros.h:38[m[K,
                 from [01m[K/home/albertozafra7/Desktop/Universidad/Master/AR/project/catkin_ws/src/arob_mpc/include/arob_mpc/mpc_custom.h:5[m[K,
                 from [01m[K/home/albertozafra7/Desktop/Universidad/Master/AR/project/catkin_ws/src/arob_mpc/src/mpc_custom.cpp:1[m[K:
[01m[K/usr/include/c++/11/cmath:415:5:[m[K [01;36m[Knote: [m[Kcandidate: ‘[01m[Ktemplate<class _Tp, class _Up> constexpr typename __gnu_cxx::__promote_2<_Tp, _Up>::__type std::pow(_Tp, _Up)[m[K’
  415 |     [01;36m[Kpow[m[K(_Tp __x, _Up __y)
      |     [01;36m[K^~~[m[K
[01m[K/usr/include/c++/11/cmath:415:5:[m[K [01;36m[Knote: [m[K  template argument deduction/substitution failed:
/usr/include/c++/11/cmath: In substitution of ‘[01m[Ktemplate<class _Tp, class _Up> constexpr typename __gnu_cxx::__promote_2<_Tp, _Up>::__type std::pow(_Tp, _Up) [with _Tp = casadi::MX; _Up = int][m[K’:
[01m[K/home/albertozafra7/Desktop/Universidad/Master/AR/project/catkin_ws/src/arob_mpc/src/mpc_custom.cpp:254:41:[m[K   required from here
[01m[K/usr/include/c++/11/cmath:415:5:[m[K [01;31m[Kerror: [m[Kno type named ‘[01m[K__type[m[K’ in ‘[01m[Kstruct __gnu_cxx::__promote<casadi::MX, false>[m[K’
[01m[K/usr/include/c++/11/cmath:392:3:[m[K [01;36m[Knote: [m[Kcandidate: ‘[01m[Kconstexpr long double std::pow(long double, long double)[m[K’
  392 |   [01;36m[Kpow[m[K(long double __x, long double __y)
      |   [01;36m[K^~~[m[K
[01m[K/usr/include/c++/11/cmath:392:19:[m[K [01;36m[Knote: [m[K  no known conversion for argument 1 from ‘[01m[Kcasadi::MX[m[K’ to ‘[01m[Klong double[m[K’
  392 |   pow([01;36m[Klong double __x[m[K, long double __y)
      |       [01;36m[K~~~~~~~~~~~~^~~[m[K
[01m[K/usr/include/c++/11/cmath:388:3:[m[K [01;36m[Knote: [m[Kcandidate: ‘[01m[Kconstexpr float std::pow(float, float)[m[K’
  388 |   [01;36m[Kpow[m[K(float __x, float __y)
      |   [01;36m[K^~~[m[K
[01m[K/usr/include/c++/11/cmath:388:13:[m[K [01;36m[Knote: [m[K  no known conversion for argument 1 from ‘[01m[Kcasadi::MX[m[K’ to ‘[01m[Kfloat[m[K’
  388 |   pow([01;36m[Kfloat __x[m[K, float __y)
      |       [01;36m[K~~~~~~^~~[m[K
In file included from [01m[K/usr/include/features.h:461[m[K,
                 from [01m[K/usr/include/x86_64-linux-gnu/c++/11/bits/os_defines.h:39[m[K,
                 from [01m[K/usr/include/x86_64-linux-gnu/c++/11/bits/c++config.h:586[m[K,
                 from [01m[K/usr/include/c++/11/cstdlib:41[m[K,
                 from [01m[K/usr/include/c++/11/stdlib.h:36[m[K,
                 from [01m[K/opt/ros/noetic/include/ros/platform.h:37[m[K,
                 from [01m[K/opt/ros/noetic/include/ros/time.h:53[m[K,
                 from [01m[K/opt/ros/noetic/include/ros/ros.h:38[m[K,
                 from [01m[K/home/albertozafra7/Desktop/Universidad/Master/AR/project/catkin_ws/src/arob_mpc/include/arob_mpc/mpc_custom.h:5[m[K,
                 from [01m[K/home/albertozafra7/Desktop/Universidad/Master/AR/project/catkin_ws/src/arob_mpc/src/mpc_custom.cpp:1[m[K:
[01m[K/usr/include/x86_64-linux-gnu/bits/mathcalls.h:140:1:[m[K [01;36m[Knote: [m[Kcandidate: ‘[01m[Kdouble pow(double, double)[m[K’
  140 | [01;36m[K__MATHCALL_VEC[m[K (pow,, (_Mdouble_ __x, _Mdouble_ __y));
      | [01;36m[K^~~~~~~~~~~~~~[m[K
In file included from [01m[K/usr/include/c++/11/cmath:45[m[K,
                 from [01m[K/opt/ros/noetic/include/ros/time.h:55[m[K,
                 from [01m[K/opt/ros/noetic/include/ros/ros.h:38[m[K,
                 from [01m[K/home/albertozafra7/Desktop/Universidad/Master/AR/project/catkin_ws/src/arob_mpc/include/arob_mpc/mpc_custom.h:5[m[K,
                 from [01m[K/home/albertozafra7/Desktop/Universidad/Master/AR/project/catkin_ws/src/arob_mpc/src/mpc_custom.cpp:1[m[K:
[01m[K/usr/include/x86_64-linux-gnu/bits/mathcalls.h:140:1:[m[K [01;36m[Knote: [m[K  no known conversion for argument 1 from ‘[01m[Kcasadi::MX[m[K’ to ‘[01m[Kdouble[m[K’
  140 | [01;36m[K_[m[K_MATHCALL_VEC (pow,, (_Mdouble_ __x, _Mdouble_ __y));
      | [01;36m[K^[m[K
[01m[K/home/albertozafra7/Desktop/Universidad/Master/AR/project/catkin_ws/src/arob_mpc/src/mpc_custom.cpp:255:41:[m[K [01;31m[Kerror: [m[Kno matching function for call to ‘[01m[Kpow(casadi::MX, int)[m[K’
  255 |                              [01;31m[Kcasadi::pow(pos_y(k) - ref_y, 2)[m[K +
      |                              [01;31m[K~~~~~~~~~~~^~~~~~~~~~~~~~~~~~~~~[m[K
In file included from [01m[K/usr/include/boost/config/no_tr1/complex.hpp:21[m[K,
                 from [01m[K/usr/include/boost/math/policies/error_handling.hpp:17[m[K,
                 from [01m[K/usr/include/boost/math/special_functions/round.hpp:14[m[K,
                 from [01m[K/opt/ros/noetic/include/ros/time.h:58[m[K,
                 from [01m[K/opt/ros/noetic/include/ros/ros.h:38[m[K,
                 from [01m[K/home/albertozafra7/Desktop/Universidad/Master/AR/project/catkin_ws/src/arob_mpc/include/arob_mpc/mpc_custom.h:5[m[K,
                 from [01m[K/home/albertozafra7/Desktop/Universidad/Master/AR/project/catkin_ws/src/arob_mpc/src/mpc_custom.cpp:1[m[K:
[01m[K/usr/include/c++/11/complex:1899:5:[m[K [01;36m[Knote: [m[Kcandidate: ‘[01m[Ktemplate<class _Tp, class _Up> std::complex<typename __gnu_cxx::__promote_2<_Tp, _Up>::__type> std::pow(const std::complex<_Tp>&, const std::complex<_Up>&)[m[K’
 1899 |     [01;36m[Kpow[m[K(const std::complex<_Tp>& __x, const std::complex<_Up>& __y)
      |     [01;36m[K^~~[m[K
[01m[K/usr/include/c++/11/complex:1899:5:[m[K [01;36m[Knote: [m[K  template argument deduction/substitution failed:
[01m[K/home/albertozafra7/Desktop/Universidad/Master/AR/project/catkin_ws/src/arob_mpc/src/mpc_custom.cpp:255:41:[m[K [01;36m[Knote: [m[K  ‘[01m[Kcasadi::MX[m[K’ is not derived from ‘[01m[Kconst std::complex<_Tp>[m[K’
  255 |                              [01;36m[Kcasadi::pow(pos_y(k) - ref_y, 2)[m[K +
      |                              [01;36m[K~~~~~~~~~~~^~~~~~~~~~~~~~~~~~~~~[m[K
In file included from [01m[K/usr/include/boost/config/no_tr1/complex.hpp:21[m[K,
                 from [01m[K/usr/include/boost/math/policies/error_handling.hpp:17[m[K,
                 from [01m[K/usr/include/boost/math/special_functions/round.hpp:14[m[K,
                 from [01m[K/opt/ros/noetic/include/ros/time.h:58[m[K,
                 from [01m[K/opt/ros/noetic/include/ros/ros.h:38[m[K,
                 from [01m[K/home/albertozafra7/Desktop/Universidad/Master/AR/project/catkin_ws/src/arob_mpc/include/arob_mpc/mpc_custom.h:5[m[K,
                 from [01m[K/home/albertozafra7/Desktop/Universidad/Master/AR/project/catkin_ws/src/arob_mpc/src/mpc_custom.cpp:1[m[K:
[01m[K/usr/include/c++/11/complex:1891:5:[m[K [01;36m[Knote: [m[Kcandidate: ‘[01m[Ktemplate<class _Tp, class _Up> std::complex<typename __gnu_cxx::__promote_2<_Tp, _Up>::__type> std::pow(const _Tp&, const std::complex<_Up>&)[m[K’
 1891 |     [01;36m[Kpow[m[K(const _Tp& __x, const std::complex<_Up>& __y)
      |     [01;36m[K^~~[m[K
[01m[K/usr/include/c++/11/complex:1891:5:[m[K [01;36m[Knote: [m[K  template argument deduction/substitution failed:
[01m[K/home/albertozafra7/Desktop/Universidad/Master/AR/project/catkin_ws/src/arob_mpc/src/mpc_custom.cpp:255:41:[m[K [01;36m[Knote: [m[K  mismatched types ‘[01m[Kconst std::complex<_Up>[m[K’ and ‘[01m[Kint[m[K’
  255 |                              [01;36m[Kcasadi::pow(pos_y(k) - ref_y, 2)[m[K +
      |                              [01;36m[K~~~~~~~~~~~^~~~~~~~~~~~~~~~~~~~~[m[K
In file included from [01m[K/usr/include/boost/config/no_tr1/complex.hpp:21[m[K,
                 from [01m[K/usr/include/boost/math/policies/error_handling.hpp:17[m[K,
                 from [01m[K/usr/include/boost/math/special_functions/round.hpp:14[m[K,
                 from [01m[K/opt/ros/noetic/include/ros/time.h:58[m[K,
                 from [01m[K/opt/ros/noetic/include/ros/ros.h:38[m[K,
                 from [01m[K/home/albertozafra7/Desktop/Universidad/Master/AR/project/catkin_ws/src/arob_mpc/include/arob_mpc/mpc_custom.h:5[m[K,
                 from [01m[K/home/albertozafra7/Desktop/Universidad/Master/AR/project/catkin_ws/src/arob_mpc/src/mpc_custom.cpp:1[m[K:
[01m[K/usr/include/c++/11/complex:1883:5:[m[K [01;36m[Knote: [m[Kcandidate: ‘[01m[Ktemplate<class _Tp, class _Up> std::complex<typename __gnu_cxx::__promote_2<_Tp, _Up>::__type> std::pow(const std::complex<_Tp>&, const _Up&)[m[K’
 1883 |     [01;36m[Kpow[m[K(const std::complex<_Tp>& __x, const _Up& __y)
      |     [01;36m[K^~~[m[K
[01m[K/usr/include/c++/11/complex:1883:5:[m[K [01;36m[Knote: [m[K  template argument deduction/substitution failed:
[01m[K/home/albertozafra7/Desktop/Universidad/Master/AR/project/catkin_ws/src/arob_mpc/src/mpc_custom.cpp:255:41:[m[K [01;36m[Knote: [m[K  ‘[01m[Kcasadi::MX[m[K’ is not derived from ‘[01m[Kconst std::complex<_Tp>[m[K’
  255 |                              [01;36m[Kcasadi::pow(pos_y(k) - ref_y, 2)[m[K +
      |                              [01;36m[K~~~~~~~~~~~^~~~~~~~~~~~~~~~~~~~~[m[K
In file included from [01m[K/usr/include/boost/config/no_tr1/complex.hpp:21[m[K,
                 from [01m[K/usr/include/boost/math/policies/error_handling.hpp:17[m[K,
                 from [01m[K/usr/include/boost/math/special_functions/round.hpp:14[m[K,
                 from [01m[K/opt/ros/noetic/include/ros/time.h:58[m[K,
                 from [01m[K/opt/ros/noetic/include/ros/ros.h:38[m[K,
                 from [01m[K/home/albertozafra7/Desktop/Universidad/Master/AR/project/catkin_ws/src/arob_mpc/include/arob_mpc/mpc_custom.h:5[m[K,
                 from [01m[K/home/albertozafra7/Desktop/Universidad/Master/AR/project/catkin_ws/src/arob_mpc/src/mpc_custom.cpp:1[m[K:
[01m[K/usr/include/c++/11/complex:1073:5:[m[K [01;36m[Knote: [m[Kcandidate: ‘[01m[Ktemplate<class _Tp> std::complex<_Tp> std::pow(const _Tp&, const std::complex<_Tp>&)[m[K’
 1073 |     [01;36m[Kpow[m[K(const _Tp& __x, const complex<_Tp>& __y)
      |     [01;36m[K^~~[m[K
[01m[K/usr/include/c++/11/complex:1073:5:[m[K [01;36m[Knote: [m[K  template argument deduction/substitution failed:
[01m[K/home/albertozafra7/Desktop/Universidad/Master/AR/project/catkin_ws/src/arob_mpc/src/mpc_custom.cpp:255:41:[m[K [01;36m[Knote: [m[K  mismatched types ‘[01m[Kconst std::complex<_Tp>[m[K’ and ‘[01m[Kint[m[K’
  255 |                              [01;36m[Kcasadi::pow(pos_y(k) - ref_y, 2)[m[K +
      |                              [01;36m[K~~~~~~~~~~~^~~~~~~~~~~~~~~~~~~~~[m[K
In file included from [01m[K/usr/include/boost/config/no_tr1/complex.hpp:21[m[K,
                 from [01m[K/usr/include/boost/math/policies/error_handling.hpp:17[m[K,
                 from [01m[K/usr/include/boost/math/special_functions/round.hpp:14[m[K,
                 from [01m[K/opt/ros/noetic/include/ros/time.h:58[m[K,
                 from [01m[K/opt/ros/noetic/include/ros/ros.h:38[m[K,
                 from [01m[K/home/albertozafra7/Desktop/Universidad/Master/AR/project/catkin_ws/src/arob_mpc/include/arob_mpc/mpc_custom.h:5[m[K,
                 from [01m[K/home/albertozafra7/Desktop/Universidad/Master/AR/project/catkin_ws/src/arob_mpc/src/mpc_custom.cpp:1[m[K:
[01m[K/usr/include/c++/11/complex:1062:5:[m[K [01;36m[Knote: [m[Kcandidate: ‘[01m[Ktemplate<class _Tp> std::complex<_Tp> std::pow(const std::complex<_Tp>&, const std::complex<_Tp>&)[m[K’
 1062 |     [01;36m[Kpow[m[K(const complex<_Tp>& __x, const complex<_Tp>& __y)
      |     [01;36m[K^~~[m[K
[01m[K/usr/include/c++/11/complex:1062:5:[m[K [01;36m[Knote: [m[K  template argument deduction/substitution failed:
[01m[K/home/albertozafra7/Desktop/Universidad/Master/AR/project/catkin_ws/src/arob_mpc/src/mpc_custom.cpp:255:41:[m[K [01;36m[Knote: [m[K  ‘[01m[Kcasadi::MX[m[K’ is not derived from ‘[01m[Kconst std::complex<_Tp>[m[K’
  255 |                              [01;36m[Kcasadi::pow(pos_y(k) - ref_y, 2)[m[K +
      |                              [01;36m[K~~~~~~~~~~~^~~~~~~~~~~~~~~~~~~~~[m[K
In file included from [01m[K/usr/include/boost/config/no_tr1/complex.hpp:21[m[K,
                 from [01m[K/usr/include/boost/math/policies/error_handling.hpp:17[m[K,
                 from [01m[K/usr/include/boost/math/special_functions/round.hpp:14[m[K,
                 from [01m[K/opt/ros/noetic/include/ros/time.h:58[m[K,
                 from [01m[K/opt/ros/noetic/include/ros/ros.h:38[m[K,
                 from [01m[K/home/albertozafra7/Desktop/Universidad/Master/AR/project/catkin_ws/src/arob_mpc/include/arob_mpc/mpc_custom.h:5[m[K,
                 from [01m[K/home/albertozafra7/Desktop/Universidad/Master/AR/project/catkin_ws/src/arob_mpc/src/mpc_custom.cpp:1[m[K:
[01m[K/usr/include/c++/11/complex:1028:5:[m[K [01;36m[Knote: [m[Kcandidate: ‘[01m[Ktemplate<class _Tp> std::complex<_Tp> std::pow(const std::complex<_Tp>&, const _Tp&)[m[K’
 1028 |     [01;36m[Kpow[m[K(const complex<_Tp>& __x, const _Tp& __y)
      |     [01;36m[K^~~[m[K
[01m[K/usr/include/c++/11/complex:1028:5:[m[K [01;36m[Knote: [m[K  template argument deduction/substitution failed:
[01m[K/home/albertozafra7/Desktop/Universidad/Master/AR/project/catkin_ws/src/arob_mpc/src/mpc_custom.cpp:255:41:[m[K [01;36m[Knote: [m[K  ‘[01m[Kcasadi::MX[m[K’ is not derived from ‘[01m[Kconst std::complex<_Tp>[m[K’
  255 |                              [01;36m[Kcasadi::pow(pos_y(k) - ref_y, 2)[m[K +
      |                              [01;36m[K~~~~~~~~~~~^~~~~~~~~~~~~~~~~~~~~[m[K
In file included from [01m[K/usr/include/boost/config/no_tr1/complex.hpp:21[m[K,
                 from [01m[K/usr/include/boost/math/policies/error_handling.hpp:17[m[K,
                 from [01m[K/usr/include/boost/math/special_functions/round.hpp:14[m[K,
                 from [01m[K/opt/ros/noetic/include/ros/time.h:58[m[K,
                 from [01m[K/opt/ros/noetic/include/ros/ros.h:38[m[K,
                 from [01m[K/home/albertozafra7/Desktop/Universidad/Master/AR/project/catkin_ws/src/arob_mpc/include/arob_mpc/mpc_custom.h:5[m[K,
                 from [01m[K/home/albertozafra7/Desktop/Universidad/Master/AR/project/catkin_ws/src/arob_mpc/src/mpc_custom.cpp:1[m[K:
[01m[K/usr/include/c++/11/complex:1019:5:[m[K [01;36m[Knote: [m[Kcandidate: ‘[01m[Ktemplate<class _Tp> std::complex<_Tp> std::pow(const std::complex<_Tp>&, int)[m[K’
 1019 |     [01;36m[Kpow[m[K(const complex<_Tp>& __z, int __n)
      |     [01;36m[K^~~[m[K
[01m[K/usr/include/c++/11/complex:1019:5:[m[K [01;36m[Knote: [m[K  template argument deduction/substitution failed:
[01m[K/home/albertozafra7/Desktop/Universidad/Master/AR/project/catkin_ws/src/arob_mpc/src/mpc_custom.cpp:255:41:[m[K [01;36m[Knote: [m[K  ‘[01m[Kcasadi::MX[m[K’ is not derived from ‘[01m[Kconst std::complex<_Tp>[m[K’
  255 |                              [01;36m[Kcasadi::pow(pos_y(k) - ref_y, 2)[m[K +
      |                              [01;36m[K~~~~~~~~~~~^~~~~~~~~~~~~~~~~~~~~[m[K
In file included from [01m[K/opt/ros/noetic/include/ros/time.h:55[m[K,
                 from [01m[K/opt/ros/noetic/include/ros/ros.h:38[m[K,
                 from [01m[K/home/albertozafra7/Desktop/Universidad/Master/AR/project/catkin_ws/src/arob_mpc/include/arob_mpc/mpc_custom.h:5[m[K,
                 from [01m[K/home/albertozafra7/Desktop/Universidad/Master/AR/project/catkin_ws/src/arob_mpc/src/mpc_custom.cpp:1[m[K:
[01m[K/usr/include/c++/11/cmath:415:5:[m[K [01;36m[Knote: [m[Kcandidate: ‘[01m[Ktemplate<class _Tp, class _Up> constexpr typename __gnu_cxx::__promote_2<_Tp, _Up>::__type std::pow(_Tp, _Up)[m[K’
  415 |     [01;36m[Kpow[m[K(_Tp __x, _Up __y)
      |     [01;36m[K^~~[m[K
[01m[K/usr/include/c++/11/cmath:415:5:[m[K [01;36m[Knote: [m[K  template argument deduction/substitution failed:
/usr/include/c++/11/cmath: In substitution of ‘[01m[Ktemplate<class _Tp, class _Up> constexpr typename __gnu_cxx::__promote_2<_Tp, _Up>::__type std::pow(_Tp, _Up) [with _Tp = casadi::MX; _Up = int][m[K’:
[01m[K/home/albertozafra7/Desktop/Universidad/Master/AR/project/catkin_ws/src/arob_mpc/src/mpc_custom.cpp:255:41:[m[K   required from here
[01m[K/usr/include/c++/11/cmath:415:5:[m[K [01;31m[Kerror: [m[Kno type named ‘[01m[K__type[m[K’ in ‘[01m[Kstruct __gnu_cxx::__promote<casadi::MX, false>[m[K’
[01m[K/usr/include/c++/11/cmath:392:3:[m[K [01;36m[Knote: [m[Kcandidate: ‘[01m[Kconstexpr long double std::pow(long double, long double)[m[K’
  392 |   [01;36m[Kpow[m[K(long double __x, long double __y)
      |   [01;36m[K^~~[m[K
[01m[K/usr/include/c++/11/cmath:392:19:[m[K [01;36m[Knote: [m[K  no known conversion for argument 1 from ‘[01m[Kcasadi::MX[m[K’ to ‘[01m[Klong double[m[K’
  392 |   pow([01;36m[Klong double __x[m[K, long double __y)
      |       [01;36m[K~~~~~~~~~~~~^~~[m[K
[01m[K/usr/include/c++/11/cmath:388:3:[m[K [01;36m[Knote: [m[Kcandidate: ‘[01m[Kconstexpr float std::pow(float, float)[m[K’
  388 |   [01;36m[Kpow[m[K(float __x, float __y)
      |   [01;36m[K^~~[m[K
[01m[K/usr/include/c++/11/cmath:388:13:[m[K [01;36m[Knote: [m[K  no known conversion for argument 1 from ‘[01m[Kcasadi::MX[m[K’ to ‘[01m[Kfloat[m[K’
  388 |   pow([01;36m[Kfloat __x[m[K, float __y)
      |       [01;36m[K~~~~~~^~~[m[K
In file included from [01m[K/usr/include/features.h:461[m[K,
                 from [01m[K/usr/include/x86_64-linux-gnu/c++/11/bits/os_defines.h:39[m[K,
                 from [01m[K/usr/include/x86_64-linux-gnu/c++/11/bits/c++config.h:586[m[K,
                 from [01m[K/usr/include/c++/11/cstdlib:41[m[K,
                 from [01m[K/usr/include/c++/11/stdlib.h:36[m[K,
                 from [01m[K/opt/ros/noetic/include/ros/platform.h:37[m[K,
                 from [01m[K/opt/ros/noetic/include/ros/time.h:53[m[K,
                 from [01m[K/opt/ros/noetic/include/ros/ros.h:38[m[K,
                 from [01m[K/home/albertozafra7/Desktop/Universidad/Master/AR/project/catkin_ws/src/arob_mpc/include/arob_mpc/mpc_custom.h:5[m[K,
                 from [01m[K/home/albertozafra7/Desktop/Universidad/Master/AR/project/catkin_ws/src/arob_mpc/src/mpc_custom.cpp:1[m[K:
[01m[K/usr/include/x86_64-linux-gnu/bits/mathcalls.h:140:1:[m[K [01;36m[Knote: [m[Kcandidate: ‘[01m[Kdouble pow(double, double)[m[K’
  140 | [01;36m[K__MATHCALL_VEC[m[K (pow,, (_Mdouble_ __x, _Mdouble_ __y));
      | [01;36m[K^~~~~~~~~~~~~~[m[K
In file included from [01m[K/usr/include/c++/11/cmath:45[m[K,
                 from [01m[K/opt/ros/noetic/include/ros/time.h:55[m[K,
                 from [01m[K/opt/ros/noetic/include/ros/ros.h:38[m[K,
                 from [01m[K/home/albertozafra7/Desktop/Universidad/Master/AR/project/catkin_ws/src/arob_mpc/include/arob_mpc/mpc_custom.h:5[m[K,
                 from [01m[K/home/albertozafra7/Desktop/Universidad/Master/AR/project/catkin_ws/src/arob_mpc/src/mpc_custom.cpp:1[m[K:
[01m[K/usr/include/x86_64-linux-gnu/bits/mathcalls.h:140:1:[m[K [01;36m[Knote: [m[K  no known conversion for argument 1 from ‘[01m[Kcasadi::MX[m[K’ to ‘[01m[Kdouble[m[K’
  140 | [01;36m[K_[m[K_MATHCALL_VEC (pow,, (_Mdouble_ __x, _Mdouble_ __y));
      | [01;36m[K^[m[K
[01m[K/home/albertozafra7/Desktop/Universidad/Master/AR/project/catkin_ws/src/arob_mpc/src/mpc_custom.cpp:256:41:[m[K [01;31m[Kerror: [m[Kno matching function for call to ‘[01m[Kpow(casadi::MX, int)[m[K’
  256 |                              [01;31m[Kcasadi::pow(pos_z(k) - ref_z, 2)[m[K;
      |                              [01;31m[K~~~~~~~~~~~^~~~~~~~~~~~~~~~~~~~~[m[K
In file included from [01m[K/usr/include/boost/config/no_tr1/complex.hpp:21[m[K,
                 from [01m[K/usr/include/boost/math/policies/error_handling.hpp:17[m[K,
                 from [01m[K/usr/include/boost/math/special_functions/round.hpp:14[m[K,
                 from [01m[K/opt/ros/noetic/include/ros/time.h:58[m[K,
                 from [01m[K/opt/ros/noetic/include/ros/ros.h:38[m[K,
                 from [01m[K/home/albertozafra7/Desktop/Universidad/Master/AR/project/catkin_ws/src/arob_mpc/include/arob_mpc/mpc_custom.h:5[m[K,
                 from [01m[K/home/albertozafra7/Desktop/Universidad/Master/AR/project/catkin_ws/src/arob_mpc/src/mpc_custom.cpp:1[m[K:
[01m[K/usr/include/c++/11/complex:1899:5:[m[K [01;36m[Knote: [m[Kcandidate: ‘[01m[Ktemplate<class _Tp, class _Up> std::complex<typename __gnu_cxx::__promote_2<_Tp, _Up>::__type> std::pow(const std::complex<_Tp>&, const std::complex<_Up>&)[m[K’
 1899 |     [01;36m[Kpow[m[K(const std::complex<_Tp>& __x, const std::complex<_Up>& __y)
      |     [01;36m[K^~~[m[K
[01m[K/usr/include/c++/11/complex:1899:5:[m[K [01;36m[Knote: [m[K  template argument deduction/substitution failed:
[01m[K/home/albertozafra7/Desktop/Universidad/Master/AR/project/catkin_ws/src/arob_mpc/src/mpc_custom.cpp:256:41:[m[K [01;36m[Knote: [m[K  ‘[01m[Kcasadi::MX[m[K’ is not derived from ‘[01m[Kconst std::complex<_Tp>[m[K’
  256 |                              [01;36m[Kcasadi::pow(pos_z(k) - ref_z, 2)[m[K;
      |                              [01;36m[K~~~~~~~~~~~^~~~~~~~~~~~~~~~~~~~~[m[K
In file included from [01m[K/usr/include/boost/config/no_tr1/complex.hpp:21[m[K,
                 from [01m[K/usr/include/boost/math/policies/error_handling.hpp:17[m[K,
                 from [01m[K/usr/include/boost/math/special_functions/round.hpp:14[m[K,
                 from [01m[K/opt/ros/noetic/include/ros/time.h:58[m[K,
                 from [01m[K/opt/ros/noetic/include/ros/ros.h:38[m[K,
                 from [01m[K/home/albertozafra7/Desktop/Universidad/Master/AR/project/catkin_ws/src/arob_mpc/include/arob_mpc/mpc_custom.h:5[m[K,
                 from [01m[K/home/albertozafra7/Desktop/Universidad/Master/AR/project/catkin_ws/src/arob_mpc/src/mpc_custom.cpp:1[m[K:
[01m[K/usr/include/c++/11/complex:1891:5:[m[K [01;36m[Knote: [m[Kcandidate: ‘[01m[Ktemplate<class _Tp, class _Up> std::complex<typename __gnu_cxx::__promote_2<_Tp, _Up>::__type> std::pow(const _Tp&, const std::complex<_Up>&)[m[K’
 1891 |     [01;36m[Kpow[m[K(const _Tp& __x, const std::complex<_Up>& __y)
      |     [01;36m[K^~~[m[K
[01m[K/usr/include/c++/11/complex:1891:5:[m[K [01;36m[Knote: [m[K  template argument deduction/substitution failed:
[01m[K/home/albertozafra7/Desktop/Universidad/Master/AR/project/catkin_ws/src/arob_mpc/src/mpc_custom.cpp:256:41:[m[K [01;36m[Knote: [m[K  mismatched types ‘[01m[Kconst std::complex<_Up>[m[K’ and ‘[01m[Kint[m[K’
  256 |                              [01;36m[Kcasadi::pow(pos_z(k) - ref_z, 2)[m[K;
      |                              [01;36m[K~~~~~~~~~~~^~~~~~~~~~~~~~~~~~~~~[m[K
In file included from [01m[K/usr/include/boost/config/no_tr1/complex.hpp:21[m[K,
                 from [01m[K/usr/include/boost/math/policies/error_handling.hpp:17[m[K,
                 from [01m[K/usr/include/boost/math/special_functions/round.hpp:14[m[K,
                 from [01m[K/opt/ros/noetic/include/ros/time.h:58[m[K,
                 from [01m[K/opt/ros/noetic/include/ros/ros.h:38[m[K,
                 from [01m[K/home/albertozafra7/Desktop/Universidad/Master/AR/project/catkin_ws/src/arob_mpc/include/arob_mpc/mpc_custom.h:5[m[K,
                 from [01m[K/home/albertozafra7/Desktop/Universidad/Master/AR/project/catkin_ws/src/arob_mpc/src/mpc_custom.cpp:1[m[K:
[01m[K/usr/include/c++/11/complex:1883:5:[m[K [01;36m[Knote: [m[Kcandidate: ‘[01m[Ktemplate<class _Tp, class _Up> std::complex<typename __gnu_cxx::__promote_2<_Tp, _Up>::__type> std::pow(const std::complex<_Tp>&, const _Up&)[m[K’
 1883 |     [01;36m[Kpow[m[K(const std::complex<_Tp>& __x, const _Up& __y)
      |     [01;36m[K^~~[m[K
[01m[K/usr/include/c++/11/complex:1883:5:[m[K [01;36m[Knote: [m[K  template argument deduction/substitution failed:
[01m[K/home/albertozafra7/Desktop/Universidad/Master/AR/project/catkin_ws/src/arob_mpc/src/mpc_custom.cpp:256:41:[m[K [01;36m[Knote: [m[K  ‘[01m[Kcasadi::MX[m[K’ is not derived from ‘[01m[Kconst std::complex<_Tp>[m[K’
  256 |                              [01;36m[Kcasadi::pow(pos_z(k) - ref_z, 2)[m[K;
      |                              [01;36m[K~~~~~~~~~~~^~~~~~~~~~~~~~~~~~~~~[m[K
In file included from [01m[K/usr/include/boost/config/no_tr1/complex.hpp:21[m[K,
                 from [01m[K/usr/include/boost/math/policies/error_handling.hpp:17[m[K,
                 from [01m[K/usr/include/boost/math/special_functions/round.hpp:14[m[K,
                 from [01m[K/opt/ros/noetic/include/ros/time.h:58[m[K,
                 from [01m[K/opt/ros/noetic/include/ros/ros.h:38[m[K,
                 from [01m[K/home/albertozafra7/Desktop/Universidad/Master/AR/project/catkin_ws/src/arob_mpc/include/arob_mpc/mpc_custom.h:5[m[K,
                 from [01m[K/home/albertozafra7/Desktop/Universidad/Master/AR/project/catkin_ws/src/arob_mpc/src/mpc_custom.cpp:1[m[K:
[01m[K/usr/include/c++/11/complex:1073:5:[m[K [01;36m[Knote: [m[Kcandidate: ‘[01m[Ktemplate<class _Tp> std::complex<_Tp> std::pow(const _Tp&, const std::complex<_Tp>&)[m[K’
 1073 |     [01;36m[Kpow[m[K(const _Tp& __x, const complex<_Tp>& __y)
      |     [01;36m[K^~~[m[K
[01m[K/usr/include/c++/11/complex:1073:5:[m[K [01;36m[Knote: [m[K  template argument deduction/substitution failed:
[01m[K/home/albertozafra7/Desktop/Universidad/Master/AR/project/catkin_ws/src/arob_mpc/src/mpc_custom.cpp:256:41:[m[K [01;36m[Knote: [m[K  mismatched types ‘[01m[Kconst std::complex<_Tp>[m[K’ and ‘[01m[Kint[m[K’
  256 |                              [01;36m[Kcasadi::pow(pos_z(k) - ref_z, 2)[m[K;
      |                              [01;36m[K~~~~~~~~~~~^~~~~~~~~~~~~~~~~~~~~[m[K
In file included from [01m[K/usr/include/boost/config/no_tr1/complex.hpp:21[m[K,
                 from [01m[K/usr/include/boost/math/policies/error_handling.hpp:17[m[K,
                 from [01m[K/usr/include/boost/math/special_functions/round.hpp:14[m[K,
                 from [01m[K/opt/ros/noetic/include/ros/time.h:58[m[K,
                 from [01m[K/opt/ros/noetic/include/ros/ros.h:38[m[K,
                 from [01m[K/home/albertozafra7/Desktop/Universidad/Master/AR/project/catkin_ws/src/arob_mpc/include/arob_mpc/mpc_custom.h:5[m[K,
                 from [01m[K/home/albertozafra7/Desktop/Universidad/Master/AR/project/catkin_ws/src/arob_mpc/src/mpc_custom.cpp:1[m[K:
[01m[K/usr/include/c++/11/complex:1062:5:[m[K [01;36m[Knote: [m[Kcandidate: ‘[01m[Ktemplate<class _Tp> std::complex<_Tp> std::pow(const std::complex<_Tp>&, const std::complex<_Tp>&)[m[K’
 1062 |     [01;36m[Kpow[m[K(const complex<_Tp>& __x, const complex<_Tp>& __y)
      |     [01;36m[K^~~[m[K
[01m[K/usr/include/c++/11/complex:1062:5:[m[K [01;36m[Knote: [m[K  template argument deduction/substitution failed:
[01m[K/home/albertozafra7/Desktop/Universidad/Master/AR/project/catkin_ws/src/arob_mpc/src/mpc_custom.cpp:256:41:[m[K [01;36m[Knote: [m[K  ‘[01m[Kcasadi::MX[m[K’ is not derived from ‘[01m[Kconst std::complex<_Tp>[m[K’
  256 |                              [01;36m[Kcasadi::pow(pos_z(k) - ref_z, 2)[m[K;
      |                              [01;36m[K~~~~~~~~~~~^~~~~~~~~~~~~~~~~~~~~[m[K
In file included from [01m[K/usr/include/boost/config/no_tr1/complex.hpp:21[m[K,
                 from [01m[K/usr/include/boost/math/policies/error_handling.hpp:17[m[K,
                 from [01m[K/usr/include/boost/math/special_functions/round.hpp:14[m[K,
                 from [01m[K/opt/ros/noetic/include/ros/time.h:58[m[K,
                 from [01m[K/opt/ros/noetic/include/ros/ros.h:38[m[K,
                 from [01m[K/home/albertozafra7/Desktop/Universidad/Master/AR/project/catkin_ws/src/arob_mpc/include/arob_mpc/mpc_custom.h:5[m[K,
                 from [01m[K/home/albertozafra7/Desktop/Universidad/Master/AR/project/catkin_ws/src/arob_mpc/src/mpc_custom.cpp:1[m[K:
[01m[K/usr/include/c++/11/complex:1028:5:[m[K [01;36m[Knote: [m[Kcandidate: ‘[01m[Ktemplate<class _Tp> std::complex<_Tp> std::pow(const std::complex<_Tp>&, const _Tp&)[m[K’
 1028 |     [01;36m[Kpow[m[K(const complex<_Tp>& __x, const _Tp& __y)
      |     [01;36m[K^~~[m[K
[01m[K/usr/include/c++/11/complex:1028:5:[m[K [01;36m[Knote: [m[K  template argument deduction/substitution failed:
[01m[K/home/albertozafra7/Desktop/Universidad/Master/AR/project/catkin_ws/src/arob_mpc/src/mpc_custom.cpp:256:41:[m[K [01;36m[Knote: [m[K  ‘[01m[Kcasadi::MX[m[K’ is not derived from ‘[01m[Kconst std::complex<_Tp>[m[K’
  256 |                              [01;36m[Kcasadi::pow(pos_z(k) - ref_z, 2)[m[K;
      |                              [01;36m[K~~~~~~~~~~~^~~~~~~~~~~~~~~~~~~~~[m[K
In file included from [01m[K/usr/include/boost/config/no_tr1/complex.hpp:21[m[K,
                 from [01m[K/usr/include/boost/math/policies/error_handling.hpp:17[m[K,
                 from [01m[K/usr/include/boost/math/special_functions/round.hpp:14[m[K,
                 from [01m[K/opt/ros/noetic/include/ros/time.h:58[m[K,
                 from [01m[K/opt/ros/noetic/include/ros/ros.h:38[m[K,
                 from [01m[K/home/albertozafra7/Desktop/Universidad/Master/AR/project/catkin_ws/src/arob_mpc/include/arob_mpc/mpc_custom.h:5[m[K,
                 from [01m[K/home/albertozafra7/Desktop/Universidad/Master/AR/project/catkin_ws/src/arob_mpc/src/mpc_custom.cpp:1[m[K:
[01m[K/usr/include/c++/11/complex:1019:5:[m[K [01;36m[Knote: [m[Kcandidate: ‘[01m[Ktemplate<class _Tp> std::complex<_Tp> std::pow(const std::complex<_Tp>&, int)[m[K’
 1019 |     [01;36m[Kpow[m[K(const complex<_Tp>& __z, int __n)
      |     [01;36m[K^~~[m[K
[01m[K/usr/include/c++/11/complex:1019:5:[m[K [01;36m[Knote: [m[K  template argument deduction/substitution failed:
[01m[K/home/albertozafra7/Desktop/Universidad/Master/AR/project/catkin_ws/src/arob_mpc/src/mpc_custom.cpp:256:41:[m[K [01;36m[Knote: [m[K  ‘[01m[Kcasadi::MX[m[K’ is not derived from ‘[01m[Kconst std::complex<_Tp>[m[K’
  256 |                              [01;36m[Kcasadi::pow(pos_z(k) - ref_z, 2)[m[K;
      |                              [01;36m[K~~~~~~~~~~~^~~~~~~~~~~~~~~~~~~~~[m[K
In file included from [01m[K/opt/ros/noetic/include/ros/time.h:55[m[K,
                 from [01m[K/opt/ros/noetic/include/ros/ros.h:38[m[K,
                 from [01m[K/home/albertozafra7/Desktop/Universidad/Master/AR/project/catkin_ws/src/arob_mpc/include/arob_mpc/mpc_custom.h:5[m[K,
                 from [01m[K/home/albertozafra7/Desktop/Universidad/Master/AR/project/catkin_ws/src/arob_mpc/src/mpc_custom.cpp:1[m[K:
[01m[K/usr/include/c++/11/cmath:415:5:[m[K [01;36m[Knote: [m[Kcandidate: ‘[01m[Ktemplate<class _Tp, class _Up> constexpr typename __gnu_cxx::__promote_2<_Tp, _Up>::__type std::pow(_Tp, _Up)[m[K’
  415 |     [01;36m[Kpow[m[K(_Tp __x, _Up __y)
      |     [01;36m[K^~~[m[K
[01m[K/usr/include/c++/11/cmath:415:5:[m[K [01;36m[Knote: [m[K  template argument deduction/substitution failed:
/usr/include/c++/11/cmath: In substitution of ‘[01m[Ktemplate<class _Tp, class _Up> constexpr typename __gnu_cxx::__promote_2<_Tp, _Up>::__type std::pow(_Tp, _Up) [with _Tp = casadi::MX; _Up = int][m[K’:
[01m[K/home/albertozafra7/Desktop/Universidad/Master/AR/project/catkin_ws/src/arob_mpc/src/mpc_custom.cpp:256:41:[m[K   required from here
[01m[K/usr/include/c++/11/cmath:415:5:[m[K [01;31m[Kerror: [m[Kno type named ‘[01m[K__type[m[K’ in ‘[01m[Kstruct __gnu_cxx::__promote<casadi::MX, false>[m[K’
[01m[K/usr/include/c++/11/cmath:392:3:[m[K [01;36m[Knote: [m[Kcandidate: ‘[01m[Kconstexpr long double std::pow(long double, long double)[m[K’
  392 |   [01;36m[Kpow[m[K(long double __x, long double __y)
      |   [01;36m[K^~~[m[K
[01m[K/usr/include/c++/11/cmath:392:19:[m[K [01;36m[Knote: [m[K  no known conversion for argument 1 from ‘[01m[Kcasadi::MX[m[K’ to ‘[01m[Klong double[m[K’
  392 |   pow([01;36m[Klong double __x[m[K, long double __y)
      |       [01;36m[K~~~~~~~~~~~~^~~[m[K
[01m[K/usr/include/c++/11/cmath:388:3:[m[K [01;36m[Knote: [m[Kcandidate: ‘[01m[Kconstexpr float std::pow(float, float)[m[K’
  388 |   [01;36m[Kpow[m[K(float __x, float __y)
      |   [01;36m[K^~~[m[K
[01m[K/usr/include/c++/11/cmath:388:13:[m[K [01;36m[Knote: [m[K  no known conversion for argument 1 from ‘[01m[Kcasadi::MX[m[K’ to ‘[01m[Kfloat[m[K’
  388 |   pow([01;36m[Kfloat __x[m[K, float __y)
      |       [01;36m[K~~~~~~^~~[m[K
In file included from [01m[K/usr/include/features.h:461[m[K,
                 from [01m[K/usr/include/x86_64-linux-gnu/c++/11/bits/os_defines.h:39[m[K,
                 from [01m[K/usr/include/x86_64-linux-gnu/c++/11/bits/c++config.h:586[m[K,
                 from [01m[K/usr/include/c++/11/cstdlib:41[m[K,
                 from [01m[K/usr/include/c++/11/stdlib.h:36[m[K,
                 from [01m[K/opt/ros/noetic/include/ros/platform.h:37[m[K,
                 from [01m[K/opt/ros/noetic/include/ros/time.h:53[m[K,
                 from [01m[K/opt/ros/noetic/include/ros/ros.h:38[m[K,
                 from [01m[K/home/albertozafra7/Desktop/Universidad/Master/AR/project/catkin_ws/src/arob_mpc/include/arob_mpc/mpc_custom.h:5[m[K,
                 from [01m[K/home/albertozafra7/Desktop/Universidad/Master/AR/project/catkin_ws/src/arob_mpc/src/mpc_custom.cpp:1[m[K:
[01m[K/usr/include/x86_64-linux-gnu/bits/mathcalls.h:140:1:[m[K [01;36m[Knote: [m[Kcandidate: ‘[01m[Kdouble pow(double, double)[m[K’
  140 | [01;36m[K__MATHCALL_VEC[m[K (pow,, (_Mdouble_ __x, _Mdouble_ __y));
      | [01;36m[K^~~~~~~~~~~~~~[m[K
In file included from [01m[K/usr/include/c++/11/cmath:45[m[K,
                 from [01m[K/opt/ros/noetic/include/ros/time.h:55[m[K,
                 from [01m[K/opt/ros/noetic/include/ros/ros.h:38[m[K,
                 from [01m[K/home/albertozafra7/Desktop/Universidad/Master/AR/project/catkin_ws/src/arob_mpc/include/arob_mpc/mpc_custom.h:5[m[K,
                 from [01m[K/home/albertozafra7/Desktop/Universidad/Master/AR/project/catkin_ws/src/arob_mpc/src/mpc_custom.cpp:1[m[K:
[01m[K/usr/include/x86_64-linux-gnu/bits/mathcalls.h:140:1:[m[K [01;36m[Knote: [m[K  no known conversion for argument 1 from ‘[01m[Kcasadi::MX[m[K’ to ‘[01m[Kdouble[m[K’
  140 | [01;36m[K_[m[K_MATHCALL_VEC (pow,, (_Mdouble_ __x, _Mdouble_ __y));
      | [01;36m[K^[m[K
[01m[K/home/albertozafra7/Desktop/Universidad/Master/AR/project/catkin_ws/src/arob_mpc/src/mpc_custom.cpp:[m[K In member function ‘[01m[Kvoid mpc_custom::update_current_states()[m[K’:
[01m[K/home/albertozafra7/Desktop/Universidad/Master/AR/project/catkin_ws/src/arob_mpc/src/mpc_custom.cpp:432:22:[m[K [01;35m[Kwarning: [m[Kunused variable ‘[01m[Kpx[m[K’ [[01;35m[K]8;;https://gcc.gnu.org/onlinedocs/gcc/Warning-Options.html#index-Wunused-variable-Wunused-variable]8;;[m[K]
  432 |         const double [01;35m[Kpx[m[K = current_pos.pose.position.x;
      |                      [01;35m[K^~[m[K
[01m[K/home/albertozafra7/Desktop/Universidad/Master/AR/project/catkin_ws/src/arob_mpc/src/mpc_custom.cpp:433:22:[m[K [01;35m[Kwarning: [m[Kunused variable ‘[01m[Kpy[m[K’ [[01;35m[K]8;;https://gcc.gnu.org/onlinedocs/gcc/Warning-Options.html#index-Wunused-variable-Wunused-variable]8;;[m[K]
  433 |         const double [01;35m[Kpy[m[K = current_pos.pose.position.y;
      |                      [01;35m[K^~[m[K
[01m[K/home/albertozafra7/Desktop/Universidad/Master/AR/project/catkin_ws/src/arob_mpc/src/mpc_custom.cpp:434:22:[m[K [01;35m[Kwarning: [m[Kunused variable ‘[01m[Kpz[m[K’ [[01;35m[K]8;;https://gcc.gnu.org/onlinedocs/gcc/Warning-Options.html#index-Wunused-variable-Wunused-variable]8;;[m[K]
  434 |         const double [01;35m[Kpz[m[K = current_pos.pose.position.z;
      |                      [01;35m[K^~[m[K
make[2]: *** [CMakeFiles/mpc_custom.dir/build.make:76: CMakeFiles/mpc_custom.dir/src/mpc_custom.cpp.o] Error 1
make[1]: *** [CMakeFiles/Makefile2:2223: CMakeFiles/mpc_custom.dir/all] Error 2
make: *** [Makefile:146: all] Error 2
