[  0%] Built target mav_msgs_generate_messages_nodejs
[  0%] Built target sensor_msgs_generate_messages_nodejs
[  0%] Built target std_msgs_generate_messages_nodejs
[  0%] Built target sensor_msgs_generate_messages_py
[  0%] Built target std_msgs_generate_messages_cpp
[  0%] Built target geometry_msgs_generate_messages_eus
[  0%] Built target roscpp_generate_messages_cpp
[  0%] Built target mav_msgs_generate_messages_lisp
[  0%] Built target mav_planning_msgs_generate_messages_nodejs
[  0%] Built target mav_planning_msgs_generate_messages_cpp
[  0%] Built target rosgraph_msgs_generate_messages_nodejs
[  0%] Built target actionlib_msgs_generate_messages_py
[  0%] Built target std_msgs_generate_messages_lisp
[  0%] Built target std_msgs_generate_messages_py
[  0%] Built target mav_planning_msgs_generate_messages_lisp
[  0%] Built target roscpp_generate_messages_lisp
[  0%] Built target rosgraph_msgs_generate_messages_py
[  0%] Built target mav_msgs_generate_messages_py
[  0%] Built target actionlib_msgs_generate_messages_eus
[  0%] Built target mav_msgs_generate_messages_cpp
[  0%] Built target geometry_msgs_generate_messages_nodejs
[  0%] Built target roscpp_generate_messages_eus
[  0%] Built target rosgraph_msgs_generate_messages_lisp
[  0%] Built target mav_msgs_generate_messages_eus
[  0%] Built target geometry_msgs_generate_messages_cpp
[  0%] Built target visualization_msgs_generate_messages_lisp
[  0%] Built target geometry_msgs_generate_messages_lisp
[  0%] Built target rosgraph_msgs_generate_messages_eus
[  0%] Built target geometry_msgs_generate_messages_py
[  0%] Built target visualization_msgs_generate_messages_eus
[  0%] Built target roscpp_generate_messages_nodejs
[  0%] Built target nav_msgs_generate_messages_cpp
[  0%] Built target roscpp_generate_messages_py
[  0%] Built target trajectory_msgs_generate_messages_nodejs
[  0%] Built target trajectory_msgs_generate_messages_eus
[  0%] Built target nav_msgs_generate_messages_py
[  0%] Built target trajectory_msgs_generate_messages_lisp
[  0%] Built target trajectory_msgs_generate_messages_cpp
[  0%] Built target rosgraph_msgs_generate_messages_cpp
[  0%] Built target trajectory_msgs_generate_messages_py
[  0%] Built target visualization_msgs_generate_messages_nodejs
[  0%] Built target visualization_msgs_generate_messages_py
[  0%] Built target std_msgs_generate_messages_eus
[  0%] Built target nav_msgs_generate_messages_eus
[  0%] Built target actionlib_msgs_generate_messages_nodejs
[  0%] Built target actionlib_msgs_generate_messages_lisp
[  0%] Built target actionlib_msgs_generate_messages_cpp
[  0%] Built target nav_msgs_generate_messages_lisp
[  0%] Built target sensor_msgs_generate_messages_cpp
[  0%] Built target sensor_msgs_generate_messages_eus
[  0%] Built target nav_msgs_generate_messages_nodejs
[  0%] Built target mav_planning_msgs_generate_messages_eus
[  0%] Built target visualization_msgs_generate_messages_cpp
[  0%] Built target sensor_msgs_generate_messages_lisp
[  0%] Built target mav_planning_msgs_generate_messages_py
[35m[1mScanning dependencies of target mpc_custom[0m
[  0%] Built target _arob_mpc_generate_messages_check_deps_vector_poses
[ 18%] Built target drone_race
[ 27%] [32mBuilding CXX object CMakeFiles/mpc_custom.dir/src/mpc_custom.cpp.o[0m
[ 45%] Built target arob_mpc_generate_messages_eus
[ 63%] Built target arob_mpc_generate_messages_py
[ 72%] Built target arob_mpc_generate_messages_nodejs
[ 81%] Built target arob_mpc_generate_messages_cpp
[ 90%] Built target arob_mpc_generate_messages_lisp
[ 90%] Built target arob_mpc_generate_messages
[01m[K/home/albertozafra7/Desktop/Universidad/Master/AR/project/catkin_ws/src/arob_mpc/src/mpc_custom.cpp:[m[K In member function ‘[01m[Kvoid mpc_custom::pose_update(const Odometry&)[m[K’:
[01m[K/home/albertozafra7/Desktop/Universidad/Master/AR/project/catkin_ws/src/arob_mpc/src/mpc_custom.cpp:64:71:[m[K [01;31m[Kerror: [m[Kexpression cannot be used as a function
   64 |         current_pose.pose.orientation.x = msg.pose.pose.orientation.x([01;31m[K)[m[K;
      |                                                                       [01;31m[K^[m[K
[01m[K/home/albertozafra7/Desktop/Universidad/Master/AR/project/catkin_ws/src/arob_mpc/src/mpc_custom.cpp:65:71:[m[K [01;31m[Kerror: [m[Kexpression cannot be used as a function
   65 |         current_pose.pose.orientation.y = msg.pose.pose.orientation.y([01;31m[K)[m[K;
      |                                                                       [01;31m[K^[m[K
[01m[K/home/albertozafra7/Desktop/Universidad/Master/AR/project/catkin_ws/src/arob_mpc/src/mpc_custom.cpp:66:71:[m[K [01;31m[Kerror: [m[Kexpression cannot be used as a function
   66 |         current_pose.pose.orientation.z = msg.pose.pose.orientation.z([01;31m[K)[m[K;
      |                                                                       [01;31m[K^[m[K
[01m[K/home/albertozafra7/Desktop/Universidad/Master/AR/project/catkin_ws/src/arob_mpc/src/mpc_custom.cpp:67:71:[m[K [01;31m[Kerror: [m[Kexpression cannot be used as a function
   67 |         current_pose.pose.orientation.w = msg.pose.pose.orientation.w([01;31m[K)[m[K;
      |                                                                       [01;31m[K^[m[K
make[2]: *** [CMakeFiles/mpc_custom.dir/build.make:63: CMakeFiles/mpc_custom.dir/src/mpc_custom.cpp.o] Error 1
make[1]: *** [CMakeFiles/Makefile2:2001: CMakeFiles/mpc_custom.dir/all] Error 2
make: *** [Makefile:141: all] Error 2
