[  0%] Built target mav_msgs_generate_messages_nodejs
[  0%] Built target std_msgs_generate_messages_cpp
[  0%] Built target std_msgs_generate_messages_nodejs
[  0%] Built target geometry_msgs_generate_messages_eus
[  0%] Built target sensor_msgs_generate_messages_py
[  0%] Built target roscpp_generate_messages_cpp
[  0%] Built target sensor_msgs_generate_messages_nodejs
[  0%] Built target mav_msgs_generate_messages_lisp
[  0%] Built target std_msgs_generate_messages_py
[  0%] Built target std_msgs_generate_messages_lisp
[  0%] Built target rosgraph_msgs_generate_messages_nodejs
[  0%] Built target mav_planning_msgs_generate_messages_lisp
[  0%] Built target actionlib_msgs_generate_messages_py
[  0%] Built target mav_planning_msgs_generate_messages_nodejs
[  0%] Built target mav_planning_msgs_generate_messages_cpp
[  0%] Built target roscpp_generate_messages_lisp
[  0%] Built target rosgraph_msgs_generate_messages_lisp
[  0%] Built target mav_msgs_generate_messages_py
[  0%] Built target mav_msgs_generate_messages_eus
[  0%] Built target roscpp_generate_messages_eus
[  0%] Built target rosgraph_msgs_generate_messages_py
[  0%] Built target actionlib_msgs_generate_messages_eus
[  0%] Built target mav_msgs_generate_messages_cpp
[  0%] Built target geometry_msgs_generate_messages_nodejs
[  0%] Built target geometry_msgs_generate_messages_cpp
[  0%] Built target rosgraph_msgs_generate_messages_eus
[  0%] Built target visualization_msgs_generate_messages_lisp
[  0%] Built target visualization_msgs_generate_messages_eus
[  0%] Built target roscpp_generate_messages_nodejs
[  0%] Built target geometry_msgs_generate_messages_lisp
[  0%] Built target nav_msgs_generate_messages_cpp
[  0%] Built target geometry_msgs_generate_messages_py
[  0%] Built target roscpp_generate_messages_py
[  0%] Built target trajectory_msgs_generate_messages_cpp
[  0%] Built target nav_msgs_generate_messages_py
[  0%] Built target trajectory_msgs_generate_messages_eus
[  0%] Built target trajectory_msgs_generate_messages_lisp
[  0%] Built target rosgraph_msgs_generate_messages_cpp
[  0%] Built target trajectory_msgs_generate_messages_nodejs
[  0%] Built target trajectory_msgs_generate_messages_py
[  0%] Built target nav_msgs_generate_messages_eus
[  0%] Built target visualization_msgs_generate_messages_nodejs
[  0%] Built target std_msgs_generate_messages_eus
[  0%] Built target actionlib_msgs_generate_messages_nodejs
[  0%] Built target actionlib_msgs_generate_messages_lisp
[  0%] Built target actionlib_msgs_generate_messages_cpp
[  0%] Built target nav_msgs_generate_messages_lisp
[  0%] Built target visualization_msgs_generate_messages_py
[  0%] Built target nav_msgs_generate_messages_nodejs
[  0%] Built target mav_planning_msgs_generate_messages_py
[  0%] Built target sensor_msgs_generate_messages_cpp
[  0%] Built target visualization_msgs_generate_messages_cpp
[  0%] Built target mav_planning_msgs_generate_messages_eus
[  0%] Built target sensor_msgs_generate_messages_eus
[  0%] Built target sensor_msgs_generate_messages_lisp
[35m[1mScanning dependencies of target mpc_custom[0m
[ 18%] Built target drone_race
[ 18%] Built target _arob_mpc_generate_messages_check_deps_vector_poses
[ 27%] [32mBuilding CXX object CMakeFiles/mpc_custom.dir/src/mpc_custom.cpp.o[0m
[ 36%] Built target arob_mpc_generate_messages_lisp
[ 45%] Built target arob_mpc_generate_messages_nodejs
[ 54%] Built target arob_mpc_generate_messages_cpp
[ 72%] Built target arob_mpc_generate_messages_eus
[ 90%] Built target arob_mpc_generate_messages_py
[ 90%] Built target arob_mpc_generate_messages
[01m[K/home/albertozafra7/Desktop/Universidad/Master/AR/project/catkin_ws/src/arob_mpc/src/mpc_custom.cpp:[m[K In member function ‘[01m[Kvoid mpc_custom::mpc()[m[K’:
[01m[K/home/albertozafra7/Desktop/Universidad/Master/AR/project/catkin_ws/src/arob_mpc/src/mpc_custom.cpp:197:17:[m[K [01;31m[Kerror: [m[Kno matching function for call to ‘[01m[KFG_eval::FG_eval()[m[K’
  197 |         FG_eval [01;31m[Kfg_eval[m[K;
      |                 [01;31m[K^~~~~~~[m[K
[01m[K/home/albertozafra7/Desktop/Universidad/Master/AR/project/catkin_ws/src/arob_mpc/src/mpc_custom.cpp:12:5:[m[K [01;36m[Knote: [m[Kcandidate: ‘[01m[KFG_eval::FG_eval(Eigen::VectorXd)[m[K’
   12 |     [01;36m[KFG_eval[m[K(Eigen::VectorXd coeffs) {
      |     [01;36m[K^~~~~~~[m[K
[01m[K/home/albertozafra7/Desktop/Universidad/Master/AR/project/catkin_ws/src/arob_mpc/src/mpc_custom.cpp:12:5:[m[K [01;36m[Knote: [m[K  candidate expects 1 argument, 0 provided
[01m[K/home/albertozafra7/Desktop/Universidad/Master/AR/project/catkin_ws/src/arob_mpc/src/mpc_custom.cpp:6:7:[m[K [01;36m[Knote: [m[Kcandidate: ‘[01m[KFG_eval::FG_eval(const FG_eval&)[m[K’
    6 | class [01;36m[KFG_eval[m[K {
      |       [01;36m[K^~~~~~~[m[K
[01m[K/home/albertozafra7/Desktop/Universidad/Master/AR/project/catkin_ws/src/arob_mpc/src/mpc_custom.cpp:6:7:[m[K [01;36m[Knote: [m[K  candidate expects 1 argument, 0 provided
[01m[K/home/albertozafra7/Desktop/Universidad/Master/AR/project/catkin_ws/src/arob_mpc/src/mpc_custom.cpp:6:7:[m[K [01;36m[Knote: [m[Kcandidate: ‘[01m[KFG_eval::FG_eval(FG_eval&&)[m[K’
[01m[K/home/albertozafra7/Desktop/Universidad/Master/AR/project/catkin_ws/src/arob_mpc/src/mpc_custom.cpp:6:7:[m[K [01;36m[Knote: [m[K  candidate expects 1 argument, 0 provided
make[2]: *** [CMakeFiles/mpc_custom.dir/build.make:63: CMakeFiles/mpc_custom.dir/src/mpc_custom.cpp.o] Error 1
make[1]: *** [CMakeFiles/Makefile2:2001: CMakeFiles/mpc_custom.dir/all] Error 2
make: *** [Makefile:141: all] Error 2
