[  0%] Built target geometry_msgs_generate_messages_nodejs
[  0%] Built target geometry_msgs_generate_messages_cpp
[  0%] Built target geometry_msgs_generate_messages_py
[  0%] Built target geometry_msgs_generate_messages_eus
[  0%] Built target geometry_msgs_generate_messages_lisp
[  0%] Built target roscpp_generate_messages_eus
[  0%] Built target roscpp_generate_messages_cpp
[  0%] Built target roscpp_generate_messages_lisp
[  0%] Built target roscpp_generate_messages_py
[  0%] Built target roscpp_generate_messages_nodejs
[  0%] Built target rosgraph_msgs_generate_messages_cpp
[  0%] Built target rosgraph_msgs_generate_messages_eus
[  0%] Built target rosgraph_msgs_generate_messages_lisp
[  0%] Built target rosgraph_msgs_generate_messages_py
[  0%] Built target rosgraph_msgs_generate_messages_nodejs
[  0%] Built target std_msgs_generate_messages_cpp
[  0%] Built target std_msgs_generate_messages_eus
[  0%] Built target std_msgs_generate_messages_lisp
[  0%] Built target std_msgs_generate_messages_nodejs
[  0%] Built target std_msgs_generate_messages_py
[  0%] Built target arob_mpc_generate_messages_py
[ 33%] Built target arob_mpc_generate_messages_eus
[ 33%] Built target arob_mpc_generate_messages_cpp
[ 33%] Built target arob_mpc_generate_messages_lisp
[ 33%] Built target arob_mpc_generate_messages_nodejs
[ 33%] Built target arob_mpc_generate_messages
[ 66%] [32m[1mLinking CXX executable /home/albertozafra7/Desktop/Universidad/Master/AR/project/catkin_ws/devel/.private/arob_mpc/lib/arob_mpc/mpc_node_custom[0m
/usr/bin/ld: cannot find -lcppad
collect2: error: ld returned 1 exit status
make[2]: *** [CMakeFiles/mpc_node_custom.dir/build.make:114: /home/albertozafra7/Desktop/Universidad/Master/AR/project/catkin_ws/devel/.private/arob_mpc/lib/arob_mpc/mpc_node_custom] Error 1
make[1]: *** [CMakeFiles/Makefile2:1129: CMakeFiles/mpc_node_custom.dir/all] Error 2
make: *** [Makefile:146: all] Error 2
