Warning: Cannot symlink from /home/albertozafra7/Desktop/Universidad/Master/AR/project/catkin_ws/devel/.private/geographic_msgs/share/geographic_msgs/cmake/geographic_msgs-msg-paths.cmake to existing file /home/albertozafra7/Desktop/Universidad/Master/AR/project/catkin_ws/devel/share/geographic_msgs/cmake/geographic_msgs-msg-paths.cmake
Warning: Source hash: df241d1c96f7d2eca0c2b3e4dd081443
Warning: Dest hash: 0df5c3439f1131611cc9b4d1e700e97a
Warning: Cannot symlink from /home/albertozafra7/Desktop/Universidad/Master/AR/project/catkin_ws/devel/.private/geographic_msgs/share/geographic_msgs/cmake/geographic_msgsConfig.cmake to existing file /home/albertozafra7/Desktop/Universidad/Master/AR/project/catkin_ws/devel/share/geographic_msgs/cmake/geographic_msgsConfig.cmake
Warning: Source hash: 27f1e4b90832051fe24b3fc36de5fabe
Warning: Dest hash: f6cf95078108b5c1fd37f072d4d425ad
Warning: Cannot symlink from /home/albertozafra7/Desktop/Universidad/Master/AR/project/catkin_ws/devel/.private/geographic_msgs/share/geographic_msgs/cmake/geographic_msgs-msg-extras.cmake to existing file /home/albertozafra7/Desktop/Universidad/Master/AR/project/catkin_ws/devel/share/geographic_msgs/cmake/geographic_msgs-msg-extras.cmake
Warning: Source hash: c29dd8b15d1ba20d5b725a69483e54e6
Warning: Dest hash: 26a3f1095d5d1f52152f5f8111b47dd9
Warning: Cannot symlink from /home/albertozafra7/Desktop/Universidad/Master/AR/project/catkin_ws/devel/.private/geographic_msgs/lib/pkgconfig/geographic_msgs.pc to existing file /home/albertozafra7/Desktop/Universidad/Master/AR/project/catkin_ws/devel/lib/pkgconfig/geographic_msgs.pc
Warning: Source hash: dc19878b36b15c15508560dd5e3fc6ca
Warning: Dest hash: 9a26afb40d5a3b81b3f6b407a0a937f6
Cleaning: (/home/albertozafra7/Desktop/Universidad/Master/AR/Lab6/catkin_ws/devel/.private/geographic_msgs/cmake.lock, /home/albertozafra7/Desktop/Universidad/Master/AR/Lab6/catkin_ws/devel/./cmake.lock)
Cleaning: (/home/albertozafra7/Desktop/Universidad/Master/AR/Lab6/catkin_ws/devel/.private/geographic_msgs/share/roseus/ros/geographic_msgs/manifest.l, /home/albertozafra7/Desktop/Universidad/Master/AR/Lab6/catkin_ws/devel/share/roseus/ros/geographic_msgs/manifest.l)
Cleaning: (/home/albertozafra7/Desktop/Universidad/Master/AR/Lab6/catkin_ws/devel/.private/geographic_msgs/share/roseus/ros/geographic_msgs/msg/RouteNetwork.l, /home/albertozafra7/Desktop/Universidad/Master/AR/Lab6/catkin_ws/devel/share/roseus/ros/geographic_msgs/msg/RouteNetwork.l)
Cleaning: (/home/albertozafra7/Desktop/Universidad/Master/AR/Lab6/catkin_ws/devel/.private/geographic_msgs/share/roseus/ros/geographic_msgs/msg/GeoPath.l, /home/albertozafra7/Desktop/Universidad/Master/AR/Lab6/catkin_ws/devel/share/roseus/ros/geographic_msgs/msg/GeoPath.l)
Cleaning: (/home/albertozafra7/Desktop/Universidad/Master/AR/Lab6/catkin_ws/devel/.private/geographic_msgs/share/roseus/ros/geographic_msgs/msg/GeoPoint.l, /home/albertozafra7/Desktop/Universidad/Master/AR/Lab6/catkin_ws/devel/share/roseus/ros/geographic_msgs/msg/GeoPoint.l)
Cleaning: (/home/albertozafra7/Desktop/Universidad/Master/AR/Lab6/catkin_ws/devel/.private/geographic_msgs/share/roseus/ros/geographic_msgs/msg/GeoPointStamped.l, /home/albertozafra7/Desktop/Universidad/Master/AR/Lab6/catkin_ws/devel/share/roseus/ros/geographic_msgs/msg/GeoPointStamped.l)
Cleaning: (/home/albertozafra7/Desktop/Universidad/Master/AR/Lab6/catkin_ws/devel/.private/geographic_msgs/share/roseus/ros/geographic_msgs/msg/BoundingBox.l, /home/albertozafra7/Desktop/Universidad/Master/AR/Lab6/catkin_ws/devel/share/roseus/ros/geographic_msgs/msg/BoundingBox.l)
Cleaning: (/home/albertozafra7/Desktop/Universidad/Master/AR/Lab6/catkin_ws/devel/.private/geographic_msgs/share/roseus/ros/geographic_msgs/msg/GeographicMapChanges.l, /home/albertozafra7/Desktop/Universidad/Master/AR/Lab6/catkin_ws/devel/share/roseus/ros/geographic_msgs/msg/GeographicMapChanges.l)
Cleaning: (/home/albertozafra7/Desktop/Universidad/Master/AR/Lab6/catkin_ws/devel/.private/geographic_msgs/share/roseus/ros/geographic_msgs/msg/RouteSegment.l, /home/albertozafra7/Desktop/Universidad/Master/AR/Lab6/catkin_ws/devel/share/roseus/ros/geographic_msgs/msg/RouteSegment.l)
Cleaning: (/home/albertozafra7/Desktop/Universidad/Master/AR/Lab6/catkin_ws/devel/.private/geographic_msgs/share/roseus/ros/geographic_msgs/msg/GeographicMap.l, /home/albertozafra7/Desktop/Universidad/Master/AR/Lab6/catkin_ws/devel/share/roseus/ros/geographic_msgs/msg/GeographicMap.l)
Cleaning: (/home/albertozafra7/Desktop/Universidad/Master/AR/Lab6/catkin_ws/devel/.private/geographic_msgs/share/roseus/ros/geographic_msgs/msg/GeoPoseWithCovariance.l, /home/albertozafra7/Desktop/Universidad/Master/AR/Lab6/catkin_ws/devel/share/roseus/ros/geographic_msgs/msg/GeoPoseWithCovariance.l)
Cleaning: (/home/albertozafra7/Desktop/Universidad/Master/AR/Lab6/catkin_ws/devel/.private/geographic_msgs/share/roseus/ros/geographic_msgs/msg/RoutePath.l, /home/albertozafra7/Desktop/Universidad/Master/AR/Lab6/catkin_ws/devel/share/roseus/ros/geographic_msgs/msg/RoutePath.l)
Cleaning: (/home/albertozafra7/Desktop/Universidad/Master/AR/Lab6/catkin_ws/devel/.private/geographic_msgs/share/roseus/ros/geographic_msgs/msg/MapFeature.l, /home/albertozafra7/Desktop/Universidad/Master/AR/Lab6/catkin_ws/devel/share/roseus/ros/geographic_msgs/msg/MapFeature.l)
Cleaning: (/home/albertozafra7/Desktop/Universidad/Master/AR/Lab6/catkin_ws/devel/.private/geographic_msgs/share/roseus/ros/geographic_msgs/msg/GeoPoseStamped.l, /home/albertozafra7/Desktop/Universidad/Master/AR/Lab6/catkin_ws/devel/share/roseus/ros/geographic_msgs/msg/GeoPoseStamped.l)
Cleaning: (/home/albertozafra7/Desktop/Universidad/Master/AR/Lab6/catkin_ws/devel/.private/geographic_msgs/share/roseus/ros/geographic_msgs/msg/GeoPoseWithCovarianceStamped.l, /home/albertozafra7/Desktop/Universidad/Master/AR/Lab6/catkin_ws/devel/share/roseus/ros/geographic_msgs/msg/GeoPoseWithCovarianceStamped.l)
Cleaning: (/home/albertozafra7/Desktop/Universidad/Master/AR/Lab6/catkin_ws/devel/.private/geographic_msgs/share/roseus/ros/geographic_msgs/msg/GeoPose.l, /home/albertozafra7/Desktop/Universidad/Master/AR/Lab6/catkin_ws/devel/share/roseus/ros/geographic_msgs/msg/GeoPose.l)
Cleaning: (/home/albertozafra7/Desktop/Universidad/Master/AR/Lab6/catkin_ws/devel/.private/geographic_msgs/share/roseus/ros/geographic_msgs/msg/WayPoint.l, /home/albertozafra7/Desktop/Universidad/Master/AR/Lab6/catkin_ws/devel/share/roseus/ros/geographic_msgs/msg/WayPoint.l)
Cleaning: (/home/albertozafra7/Desktop/Universidad/Master/AR/Lab6/catkin_ws/devel/.private/geographic_msgs/share/roseus/ros/geographic_msgs/msg/KeyValue.l, /home/albertozafra7/Desktop/Universidad/Master/AR/Lab6/catkin_ws/devel/share/roseus/ros/geographic_msgs/msg/KeyValue.l)
Cleaning: (/home/albertozafra7/Desktop/Universidad/Master/AR/Lab6/catkin_ws/devel/.private/geographic_msgs/share/roseus/ros/geographic_msgs/srv/GetGeoPath.l, /home/albertozafra7/Desktop/Universidad/Master/AR/Lab6/catkin_ws/devel/share/roseus/ros/geographic_msgs/srv/GetGeoPath.l)
Cleaning: (/home/albertozafra7/Desktop/Universidad/Master/AR/Lab6/catkin_ws/devel/.private/geographic_msgs/share/roseus/ros/geographic_msgs/srv/GetGeographicMap.l, /home/albertozafra7/Desktop/Universidad/Master/AR/Lab6/catkin_ws/devel/share/roseus/ros/geographic_msgs/srv/GetGeographicMap.l)
Cleaning: (/home/albertozafra7/Desktop/Universidad/Master/AR/Lab6/catkin_ws/devel/.private/geographic_msgs/share/roseus/ros/geographic_msgs/srv/UpdateGeographicMap.l, /home/albertozafra7/Desktop/Universidad/Master/AR/Lab6/catkin_ws/devel/share/roseus/ros/geographic_msgs/srv/UpdateGeographicMap.l)
Cleaning: (/home/albertozafra7/Desktop/Universidad/Master/AR/Lab6/catkin_ws/devel/.private/geographic_msgs/share/roseus/ros/geographic_msgs/srv/GetRoutePlan.l, /home/albertozafra7/Desktop/Universidad/Master/AR/Lab6/catkin_ws/devel/share/roseus/ros/geographic_msgs/srv/GetRoutePlan.l)
Cleaning: (/home/albertozafra7/Desktop/Universidad/Master/AR/Lab6/catkin_ws/devel/.private/geographic_msgs/share/gennodejs/ros/geographic_msgs/_index.js, /home/albertozafra7/Desktop/Universidad/Master/AR/Lab6/catkin_ws/devel/share/gennodejs/ros/geographic_msgs/_index.js)
Cleaning: (/home/albertozafra7/Desktop/Universidad/Master/AR/Lab6/catkin_ws/devel/.private/geographic_msgs/share/gennodejs/ros/geographic_msgs/msg/GeoPose.js, /home/albertozafra7/Desktop/Universidad/Master/AR/Lab6/catkin_ws/devel/share/gennodejs/ros/geographic_msgs/msg/GeoPose.js)
Cleaning: (/home/albertozafra7/Desktop/Universidad/Master/AR/Lab6/catkin_ws/devel/.private/geographic_msgs/share/gennodejs/ros/geographic_msgs/msg/_index.js, /home/albertozafra7/Desktop/Universidad/Master/AR/Lab6/catkin_ws/devel/share/gennodejs/ros/geographic_msgs/msg/_index.js)
Cleaning: (/home/albertozafra7/Desktop/Universidad/Master/AR/Lab6/catkin_ws/devel/.private/geographic_msgs/share/gennodejs/ros/geographic_msgs/msg/GeographicMapChanges.js, /home/albertozafra7/Desktop/Universidad/Master/AR/Lab6/catkin_ws/devel/share/gennodejs/ros/geographic_msgs/msg/GeographicMapChanges.js)
Cleaning: (/home/albertozafra7/Desktop/Universidad/Master/AR/Lab6/catkin_ws/devel/.private/geographic_msgs/share/gennodejs/ros/geographic_msgs/msg/GeoPoseWithCovariance.js, /home/albertozafra7/Desktop/Universidad/Master/AR/Lab6/catkin_ws/devel/share/gennodejs/ros/geographic_msgs/msg/GeoPoseWithCovariance.js)
Cleaning: (/home/albertozafra7/Desktop/Universidad/Master/AR/Lab6/catkin_ws/devel/.private/geographic_msgs/share/gennodejs/ros/geographic_msgs/msg/GeoPath.js, /home/albertozafra7/Desktop/Universidad/Master/AR/Lab6/catkin_ws/devel/share/gennodejs/ros/geographic_msgs/msg/GeoPath.js)
Cleaning: (/home/albertozafra7/Desktop/Universidad/Master/AR/Lab6/catkin_ws/devel/.private/geographic_msgs/share/gennodejs/ros/geographic_msgs/msg/RouteSegment.js, /home/albertozafra7/Desktop/Universidad/Master/AR/Lab6/catkin_ws/devel/share/gennodejs/ros/geographic_msgs/msg/RouteSegment.js)
Cleaning: (/home/albertozafra7/Desktop/Universidad/Master/AR/Lab6/catkin_ws/devel/.private/geographic_msgs/share/gennodejs/ros/geographic_msgs/msg/KeyValue.js, /home/albertozafra7/Desktop/Universidad/Master/AR/Lab6/catkin_ws/devel/share/gennodejs/ros/geographic_msgs/msg/KeyValue.js)
Cleaning: (/home/albertozafra7/Desktop/Universidad/Master/AR/Lab6/catkin_ws/devel/.private/geographic_msgs/share/gennodejs/ros/geographic_msgs/msg/GeoPoint.js, /home/albertozafra7/Desktop/Universidad/Master/AR/Lab6/catkin_ws/devel/share/gennodejs/ros/geographic_msgs/msg/GeoPoint.js)
Cleaning: (/home/albertozafra7/Desktop/Universidad/Master/AR/Lab6/catkin_ws/devel/.private/geographic_msgs/share/gennodejs/ros/geographic_msgs/msg/GeoPoseWithCovarianceStamped.js, /home/albertozafra7/Desktop/Universidad/Master/AR/Lab6/catkin_ws/devel/share/gennodejs/ros/geographic_msgs/msg/GeoPoseWithCovarianceStamped.js)
Cleaning: (/home/albertozafra7/Desktop/Universidad/Master/AR/Lab6/catkin_ws/devel/.private/geographic_msgs/share/gennodejs/ros/geographic_msgs/msg/GeoPointStamped.js, /home/albertozafra7/Desktop/Universidad/Master/AR/Lab6/catkin_ws/devel/share/gennodejs/ros/geographic_msgs/msg/GeoPointStamped.js)
Cleaning: (/home/albertozafra7/Desktop/Universidad/Master/AR/Lab6/catkin_ws/devel/.private/geographic_msgs/share/gennodejs/ros/geographic_msgs/msg/RouteNetwork.js, /home/albertozafra7/Desktop/Universidad/Master/AR/Lab6/catkin_ws/devel/share/gennodejs/ros/geographic_msgs/msg/RouteNetwork.js)
Cleaning: (/home/albertozafra7/Desktop/Universidad/Master/AR/Lab6/catkin_ws/devel/.private/geographic_msgs/share/gennodejs/ros/geographic_msgs/msg/RoutePath.js, /home/albertozafra7/Desktop/Universidad/Master/AR/Lab6/catkin_ws/devel/share/gennodejs/ros/geographic_msgs/msg/RoutePath.js)
Cleaning: (/home/albertozafra7/Desktop/Universidad/Master/AR/Lab6/catkin_ws/devel/.private/geographic_msgs/share/gennodejs/ros/geographic_msgs/msg/GeographicMap.js, /home/albertozafra7/Desktop/Universidad/Master/AR/Lab6/catkin_ws/devel/share/gennodejs/ros/geographic_msgs/msg/GeographicMap.js)
Cleaning: (/home/albertozafra7/Desktop/Universidad/Master/AR/Lab6/catkin_ws/devel/.private/geographic_msgs/share/gennodejs/ros/geographic_msgs/msg/GeoPoseStamped.js, /home/albertozafra7/Desktop/Universidad/Master/AR/Lab6/catkin_ws/devel/share/gennodejs/ros/geographic_msgs/msg/GeoPoseStamped.js)
Cleaning: (/home/albertozafra7/Desktop/Universidad/Master/AR/Lab6/catkin_ws/devel/.private/geographic_msgs/share/gennodejs/ros/geographic_msgs/msg/BoundingBox.js, /home/albertozafra7/Desktop/Universidad/Master/AR/Lab6/catkin_ws/devel/share/gennodejs/ros/geographic_msgs/msg/BoundingBox.js)
Cleaning: (/home/albertozafra7/Desktop/Universidad/Master/AR/Lab6/catkin_ws/devel/.private/geographic_msgs/share/gennodejs/ros/geographic_msgs/msg/WayPoint.js, /home/albertozafra7/Desktop/Universidad/Master/AR/Lab6/catkin_ws/devel/share/gennodejs/ros/geographic_msgs/msg/WayPoint.js)
Cleaning: (/home/albertozafra7/Desktop/Universidad/Master/AR/Lab6/catkin_ws/devel/.private/geographic_msgs/share/gennodejs/ros/geographic_msgs/msg/MapFeature.js, /home/albertozafra7/Desktop/Universidad/Master/AR/Lab6/catkin_ws/devel/share/gennodejs/ros/geographic_msgs/msg/MapFeature.js)
Cleaning: (/home/albertozafra7/Desktop/Universidad/Master/AR/Lab6/catkin_ws/devel/.private/geographic_msgs/share/gennodejs/ros/geographic_msgs/srv/_index.js, /home/albertozafra7/Desktop/Universidad/Master/AR/Lab6/catkin_ws/devel/share/gennodejs/ros/geographic_msgs/srv/_index.js)
Cleaning: (/home/albertozafra7/Desktop/Universidad/Master/AR/Lab6/catkin_ws/devel/.private/geographic_msgs/share/gennodejs/ros/geographic_msgs/srv/UpdateGeographicMap.js, /home/albertozafra7/Desktop/Universidad/Master/AR/Lab6/catkin_ws/devel/share/gennodejs/ros/geographic_msgs/srv/UpdateGeographicMap.js)
Cleaning: (/home/albertozafra7/Desktop/Universidad/Master/AR/Lab6/catkin_ws/devel/.private/geographic_msgs/share/gennodejs/ros/geographic_msgs/srv/GetGeographicMap.js, /home/albertozafra7/Desktop/Universidad/Master/AR/Lab6/catkin_ws/devel/share/gennodejs/ros/geographic_msgs/srv/GetGeographicMap.js)
Cleaning: (/home/albertozafra7/Desktop/Universidad/Master/AR/Lab6/catkin_ws/devel/.private/geographic_msgs/share/gennodejs/ros/geographic_msgs/srv/GetGeoPath.js, /home/albertozafra7/Desktop/Universidad/Master/AR/Lab6/catkin_ws/devel/share/gennodejs/ros/geographic_msgs/srv/GetGeoPath.js)
Cleaning: (/home/albertozafra7/Desktop/Universidad/Master/AR/Lab6/catkin_ws/devel/.private/geographic_msgs/share/gennodejs/ros/geographic_msgs/srv/GetRoutePlan.js, /home/albertozafra7/Desktop/Universidad/Master/AR/Lab6/catkin_ws/devel/share/gennodejs/ros/geographic_msgs/srv/GetRoutePlan.js)
Cleaning: (/home/albertozafra7/Desktop/Universidad/Master/AR/Lab6/catkin_ws/devel/.private/geographic_msgs/share/geographic_msgs/cmake/geographic_msgs-msg-paths.cmake, /home/albertozafra7/Desktop/Universidad/Master/AR/Lab6/catkin_ws/devel/share/geographic_msgs/cmake/geographic_msgs-msg-paths.cmake)
Cleaning: (/home/albertozafra7/Desktop/Universidad/Master/AR/Lab6/catkin_ws/devel/.private/geographic_msgs/share/geographic_msgs/cmake/geographic_msgsConfig.cmake, /home/albertozafra7/Desktop/Universidad/Master/AR/Lab6/catkin_ws/devel/share/geographic_msgs/cmake/geographic_msgsConfig.cmake)
Cleaning: (/home/albertozafra7/Desktop/Universidad/Master/AR/Lab6/catkin_ws/devel/.private/geographic_msgs/share/geographic_msgs/cmake/geographic_msgsConfig-version.cmake, /home/albertozafra7/Desktop/Universidad/Master/AR/Lab6/catkin_ws/devel/share/geographic_msgs/cmake/geographic_msgsConfig-version.cmake)
Cleaning: (/home/albertozafra7/Desktop/Universidad/Master/AR/Lab6/catkin_ws/devel/.private/geographic_msgs/share/geographic_msgs/cmake/geographic_msgs-msg-extras.cmake, /home/albertozafra7/Desktop/Universidad/Master/AR/Lab6/catkin_ws/devel/share/geographic_msgs/cmake/geographic_msgs-msg-extras.cmake)
Cleaning: (/home/albertozafra7/Desktop/Universidad/Master/AR/Lab6/catkin_ws/devel/.private/geographic_msgs/share/common-lisp/ros/geographic_msgs/msg/_package_GeographicMap.lisp, /home/albertozafra7/Desktop/Universidad/Master/AR/Lab6/catkin_ws/devel/share/common-lisp/ros/geographic_msgs/msg/_package_GeographicMap.lisp)
Cleaning: (/home/albertozafra7/Desktop/Universidad/Master/AR/Lab6/catkin_ws/devel/.private/geographic_msgs/share/common-lisp/ros/geographic_msgs/msg/_package_GeographicMapChanges.lisp, /home/albertozafra7/Desktop/Universidad/Master/AR/Lab6/catkin_ws/devel/share/common-lisp/ros/geographic_msgs/msg/_package_GeographicMapChanges.lisp)
Cleaning: (/home/albertozafra7/Desktop/Universidad/Master/AR/Lab6/catkin_ws/devel/.private/geographic_msgs/share/common-lisp/ros/geographic_msgs/msg/GeographicMap.lisp, /home/albertozafra7/Desktop/Universidad/Master/AR/Lab6/catkin_ws/devel/share/common-lisp/ros/geographic_msgs/msg/GeographicMap.lisp)
Cleaning: (/home/albertozafra7/Desktop/Universidad/Master/AR/Lab6/catkin_ws/devel/.private/geographic_msgs/share/common-lisp/ros/geographic_msgs/msg/_package.lisp, /home/albertozafra7/Desktop/Universidad/Master/AR/Lab6/catkin_ws/devel/share/common-lisp/ros/geographic_msgs/msg/_package.lisp)
Cleaning: (/home/albertozafra7/Desktop/Universidad/Master/AR/Lab6/catkin_ws/devel/.private/geographic_msgs/share/common-lisp/ros/geographic_msgs/msg/_package_GeoPoseWithCovariance.lisp, /home/albertozafra7/Desktop/Universidad/Master/AR/Lab6/catkin_ws/devel/share/common-lisp/ros/geographic_msgs/msg/_package_GeoPoseWithCovariance.lisp)
Cleaning: (/home/albertozafra7/Desktop/Universidad/Master/AR/Lab6/catkin_ws/devel/.private/geographic_msgs/share/common-lisp/ros/geographic_msgs/msg/WayPoint.lisp, /home/albertozafra7/Desktop/Universidad/Master/AR/Lab6/catkin_ws/devel/share/common-lisp/ros/geographic_msgs/msg/WayPoint.lisp)
Cleaning: (/home/albertozafra7/Desktop/Universidad/Master/AR/Lab6/catkin_ws/devel/.private/geographic_msgs/share/common-lisp/ros/geographic_msgs/msg/_package_MapFeature.lisp, /home/albertozafra7/Desktop/Universidad/Master/AR/Lab6/catkin_ws/devel/share/common-lisp/ros/geographic_msgs/msg/_package_MapFeature.lisp)
Cleaning: (/home/albertozafra7/Desktop/Universidad/Master/AR/Lab6/catkin_ws/devel/.private/geographic_msgs/share/common-lisp/ros/geographic_msgs/msg/GeoPoseWithCovarianceStamped.lisp, /home/albertozafra7/Desktop/Universidad/Master/AR/Lab6/catkin_ws/devel/share/common-lisp/ros/geographic_msgs/msg/GeoPoseWithCovarianceStamped.lisp)
Cleaning: (/home/albertozafra7/Desktop/Universidad/Master/AR/Lab6/catkin_ws/devel/.private/geographic_msgs/share/common-lisp/ros/geographic_msgs/msg/GeoPose.lisp, /home/albertozafra7/Desktop/Universidad/Master/AR/Lab6/catkin_ws/devel/share/common-lisp/ros/geographic_msgs/msg/GeoPose.lisp)
Cleaning: (/home/albertozafra7/Desktop/Universidad/Master/AR/Lab6/catkin_ws/devel/.private/geographic_msgs/share/common-lisp/ros/geographic_msgs/msg/_package_GeoPoseWithCovarianceStamped.lisp, /home/albertozafra7/Desktop/Universidad/Master/AR/Lab6/catkin_ws/devel/share/common-lisp/ros/geographic_msgs/msg/_package_GeoPoseWithCovarianceStamped.lisp)
Cleaning: (/home/albertozafra7/Desktop/Universidad/Master/AR/Lab6/catkin_ws/devel/.private/geographic_msgs/share/common-lisp/ros/geographic_msgs/msg/_package_RouteNetwork.lisp, /home/albertozafra7/Desktop/Universidad/Master/AR/Lab6/catkin_ws/devel/share/common-lisp/ros/geographic_msgs/msg/_package_RouteNetwork.lisp)
Cleaning: (/home/albertozafra7/Desktop/Universidad/Master/AR/Lab6/catkin_ws/devel/.private/geographic_msgs/share/common-lisp/ros/geographic_msgs/msg/_package_RoutePath.lisp, /home/albertozafra7/Desktop/Universidad/Master/AR/Lab6/catkin_ws/devel/share/common-lisp/ros/geographic_msgs/msg/_package_RoutePath.lisp)
Cleaning: (/home/albertozafra7/Desktop/Universidad/Master/AR/Lab6/catkin_ws/devel/.private/geographic_msgs/share/common-lisp/ros/geographic_msgs/msg/KeyValue.lisp, /home/albertozafra7/Desktop/Universidad/Master/AR/Lab6/catkin_ws/devel/share/common-lisp/ros/geographic_msgs/msg/KeyValue.lisp)
Cleaning: (/home/albertozafra7/Desktop/Universidad/Master/AR/Lab6/catkin_ws/devel/.private/geographic_msgs/share/common-lisp/ros/geographic_msgs/msg/geographic_msgs-msg.asd, /home/albertozafra7/Desktop/Universidad/Master/AR/Lab6/catkin_ws/devel/share/common-lisp/ros/geographic_msgs/msg/geographic_msgs-msg.asd)
Cleaning: (/home/albertozafra7/Desktop/Universidad/Master/AR/Lab6/catkin_ws/devel/.private/geographic_msgs/share/common-lisp/ros/geographic_msgs/msg/_package_RouteSegment.lisp, /home/albertozafra7/Desktop/Universidad/Master/AR/Lab6/catkin_ws/devel/share/common-lisp/ros/geographic_msgs/msg/_package_RouteSegment.lisp)
Cleaning: (/home/albertozafra7/Desktop/Universidad/Master/AR/Lab6/catkin_ws/devel/.private/geographic_msgs/share/common-lisp/ros/geographic_msgs/msg/_package_KeyValue.lisp, /home/albertozafra7/Desktop/Universidad/Master/AR/Lab6/catkin_ws/devel/share/common-lisp/ros/geographic_msgs/msg/_package_KeyValue.lisp)
Cleaning: (/home/albertozafra7/Desktop/Universidad/Master/AR/Lab6/catkin_ws/devel/.private/geographic_msgs/share/common-lisp/ros/geographic_msgs/msg/GeoPoseStamped.lisp, /home/albertozafra7/Desktop/Universidad/Master/AR/Lab6/catkin_ws/devel/share/common-lisp/ros/geographic_msgs/msg/GeoPoseStamped.lisp)
Cleaning: (/home/albertozafra7/Desktop/Universidad/Master/AR/Lab6/catkin_ws/devel/.private/geographic_msgs/share/common-lisp/ros/geographic_msgs/msg/_package_GeoPose.lisp, /home/albertozafra7/Desktop/Universidad/Master/AR/Lab6/catkin_ws/devel/share/common-lisp/ros/geographic_msgs/msg/_package_GeoPose.lisp)
Cleaning: (/home/albertozafra7/Desktop/Universidad/Master/AR/Lab6/catkin_ws/devel/.private/geographic_msgs/share/common-lisp/ros/geographic_msgs/msg/RouteSegment.lisp, /home/albertozafra7/Desktop/Universidad/Master/AR/Lab6/catkin_ws/devel/share/common-lisp/ros/geographic_msgs/msg/RouteSegment.lisp)
Cleaning: (/home/albertozafra7/Desktop/Universidad/Master/AR/Lab6/catkin_ws/devel/.private/geographic_msgs/share/common-lisp/ros/geographic_msgs/msg/GeoPointStamped.lisp, /home/albertozafra7/Desktop/Universidad/Master/AR/Lab6/catkin_ws/devel/share/common-lisp/ros/geographic_msgs/msg/GeoPointStamped.lisp)
Cleaning: (/home/albertozafra7/Desktop/Universidad/Master/AR/Lab6/catkin_ws/devel/.private/geographic_msgs/share/common-lisp/ros/geographic_msgs/msg/RoutePath.lisp, /home/albertozafra7/Desktop/Universidad/Master/AR/Lab6/catkin_ws/devel/share/common-lisp/ros/geographic_msgs/msg/RoutePath.lisp)
Cleaning: (/home/albertozafra7/Desktop/Universidad/Master/AR/Lab6/catkin_ws/devel/.private/geographic_msgs/share/common-lisp/ros/geographic_msgs/msg/BoundingBox.lisp, /home/albertozafra7/Desktop/Universidad/Master/AR/Lab6/catkin_ws/devel/share/common-lisp/ros/geographic_msgs/msg/BoundingBox.lisp)
Cleaning: (/home/albertozafra7/Desktop/Universidad/Master/AR/Lab6/catkin_ws/devel/.private/geographic_msgs/share/common-lisp/ros/geographic_msgs/msg/_package_GeoPath.lisp, /home/albertozafra7/Desktop/Universidad/Master/AR/Lab6/catkin_ws/devel/share/common-lisp/ros/geographic_msgs/msg/_package_GeoPath.lisp)
Cleaning: (/home/albertozafra7/Desktop/Universidad/Master/AR/Lab6/catkin_ws/devel/.private/geographic_msgs/share/common-lisp/ros/geographic_msgs/msg/GeographicMapChanges.lisp, /home/albertozafra7/Desktop/Universidad/Master/AR/Lab6/catkin_ws/devel/share/common-lisp/ros/geographic_msgs/msg/GeographicMapChanges.lisp)
Cleaning: (/home/albertozafra7/Desktop/Universidad/Master/AR/Lab6/catkin_ws/devel/.private/geographic_msgs/share/common-lisp/ros/geographic_msgs/msg/_package_WayPoint.lisp, /home/albertozafra7/Desktop/Universidad/Master/AR/Lab6/catkin_ws/devel/share/common-lisp/ros/geographic_msgs/msg/_package_WayPoint.lisp)
Cleaning: (/home/albertozafra7/Desktop/Universidad/Master/AR/Lab6/catkin_ws/devel/.private/geographic_msgs/share/common-lisp/ros/geographic_msgs/msg/GeoPoseWithCovariance.lisp, /home/albertozafra7/Desktop/Universidad/Master/AR/Lab6/catkin_ws/devel/share/common-lisp/ros/geographic_msgs/msg/GeoPoseWithCovariance.lisp)
Cleaning: (/home/albertozafra7/Desktop/Universidad/Master/AR/Lab6/catkin_ws/devel/.private/geographic_msgs/share/common-lisp/ros/geographic_msgs/msg/_package_BoundingBox.lisp, /home/albertozafra7/Desktop/Universidad/Master/AR/Lab6/catkin_ws/devel/share/common-lisp/ros/geographic_msgs/msg/_package_BoundingBox.lisp)
Cleaning: (/home/albertozafra7/Desktop/Universidad/Master/AR/Lab6/catkin_ws/devel/.private/geographic_msgs/share/common-lisp/ros/geographic_msgs/msg/_package_GeoPoint.lisp, /home/albertozafra7/Desktop/Universidad/Master/AR/Lab6/catkin_ws/devel/share/common-lisp/ros/geographic_msgs/msg/_package_GeoPoint.lisp)
Cleaning: (/home/albertozafra7/Desktop/Universidad/Master/AR/Lab6/catkin_ws/devel/.private/geographic_msgs/share/common-lisp/ros/geographic_msgs/msg/GeoPoint.lisp, /home/albertozafra7/Desktop/Universidad/Master/AR/Lab6/catkin_ws/devel/share/common-lisp/ros/geographic_msgs/msg/GeoPoint.lisp)
Cleaning: (/home/albertozafra7/Desktop/Universidad/Master/AR/Lab6/catkin_ws/devel/.private/geographic_msgs/share/common-lisp/ros/geographic_msgs/msg/_package_GeoPointStamped.lisp, /home/albertozafra7/Desktop/Universidad/Master/AR/Lab6/catkin_ws/devel/share/common-lisp/ros/geographic_msgs/msg/_package_GeoPointStamped.lisp)
Cleaning: (/home/albertozafra7/Desktop/Universidad/Master/AR/Lab6/catkin_ws/devel/.private/geographic_msgs/share/common-lisp/ros/geographic_msgs/msg/_package_GeoPoseStamped.lisp, /home/albertozafra7/Desktop/Universidad/Master/AR/Lab6/catkin_ws/devel/share/common-lisp/ros/geographic_msgs/msg/_package_GeoPoseStamped.lisp)
Cleaning: (/home/albertozafra7/Desktop/Universidad/Master/AR/Lab6/catkin_ws/devel/.private/geographic_msgs/share/common-lisp/ros/geographic_msgs/msg/RouteNetwork.lisp, /home/albertozafra7/Desktop/Universidad/Master/AR/Lab6/catkin_ws/devel/share/common-lisp/ros/geographic_msgs/msg/RouteNetwork.lisp)
Cleaning: (/home/albertozafra7/Desktop/Universidad/Master/AR/Lab6/catkin_ws/devel/.private/geographic_msgs/share/common-lisp/ros/geographic_msgs/msg/MapFeature.lisp, /home/albertozafra7/Desktop/Universidad/Master/AR/Lab6/catkin_ws/devel/share/common-lisp/ros/geographic_msgs/msg/MapFeature.lisp)
Cleaning: (/home/albertozafra7/Desktop/Universidad/Master/AR/Lab6/catkin_ws/devel/.private/geographic_msgs/share/common-lisp/ros/geographic_msgs/msg/GeoPath.lisp, /home/albertozafra7/Desktop/Universidad/Master/AR/Lab6/catkin_ws/devel/share/common-lisp/ros/geographic_msgs/msg/GeoPath.lisp)
Cleaning: (/home/albertozafra7/Desktop/Universidad/Master/AR/Lab6/catkin_ws/devel/.private/geographic_msgs/share/common-lisp/ros/geographic_msgs/srv/GetGeographicMap.lisp, /home/albertozafra7/Desktop/Universidad/Master/AR/Lab6/catkin_ws/devel/share/common-lisp/ros/geographic_msgs/srv/GetGeographicMap.lisp)
Cleaning: (/home/albertozafra7/Desktop/Universidad/Master/AR/Lab6/catkin_ws/devel/.private/geographic_msgs/share/common-lisp/ros/geographic_msgs/srv/_package_GetGeographicMap.lisp, /home/albertozafra7/Desktop/Universidad/Master/AR/Lab6/catkin_ws/devel/share/common-lisp/ros/geographic_msgs/srv/_package_GetGeographicMap.lisp)
Cleaning: (/home/albertozafra7/Desktop/Universidad/Master/AR/Lab6/catkin_ws/devel/.private/geographic_msgs/share/common-lisp/ros/geographic_msgs/srv/_package_UpdateGeographicMap.lisp, /home/albertozafra7/Desktop/Universidad/Master/AR/Lab6/catkin_ws/devel/share/common-lisp/ros/geographic_msgs/srv/_package_UpdateGeographicMap.lisp)
Cleaning: (/home/albertozafra7/Desktop/Universidad/Master/AR/Lab6/catkin_ws/devel/.private/geographic_msgs/share/common-lisp/ros/geographic_msgs/srv/_package.lisp, /home/albertozafra7/Desktop/Universidad/Master/AR/Lab6/catkin_ws/devel/share/common-lisp/ros/geographic_msgs/srv/_package.lisp)
Cleaning: (/home/albertozafra7/Desktop/Universidad/Master/AR/Lab6/catkin_ws/devel/.private/geographic_msgs/share/common-lisp/ros/geographic_msgs/srv/UpdateGeographicMap.lisp, /home/albertozafra7/Desktop/Universidad/Master/AR/Lab6/catkin_ws/devel/share/common-lisp/ros/geographic_msgs/srv/UpdateGeographicMap.lisp)
Cleaning: (/home/albertozafra7/Desktop/Universidad/Master/AR/Lab6/catkin_ws/devel/.private/geographic_msgs/share/common-lisp/ros/geographic_msgs/srv/_package_GetRoutePlan.lisp, /home/albertozafra7/Desktop/Universidad/Master/AR/Lab6/catkin_ws/devel/share/common-lisp/ros/geographic_msgs/srv/_package_GetRoutePlan.lisp)
Cleaning: (/home/albertozafra7/Desktop/Universidad/Master/AR/Lab6/catkin_ws/devel/.private/geographic_msgs/share/common-lisp/ros/geographic_msgs/srv/geographic_msgs-srv.asd, /home/albertozafra7/Desktop/Universidad/Master/AR/Lab6/catkin_ws/devel/share/common-lisp/ros/geographic_msgs/srv/geographic_msgs-srv.asd)
Cleaning: (/home/albertozafra7/Desktop/Universidad/Master/AR/Lab6/catkin_ws/devel/.private/geographic_msgs/share/common-lisp/ros/geographic_msgs/srv/GetRoutePlan.lisp, /home/albertozafra7/Desktop/Universidad/Master/AR/Lab6/catkin_ws/devel/share/common-lisp/ros/geographic_msgs/srv/GetRoutePlan.lisp)
Cleaning: (/home/albertozafra7/Desktop/Universidad/Master/AR/Lab6/catkin_ws/devel/.private/geographic_msgs/share/common-lisp/ros/geographic_msgs/srv/GetGeoPath.lisp, /home/albertozafra7/Desktop/Universidad/Master/AR/Lab6/catkin_ws/devel/share/common-lisp/ros/geographic_msgs/srv/GetGeoPath.lisp)
Cleaning: (/home/albertozafra7/Desktop/Universidad/Master/AR/Lab6/catkin_ws/devel/.private/geographic_msgs/share/common-lisp/ros/geographic_msgs/srv/_package_GetGeoPath.lisp, /home/albertozafra7/Desktop/Universidad/Master/AR/Lab6/catkin_ws/devel/share/common-lisp/ros/geographic_msgs/srv/_package_GetGeoPath.lisp)
Cleaning: (/home/albertozafra7/Desktop/Universidad/Master/AR/Lab6/catkin_ws/devel/.private/geographic_msgs/lib/pkgconfig/geographic_msgs.pc, /home/albertozafra7/Desktop/Universidad/Master/AR/Lab6/catkin_ws/devel/lib/pkgconfig/geographic_msgs.pc)
Cleaning: (/home/albertozafra7/Desktop/Universidad/Master/AR/Lab6/catkin_ws/devel/.private/geographic_msgs/lib/python3/dist-packages/geographic_msgs/__init__.py, /home/albertozafra7/Desktop/Universidad/Master/AR/Lab6/catkin_ws/devel/lib/python3/dist-packages/geographic_msgs/__init__.py)
Cleaning: (/home/albertozafra7/Desktop/Universidad/Master/AR/Lab6/catkin_ws/devel/.private/geographic_msgs/lib/python3/dist-packages/geographic_msgs/msg/_GeoPoint.py, /home/albertozafra7/Desktop/Universidad/Master/AR/Lab6/catkin_ws/devel/lib/python3/dist-packages/geographic_msgs/msg/_GeoPoint.py)
Cleaning: (/home/albertozafra7/Desktop/Universidad/Master/AR/Lab6/catkin_ws/devel/.private/geographic_msgs/lib/python3/dist-packages/geographic_msgs/msg/_MapFeature.py, /home/albertozafra7/Desktop/Universidad/Master/AR/Lab6/catkin_ws/devel/lib/python3/dist-packages/geographic_msgs/msg/_MapFeature.py)
Cleaning: (/home/albertozafra7/Desktop/Universidad/Master/AR/Lab6/catkin_ws/devel/.private/geographic_msgs/lib/python3/dist-packages/geographic_msgs/msg/_GeoPose.py, /home/albertozafra7/Desktop/Universidad/Master/AR/Lab6/catkin_ws/devel/lib/python3/dist-packages/geographic_msgs/msg/_GeoPose.py)
Cleaning: (/home/albertozafra7/Desktop/Universidad/Master/AR/Lab6/catkin_ws/devel/.private/geographic_msgs/lib/python3/dist-packages/geographic_msgs/msg/_GeoPoseWithCovarianceStamped.py, /home/albertozafra7/Desktop/Universidad/Master/AR/Lab6/catkin_ws/devel/lib/python3/dist-packages/geographic_msgs/msg/_GeoPoseWithCovarianceStamped.py)
Cleaning: (/home/albertozafra7/Desktop/Universidad/Master/AR/Lab6/catkin_ws/devel/.private/geographic_msgs/lib/python3/dist-packages/geographic_msgs/msg/_GeoPoseWithCovariance.py, /home/albertozafra7/Desktop/Universidad/Master/AR/Lab6/catkin_ws/devel/lib/python3/dist-packages/geographic_msgs/msg/_GeoPoseWithCovariance.py)
Cleaning: (/home/albertozafra7/Desktop/Universidad/Master/AR/Lab6/catkin_ws/devel/.private/geographic_msgs/lib/python3/dist-packages/geographic_msgs/msg/__init__.py, /home/albertozafra7/Desktop/Universidad/Master/AR/Lab6/catkin_ws/devel/lib/python3/dist-packages/geographic_msgs/msg/__init__.py)
Cleaning: (/home/albertozafra7/Desktop/Universidad/Master/AR/Lab6/catkin_ws/devel/.private/geographic_msgs/lib/python3/dist-packages/geographic_msgs/msg/_GeoPath.py, /home/albertozafra7/Desktop/Universidad/Master/AR/Lab6/catkin_ws/devel/lib/python3/dist-packages/geographic_msgs/msg/_GeoPath.py)
Cleaning: (/home/albertozafra7/Desktop/Universidad/Master/AR/Lab6/catkin_ws/devel/.private/geographic_msgs/lib/python3/dist-packages/geographic_msgs/msg/_WayPoint.py, /home/albertozafra7/Desktop/Universidad/Master/AR/Lab6/catkin_ws/devel/lib/python3/dist-packages/geographic_msgs/msg/_WayPoint.py)
Cleaning: (/home/albertozafra7/Desktop/Universidad/Master/AR/Lab6/catkin_ws/devel/.private/geographic_msgs/lib/python3/dist-packages/geographic_msgs/msg/_BoundingBox.py, /home/albertozafra7/Desktop/Universidad/Master/AR/Lab6/catkin_ws/devel/lib/python3/dist-packages/geographic_msgs/msg/_BoundingBox.py)
Cleaning: (/home/albertozafra7/Desktop/Universidad/Master/AR/Lab6/catkin_ws/devel/.private/geographic_msgs/lib/python3/dist-packages/geographic_msgs/msg/_GeographicMap.py, /home/albertozafra7/Desktop/Universidad/Master/AR/Lab6/catkin_ws/devel/lib/python3/dist-packages/geographic_msgs/msg/_GeographicMap.py)
Cleaning: (/home/albertozafra7/Desktop/Universidad/Master/AR/Lab6/catkin_ws/devel/.private/geographic_msgs/lib/python3/dist-packages/geographic_msgs/msg/_GeographicMapChanges.py, /home/albertozafra7/Desktop/Universidad/Master/AR/Lab6/catkin_ws/devel/lib/python3/dist-packages/geographic_msgs/msg/_GeographicMapChanges.py)
Cleaning: (/home/albertozafra7/Desktop/Universidad/Master/AR/Lab6/catkin_ws/devel/.private/geographic_msgs/lib/python3/dist-packages/geographic_msgs/msg/_KeyValue.py, /home/albertozafra7/Desktop/Universidad/Master/AR/Lab6/catkin_ws/devel/lib/python3/dist-packages/geographic_msgs/msg/_KeyValue.py)
Cleaning: (/home/albertozafra7/Desktop/Universidad/Master/AR/Lab6/catkin_ws/devel/.private/geographic_msgs/lib/python3/dist-packages/geographic_msgs/msg/_RouteNetwork.py, /home/albertozafra7/Desktop/Universidad/Master/AR/Lab6/catkin_ws/devel/lib/python3/dist-packages/geographic_msgs/msg/_RouteNetwork.py)
Cleaning: (/home/albertozafra7/Desktop/Universidad/Master/AR/Lab6/catkin_ws/devel/.private/geographic_msgs/lib/python3/dist-packages/geographic_msgs/msg/_RoutePath.py, /home/albertozafra7/Desktop/Universidad/Master/AR/Lab6/catkin_ws/devel/lib/python3/dist-packages/geographic_msgs/msg/_RoutePath.py)
Cleaning: (/home/albertozafra7/Desktop/Universidad/Master/AR/Lab6/catkin_ws/devel/.private/geographic_msgs/lib/python3/dist-packages/geographic_msgs/msg/_GeoPoseStamped.py, /home/albertozafra7/Desktop/Universidad/Master/AR/Lab6/catkin_ws/devel/lib/python3/dist-packages/geographic_msgs/msg/_GeoPoseStamped.py)
Cleaning: (/home/albertozafra7/Desktop/Universidad/Master/AR/Lab6/catkin_ws/devel/.private/geographic_msgs/lib/python3/dist-packages/geographic_msgs/msg/_GeoPointStamped.py, /home/albertozafra7/Desktop/Universidad/Master/AR/Lab6/catkin_ws/devel/lib/python3/dist-packages/geographic_msgs/msg/_GeoPointStamped.py)
Cleaning: (/home/albertozafra7/Desktop/Universidad/Master/AR/Lab6/catkin_ws/devel/.private/geographic_msgs/lib/python3/dist-packages/geographic_msgs/msg/_RouteSegment.py, /home/albertozafra7/Desktop/Universidad/Master/AR/Lab6/catkin_ws/devel/lib/python3/dist-packages/geographic_msgs/msg/_RouteSegment.py)
Cleaning: (/home/albertozafra7/Desktop/Universidad/Master/AR/Lab6/catkin_ws/devel/.private/geographic_msgs/lib/python3/dist-packages/geographic_msgs/srv/_GetGeographicMap.py, /home/albertozafra7/Desktop/Universidad/Master/AR/Lab6/catkin_ws/devel/lib/python3/dist-packages/geographic_msgs/srv/_GetGeographicMap.py)
Cleaning: (/home/albertozafra7/Desktop/Universidad/Master/AR/Lab6/catkin_ws/devel/.private/geographic_msgs/lib/python3/dist-packages/geographic_msgs/srv/_UpdateGeographicMap.py, /home/albertozafra7/Desktop/Universidad/Master/AR/Lab6/catkin_ws/devel/lib/python3/dist-packages/geographic_msgs/srv/_UpdateGeographicMap.py)
Cleaning: (/home/albertozafra7/Desktop/Universidad/Master/AR/Lab6/catkin_ws/devel/.private/geographic_msgs/lib/python3/dist-packages/geographic_msgs/srv/__init__.py, /home/albertozafra7/Desktop/Universidad/Master/AR/Lab6/catkin_ws/devel/lib/python3/dist-packages/geographic_msgs/srv/__init__.py)
Cleaning: (/home/albertozafra7/Desktop/Universidad/Master/AR/Lab6/catkin_ws/devel/.private/geographic_msgs/lib/python3/dist-packages/geographic_msgs/srv/_GetGeoPath.py, /home/albertozafra7/Desktop/Universidad/Master/AR/Lab6/catkin_ws/devel/lib/python3/dist-packages/geographic_msgs/srv/_GetGeoPath.py)
Cleaning: (/home/albertozafra7/Desktop/Universidad/Master/AR/Lab6/catkin_ws/devel/.private/geographic_msgs/lib/python3/dist-packages/geographic_msgs/srv/_GetRoutePlan.py, /home/albertozafra7/Desktop/Universidad/Master/AR/Lab6/catkin_ws/devel/lib/python3/dist-packages/geographic_msgs/srv/_GetRoutePlan.py)
Cleaning: (/home/albertozafra7/Desktop/Universidad/Master/AR/Lab6/catkin_ws/devel/.private/geographic_msgs/include/geographic_msgs/UpdateGeographicMap.h, /home/albertozafra7/Desktop/Universidad/Master/AR/Lab6/catkin_ws/devel/include/geographic_msgs/UpdateGeographicMap.h)
Cleaning: (/home/albertozafra7/Desktop/Universidad/Master/AR/Lab6/catkin_ws/devel/.private/geographic_msgs/include/geographic_msgs/BoundingBox.h, /home/albertozafra7/Desktop/Universidad/Master/AR/Lab6/catkin_ws/devel/include/geographic_msgs/BoundingBox.h)
Cleaning: (/home/albertozafra7/Desktop/Universidad/Master/AR/Lab6/catkin_ws/devel/.private/geographic_msgs/include/geographic_msgs/KeyValue.h, /home/albertozafra7/Desktop/Universidad/Master/AR/Lab6/catkin_ws/devel/include/geographic_msgs/KeyValue.h)
Cleaning: (/home/albertozafra7/Desktop/Universidad/Master/AR/Lab6/catkin_ws/devel/.private/geographic_msgs/include/geographic_msgs/GetGeographicMap.h, /home/albertozafra7/Desktop/Universidad/Master/AR/Lab6/catkin_ws/devel/include/geographic_msgs/GetGeographicMap.h)
Cleaning: (/home/albertozafra7/Desktop/Universidad/Master/AR/Lab6/catkin_ws/devel/.private/geographic_msgs/include/geographic_msgs/GetGeographicMapRequest.h, /home/albertozafra7/Desktop/Universidad/Master/AR/Lab6/catkin_ws/devel/include/geographic_msgs/GetGeographicMapRequest.h)
Cleaning: (/home/albertozafra7/Desktop/Universidad/Master/AR/Lab6/catkin_ws/devel/.private/geographic_msgs/include/geographic_msgs/GeoPoseStamped.h, /home/albertozafra7/Desktop/Universidad/Master/AR/Lab6/catkin_ws/devel/include/geographic_msgs/GeoPoseStamped.h)
Cleaning: (/home/albertozafra7/Desktop/Universidad/Master/AR/Lab6/catkin_ws/devel/.private/geographic_msgs/include/geographic_msgs/MapFeature.h, /home/albertozafra7/Desktop/Universidad/Master/AR/Lab6/catkin_ws/devel/include/geographic_msgs/MapFeature.h)
Cleaning: (/home/albertozafra7/Desktop/Universidad/Master/AR/Lab6/catkin_ws/devel/.private/geographic_msgs/include/geographic_msgs/RouteSegment.h, /home/albertozafra7/Desktop/Universidad/Master/AR/Lab6/catkin_ws/devel/include/geographic_msgs/RouteSegment.h)
Cleaning: (/home/albertozafra7/Desktop/Universidad/Master/AR/Lab6/catkin_ws/devel/.private/geographic_msgs/include/geographic_msgs/GetGeographicMapResponse.h, /home/albertozafra7/Desktop/Universidad/Master/AR/Lab6/catkin_ws/devel/include/geographic_msgs/GetGeographicMapResponse.h)
Cleaning: (/home/albertozafra7/Desktop/Universidad/Master/AR/Lab6/catkin_ws/devel/.private/geographic_msgs/include/geographic_msgs/GeoPointStamped.h, /home/albertozafra7/Desktop/Universidad/Master/AR/Lab6/catkin_ws/devel/include/geographic_msgs/GeoPointStamped.h)
Cleaning: (/home/albertozafra7/Desktop/Universidad/Master/AR/Lab6/catkin_ws/devel/.private/geographic_msgs/include/geographic_msgs/GetRoutePlan.h, /home/albertozafra7/Desktop/Universidad/Master/AR/Lab6/catkin_ws/devel/include/geographic_msgs/GetRoutePlan.h)
Cleaning: (/home/albertozafra7/Desktop/Universidad/Master/AR/Lab6/catkin_ws/devel/.private/geographic_msgs/include/geographic_msgs/GeoPoseWithCovarianceStamped.h, /home/albertozafra7/Desktop/Universidad/Master/AR/Lab6/catkin_ws/devel/include/geographic_msgs/GeoPoseWithCovarianceStamped.h)
Cleaning: (/home/albertozafra7/Desktop/Universidad/Master/AR/Lab6/catkin_ws/devel/.private/geographic_msgs/include/geographic_msgs/GetRoutePlanRequest.h, /home/albertozafra7/Desktop/Universidad/Master/AR/Lab6/catkin_ws/devel/include/geographic_msgs/GetRoutePlanRequest.h)
Cleaning: (/home/albertozafra7/Desktop/Universidad/Master/AR/Lab6/catkin_ws/devel/.private/geographic_msgs/include/geographic_msgs/RoutePath.h, /home/albertozafra7/Desktop/Universidad/Master/AR/Lab6/catkin_ws/devel/include/geographic_msgs/RoutePath.h)
Cleaning: (/home/albertozafra7/Desktop/Universidad/Master/AR/Lab6/catkin_ws/devel/.private/geographic_msgs/include/geographic_msgs/GeoPath.h, /home/albertozafra7/Desktop/Universidad/Master/AR/Lab6/catkin_ws/devel/include/geographic_msgs/GeoPath.h)
Cleaning: (/home/albertozafra7/Desktop/Universidad/Master/AR/Lab6/catkin_ws/devel/.private/geographic_msgs/include/geographic_msgs/GetRoutePlanResponse.h, /home/albertozafra7/Desktop/Universidad/Master/AR/Lab6/catkin_ws/devel/include/geographic_msgs/GetRoutePlanResponse.h)
Cleaning: (/home/albertozafra7/Desktop/Universidad/Master/AR/Lab6/catkin_ws/devel/.private/geographic_msgs/include/geographic_msgs/GetGeoPathResponse.h, /home/albertozafra7/Desktop/Universidad/Master/AR/Lab6/catkin_ws/devel/include/geographic_msgs/GetGeoPathResponse.h)
Cleaning: (/home/albertozafra7/Desktop/Universidad/Master/AR/Lab6/catkin_ws/devel/.private/geographic_msgs/include/geographic_msgs/GeographicMapChanges.h, /home/albertozafra7/Desktop/Universidad/Master/AR/Lab6/catkin_ws/devel/include/geographic_msgs/GeographicMapChanges.h)
Cleaning: (/home/albertozafra7/Desktop/Universidad/Master/AR/Lab6/catkin_ws/devel/.private/geographic_msgs/include/geographic_msgs/UpdateGeographicMapResponse.h, /home/albertozafra7/Desktop/Universidad/Master/AR/Lab6/catkin_ws/devel/include/geographic_msgs/UpdateGeographicMapResponse.h)
Cleaning: (/home/albertozafra7/Desktop/Universidad/Master/AR/Lab6/catkin_ws/devel/.private/geographic_msgs/include/geographic_msgs/GeographicMap.h, /home/albertozafra7/Desktop/Universidad/Master/AR/Lab6/catkin_ws/devel/include/geographic_msgs/GeographicMap.h)
Cleaning: (/home/albertozafra7/Desktop/Universidad/Master/AR/Lab6/catkin_ws/devel/.private/geographic_msgs/include/geographic_msgs/GeoPoint.h, /home/albertozafra7/Desktop/Universidad/Master/AR/Lab6/catkin_ws/devel/include/geographic_msgs/GeoPoint.h)
Cleaning: (/home/albertozafra7/Desktop/Universidad/Master/AR/Lab6/catkin_ws/devel/.private/geographic_msgs/include/geographic_msgs/UpdateGeographicMapRequest.h, /home/albertozafra7/Desktop/Universidad/Master/AR/Lab6/catkin_ws/devel/include/geographic_msgs/UpdateGeographicMapRequest.h)
Cleaning: (/home/albertozafra7/Desktop/Universidad/Master/AR/Lab6/catkin_ws/devel/.private/geographic_msgs/include/geographic_msgs/RouteNetwork.h, /home/albertozafra7/Desktop/Universidad/Master/AR/Lab6/catkin_ws/devel/include/geographic_msgs/RouteNetwork.h)
Cleaning: (/home/albertozafra7/Desktop/Universidad/Master/AR/Lab6/catkin_ws/devel/.private/geographic_msgs/include/geographic_msgs/GetGeoPath.h, /home/albertozafra7/Desktop/Universidad/Master/AR/Lab6/catkin_ws/devel/include/geographic_msgs/GetGeoPath.h)
Cleaning: (/home/albertozafra7/Desktop/Universidad/Master/AR/Lab6/catkin_ws/devel/.private/geographic_msgs/include/geographic_msgs/GeoPose.h, /home/albertozafra7/Desktop/Universidad/Master/AR/Lab6/catkin_ws/devel/include/geographic_msgs/GeoPose.h)
Cleaning: (/home/albertozafra7/Desktop/Universidad/Master/AR/Lab6/catkin_ws/devel/.private/geographic_msgs/include/geographic_msgs/WayPoint.h, /home/albertozafra7/Desktop/Universidad/Master/AR/Lab6/catkin_ws/devel/include/geographic_msgs/WayPoint.h)
Cleaning: (/home/albertozafra7/Desktop/Universidad/Master/AR/Lab6/catkin_ws/devel/.private/geographic_msgs/include/geographic_msgs/GetGeoPathRequest.h, /home/albertozafra7/Desktop/Universidad/Master/AR/Lab6/catkin_ws/devel/include/geographic_msgs/GetGeoPathRequest.h)
Cleaning: (/home/albertozafra7/Desktop/Universidad/Master/AR/Lab6/catkin_ws/devel/.private/geographic_msgs/include/geographic_msgs/GeoPoseWithCovariance.h, /home/albertozafra7/Desktop/Universidad/Master/AR/Lab6/catkin_ws/devel/include/geographic_msgs/GeoPoseWithCovariance.h)
Unlinking: /home/albertozafra7/Desktop/Universidad/Master/AR/Lab6/catkin_ws/devel/share/roseus/ros/geographic_msgs/manifest.l
Unlinking: /home/albertozafra7/Desktop/Universidad/Master/AR/Lab6/catkin_ws/devel/share/roseus/ros/geographic_msgs/msg/RouteNetwork.l
Unlinking: /home/albertozafra7/Desktop/Universidad/Master/AR/Lab6/catkin_ws/devel/share/roseus/ros/geographic_msgs/msg/GeoPath.l
Unlinking: /home/albertozafra7/Desktop/Universidad/Master/AR/Lab6/catkin_ws/devel/share/roseus/ros/geographic_msgs/msg/GeoPoint.l
Unlinking: /home/albertozafra7/Desktop/Universidad/Master/AR/Lab6/catkin_ws/devel/share/roseus/ros/geographic_msgs/msg/GeoPointStamped.l
Unlinking: /home/albertozafra7/Desktop/Universidad/Master/AR/Lab6/catkin_ws/devel/share/roseus/ros/geographic_msgs/msg/BoundingBox.l
Unlinking: /home/albertozafra7/Desktop/Universidad/Master/AR/Lab6/catkin_ws/devel/share/roseus/ros/geographic_msgs/msg/GeographicMapChanges.l
Unlinking: /home/albertozafra7/Desktop/Universidad/Master/AR/Lab6/catkin_ws/devel/share/roseus/ros/geographic_msgs/msg/RouteSegment.l
Unlinking: /home/albertozafra7/Desktop/Universidad/Master/AR/Lab6/catkin_ws/devel/share/roseus/ros/geographic_msgs/msg/GeographicMap.l
Unlinking: /home/albertozafra7/Desktop/Universidad/Master/AR/Lab6/catkin_ws/devel/share/roseus/ros/geographic_msgs/msg/GeoPoseWithCovariance.l
Unlinking: /home/albertozafra7/Desktop/Universidad/Master/AR/Lab6/catkin_ws/devel/share/roseus/ros/geographic_msgs/msg/RoutePath.l
Unlinking: /home/albertozafra7/Desktop/Universidad/Master/AR/Lab6/catkin_ws/devel/share/roseus/ros/geographic_msgs/msg/MapFeature.l
Unlinking: /home/albertozafra7/Desktop/Universidad/Master/AR/Lab6/catkin_ws/devel/share/roseus/ros/geographic_msgs/msg/GeoPoseStamped.l
Unlinking: /home/albertozafra7/Desktop/Universidad/Master/AR/Lab6/catkin_ws/devel/share/roseus/ros/geographic_msgs/msg/GeoPoseWithCovarianceStamped.l
Unlinking: /home/albertozafra7/Desktop/Universidad/Master/AR/Lab6/catkin_ws/devel/share/roseus/ros/geographic_msgs/msg/GeoPose.l
Unlinking: /home/albertozafra7/Desktop/Universidad/Master/AR/Lab6/catkin_ws/devel/share/roseus/ros/geographic_msgs/msg/WayPoint.l
Unlinking: /home/albertozafra7/Desktop/Universidad/Master/AR/Lab6/catkin_ws/devel/share/roseus/ros/geographic_msgs/msg/KeyValue.l
Unlinking: /home/albertozafra7/Desktop/Universidad/Master/AR/Lab6/catkin_ws/devel/share/roseus/ros/geographic_msgs/srv/GetGeoPath.l
Unlinking: /home/albertozafra7/Desktop/Universidad/Master/AR/Lab6/catkin_ws/devel/share/roseus/ros/geographic_msgs/srv/GetGeographicMap.l
Unlinking: /home/albertozafra7/Desktop/Universidad/Master/AR/Lab6/catkin_ws/devel/share/roseus/ros/geographic_msgs/srv/UpdateGeographicMap.l
Unlinking: /home/albertozafra7/Desktop/Universidad/Master/AR/Lab6/catkin_ws/devel/share/roseus/ros/geographic_msgs/srv/GetRoutePlan.l
Unlinking: /home/albertozafra7/Desktop/Universidad/Master/AR/Lab6/catkin_ws/devel/share/gennodejs/ros/geographic_msgs/_index.js
Unlinking: /home/albertozafra7/Desktop/Universidad/Master/AR/Lab6/catkin_ws/devel/share/gennodejs/ros/geographic_msgs/msg/GeoPose.js
Unlinking: /home/albertozafra7/Desktop/Universidad/Master/AR/Lab6/catkin_ws/devel/share/gennodejs/ros/geographic_msgs/msg/_index.js
Unlinking: /home/albertozafra7/Desktop/Universidad/Master/AR/Lab6/catkin_ws/devel/share/gennodejs/ros/geographic_msgs/msg/GeographicMapChanges.js
Unlinking: /home/albertozafra7/Desktop/Universidad/Master/AR/Lab6/catkin_ws/devel/share/gennodejs/ros/geographic_msgs/msg/GeoPoseWithCovariance.js
Unlinking: /home/albertozafra7/Desktop/Universidad/Master/AR/Lab6/catkin_ws/devel/share/gennodejs/ros/geographic_msgs/msg/GeoPath.js
Unlinking: /home/albertozafra7/Desktop/Universidad/Master/AR/Lab6/catkin_ws/devel/share/gennodejs/ros/geographic_msgs/msg/RouteSegment.js
Unlinking: /home/albertozafra7/Desktop/Universidad/Master/AR/Lab6/catkin_ws/devel/share/gennodejs/ros/geographic_msgs/msg/KeyValue.js
Unlinking: /home/albertozafra7/Desktop/Universidad/Master/AR/Lab6/catkin_ws/devel/share/gennodejs/ros/geographic_msgs/msg/GeoPoint.js
Unlinking: /home/albertozafra7/Desktop/Universidad/Master/AR/Lab6/catkin_ws/devel/share/gennodejs/ros/geographic_msgs/msg/GeoPoseWithCovarianceStamped.js
Unlinking: /home/albertozafra7/Desktop/Universidad/Master/AR/Lab6/catkin_ws/devel/share/gennodejs/ros/geographic_msgs/msg/GeoPointStamped.js
Unlinking: /home/albertozafra7/Desktop/Universidad/Master/AR/Lab6/catkin_ws/devel/share/gennodejs/ros/geographic_msgs/msg/RouteNetwork.js
Unlinking: /home/albertozafra7/Desktop/Universidad/Master/AR/Lab6/catkin_ws/devel/share/gennodejs/ros/geographic_msgs/msg/RoutePath.js
Unlinking: /home/albertozafra7/Desktop/Universidad/Master/AR/Lab6/catkin_ws/devel/share/gennodejs/ros/geographic_msgs/msg/GeographicMap.js
Unlinking: /home/albertozafra7/Desktop/Universidad/Master/AR/Lab6/catkin_ws/devel/share/gennodejs/ros/geographic_msgs/msg/GeoPoseStamped.js
Unlinking: /home/albertozafra7/Desktop/Universidad/Master/AR/Lab6/catkin_ws/devel/share/gennodejs/ros/geographic_msgs/msg/BoundingBox.js
Unlinking: /home/albertozafra7/Desktop/Universidad/Master/AR/Lab6/catkin_ws/devel/share/gennodejs/ros/geographic_msgs/msg/WayPoint.js
Unlinking: /home/albertozafra7/Desktop/Universidad/Master/AR/Lab6/catkin_ws/devel/share/gennodejs/ros/geographic_msgs/msg/MapFeature.js
Unlinking: /home/albertozafra7/Desktop/Universidad/Master/AR/Lab6/catkin_ws/devel/share/gennodejs/ros/geographic_msgs/srv/_index.js
Unlinking: /home/albertozafra7/Desktop/Universidad/Master/AR/Lab6/catkin_ws/devel/share/gennodejs/ros/geographic_msgs/srv/UpdateGeographicMap.js
Unlinking: /home/albertozafra7/Desktop/Universidad/Master/AR/Lab6/catkin_ws/devel/share/gennodejs/ros/geographic_msgs/srv/GetGeographicMap.js
Unlinking: /home/albertozafra7/Desktop/Universidad/Master/AR/Lab6/catkin_ws/devel/share/gennodejs/ros/geographic_msgs/srv/GetGeoPath.js
Unlinking: /home/albertozafra7/Desktop/Universidad/Master/AR/Lab6/catkin_ws/devel/share/gennodejs/ros/geographic_msgs/srv/GetRoutePlan.js
Unlinking: /home/albertozafra7/Desktop/Universidad/Master/AR/Lab6/catkin_ws/devel/share/geographic_msgs/cmake/geographic_msgs-msg-paths.cmake
Unlinking: /home/albertozafra7/Desktop/Universidad/Master/AR/Lab6/catkin_ws/devel/share/geographic_msgs/cmake/geographic_msgsConfig.cmake
Unlinking: /home/albertozafra7/Desktop/Universidad/Master/AR/Lab6/catkin_ws/devel/share/geographic_msgs/cmake/geographic_msgsConfig-version.cmake
Unlinking: /home/albertozafra7/Desktop/Universidad/Master/AR/Lab6/catkin_ws/devel/share/geographic_msgs/cmake/geographic_msgs-msg-extras.cmake
Unlinking: /home/albertozafra7/Desktop/Universidad/Master/AR/Lab6/catkin_ws/devel/share/common-lisp/ros/geographic_msgs/msg/_package_GeographicMap.lisp
Unlinking: /home/albertozafra7/Desktop/Universidad/Master/AR/Lab6/catkin_ws/devel/share/common-lisp/ros/geographic_msgs/msg/_package_GeographicMapChanges.lisp
Unlinking: /home/albertozafra7/Desktop/Universidad/Master/AR/Lab6/catkin_ws/devel/share/common-lisp/ros/geographic_msgs/msg/GeographicMap.lisp
Unlinking: /home/albertozafra7/Desktop/Universidad/Master/AR/Lab6/catkin_ws/devel/share/common-lisp/ros/geographic_msgs/msg/_package.lisp
Unlinking: /home/albertozafra7/Desktop/Universidad/Master/AR/Lab6/catkin_ws/devel/share/common-lisp/ros/geographic_msgs/msg/_package_GeoPoseWithCovariance.lisp
Unlinking: /home/albertozafra7/Desktop/Universidad/Master/AR/Lab6/catkin_ws/devel/share/common-lisp/ros/geographic_msgs/msg/WayPoint.lisp
Unlinking: /home/albertozafra7/Desktop/Universidad/Master/AR/Lab6/catkin_ws/devel/share/common-lisp/ros/geographic_msgs/msg/_package_MapFeature.lisp
Unlinking: /home/albertozafra7/Desktop/Universidad/Master/AR/Lab6/catkin_ws/devel/share/common-lisp/ros/geographic_msgs/msg/GeoPoseWithCovarianceStamped.lisp
Unlinking: /home/albertozafra7/Desktop/Universidad/Master/AR/Lab6/catkin_ws/devel/share/common-lisp/ros/geographic_msgs/msg/GeoPose.lisp
Unlinking: /home/albertozafra7/Desktop/Universidad/Master/AR/Lab6/catkin_ws/devel/share/common-lisp/ros/geographic_msgs/msg/_package_GeoPoseWithCovarianceStamped.lisp
Unlinking: /home/albertozafra7/Desktop/Universidad/Master/AR/Lab6/catkin_ws/devel/share/common-lisp/ros/geographic_msgs/msg/_package_RouteNetwork.lisp
Unlinking: /home/albertozafra7/Desktop/Universidad/Master/AR/Lab6/catkin_ws/devel/share/common-lisp/ros/geographic_msgs/msg/_package_RoutePath.lisp
Unlinking: /home/albertozafra7/Desktop/Universidad/Master/AR/Lab6/catkin_ws/devel/share/common-lisp/ros/geographic_msgs/msg/KeyValue.lisp
Unlinking: /home/albertozafra7/Desktop/Universidad/Master/AR/Lab6/catkin_ws/devel/share/common-lisp/ros/geographic_msgs/msg/geographic_msgs-msg.asd
Unlinking: /home/albertozafra7/Desktop/Universidad/Master/AR/Lab6/catkin_ws/devel/share/common-lisp/ros/geographic_msgs/msg/_package_RouteSegment.lisp
Unlinking: /home/albertozafra7/Desktop/Universidad/Master/AR/Lab6/catkin_ws/devel/share/common-lisp/ros/geographic_msgs/msg/_package_KeyValue.lisp
Unlinking: /home/albertozafra7/Desktop/Universidad/Master/AR/Lab6/catkin_ws/devel/share/common-lisp/ros/geographic_msgs/msg/GeoPoseStamped.lisp
Unlinking: /home/albertozafra7/Desktop/Universidad/Master/AR/Lab6/catkin_ws/devel/share/common-lisp/ros/geographic_msgs/msg/_package_GeoPose.lisp
Unlinking: /home/albertozafra7/Desktop/Universidad/Master/AR/Lab6/catkin_ws/devel/share/common-lisp/ros/geographic_msgs/msg/RouteSegment.lisp
Unlinking: /home/albertozafra7/Desktop/Universidad/Master/AR/Lab6/catkin_ws/devel/share/common-lisp/ros/geographic_msgs/msg/GeoPointStamped.lisp
Unlinking: /home/albertozafra7/Desktop/Universidad/Master/AR/Lab6/catkin_ws/devel/share/common-lisp/ros/geographic_msgs/msg/RoutePath.lisp
Unlinking: /home/albertozafra7/Desktop/Universidad/Master/AR/Lab6/catkin_ws/devel/share/common-lisp/ros/geographic_msgs/msg/BoundingBox.lisp
Unlinking: /home/albertozafra7/Desktop/Universidad/Master/AR/Lab6/catkin_ws/devel/share/common-lisp/ros/geographic_msgs/msg/_package_GeoPath.lisp
Unlinking: /home/albertozafra7/Desktop/Universidad/Master/AR/Lab6/catkin_ws/devel/share/common-lisp/ros/geographic_msgs/msg/GeographicMapChanges.lisp
Unlinking: /home/albertozafra7/Desktop/Universidad/Master/AR/Lab6/catkin_ws/devel/share/common-lisp/ros/geographic_msgs/msg/_package_WayPoint.lisp
Unlinking: /home/albertozafra7/Desktop/Universidad/Master/AR/Lab6/catkin_ws/devel/share/common-lisp/ros/geographic_msgs/msg/GeoPoseWithCovariance.lisp
Unlinking: /home/albertozafra7/Desktop/Universidad/Master/AR/Lab6/catkin_ws/devel/share/common-lisp/ros/geographic_msgs/msg/_package_BoundingBox.lisp
Unlinking: /home/albertozafra7/Desktop/Universidad/Master/AR/Lab6/catkin_ws/devel/share/common-lisp/ros/geographic_msgs/msg/_package_GeoPoint.lisp
Unlinking: /home/albertozafra7/Desktop/Universidad/Master/AR/Lab6/catkin_ws/devel/share/common-lisp/ros/geographic_msgs/msg/GeoPoint.lisp
Unlinking: /home/albertozafra7/Desktop/Universidad/Master/AR/Lab6/catkin_ws/devel/share/common-lisp/ros/geographic_msgs/msg/_package_GeoPointStamped.lisp
Unlinking: /home/albertozafra7/Desktop/Universidad/Master/AR/Lab6/catkin_ws/devel/share/common-lisp/ros/geographic_msgs/msg/_package_GeoPoseStamped.lisp
Unlinking: /home/albertozafra7/Desktop/Universidad/Master/AR/Lab6/catkin_ws/devel/share/common-lisp/ros/geographic_msgs/msg/RouteNetwork.lisp
Unlinking: /home/albertozafra7/Desktop/Universidad/Master/AR/Lab6/catkin_ws/devel/share/common-lisp/ros/geographic_msgs/msg/MapFeature.lisp
Unlinking: /home/albertozafra7/Desktop/Universidad/Master/AR/Lab6/catkin_ws/devel/share/common-lisp/ros/geographic_msgs/msg/GeoPath.lisp
Unlinking: /home/albertozafra7/Desktop/Universidad/Master/AR/Lab6/catkin_ws/devel/share/common-lisp/ros/geographic_msgs/srv/GetGeographicMap.lisp
Unlinking: /home/albertozafra7/Desktop/Universidad/Master/AR/Lab6/catkin_ws/devel/share/common-lisp/ros/geographic_msgs/srv/_package_GetGeographicMap.lisp
Unlinking: /home/albertozafra7/Desktop/Universidad/Master/AR/Lab6/catkin_ws/devel/share/common-lisp/ros/geographic_msgs/srv/_package_UpdateGeographicMap.lisp
Unlinking: /home/albertozafra7/Desktop/Universidad/Master/AR/Lab6/catkin_ws/devel/share/common-lisp/ros/geographic_msgs/srv/_package.lisp
Unlinking: /home/albertozafra7/Desktop/Universidad/Master/AR/Lab6/catkin_ws/devel/share/common-lisp/ros/geographic_msgs/srv/UpdateGeographicMap.lisp
Unlinking: /home/albertozafra7/Desktop/Universidad/Master/AR/Lab6/catkin_ws/devel/share/common-lisp/ros/geographic_msgs/srv/_package_GetRoutePlan.lisp
Unlinking: /home/albertozafra7/Desktop/Universidad/Master/AR/Lab6/catkin_ws/devel/share/common-lisp/ros/geographic_msgs/srv/geographic_msgs-srv.asd
Unlinking: /home/albertozafra7/Desktop/Universidad/Master/AR/Lab6/catkin_ws/devel/share/common-lisp/ros/geographic_msgs/srv/GetRoutePlan.lisp
Unlinking: /home/albertozafra7/Desktop/Universidad/Master/AR/Lab6/catkin_ws/devel/share/common-lisp/ros/geographic_msgs/srv/GetGeoPath.lisp
Unlinking: /home/albertozafra7/Desktop/Universidad/Master/AR/Lab6/catkin_ws/devel/share/common-lisp/ros/geographic_msgs/srv/_package_GetGeoPath.lisp
Unlinking: /home/albertozafra7/Desktop/Universidad/Master/AR/Lab6/catkin_ws/devel/lib/pkgconfig/geographic_msgs.pc
Unlinking: /home/albertozafra7/Desktop/Universidad/Master/AR/Lab6/catkin_ws/devel/lib/python3/dist-packages/geographic_msgs/__init__.py
Unlinking: /home/albertozafra7/Desktop/Universidad/Master/AR/Lab6/catkin_ws/devel/lib/python3/dist-packages/geographic_msgs/msg/_GeoPoint.py
Unlinking: /home/albertozafra7/Desktop/Universidad/Master/AR/Lab6/catkin_ws/devel/lib/python3/dist-packages/geographic_msgs/msg/_MapFeature.py
Unlinking: /home/albertozafra7/Desktop/Universidad/Master/AR/Lab6/catkin_ws/devel/lib/python3/dist-packages/geographic_msgs/msg/_GeoPose.py
Unlinking: /home/albertozafra7/Desktop/Universidad/Master/AR/Lab6/catkin_ws/devel/lib/python3/dist-packages/geographic_msgs/msg/_GeoPoseWithCovarianceStamped.py
Unlinking: /home/albertozafra7/Desktop/Universidad/Master/AR/Lab6/catkin_ws/devel/lib/python3/dist-packages/geographic_msgs/msg/_GeoPoseWithCovariance.py
Unlinking: /home/albertozafra7/Desktop/Universidad/Master/AR/Lab6/catkin_ws/devel/lib/python3/dist-packages/geographic_msgs/msg/__init__.py
Unlinking: /home/albertozafra7/Desktop/Universidad/Master/AR/Lab6/catkin_ws/devel/lib/python3/dist-packages/geographic_msgs/msg/_GeoPath.py
Unlinking: /home/albertozafra7/Desktop/Universidad/Master/AR/Lab6/catkin_ws/devel/lib/python3/dist-packages/geographic_msgs/msg/_WayPoint.py
Unlinking: /home/albertozafra7/Desktop/Universidad/Master/AR/Lab6/catkin_ws/devel/lib/python3/dist-packages/geographic_msgs/msg/_BoundingBox.py
Unlinking: /home/albertozafra7/Desktop/Universidad/Master/AR/Lab6/catkin_ws/devel/lib/python3/dist-packages/geographic_msgs/msg/_GeographicMap.py
Unlinking: /home/albertozafra7/Desktop/Universidad/Master/AR/Lab6/catkin_ws/devel/lib/python3/dist-packages/geographic_msgs/msg/_GeographicMapChanges.py
Unlinking: /home/albertozafra7/Desktop/Universidad/Master/AR/Lab6/catkin_ws/devel/lib/python3/dist-packages/geographic_msgs/msg/_KeyValue.py
Unlinking: /home/albertozafra7/Desktop/Universidad/Master/AR/Lab6/catkin_ws/devel/lib/python3/dist-packages/geographic_msgs/msg/_RouteNetwork.py
Unlinking: /home/albertozafra7/Desktop/Universidad/Master/AR/Lab6/catkin_ws/devel/lib/python3/dist-packages/geographic_msgs/msg/_RoutePath.py
Unlinking: /home/albertozafra7/Desktop/Universidad/Master/AR/Lab6/catkin_ws/devel/lib/python3/dist-packages/geographic_msgs/msg/_GeoPoseStamped.py
Unlinking: /home/albertozafra7/Desktop/Universidad/Master/AR/Lab6/catkin_ws/devel/lib/python3/dist-packages/geographic_msgs/msg/_GeoPointStamped.py
Unlinking: /home/albertozafra7/Desktop/Universidad/Master/AR/Lab6/catkin_ws/devel/lib/python3/dist-packages/geographic_msgs/msg/_RouteSegment.py
Unlinking: /home/albertozafra7/Desktop/Universidad/Master/AR/Lab6/catkin_ws/devel/lib/python3/dist-packages/geographic_msgs/srv/_GetGeographicMap.py
Unlinking: /home/albertozafra7/Desktop/Universidad/Master/AR/Lab6/catkin_ws/devel/lib/python3/dist-packages/geographic_msgs/srv/_UpdateGeographicMap.py
Unlinking: /home/albertozafra7/Desktop/Universidad/Master/AR/Lab6/catkin_ws/devel/lib/python3/dist-packages/geographic_msgs/srv/__init__.py
Unlinking: /home/albertozafra7/Desktop/Universidad/Master/AR/Lab6/catkin_ws/devel/lib/python3/dist-packages/geographic_msgs/srv/_GetGeoPath.py
Unlinking: /home/albertozafra7/Desktop/Universidad/Master/AR/Lab6/catkin_ws/devel/lib/python3/dist-packages/geographic_msgs/srv/_GetRoutePlan.py
Unlinking: /home/albertozafra7/Desktop/Universidad/Master/AR/Lab6/catkin_ws/devel/include/geographic_msgs/UpdateGeographicMap.h
Unlinking: /home/albertozafra7/Desktop/Universidad/Master/AR/Lab6/catkin_ws/devel/include/geographic_msgs/BoundingBox.h
Unlinking: /home/albertozafra7/Desktop/Universidad/Master/AR/Lab6/catkin_ws/devel/include/geographic_msgs/KeyValue.h
Unlinking: /home/albertozafra7/Desktop/Universidad/Master/AR/Lab6/catkin_ws/devel/include/geographic_msgs/GetGeographicMap.h
Unlinking: /home/albertozafra7/Desktop/Universidad/Master/AR/Lab6/catkin_ws/devel/include/geographic_msgs/GetGeographicMapRequest.h
Unlinking: /home/albertozafra7/Desktop/Universidad/Master/AR/Lab6/catkin_ws/devel/include/geographic_msgs/GeoPoseStamped.h
Unlinking: /home/albertozafra7/Desktop/Universidad/Master/AR/Lab6/catkin_ws/devel/include/geographic_msgs/MapFeature.h
Unlinking: /home/albertozafra7/Desktop/Universidad/Master/AR/Lab6/catkin_ws/devel/include/geographic_msgs/RouteSegment.h
Unlinking: /home/albertozafra7/Desktop/Universidad/Master/AR/Lab6/catkin_ws/devel/include/geographic_msgs/GetGeographicMapResponse.h
Unlinking: /home/albertozafra7/Desktop/Universidad/Master/AR/Lab6/catkin_ws/devel/include/geographic_msgs/GeoPointStamped.h
Unlinking: /home/albertozafra7/Desktop/Universidad/Master/AR/Lab6/catkin_ws/devel/include/geographic_msgs/GetRoutePlan.h
Unlinking: /home/albertozafra7/Desktop/Universidad/Master/AR/Lab6/catkin_ws/devel/include/geographic_msgs/GeoPoseWithCovarianceStamped.h
Unlinking: /home/albertozafra7/Desktop/Universidad/Master/AR/Lab6/catkin_ws/devel/include/geographic_msgs/GetRoutePlanRequest.h
Unlinking: /home/albertozafra7/Desktop/Universidad/Master/AR/Lab6/catkin_ws/devel/include/geographic_msgs/RoutePath.h
Unlinking: /home/albertozafra7/Desktop/Universidad/Master/AR/Lab6/catkin_ws/devel/include/geographic_msgs/GeoPath.h
Unlinking: /home/albertozafra7/Desktop/Universidad/Master/AR/Lab6/catkin_ws/devel/include/geographic_msgs/GetRoutePlanResponse.h
Unlinking: /home/albertozafra7/Desktop/Universidad/Master/AR/Lab6/catkin_ws/devel/include/geographic_msgs/GetGeoPathResponse.h
Unlinking: /home/albertozafra7/Desktop/Universidad/Master/AR/Lab6/catkin_ws/devel/include/geographic_msgs/GeographicMapChanges.h
Unlinking: /home/albertozafra7/Desktop/Universidad/Master/AR/Lab6/catkin_ws/devel/include/geographic_msgs/UpdateGeographicMapResponse.h
Unlinking: /home/albertozafra7/Desktop/Universidad/Master/AR/Lab6/catkin_ws/devel/include/geographic_msgs/GeographicMap.h
Unlinking: /home/albertozafra7/Desktop/Universidad/Master/AR/Lab6/catkin_ws/devel/include/geographic_msgs/GeoPoint.h
Unlinking: /home/albertozafra7/Desktop/Universidad/Master/AR/Lab6/catkin_ws/devel/include/geographic_msgs/UpdateGeographicMapRequest.h
Unlinking: /home/albertozafra7/Desktop/Universidad/Master/AR/Lab6/catkin_ws/devel/include/geographic_msgs/RouteNetwork.h
Unlinking: /home/albertozafra7/Desktop/Universidad/Master/AR/Lab6/catkin_ws/devel/include/geographic_msgs/GetGeoPath.h
Unlinking: /home/albertozafra7/Desktop/Universidad/Master/AR/Lab6/catkin_ws/devel/include/geographic_msgs/GeoPose.h
Unlinking: /home/albertozafra7/Desktop/Universidad/Master/AR/Lab6/catkin_ws/devel/include/geographic_msgs/WayPoint.h
Unlinking: /home/albertozafra7/Desktop/Universidad/Master/AR/Lab6/catkin_ws/devel/include/geographic_msgs/GetGeoPathRequest.h
Unlinking: /home/albertozafra7/Desktop/Universidad/Master/AR/Lab6/catkin_ws/devel/include/geographic_msgs/GeoPoseWithCovariance.h
