[35m[1mScanning dependencies of target _geographic_msgs_generate_messages_check_deps_WayPoint[0m
[35m[1mScanning dependencies of target _geographic_msgs_generate_messages_check_deps_GeoPoint[0m
[35m[1mScanning dependencies of target _geographic_msgs_generate_messages_check_deps_RouteSegment[0m
[  0%] Built target _geographic_msgs_generate_messages_check_deps_WayPoint
[  0%] Built target _geographic_msgs_generate_messages_check_deps_GeoPoint
[  0%] Built target _geographic_msgs_generate_messages_check_deps_RouteSegment
[35m[1mScanning dependencies of target _geographic_msgs_generate_messages_check_deps_GetGeographicMap[0m
[35m[1mScanning dependencies of target _geographic_msgs_generate_messages_check_deps_GetRoutePlan[0m
[35m[1mScanning dependencies of target _geographic_msgs_generate_messages_check_deps_GetGeoPath[0m
[35m[1mScanning dependencies of target _geographic_msgs_generate_messages_check_deps_KeyValue[0m
[  0%] Built target _geographic_msgs_generate_messages_check_deps_GetGeographicMap
[  0%] Built target _geographic_msgs_generate_messages_check_deps_GetGeoPath
[  0%] Built target _geographic_msgs_generate_messages_check_deps_GetRoutePlan
[35m[1mScanning dependencies of target _geographic_msgs_generate_messages_check_deps_GeoPoseWithCovariance[0m
[35m[1mScanning dependencies of target geometry_msgs_generate_messages_eus[0m
[35m[1mScanning dependencies of target _geographic_msgs_generate_messages_check_deps_RouteNetwork[0m
[  0%] Built target geometry_msgs_generate_messages_eus
[  0%] Built target _geographic_msgs_generate_messages_check_deps_KeyValue
[35m[1mScanning dependencies of target _geographic_msgs_generate_messages_check_deps_GeoPointStamped[0m
[  0%] Built target _geographic_msgs_generate_messages_check_deps_GeoPoseWithCovariance
[35m[1mScanning dependencies of target _geographic_msgs_generate_messages_check_deps_GeographicMapChanges[0m
[35m[1mScanning dependencies of target _geographic_msgs_generate_messages_check_deps_GeoPose[0m
[  0%] Built target _geographic_msgs_generate_messages_check_deps_RouteNetwork
[  0%] Built target _geographic_msgs_generate_messages_check_deps_GeoPointStamped
[35m[1mScanning dependencies of target uuid_msgs_generate_messages_eus[0m
[35m[1mScanning dependencies of target std_msgs_generate_messages_eus[0m
[  0%] Built target _geographic_msgs_generate_messages_check_deps_GeographicMapChanges
[  0%] Built target _geographic_msgs_generate_messages_check_deps_GeoPose
[  0%] Built target uuid_msgs_generate_messages_eus
[  0%] Built target std_msgs_generate_messages_eus
[35m[1mScanning dependencies of target _geographic_msgs_generate_messages_check_deps_MapFeature[0m
[35m[1mScanning dependencies of target _geographic_msgs_generate_messages_check_deps_GeoPoseWithCovarianceStamped[0m
[35m[1mScanning dependencies of target _geographic_msgs_generate_messages_check_deps_RoutePath[0m
[35m[1mScanning dependencies of target _geographic_msgs_generate_messages_check_deps_BoundingBox[0m
[  0%] Built target _geographic_msgs_generate_messages_check_deps_MapFeature
[  0%] Built target _geographic_msgs_generate_messages_check_deps_RoutePath
[  0%] Built target _geographic_msgs_generate_messages_check_deps_GeoPoseWithCovarianceStamped
[35m[1mScanning dependencies of target _geographic_msgs_generate_messages_check_deps_GeoPoseStamped[0m
[  0%] Built target _geographic_msgs_generate_messages_check_deps_BoundingBox
[35m[1mScanning dependencies of target _geographic_msgs_generate_messages_check_deps_GeographicMap[0m
[35m[1mScanning dependencies of target _geographic_msgs_generate_messages_check_deps_UpdateGeographicMap[0m
[35m[1mScanning dependencies of target _geographic_msgs_generate_messages_check_deps_GeoPath[0m
[  0%] Built target _geographic_msgs_generate_messages_check_deps_GeoPoseStamped
[  0%] Built target _geographic_msgs_generate_messages_check_deps_UpdateGeographicMap
[  0%] Built target _geographic_msgs_generate_messages_check_deps_GeographicMap
[35m[1mScanning dependencies of target geometry_msgs_generate_messages_py[0m
[35m[1mScanning dependencies of target uuid_msgs_generate_messages_py[0m
[35m[1mScanning dependencies of target std_msgs_generate_messages_py[0m
[  0%] Built target geometry_msgs_generate_messages_py
[  0%] Built target _geographic_msgs_generate_messages_check_deps_GeoPath
[  0%] Built target uuid_msgs_generate_messages_py
[  0%] Built target std_msgs_generate_messages_py
[35m[1mScanning dependencies of target std_msgs_generate_messages_cpp[0m
[35m[1mScanning dependencies of target uuid_msgs_generate_messages_cpp[0m
[35m[1mScanning dependencies of target geometry_msgs_generate_messages_cpp[0m
[35m[1mScanning dependencies of target std_msgs_generate_messages_lisp[0m
[  0%] Built target std_msgs_generate_messages_cpp
[  0%] Built target uuid_msgs_generate_messages_cpp
[  0%] Built target geometry_msgs_generate_messages_cpp
[  0%] Built target std_msgs_generate_messages_lisp
[35m[1mScanning dependencies of target geometry_msgs_generate_messages_lisp[0m
[35m[1mScanning dependencies of target uuid_msgs_generate_messages_lisp[0m
[35m[1mScanning dependencies of target std_msgs_generate_messages_nodejs[0m
[  0%] Built target geometry_msgs_generate_messages_lisp
[35m[1mScanning dependencies of target geometry_msgs_generate_messages_nodejs[0m
[  0%] Built target uuid_msgs_generate_messages_lisp
[  0%] Built target geometry_msgs_generate_messages_nodejs
[  0%] Built target std_msgs_generate_messages_nodejs
[35m[1mScanning dependencies of target geographic_msgs_generate_messages_eus[0m
[35m[1mScanning dependencies of target uuid_msgs_generate_messages_nodejs[0m
[35m[1mScanning dependencies of target geographic_msgs_generate_messages_py[0m
[35m[1mScanning dependencies of target geographic_msgs_generate_messages_cpp[0m
[ 19%] Built target geographic_msgs_generate_messages_eus
[ 19%] Built target uuid_msgs_generate_messages_nodejs
[ 41%] Built target geographic_msgs_generate_messages_py
[35m[1mScanning dependencies of target geographic_msgs_generate_messages_lisp[0m
[ 60%] Built target geographic_msgs_generate_messages_cpp
[35m[1mScanning dependencies of target geographic_msgs_generate_messages_nodejs[0m
[ 80%] Built target geographic_msgs_generate_messages_lisp
[100%] Built target geographic_msgs_generate_messages_nodejs
[35m[1mScanning dependencies of target geographic_msgs_generate_messages[0m
[100%] Built target geographic_msgs_generate_messages
