Warning: Cannot symlink from /home/albertozafra7/Desktop/Universidad/Master/AR/project/catkin_ws/devel/.private/hector_pose_estimation_core/share/hector_pose_estimation_core/cmake/hector_pose_estimation_coreConfig.cmake to existing file /home/albertozafra7/Desktop/Universidad/Master/AR/project/catkin_ws/devel/share/hector_pose_estimation_core/cmake/hector_pose_estimation_coreConfig.cmake
Warning: Source hash: 08c56ff5cf888f3a405d06d4cd14366a
Warning: Dest hash: 748e4331a26451c4ba526119170388fc
Warning: Cannot symlink from /home/albertozafra7/Desktop/Universidad/Master/AR/project/catkin_ws/devel/.private/hector_pose_estimation_core/lib/libhector_pose_estimation.so to existing file /home/albertozafra7/Desktop/Universidad/Master/AR/project/catkin_ws/devel/lib/libhector_pose_estimation.so
Warning: Source hash: e55067519cdbd8d794429d89d358ddd5
Warning: Dest hash: ad98c950e333329e67f2b32768dfb29f
Warning: Cannot symlink from /home/albertozafra7/Desktop/Universidad/Master/AR/project/catkin_ws/devel/.private/hector_pose_estimation_core/lib/pkgconfig/hector_pose_estimation_core.pc to existing file /home/albertozafra7/Desktop/Universidad/Master/AR/project/catkin_ws/devel/lib/pkgconfig/hector_pose_estimation_core.pc
Warning: Source hash: fc75fb651fcd1c17227cecf382f884e4
Warning: Dest hash: 1c079962c9dfbda72307e2c456aa383f
Cleaning: (/home/albertozafra7/Desktop/Universidad/Master/AR/Lab6/catkin_ws/devel/.private/hector_pose_estimation_core/cmake.lock, /home/albertozafra7/Desktop/Universidad/Master/AR/Lab6/catkin_ws/devel/./cmake.lock)
Cleaning: (/home/albertozafra7/Desktop/Universidad/Master/AR/Lab6/catkin_ws/devel/.private/hector_pose_estimation_core/share/hector_pose_estimation_core/cmake/hector_pose_estimation_coreConfig.cmake, /home/albertozafra7/Desktop/Universidad/Master/AR/Lab6/catkin_ws/devel/share/hector_pose_estimation_core/cmake/hector_pose_estimation_coreConfig.cmake)
Cleaning: (/home/albertozafra7/Desktop/Universidad/Master/AR/Lab6/catkin_ws/devel/.private/hector_pose_estimation_core/share/hector_pose_estimation_core/cmake/hector_pose_estimation_coreConfig-version.cmake, /home/albertozafra7/Desktop/Universidad/Master/AR/Lab6/catkin_ws/devel/share/hector_pose_estimation_core/cmake/hector_pose_estimation_coreConfig-version.cmake)
Cleaning: (/home/albertozafra7/Desktop/Universidad/Master/AR/Lab6/catkin_ws/devel/.private/hector_pose_estimation_core/lib/libhector_pose_estimation.so, /home/albertozafra7/Desktop/Universidad/Master/AR/Lab6/catkin_ws/devel/lib/libhector_pose_estimation.so)
Cleaning: (/home/albertozafra7/Desktop/Universidad/Master/AR/Lab6/catkin_ws/devel/.private/hector_pose_estimation_core/lib/pkgconfig/hector_pose_estimation_core.pc, /home/albertozafra7/Desktop/Universidad/Master/AR/Lab6/catkin_ws/devel/lib/pkgconfig/hector_pose_estimation_core.pc)
Cleaning: (/home/albertozafra7/Desktop/Universidad/Master/AR/Lab6/catkin_ws/devel/.private/hector_pose_estimation_core/include/hector_pose_estimation/matrix_config.h, /home/albertozafra7/Desktop/Universidad/Master/AR/Lab6/catkin_ws/devel/include/hector_pose_estimation/matrix_config.h)
Unlinking: /home/albertozafra7/Desktop/Universidad/Master/AR/Lab6/catkin_ws/devel/share/hector_pose_estimation_core/cmake/hector_pose_estimation_coreConfig.cmake
Unlinking: /home/albertozafra7/Desktop/Universidad/Master/AR/Lab6/catkin_ws/devel/share/hector_pose_estimation_core/cmake/hector_pose_estimation_coreConfig-version.cmake
Unlinking: /home/albertozafra7/Desktop/Universidad/Master/AR/Lab6/catkin_ws/devel/lib/libhector_pose_estimation.so
Unlinking: /home/albertozafra7/Desktop/Universidad/Master/AR/Lab6/catkin_ws/devel/lib/pkgconfig/hector_pose_estimation_core.pc
Unlinking: /home/albertozafra7/Desktop/Universidad/Master/AR/Lab6/catkin_ws/devel/include/hector_pose_estimation/matrix_config.h
