Linked: (/home/albertozafra7/Desktop/Universidad/Master/AR/Lab3/catkin_ws/devel/.private/hector_uav_msgs/share/hector_uav_msgs/cmake/hector_uav_msgs-msg-paths.cmake, /home/albertozafra7/Desktop/Universidad/Master/AR/Lab3/catkin_ws/devel/share/hector_uav_msgs/cmake/hector_uav_msgs-msg-paths.cmake)
Linked: (/home/albertozafra7/Desktop/Universidad/Master/AR/Lab3/catkin_ws/devel/.private/hector_uav_msgs/share/hector_uav_msgs/cmake/hector_uav_msgsConfig-version.cmake, /home/albertozafra7/Desktop/Universidad/Master/AR/Lab3/catkin_ws/devel/share/hector_uav_msgs/cmake/hector_uav_msgsConfig-version.cmake)
Linked: (/home/albertozafra7/Desktop/Universidad/Master/AR/Lab3/catkin_ws/devel/.private/hector_uav_msgs/share/hector_uav_msgs/cmake/hector_uav_msgs-msg-extras.cmake, /home/albertozafra7/Desktop/Universidad/Master/AR/Lab3/catkin_ws/devel/share/hector_uav_msgs/cmake/hector_uav_msgs-msg-extras.cmake)
Linked: (/home/albertozafra7/Desktop/Universidad/Master/AR/Lab3/catkin_ws/devel/.private/hector_uav_msgs/share/hector_uav_msgs/cmake/hector_uav_msgsConfig.cmake, /home/albertozafra7/Desktop/Universidad/Master/AR/Lab3/catkin_ws/devel/share/hector_uav_msgs/cmake/hector_uav_msgsConfig.cmake)
Linked: (/home/albertozafra7/Desktop/Universidad/Master/AR/Lab3/catkin_ws/devel/.private/hector_uav_msgs/share/roseus/ros/hector_uav_msgs/manifest.l, /home/albertozafra7/Desktop/Universidad/Master/AR/Lab3/catkin_ws/devel/share/roseus/ros/hector_uav_msgs/manifest.l)
Linked: (/home/albertozafra7/Desktop/Universidad/Master/AR/Lab3/catkin_ws/devel/.private/hector_uav_msgs/share/roseus/ros/hector_uav_msgs/msg/RawImu.l, /home/albertozafra7/Desktop/Universidad/Master/AR/Lab3/catkin_ws/devel/share/roseus/ros/hector_uav_msgs/msg/RawImu.l)
Linked: (/home/albertozafra7/Desktop/Universidad/Master/AR/Lab3/catkin_ws/devel/.private/hector_uav_msgs/share/roseus/ros/hector_uav_msgs/msg/PositionXYCommand.l, /home/albertozafra7/Desktop/Universidad/Master/AR/Lab3/catkin_ws/devel/share/roseus/ros/hector_uav_msgs/msg/PositionXYCommand.l)
Linked: (/home/albertozafra7/Desktop/Universidad/Master/AR/Lab3/catkin_ws/devel/.private/hector_uav_msgs/share/roseus/ros/hector_uav_msgs/msg/RuddersCommand.l, /home/albertozafra7/Desktop/Universidad/Master/AR/Lab3/catkin_ws/devel/share/roseus/ros/hector_uav_msgs/msg/RuddersCommand.l)
Linked: (/home/albertozafra7/Desktop/Universidad/Master/AR/Lab3/catkin_ws/devel/.private/hector_uav_msgs/share/roseus/ros/hector_uav_msgs/msg/RawMagnetic.l, /home/albertozafra7/Desktop/Universidad/Master/AR/Lab3/catkin_ws/devel/share/roseus/ros/hector_uav_msgs/msg/RawMagnetic.l)
Linked: (/home/albertozafra7/Desktop/Universidad/Master/AR/Lab3/catkin_ws/devel/.private/hector_uav_msgs/share/roseus/ros/hector_uav_msgs/msg/ServoCommand.l, /home/albertozafra7/Desktop/Universidad/Master/AR/Lab3/catkin_ws/devel/share/roseus/ros/hector_uav_msgs/msg/ServoCommand.l)
Linked: (/home/albertozafra7/Desktop/Universidad/Master/AR/Lab3/catkin_ws/devel/.private/hector_uav_msgs/share/roseus/ros/hector_uav_msgs/msg/HeightCommand.l, /home/albertozafra7/Desktop/Universidad/Master/AR/Lab3/catkin_ws/devel/share/roseus/ros/hector_uav_msgs/msg/HeightCommand.l)
Linked: (/home/albertozafra7/Desktop/Universidad/Master/AR/Lab3/catkin_ws/devel/.private/hector_uav_msgs/share/roseus/ros/hector_uav_msgs/msg/HeadingCommand.l, /home/albertozafra7/Desktop/Universidad/Master/AR/Lab3/catkin_ws/devel/share/roseus/ros/hector_uav_msgs/msg/HeadingCommand.l)
Linked: (/home/albertozafra7/Desktop/Universidad/Master/AR/Lab3/catkin_ws/devel/.private/hector_uav_msgs/share/roseus/ros/hector_uav_msgs/msg/RawRC.l, /home/albertozafra7/Desktop/Universidad/Master/AR/Lab3/catkin_ws/devel/share/roseus/ros/hector_uav_msgs/msg/RawRC.l)
Linked: (/home/albertozafra7/Desktop/Universidad/Master/AR/Lab3/catkin_ws/devel/.private/hector_uav_msgs/share/roseus/ros/hector_uav_msgs/msg/YawrateCommand.l, /home/albertozafra7/Desktop/Universidad/Master/AR/Lab3/catkin_ws/devel/share/roseus/ros/hector_uav_msgs/msg/YawrateCommand.l)
Linked: (/home/albertozafra7/Desktop/Universidad/Master/AR/Lab3/catkin_ws/devel/.private/hector_uav_msgs/share/roseus/ros/hector_uav_msgs/msg/MotorCommand.l, /home/albertozafra7/Desktop/Universidad/Master/AR/Lab3/catkin_ws/devel/share/roseus/ros/hector_uav_msgs/msg/MotorCommand.l)
Linked: (/home/albertozafra7/Desktop/Universidad/Master/AR/Lab3/catkin_ws/devel/.private/hector_uav_msgs/share/roseus/ros/hector_uav_msgs/msg/Altimeter.l, /home/albertozafra7/Desktop/Universidad/Master/AR/Lab3/catkin_ws/devel/share/roseus/ros/hector_uav_msgs/msg/Altimeter.l)
Linked: (/home/albertozafra7/Desktop/Universidad/Master/AR/Lab3/catkin_ws/devel/.private/hector_uav_msgs/share/roseus/ros/hector_uav_msgs/msg/Supply.l, /home/albertozafra7/Desktop/Universidad/Master/AR/Lab3/catkin_ws/devel/share/roseus/ros/hector_uav_msgs/msg/Supply.l)
Linked: (/home/albertozafra7/Desktop/Universidad/Master/AR/Lab3/catkin_ws/devel/.private/hector_uav_msgs/share/roseus/ros/hector_uav_msgs/msg/ControllerState.l, /home/albertozafra7/Desktop/Universidad/Master/AR/Lab3/catkin_ws/devel/share/roseus/ros/hector_uav_msgs/msg/ControllerState.l)
Linked: (/home/albertozafra7/Desktop/Universidad/Master/AR/Lab3/catkin_ws/devel/.private/hector_uav_msgs/share/roseus/ros/hector_uav_msgs/msg/VelocityXYCommand.l, /home/albertozafra7/Desktop/Universidad/Master/AR/Lab3/catkin_ws/devel/share/roseus/ros/hector_uav_msgs/msg/VelocityXYCommand.l)
Linked: (/home/albertozafra7/Desktop/Universidad/Master/AR/Lab3/catkin_ws/devel/.private/hector_uav_msgs/share/roseus/ros/hector_uav_msgs/msg/MotorStatus.l, /home/albertozafra7/Desktop/Universidad/Master/AR/Lab3/catkin_ws/devel/share/roseus/ros/hector_uav_msgs/msg/MotorStatus.l)
Linked: (/home/albertozafra7/Desktop/Universidad/Master/AR/Lab3/catkin_ws/devel/.private/hector_uav_msgs/share/roseus/ros/hector_uav_msgs/msg/AttitudeCommand.l, /home/albertozafra7/Desktop/Universidad/Master/AR/Lab3/catkin_ws/devel/share/roseus/ros/hector_uav_msgs/msg/AttitudeCommand.l)
Linked: (/home/albertozafra7/Desktop/Universidad/Master/AR/Lab3/catkin_ws/devel/.private/hector_uav_msgs/share/roseus/ros/hector_uav_msgs/msg/Compass.l, /home/albertozafra7/Desktop/Universidad/Master/AR/Lab3/catkin_ws/devel/share/roseus/ros/hector_uav_msgs/msg/Compass.l)
Linked: (/home/albertozafra7/Desktop/Universidad/Master/AR/Lab3/catkin_ws/devel/.private/hector_uav_msgs/share/roseus/ros/hector_uav_msgs/msg/ThrustCommand.l, /home/albertozafra7/Desktop/Universidad/Master/AR/Lab3/catkin_ws/devel/share/roseus/ros/hector_uav_msgs/msg/ThrustCommand.l)
Linked: (/home/albertozafra7/Desktop/Universidad/Master/AR/Lab3/catkin_ws/devel/.private/hector_uav_msgs/share/roseus/ros/hector_uav_msgs/msg/VelocityZCommand.l, /home/albertozafra7/Desktop/Universidad/Master/AR/Lab3/catkin_ws/devel/share/roseus/ros/hector_uav_msgs/msg/VelocityZCommand.l)
Linked: (/home/albertozafra7/Desktop/Universidad/Master/AR/Lab3/catkin_ws/devel/.private/hector_uav_msgs/share/roseus/ros/hector_uav_msgs/msg/RC.l, /home/albertozafra7/Desktop/Universidad/Master/AR/Lab3/catkin_ws/devel/share/roseus/ros/hector_uav_msgs/msg/RC.l)
Linked: (/home/albertozafra7/Desktop/Universidad/Master/AR/Lab3/catkin_ws/devel/.private/hector_uav_msgs/share/roseus/ros/hector_uav_msgs/msg/MotorPWM.l, /home/albertozafra7/Desktop/Universidad/Master/AR/Lab3/catkin_ws/devel/share/roseus/ros/hector_uav_msgs/msg/MotorPWM.l)
Linked: (/home/albertozafra7/Desktop/Universidad/Master/AR/Lab3/catkin_ws/devel/.private/hector_uav_msgs/share/gennodejs/ros/hector_uav_msgs/_index.js, /home/albertozafra7/Desktop/Universidad/Master/AR/Lab3/catkin_ws/devel/share/gennodejs/ros/hector_uav_msgs/_index.js)
Linked: (/home/albertozafra7/Desktop/Universidad/Master/AR/Lab3/catkin_ws/devel/.private/hector_uav_msgs/share/gennodejs/ros/hector_uav_msgs/msg/_index.js, /home/albertozafra7/Desktop/Universidad/Master/AR/Lab3/catkin_ws/devel/share/gennodejs/ros/hector_uav_msgs/msg/_index.js)
Linked: (/home/albertozafra7/Desktop/Universidad/Master/AR/Lab3/catkin_ws/devel/.private/hector_uav_msgs/share/gennodejs/ros/hector_uav_msgs/msg/ThrustCommand.js, /home/albertozafra7/Desktop/Universidad/Master/AR/Lab3/catkin_ws/devel/share/gennodejs/ros/hector_uav_msgs/msg/ThrustCommand.js)
Linked: (/home/albertozafra7/Desktop/Universidad/Master/AR/Lab3/catkin_ws/devel/.private/hector_uav_msgs/share/gennodejs/ros/hector_uav_msgs/msg/HeadingCommand.js, /home/albertozafra7/Desktop/Universidad/Master/AR/Lab3/catkin_ws/devel/share/gennodejs/ros/hector_uav_msgs/msg/HeadingCommand.js)
Linked: (/home/albertozafra7/Desktop/Universidad/Master/AR/Lab3/catkin_ws/devel/.private/hector_uav_msgs/share/gennodejs/ros/hector_uav_msgs/msg/MotorStatus.js, /home/albertozafra7/Desktop/Universidad/Master/AR/Lab3/catkin_ws/devel/share/gennodejs/ros/hector_uav_msgs/msg/MotorStatus.js)
Linked: (/home/albertozafra7/Desktop/Universidad/Master/AR/Lab3/catkin_ws/devel/.private/hector_uav_msgs/share/gennodejs/ros/hector_uav_msgs/msg/Altimeter.js, /home/albertozafra7/Desktop/Universidad/Master/AR/Lab3/catkin_ws/devel/share/gennodejs/ros/hector_uav_msgs/msg/Altimeter.js)
Linked: (/home/albertozafra7/Desktop/Universidad/Master/AR/Lab3/catkin_ws/devel/.private/hector_uav_msgs/share/gennodejs/ros/hector_uav_msgs/msg/VelocityXYCommand.js, /home/albertozafra7/Desktop/Universidad/Master/AR/Lab3/catkin_ws/devel/share/gennodejs/ros/hector_uav_msgs/msg/VelocityXYCommand.js)
Linked: (/home/albertozafra7/Desktop/Universidad/Master/AR/Lab3/catkin_ws/devel/.private/hector_uav_msgs/share/gennodejs/ros/hector_uav_msgs/msg/RawMagnetic.js, /home/albertozafra7/Desktop/Universidad/Master/AR/Lab3/catkin_ws/devel/share/gennodejs/ros/hector_uav_msgs/msg/RawMagnetic.js)
Linked: (/home/albertozafra7/Desktop/Universidad/Master/AR/Lab3/catkin_ws/devel/.private/hector_uav_msgs/share/gennodejs/ros/hector_uav_msgs/msg/YawrateCommand.js, /home/albertozafra7/Desktop/Universidad/Master/AR/Lab3/catkin_ws/devel/share/gennodejs/ros/hector_uav_msgs/msg/YawrateCommand.js)
Linked: (/home/albertozafra7/Desktop/Universidad/Master/AR/Lab3/catkin_ws/devel/.private/hector_uav_msgs/share/gennodejs/ros/hector_uav_msgs/msg/RawImu.js, /home/albertozafra7/Desktop/Universidad/Master/AR/Lab3/catkin_ws/devel/share/gennodejs/ros/hector_uav_msgs/msg/RawImu.js)
Linked: (/home/albertozafra7/Desktop/Universidad/Master/AR/Lab3/catkin_ws/devel/.private/hector_uav_msgs/share/gennodejs/ros/hector_uav_msgs/msg/ControllerState.js, /home/albertozafra7/Desktop/Universidad/Master/AR/Lab3/catkin_ws/devel/share/gennodejs/ros/hector_uav_msgs/msg/ControllerState.js)
Linked: (/home/albertozafra7/Desktop/Universidad/Master/AR/Lab3/catkin_ws/devel/.private/hector_uav_msgs/share/gennodejs/ros/hector_uav_msgs/msg/MotorCommand.js, /home/albertozafra7/Desktop/Universidad/Master/AR/Lab3/catkin_ws/devel/share/gennodejs/ros/hector_uav_msgs/msg/MotorCommand.js)
Linked: (/home/albertozafra7/Desktop/Universidad/Master/AR/Lab3/catkin_ws/devel/.private/hector_uav_msgs/share/gennodejs/ros/hector_uav_msgs/msg/RuddersCommand.js, /home/albertozafra7/Desktop/Universidad/Master/AR/Lab3/catkin_ws/devel/share/gennodejs/ros/hector_uav_msgs/msg/RuddersCommand.js)
Linked: (/home/albertozafra7/Desktop/Universidad/Master/AR/Lab3/catkin_ws/devel/.private/hector_uav_msgs/share/gennodejs/ros/hector_uav_msgs/msg/HeightCommand.js, /home/albertozafra7/Desktop/Universidad/Master/AR/Lab3/catkin_ws/devel/share/gennodejs/ros/hector_uav_msgs/msg/HeightCommand.js)
Linked: (/home/albertozafra7/Desktop/Universidad/Master/AR/Lab3/catkin_ws/devel/.private/hector_uav_msgs/share/gennodejs/ros/hector_uav_msgs/msg/MotorPWM.js, /home/albertozafra7/Desktop/Universidad/Master/AR/Lab3/catkin_ws/devel/share/gennodejs/ros/hector_uav_msgs/msg/MotorPWM.js)
Linked: (/home/albertozafra7/Desktop/Universidad/Master/AR/Lab3/catkin_ws/devel/.private/hector_uav_msgs/share/gennodejs/ros/hector_uav_msgs/msg/RawRC.js, /home/albertozafra7/Desktop/Universidad/Master/AR/Lab3/catkin_ws/devel/share/gennodejs/ros/hector_uav_msgs/msg/RawRC.js)
Linked: (/home/albertozafra7/Desktop/Universidad/Master/AR/Lab3/catkin_ws/devel/.private/hector_uav_msgs/share/gennodejs/ros/hector_uav_msgs/msg/Compass.js, /home/albertozafra7/Desktop/Universidad/Master/AR/Lab3/catkin_ws/devel/share/gennodejs/ros/hector_uav_msgs/msg/Compass.js)
Linked: (/home/albertozafra7/Desktop/Universidad/Master/AR/Lab3/catkin_ws/devel/.private/hector_uav_msgs/share/gennodejs/ros/hector_uav_msgs/msg/Supply.js, /home/albertozafra7/Desktop/Universidad/Master/AR/Lab3/catkin_ws/devel/share/gennodejs/ros/hector_uav_msgs/msg/Supply.js)
Linked: (/home/albertozafra7/Desktop/Universidad/Master/AR/Lab3/catkin_ws/devel/.private/hector_uav_msgs/share/gennodejs/ros/hector_uav_msgs/msg/VelocityZCommand.js, /home/albertozafra7/Desktop/Universidad/Master/AR/Lab3/catkin_ws/devel/share/gennodejs/ros/hector_uav_msgs/msg/VelocityZCommand.js)
Linked: (/home/albertozafra7/Desktop/Universidad/Master/AR/Lab3/catkin_ws/devel/.private/hector_uav_msgs/share/gennodejs/ros/hector_uav_msgs/msg/ServoCommand.js, /home/albertozafra7/Desktop/Universidad/Master/AR/Lab3/catkin_ws/devel/share/gennodejs/ros/hector_uav_msgs/msg/ServoCommand.js)
Linked: (/home/albertozafra7/Desktop/Universidad/Master/AR/Lab3/catkin_ws/devel/.private/hector_uav_msgs/share/gennodejs/ros/hector_uav_msgs/msg/RC.js, /home/albertozafra7/Desktop/Universidad/Master/AR/Lab3/catkin_ws/devel/share/gennodejs/ros/hector_uav_msgs/msg/RC.js)
Linked: (/home/albertozafra7/Desktop/Universidad/Master/AR/Lab3/catkin_ws/devel/.private/hector_uav_msgs/share/gennodejs/ros/hector_uav_msgs/msg/PositionXYCommand.js, /home/albertozafra7/Desktop/Universidad/Master/AR/Lab3/catkin_ws/devel/share/gennodejs/ros/hector_uav_msgs/msg/PositionXYCommand.js)
Linked: (/home/albertozafra7/Desktop/Universidad/Master/AR/Lab3/catkin_ws/devel/.private/hector_uav_msgs/share/gennodejs/ros/hector_uav_msgs/msg/AttitudeCommand.js, /home/albertozafra7/Desktop/Universidad/Master/AR/Lab3/catkin_ws/devel/share/gennodejs/ros/hector_uav_msgs/msg/AttitudeCommand.js)
Linked: (/home/albertozafra7/Desktop/Universidad/Master/AR/Lab3/catkin_ws/devel/.private/hector_uav_msgs/share/common-lisp/ros/hector_uav_msgs/msg/ThrustCommand.lisp, /home/albertozafra7/Desktop/Universidad/Master/AR/Lab3/catkin_ws/devel/share/common-lisp/ros/hector_uav_msgs/msg/ThrustCommand.lisp)
Linked: (/home/albertozafra7/Desktop/Universidad/Master/AR/Lab3/catkin_ws/devel/.private/hector_uav_msgs/share/common-lisp/ros/hector_uav_msgs/msg/HeightCommand.lisp, /home/albertozafra7/Desktop/Universidad/Master/AR/Lab3/catkin_ws/devel/share/common-lisp/ros/hector_uav_msgs/msg/HeightCommand.lisp)
Linked: (/home/albertozafra7/Desktop/Universidad/Master/AR/Lab3/catkin_ws/devel/.private/hector_uav_msgs/share/common-lisp/ros/hector_uav_msgs/msg/AttitudeCommand.lisp, /home/albertozafra7/Desktop/Universidad/Master/AR/Lab3/catkin_ws/devel/share/common-lisp/ros/hector_uav_msgs/msg/AttitudeCommand.lisp)
Linked: (/home/albertozafra7/Desktop/Universidad/Master/AR/Lab3/catkin_ws/devel/.private/hector_uav_msgs/share/common-lisp/ros/hector_uav_msgs/msg/_package.lisp, /home/albertozafra7/Desktop/Universidad/Master/AR/Lab3/catkin_ws/devel/share/common-lisp/ros/hector_uav_msgs/msg/_package.lisp)
Linked: (/home/albertozafra7/Desktop/Universidad/Master/AR/Lab3/catkin_ws/devel/.private/hector_uav_msgs/share/common-lisp/ros/hector_uav_msgs/msg/RawImu.lisp, /home/albertozafra7/Desktop/Universidad/Master/AR/Lab3/catkin_ws/devel/share/common-lisp/ros/hector_uav_msgs/msg/RawImu.lisp)
Linked: (/home/albertozafra7/Desktop/Universidad/Master/AR/Lab3/catkin_ws/devel/.private/hector_uav_msgs/share/common-lisp/ros/hector_uav_msgs/msg/MotorPWM.lisp, /home/albertozafra7/Desktop/Universidad/Master/AR/Lab3/catkin_ws/devel/share/common-lisp/ros/hector_uav_msgs/msg/MotorPWM.lisp)
Linked: (/home/albertozafra7/Desktop/Universidad/Master/AR/Lab3/catkin_ws/devel/.private/hector_uav_msgs/share/common-lisp/ros/hector_uav_msgs/msg/_package_Compass.lisp, /home/albertozafra7/Desktop/Universidad/Master/AR/Lab3/catkin_ws/devel/share/common-lisp/ros/hector_uav_msgs/msg/_package_Compass.lisp)
Linked: (/home/albertozafra7/Desktop/Universidad/Master/AR/Lab3/catkin_ws/devel/.private/hector_uav_msgs/share/common-lisp/ros/hector_uav_msgs/msg/_package_YawrateCommand.lisp, /home/albertozafra7/Desktop/Universidad/Master/AR/Lab3/catkin_ws/devel/share/common-lisp/ros/hector_uav_msgs/msg/_package_YawrateCommand.lisp)
Linked: (/home/albertozafra7/Desktop/Universidad/Master/AR/Lab3/catkin_ws/devel/.private/hector_uav_msgs/share/common-lisp/ros/hector_uav_msgs/msg/_package_ThrustCommand.lisp, /home/albertozafra7/Desktop/Universidad/Master/AR/Lab3/catkin_ws/devel/share/common-lisp/ros/hector_uav_msgs/msg/_package_ThrustCommand.lisp)
Linked: (/home/albertozafra7/Desktop/Universidad/Master/AR/Lab3/catkin_ws/devel/.private/hector_uav_msgs/share/common-lisp/ros/hector_uav_msgs/msg/_package_RawMagnetic.lisp, /home/albertozafra7/Desktop/Universidad/Master/AR/Lab3/catkin_ws/devel/share/common-lisp/ros/hector_uav_msgs/msg/_package_RawMagnetic.lisp)
Linked: (/home/albertozafra7/Desktop/Universidad/Master/AR/Lab3/catkin_ws/devel/.private/hector_uav_msgs/share/common-lisp/ros/hector_uav_msgs/msg/RawRC.lisp, /home/albertozafra7/Desktop/Universidad/Master/AR/Lab3/catkin_ws/devel/share/common-lisp/ros/hector_uav_msgs/msg/RawRC.lisp)
Linked: (/home/albertozafra7/Desktop/Universidad/Master/AR/Lab3/catkin_ws/devel/.private/hector_uav_msgs/share/common-lisp/ros/hector_uav_msgs/msg/_package_HeadingCommand.lisp, /home/albertozafra7/Desktop/Universidad/Master/AR/Lab3/catkin_ws/devel/share/common-lisp/ros/hector_uav_msgs/msg/_package_HeadingCommand.lisp)
Linked: (/home/albertozafra7/Desktop/Universidad/Master/AR/Lab3/catkin_ws/devel/.private/hector_uav_msgs/share/common-lisp/ros/hector_uav_msgs/msg/RuddersCommand.lisp, /home/albertozafra7/Desktop/Universidad/Master/AR/Lab3/catkin_ws/devel/share/common-lisp/ros/hector_uav_msgs/msg/RuddersCommand.lisp)
Linked: (/home/albertozafra7/Desktop/Universidad/Master/AR/Lab3/catkin_ws/devel/.private/hector_uav_msgs/share/common-lisp/ros/hector_uav_msgs/msg/YawrateCommand.lisp, /home/albertozafra7/Desktop/Universidad/Master/AR/Lab3/catkin_ws/devel/share/common-lisp/ros/hector_uav_msgs/msg/YawrateCommand.lisp)
Linked: (/home/albertozafra7/Desktop/Universidad/Master/AR/Lab3/catkin_ws/devel/.private/hector_uav_msgs/share/common-lisp/ros/hector_uav_msgs/msg/hector_uav_msgs-msg.asd, /home/albertozafra7/Desktop/Universidad/Master/AR/Lab3/catkin_ws/devel/share/common-lisp/ros/hector_uav_msgs/msg/hector_uav_msgs-msg.asd)
Linked: (/home/albertozafra7/Desktop/Universidad/Master/AR/Lab3/catkin_ws/devel/.private/hector_uav_msgs/share/common-lisp/ros/hector_uav_msgs/msg/RawMagnetic.lisp, /home/albertozafra7/Desktop/Universidad/Master/AR/Lab3/catkin_ws/devel/share/common-lisp/ros/hector_uav_msgs/msg/RawMagnetic.lisp)
Linked: (/home/albertozafra7/Desktop/Universidad/Master/AR/Lab3/catkin_ws/devel/.private/hector_uav_msgs/share/common-lisp/ros/hector_uav_msgs/msg/PositionXYCommand.lisp, /home/albertozafra7/Desktop/Universidad/Master/AR/Lab3/catkin_ws/devel/share/common-lisp/ros/hector_uav_msgs/msg/PositionXYCommand.lisp)
Linked: (/home/albertozafra7/Desktop/Universidad/Master/AR/Lab3/catkin_ws/devel/.private/hector_uav_msgs/share/common-lisp/ros/hector_uav_msgs/msg/_package_RC.lisp, /home/albertozafra7/Desktop/Universidad/Master/AR/Lab3/catkin_ws/devel/share/common-lisp/ros/hector_uav_msgs/msg/_package_RC.lisp)
Linked: (/home/albertozafra7/Desktop/Universidad/Master/AR/Lab3/catkin_ws/devel/.private/hector_uav_msgs/share/common-lisp/ros/hector_uav_msgs/msg/_package_MotorCommand.lisp, /home/albertozafra7/Desktop/Universidad/Master/AR/Lab3/catkin_ws/devel/share/common-lisp/ros/hector_uav_msgs/msg/_package_MotorCommand.lisp)
Linked: (/home/albertozafra7/Desktop/Universidad/Master/AR/Lab3/catkin_ws/devel/.private/hector_uav_msgs/share/common-lisp/ros/hector_uav_msgs/msg/_package_MotorStatus.lisp, /home/albertozafra7/Desktop/Universidad/Master/AR/Lab3/catkin_ws/devel/share/common-lisp/ros/hector_uav_msgs/msg/_package_MotorStatus.lisp)
Linked: (/home/albertozafra7/Desktop/Universidad/Master/AR/Lab3/catkin_ws/devel/.private/hector_uav_msgs/share/common-lisp/ros/hector_uav_msgs/msg/_package_AttitudeCommand.lisp, /home/albertozafra7/Desktop/Universidad/Master/AR/Lab3/catkin_ws/devel/share/common-lisp/ros/hector_uav_msgs/msg/_package_AttitudeCommand.lisp)
Linked: (/home/albertozafra7/Desktop/Universidad/Master/AR/Lab3/catkin_ws/devel/.private/hector_uav_msgs/share/common-lisp/ros/hector_uav_msgs/msg/ServoCommand.lisp, /home/albertozafra7/Desktop/Universidad/Master/AR/Lab3/catkin_ws/devel/share/common-lisp/ros/hector_uav_msgs/msg/ServoCommand.lisp)
Linked: (/home/albertozafra7/Desktop/Universidad/Master/AR/Lab3/catkin_ws/devel/.private/hector_uav_msgs/share/common-lisp/ros/hector_uav_msgs/msg/_package_RuddersCommand.lisp, /home/albertozafra7/Desktop/Universidad/Master/AR/Lab3/catkin_ws/devel/share/common-lisp/ros/hector_uav_msgs/msg/_package_RuddersCommand.lisp)
Linked: (/home/albertozafra7/Desktop/Universidad/Master/AR/Lab3/catkin_ws/devel/.private/hector_uav_msgs/share/common-lisp/ros/hector_uav_msgs/msg/MotorStatus.lisp, /home/albertozafra7/Desktop/Universidad/Master/AR/Lab3/catkin_ws/devel/share/common-lisp/ros/hector_uav_msgs/msg/MotorStatus.lisp)
Linked: (/home/albertozafra7/Desktop/Universidad/Master/AR/Lab3/catkin_ws/devel/.private/hector_uav_msgs/share/common-lisp/ros/hector_uav_msgs/msg/VelocityXYCommand.lisp, /home/albertozafra7/Desktop/Universidad/Master/AR/Lab3/catkin_ws/devel/share/common-lisp/ros/hector_uav_msgs/msg/VelocityXYCommand.lisp)
Linked: (/home/albertozafra7/Desktop/Universidad/Master/AR/Lab3/catkin_ws/devel/.private/hector_uav_msgs/share/common-lisp/ros/hector_uav_msgs/msg/ControllerState.lisp, /home/albertozafra7/Desktop/Universidad/Master/AR/Lab3/catkin_ws/devel/share/common-lisp/ros/hector_uav_msgs/msg/ControllerState.lisp)
Linked: (/home/albertozafra7/Desktop/Universidad/Master/AR/Lab3/catkin_ws/devel/.private/hector_uav_msgs/share/common-lisp/ros/hector_uav_msgs/msg/VelocityZCommand.lisp, /home/albertozafra7/Desktop/Universidad/Master/AR/Lab3/catkin_ws/devel/share/common-lisp/ros/hector_uav_msgs/msg/VelocityZCommand.lisp)
Linked: (/home/albertozafra7/Desktop/Universidad/Master/AR/Lab3/catkin_ws/devel/.private/hector_uav_msgs/share/common-lisp/ros/hector_uav_msgs/msg/_package_RawImu.lisp, /home/albertozafra7/Desktop/Universidad/Master/AR/Lab3/catkin_ws/devel/share/common-lisp/ros/hector_uav_msgs/msg/_package_RawImu.lisp)
Linked: (/home/albertozafra7/Desktop/Universidad/Master/AR/Lab3/catkin_ws/devel/.private/hector_uav_msgs/share/common-lisp/ros/hector_uav_msgs/msg/_package_VelocityXYCommand.lisp, /home/albertozafra7/Desktop/Universidad/Master/AR/Lab3/catkin_ws/devel/share/common-lisp/ros/hector_uav_msgs/msg/_package_VelocityXYCommand.lisp)
Linked: (/home/albertozafra7/Desktop/Universidad/Master/AR/Lab3/catkin_ws/devel/.private/hector_uav_msgs/share/common-lisp/ros/hector_uav_msgs/msg/HeadingCommand.lisp, /home/albertozafra7/Desktop/Universidad/Master/AR/Lab3/catkin_ws/devel/share/common-lisp/ros/hector_uav_msgs/msg/HeadingCommand.lisp)
Linked: (/home/albertozafra7/Desktop/Universidad/Master/AR/Lab3/catkin_ws/devel/.private/hector_uav_msgs/share/common-lisp/ros/hector_uav_msgs/msg/_package_ServoCommand.lisp, /home/albertozafra7/Desktop/Universidad/Master/AR/Lab3/catkin_ws/devel/share/common-lisp/ros/hector_uav_msgs/msg/_package_ServoCommand.lisp)
Linked: (/home/albertozafra7/Desktop/Universidad/Master/AR/Lab3/catkin_ws/devel/.private/hector_uav_msgs/share/common-lisp/ros/hector_uav_msgs/msg/_package_ControllerState.lisp, /home/albertozafra7/Desktop/Universidad/Master/AR/Lab3/catkin_ws/devel/share/common-lisp/ros/hector_uav_msgs/msg/_package_ControllerState.lisp)
Linked: (/home/albertozafra7/Desktop/Universidad/Master/AR/Lab3/catkin_ws/devel/.private/hector_uav_msgs/share/common-lisp/ros/hector_uav_msgs/msg/_package_PositionXYCommand.lisp, /home/albertozafra7/Desktop/Universidad/Master/AR/Lab3/catkin_ws/devel/share/common-lisp/ros/hector_uav_msgs/msg/_package_PositionXYCommand.lisp)
Linked: (/home/albertozafra7/Desktop/Universidad/Master/AR/Lab3/catkin_ws/devel/.private/hector_uav_msgs/share/common-lisp/ros/hector_uav_msgs/msg/Compass.lisp, /home/albertozafra7/Desktop/Universidad/Master/AR/Lab3/catkin_ws/devel/share/common-lisp/ros/hector_uav_msgs/msg/Compass.lisp)
Linked: (/home/albertozafra7/Desktop/Universidad/Master/AR/Lab3/catkin_ws/devel/.private/hector_uav_msgs/share/common-lisp/ros/hector_uav_msgs/msg/_package_MotorPWM.lisp, /home/albertozafra7/Desktop/Universidad/Master/AR/Lab3/catkin_ws/devel/share/common-lisp/ros/hector_uav_msgs/msg/_package_MotorPWM.lisp)
Linked: (/home/albertozafra7/Desktop/Universidad/Master/AR/Lab3/catkin_ws/devel/.private/hector_uav_msgs/share/common-lisp/ros/hector_uav_msgs/msg/_package_RawRC.lisp, /home/albertozafra7/Desktop/Universidad/Master/AR/Lab3/catkin_ws/devel/share/common-lisp/ros/hector_uav_msgs/msg/_package_RawRC.lisp)
Linked: (/home/albertozafra7/Desktop/Universidad/Master/AR/Lab3/catkin_ws/devel/.private/hector_uav_msgs/share/common-lisp/ros/hector_uav_msgs/msg/RC.lisp, /home/albertozafra7/Desktop/Universidad/Master/AR/Lab3/catkin_ws/devel/share/common-lisp/ros/hector_uav_msgs/msg/RC.lisp)
Linked: (/home/albertozafra7/Desktop/Universidad/Master/AR/Lab3/catkin_ws/devel/.private/hector_uav_msgs/share/common-lisp/ros/hector_uav_msgs/msg/_package_Altimeter.lisp, /home/albertozafra7/Desktop/Universidad/Master/AR/Lab3/catkin_ws/devel/share/common-lisp/ros/hector_uav_msgs/msg/_package_Altimeter.lisp)
Linked: (/home/albertozafra7/Desktop/Universidad/Master/AR/Lab3/catkin_ws/devel/.private/hector_uav_msgs/share/common-lisp/ros/hector_uav_msgs/msg/_package_VelocityZCommand.lisp, /home/albertozafra7/Desktop/Universidad/Master/AR/Lab3/catkin_ws/devel/share/common-lisp/ros/hector_uav_msgs/msg/_package_VelocityZCommand.lisp)
Linked: (/home/albertozafra7/Desktop/Universidad/Master/AR/Lab3/catkin_ws/devel/.private/hector_uav_msgs/share/common-lisp/ros/hector_uav_msgs/msg/Supply.lisp, /home/albertozafra7/Desktop/Universidad/Master/AR/Lab3/catkin_ws/devel/share/common-lisp/ros/hector_uav_msgs/msg/Supply.lisp)
Linked: (/home/albertozafra7/Desktop/Universidad/Master/AR/Lab3/catkin_ws/devel/.private/hector_uav_msgs/share/common-lisp/ros/hector_uav_msgs/msg/Altimeter.lisp, /home/albertozafra7/Desktop/Universidad/Master/AR/Lab3/catkin_ws/devel/share/common-lisp/ros/hector_uav_msgs/msg/Altimeter.lisp)
Linked: (/home/albertozafra7/Desktop/Universidad/Master/AR/Lab3/catkin_ws/devel/.private/hector_uav_msgs/share/common-lisp/ros/hector_uav_msgs/msg/_package_HeightCommand.lisp, /home/albertozafra7/Desktop/Universidad/Master/AR/Lab3/catkin_ws/devel/share/common-lisp/ros/hector_uav_msgs/msg/_package_HeightCommand.lisp)
Linked: (/home/albertozafra7/Desktop/Universidad/Master/AR/Lab3/catkin_ws/devel/.private/hector_uav_msgs/share/common-lisp/ros/hector_uav_msgs/msg/_package_Supply.lisp, /home/albertozafra7/Desktop/Universidad/Master/AR/Lab3/catkin_ws/devel/share/common-lisp/ros/hector_uav_msgs/msg/_package_Supply.lisp)
Linked: (/home/albertozafra7/Desktop/Universidad/Master/AR/Lab3/catkin_ws/devel/.private/hector_uav_msgs/share/common-lisp/ros/hector_uav_msgs/msg/MotorCommand.lisp, /home/albertozafra7/Desktop/Universidad/Master/AR/Lab3/catkin_ws/devel/share/common-lisp/ros/hector_uav_msgs/msg/MotorCommand.lisp)
Linked: (/home/albertozafra7/Desktop/Universidad/Master/AR/Lab3/catkin_ws/devel/.private/hector_uav_msgs/lib/pkgconfig/hector_uav_msgs.pc, /home/albertozafra7/Desktop/Universidad/Master/AR/Lab3/catkin_ws/devel/lib/pkgconfig/hector_uav_msgs.pc)
Linked: (/home/albertozafra7/Desktop/Universidad/Master/AR/Lab3/catkin_ws/devel/.private/hector_uav_msgs/lib/python3/dist-packages/hector_uav_msgs/__init__.py, /home/albertozafra7/Desktop/Universidad/Master/AR/Lab3/catkin_ws/devel/lib/python3/dist-packages/hector_uav_msgs/__init__.py)
Linked: (/home/albertozafra7/Desktop/Universidad/Master/AR/Lab3/catkin_ws/devel/.private/hector_uav_msgs/lib/python3/dist-packages/hector_uav_msgs/msg/_RawRC.py, /home/albertozafra7/Desktop/Universidad/Master/AR/Lab3/catkin_ws/devel/lib/python3/dist-packages/hector_uav_msgs/msg/_RawRC.py)
Linked: (/home/albertozafra7/Desktop/Universidad/Master/AR/Lab3/catkin_ws/devel/.private/hector_uav_msgs/lib/python3/dist-packages/hector_uav_msgs/msg/_ThrustCommand.py, /home/albertozafra7/Desktop/Universidad/Master/AR/Lab3/catkin_ws/devel/lib/python3/dist-packages/hector_uav_msgs/msg/_ThrustCommand.py)
Linked: (/home/albertozafra7/Desktop/Universidad/Master/AR/Lab3/catkin_ws/devel/.private/hector_uav_msgs/lib/python3/dist-packages/hector_uav_msgs/msg/_MotorCommand.py, /home/albertozafra7/Desktop/Universidad/Master/AR/Lab3/catkin_ws/devel/lib/python3/dist-packages/hector_uav_msgs/msg/_MotorCommand.py)
Linked: (/home/albertozafra7/Desktop/Universidad/Master/AR/Lab3/catkin_ws/devel/.private/hector_uav_msgs/lib/python3/dist-packages/hector_uav_msgs/msg/_YawrateCommand.py, /home/albertozafra7/Desktop/Universidad/Master/AR/Lab3/catkin_ws/devel/lib/python3/dist-packages/hector_uav_msgs/msg/_YawrateCommand.py)
Linked: (/home/albertozafra7/Desktop/Universidad/Master/AR/Lab3/catkin_ws/devel/.private/hector_uav_msgs/lib/python3/dist-packages/hector_uav_msgs/msg/_VelocityZCommand.py, /home/albertozafra7/Desktop/Universidad/Master/AR/Lab3/catkin_ws/devel/lib/python3/dist-packages/hector_uav_msgs/msg/_VelocityZCommand.py)
Linked: (/home/albertozafra7/Desktop/Universidad/Master/AR/Lab3/catkin_ws/devel/.private/hector_uav_msgs/lib/python3/dist-packages/hector_uav_msgs/msg/_RawImu.py, /home/albertozafra7/Desktop/Universidad/Master/AR/Lab3/catkin_ws/devel/lib/python3/dist-packages/hector_uav_msgs/msg/_RawImu.py)
Linked: (/home/albertozafra7/Desktop/Universidad/Master/AR/Lab3/catkin_ws/devel/.private/hector_uav_msgs/lib/python3/dist-packages/hector_uav_msgs/msg/_MotorStatus.py, /home/albertozafra7/Desktop/Universidad/Master/AR/Lab3/catkin_ws/devel/lib/python3/dist-packages/hector_uav_msgs/msg/_MotorStatus.py)
Linked: (/home/albertozafra7/Desktop/Universidad/Master/AR/Lab3/catkin_ws/devel/.private/hector_uav_msgs/lib/python3/dist-packages/hector_uav_msgs/msg/_RuddersCommand.py, /home/albertozafra7/Desktop/Universidad/Master/AR/Lab3/catkin_ws/devel/lib/python3/dist-packages/hector_uav_msgs/msg/_RuddersCommand.py)
Linked: (/home/albertozafra7/Desktop/Universidad/Master/AR/Lab3/catkin_ws/devel/.private/hector_uav_msgs/lib/python3/dist-packages/hector_uav_msgs/msg/_RawMagnetic.py, /home/albertozafra7/Desktop/Universidad/Master/AR/Lab3/catkin_ws/devel/lib/python3/dist-packages/hector_uav_msgs/msg/_RawMagnetic.py)
Linked: (/home/albertozafra7/Desktop/Universidad/Master/AR/Lab3/catkin_ws/devel/.private/hector_uav_msgs/lib/python3/dist-packages/hector_uav_msgs/msg/__init__.py, /home/albertozafra7/Desktop/Universidad/Master/AR/Lab3/catkin_ws/devel/lib/python3/dist-packages/hector_uav_msgs/msg/__init__.py)
Linked: (/home/albertozafra7/Desktop/Universidad/Master/AR/Lab3/catkin_ws/devel/.private/hector_uav_msgs/lib/python3/dist-packages/hector_uav_msgs/msg/_PositionXYCommand.py, /home/albertozafra7/Desktop/Universidad/Master/AR/Lab3/catkin_ws/devel/lib/python3/dist-packages/hector_uav_msgs/msg/_PositionXYCommand.py)
Linked: (/home/albertozafra7/Desktop/Universidad/Master/AR/Lab3/catkin_ws/devel/.private/hector_uav_msgs/lib/python3/dist-packages/hector_uav_msgs/msg/_AttitudeCommand.py, /home/albertozafra7/Desktop/Universidad/Master/AR/Lab3/catkin_ws/devel/lib/python3/dist-packages/hector_uav_msgs/msg/_AttitudeCommand.py)
Linked: (/home/albertozafra7/Desktop/Universidad/Master/AR/Lab3/catkin_ws/devel/.private/hector_uav_msgs/lib/python3/dist-packages/hector_uav_msgs/msg/_Altimeter.py, /home/albertozafra7/Desktop/Universidad/Master/AR/Lab3/catkin_ws/devel/lib/python3/dist-packages/hector_uav_msgs/msg/_Altimeter.py)
Linked: (/home/albertozafra7/Desktop/Universidad/Master/AR/Lab3/catkin_ws/devel/.private/hector_uav_msgs/lib/python3/dist-packages/hector_uav_msgs/msg/_MotorPWM.py, /home/albertozafra7/Desktop/Universidad/Master/AR/Lab3/catkin_ws/devel/lib/python3/dist-packages/hector_uav_msgs/msg/_MotorPWM.py)
Linked: (/home/albertozafra7/Desktop/Universidad/Master/AR/Lab3/catkin_ws/devel/.private/hector_uav_msgs/lib/python3/dist-packages/hector_uav_msgs/msg/_HeightCommand.py, /home/albertozafra7/Desktop/Universidad/Master/AR/Lab3/catkin_ws/devel/lib/python3/dist-packages/hector_uav_msgs/msg/_HeightCommand.py)
Linked: (/home/albertozafra7/Desktop/Universidad/Master/AR/Lab3/catkin_ws/devel/.private/hector_uav_msgs/lib/python3/dist-packages/hector_uav_msgs/msg/_ControllerState.py, /home/albertozafra7/Desktop/Universidad/Master/AR/Lab3/catkin_ws/devel/lib/python3/dist-packages/hector_uav_msgs/msg/_ControllerState.py)
Linked: (/home/albertozafra7/Desktop/Universidad/Master/AR/Lab3/catkin_ws/devel/.private/hector_uav_msgs/lib/python3/dist-packages/hector_uav_msgs/msg/_Compass.py, /home/albertozafra7/Desktop/Universidad/Master/AR/Lab3/catkin_ws/devel/lib/python3/dist-packages/hector_uav_msgs/msg/_Compass.py)
Linked: (/home/albertozafra7/Desktop/Universidad/Master/AR/Lab3/catkin_ws/devel/.private/hector_uav_msgs/lib/python3/dist-packages/hector_uav_msgs/msg/_HeadingCommand.py, /home/albertozafra7/Desktop/Universidad/Master/AR/Lab3/catkin_ws/devel/lib/python3/dist-packages/hector_uav_msgs/msg/_HeadingCommand.py)
Linked: (/home/albertozafra7/Desktop/Universidad/Master/AR/Lab3/catkin_ws/devel/.private/hector_uav_msgs/lib/python3/dist-packages/hector_uav_msgs/msg/_RC.py, /home/albertozafra7/Desktop/Universidad/Master/AR/Lab3/catkin_ws/devel/lib/python3/dist-packages/hector_uav_msgs/msg/_RC.py)
Linked: (/home/albertozafra7/Desktop/Universidad/Master/AR/Lab3/catkin_ws/devel/.private/hector_uav_msgs/lib/python3/dist-packages/hector_uav_msgs/msg/_ServoCommand.py, /home/albertozafra7/Desktop/Universidad/Master/AR/Lab3/catkin_ws/devel/lib/python3/dist-packages/hector_uav_msgs/msg/_ServoCommand.py)
Linked: (/home/albertozafra7/Desktop/Universidad/Master/AR/Lab3/catkin_ws/devel/.private/hector_uav_msgs/lib/python3/dist-packages/hector_uav_msgs/msg/_VelocityXYCommand.py, /home/albertozafra7/Desktop/Universidad/Master/AR/Lab3/catkin_ws/devel/lib/python3/dist-packages/hector_uav_msgs/msg/_VelocityXYCommand.py)
Linked: (/home/albertozafra7/Desktop/Universidad/Master/AR/Lab3/catkin_ws/devel/.private/hector_uav_msgs/lib/python3/dist-packages/hector_uav_msgs/msg/_Supply.py, /home/albertozafra7/Desktop/Universidad/Master/AR/Lab3/catkin_ws/devel/lib/python3/dist-packages/hector_uav_msgs/msg/_Supply.py)
Linked: (/home/albertozafra7/Desktop/Universidad/Master/AR/Lab3/catkin_ws/devel/.private/hector_uav_msgs/include/hector_uav_msgs/PositionXYCommand.h, /home/albertozafra7/Desktop/Universidad/Master/AR/Lab3/catkin_ws/devel/include/hector_uav_msgs/PositionXYCommand.h)
Linked: (/home/albertozafra7/Desktop/Universidad/Master/AR/Lab3/catkin_ws/devel/.private/hector_uav_msgs/include/hector_uav_msgs/Supply.h, /home/albertozafra7/Desktop/Universidad/Master/AR/Lab3/catkin_ws/devel/include/hector_uav_msgs/Supply.h)
Linked: (/home/albertozafra7/Desktop/Universidad/Master/AR/Lab3/catkin_ws/devel/.private/hector_uav_msgs/include/hector_uav_msgs/AttitudeCommand.h, /home/albertozafra7/Desktop/Universidad/Master/AR/Lab3/catkin_ws/devel/include/hector_uav_msgs/AttitudeCommand.h)
Linked: (/home/albertozafra7/Desktop/Universidad/Master/AR/Lab3/catkin_ws/devel/.private/hector_uav_msgs/include/hector_uav_msgs/Altimeter.h, /home/albertozafra7/Desktop/Universidad/Master/AR/Lab3/catkin_ws/devel/include/hector_uav_msgs/Altimeter.h)
Linked: (/home/albertozafra7/Desktop/Universidad/Master/AR/Lab3/catkin_ws/devel/.private/hector_uav_msgs/include/hector_uav_msgs/RC.h, /home/albertozafra7/Desktop/Universidad/Master/AR/Lab3/catkin_ws/devel/include/hector_uav_msgs/RC.h)
Linked: (/home/albertozafra7/Desktop/Universidad/Master/AR/Lab3/catkin_ws/devel/.private/hector_uav_msgs/include/hector_uav_msgs/YawrateCommand.h, /home/albertozafra7/Desktop/Universidad/Master/AR/Lab3/catkin_ws/devel/include/hector_uav_msgs/YawrateCommand.h)
Linked: (/home/albertozafra7/Desktop/Universidad/Master/AR/Lab3/catkin_ws/devel/.private/hector_uav_msgs/include/hector_uav_msgs/ThrustCommand.h, /home/albertozafra7/Desktop/Universidad/Master/AR/Lab3/catkin_ws/devel/include/hector_uav_msgs/ThrustCommand.h)
Linked: (/home/albertozafra7/Desktop/Universidad/Master/AR/Lab3/catkin_ws/devel/.private/hector_uav_msgs/include/hector_uav_msgs/ServoCommand.h, /home/albertozafra7/Desktop/Universidad/Master/AR/Lab3/catkin_ws/devel/include/hector_uav_msgs/ServoCommand.h)
Linked: (/home/albertozafra7/Desktop/Universidad/Master/AR/Lab3/catkin_ws/devel/.private/hector_uav_msgs/include/hector_uav_msgs/VelocityXYCommand.h, /home/albertozafra7/Desktop/Universidad/Master/AR/Lab3/catkin_ws/devel/include/hector_uav_msgs/VelocityXYCommand.h)
Linked: (/home/albertozafra7/Desktop/Universidad/Master/AR/Lab3/catkin_ws/devel/.private/hector_uav_msgs/include/hector_uav_msgs/VelocityZCommand.h, /home/albertozafra7/Desktop/Universidad/Master/AR/Lab3/catkin_ws/devel/include/hector_uav_msgs/VelocityZCommand.h)
Linked: (/home/albertozafra7/Desktop/Universidad/Master/AR/Lab3/catkin_ws/devel/.private/hector_uav_msgs/include/hector_uav_msgs/HeadingCommand.h, /home/albertozafra7/Desktop/Universidad/Master/AR/Lab3/catkin_ws/devel/include/hector_uav_msgs/HeadingCommand.h)
Linked: (/home/albertozafra7/Desktop/Universidad/Master/AR/Lab3/catkin_ws/devel/.private/hector_uav_msgs/include/hector_uav_msgs/Compass.h, /home/albertozafra7/Desktop/Universidad/Master/AR/Lab3/catkin_ws/devel/include/hector_uav_msgs/Compass.h)
Linked: (/home/albertozafra7/Desktop/Universidad/Master/AR/Lab3/catkin_ws/devel/.private/hector_uav_msgs/include/hector_uav_msgs/RawMagnetic.h, /home/albertozafra7/Desktop/Universidad/Master/AR/Lab3/catkin_ws/devel/include/hector_uav_msgs/RawMagnetic.h)
Linked: (/home/albertozafra7/Desktop/Universidad/Master/AR/Lab3/catkin_ws/devel/.private/hector_uav_msgs/include/hector_uav_msgs/ControllerState.h, /home/albertozafra7/Desktop/Universidad/Master/AR/Lab3/catkin_ws/devel/include/hector_uav_msgs/ControllerState.h)
Linked: (/home/albertozafra7/Desktop/Universidad/Master/AR/Lab3/catkin_ws/devel/.private/hector_uav_msgs/include/hector_uav_msgs/RawImu.h, /home/albertozafra7/Desktop/Universidad/Master/AR/Lab3/catkin_ws/devel/include/hector_uav_msgs/RawImu.h)
Linked: (/home/albertozafra7/Desktop/Universidad/Master/AR/Lab3/catkin_ws/devel/.private/hector_uav_msgs/include/hector_uav_msgs/MotorStatus.h, /home/albertozafra7/Desktop/Universidad/Master/AR/Lab3/catkin_ws/devel/include/hector_uav_msgs/MotorStatus.h)
Linked: (/home/albertozafra7/Desktop/Universidad/Master/AR/Lab3/catkin_ws/devel/.private/hector_uav_msgs/include/hector_uav_msgs/HeightCommand.h, /home/albertozafra7/Desktop/Universidad/Master/AR/Lab3/catkin_ws/devel/include/hector_uav_msgs/HeightCommand.h)
Linked: (/home/albertozafra7/Desktop/Universidad/Master/AR/Lab3/catkin_ws/devel/.private/hector_uav_msgs/include/hector_uav_msgs/MotorPWM.h, /home/albertozafra7/Desktop/Universidad/Master/AR/Lab3/catkin_ws/devel/include/hector_uav_msgs/MotorPWM.h)
Linked: (/home/albertozafra7/Desktop/Universidad/Master/AR/Lab3/catkin_ws/devel/.private/hector_uav_msgs/include/hector_uav_msgs/MotorCommand.h, /home/albertozafra7/Desktop/Universidad/Master/AR/Lab3/catkin_ws/devel/include/hector_uav_msgs/MotorCommand.h)
Linked: (/home/albertozafra7/Desktop/Universidad/Master/AR/Lab3/catkin_ws/devel/.private/hector_uav_msgs/include/hector_uav_msgs/RuddersCommand.h, /home/albertozafra7/Desktop/Universidad/Master/AR/Lab3/catkin_ws/devel/include/hector_uav_msgs/RuddersCommand.h)
Linked: (/home/albertozafra7/Desktop/Universidad/Master/AR/Lab3/catkin_ws/devel/.private/hector_uav_msgs/include/hector_uav_msgs/RawRC.h, /home/albertozafra7/Desktop/Universidad/Master/AR/Lab3/catkin_ws/devel/include/hector_uav_msgs/RawRC.h)
