CMake Warning (dev) at CMakeLists.txt:2 (project):
  Policy CMP0048 is not set: project() command manages VERSION variables.
  Run "cmake --help-policy CMP0048" for policy details.  Use the cmake_policy
  command to set the policy and suppress this warning.

  The following variable(s) would be set to empty:

    CMAKE_PROJECT_VERSION
    CMAKE_PROJECT_VERSION_MAJOR
    CMAKE_PROJECT_VERSION_MINOR
    CMAKE_PROJECT_VERSION_PATCH
This warning is for project developers.  Use -Wno-dev to suppress it.

[36m--[0m Using CATKIN_DEVEL_PREFIX: /home/albertozafra7/Desktop/Universidad/Master/AR/Lab3/catkin_ws/devel/.private/hector_quadrotor_controller_gazebo
[36m--[0m Using CMAKE_PREFIX_PATH: /home/albertozafra7/Desktop/Universidad/Master/AR/Lab3/catkin_ws/devel;/home/albertozafra7/tb2_ws/devel_isolated/mltbot_pr1;/home/albertozafra7/catkin_ws/devel;/home/albertozafra7/tb2_ws/devel_isolated/yujin_ocs;/home/albertozafra7/tb2_ws/devel_isolated/yocs_waypoints_navi;/home/albertozafra7/tb2_ws/devel_isolated/yocs_waypoint_provider;/home/albertozafra7/tb2_ws/devel_isolated/yocs_virtual_sensor;/home/albertozafra7/tb2_ws/devel_isolated/kobuki_qtestsuite;/home/albertozafra7/tb2_ws/devel_isolated/kobuki_testsuite;/home/albertozafra7/tb2_ws/devel_isolated/kobuki_node;/home/albertozafra7/tb2_ws/devel_isolated/yocs_velocity_smoother;/home/albertozafra7/tb2_ws/devel_isolated/yocs_safety_controller;/home/albertozafra7/tb2_ws/devel_isolated/yocs_rapps;/home/albertozafra7/tb2_ws/devel_isolated/yocs_navigator;/home/albertozafra7/tb2_ws/devel_isolated/yocs_navi_toolkit;/home/albertozafra7/tb2_ws/devel_isolated/yocs_joyop;/home/albertozafra7/tb2_ws/devel_isolated/yocs_ar_pair_tracking;/home/albertozafra7/tb2_ws/devel_isolated/yocs_msgs;/home/albertozafra7/tb2_ws/devel_isolated/yocs_diff_drive_pose_controller;/home/albertozafra7/tb2_ws/devel_isolated/yocs_ar_marker_tracking;/home/albertozafra7/tb2_ws/devel_isolated/yocs_math_toolkit;/home/albertozafra7/tb2_ws/devel_isolated/yocs_localization_manager;/home/albertozafra7/tb2_ws/devel_isolated/yocs_keyop;/home/albertozafra7/tb2_ws/devel_isolated/kobuki_safety_controller;/home/albertozafra7/tb2_ws/devel_isolated/kobuki_random_walker;/home/albertozafra7/tb2_ws/devel_isolated/kobuki_controller_tutorial;/home/albertozafra7/tb2_ws/devel_isolated/yocs_controllers;/home/albertozafra7/tb2_ws/devel_isolated/yocs_cmd_vel_mux;/home/albertozafra7/tb2_ws/devel_isolated/yocs_ar_pair_approach;/home/albertozafra7/tb2_ws/devel_isolated/turtlebot_teleop;/home/albertozafra7/tb2_ws/devel_isolated/turtlebot_stdr;/home/albertozafra7/tb2_ws/devel_isolated/turtlebot_stage;/home/albertozafra7/tb2_ws/devel_isolated/turtlebot_simulator;/home/albertozafra7/tb2_ws/devel_isolated/turtlebot_rviz_launchers;/home/albertozafra7/tb2_ws/devel_isolated/turtlebot_rapps;/home/albertozafra7/tb2_ws/devel_isolated/turtlebot_navigation;/home/albertozafra7/tb2_ws/devel_isolated/turtlebot_follower;/home/albertozafra7/tb2_ws/devel_isolated/turtlebot_msgs;/home/albertozafra7/tb2_ws/devel_isolated/turtlebot_interactive_markers;/home/albertozafra7/tb2_ws/devel_isolated/turtlebot_interactions;/home/albertozafra7/tb2_ws/devel_isolated/turtlebot_gazebo;/home/albertozafra7/tb2_ws/devel_isolated/turtlebot_description;/home/albertozafra7/tb2_ws/devel_isolated/turtlebot_dashboard;/home/albertozafra7/tb2_ws/devel_isolated/turtlebot_capabilities;/home/albertozafra7/tb2_ws/devel_isolated/turtlebot_calibration;/home/albertozafra7/tb2_ws/devel_isolated/turtlebot_bringup;/home/albertozafra7/tb2_ws/devel_isolated/turtlebot_apps;/home/albertozafra7/tb2_ws/devel_isolated/turtlebot_actions;/home/albertozafra7/tb2_ws/devel_isolated/turtlebot;/home/albertozafra7/tb2_ws/devel_isolated/kobuki_driver;/home/albertozafra7/tb2_ws/devel_isolated/kobuki_auto_docking;/home/albertozafra7/tb2_ws/devel_isolated/kobuki_dock_drive;/home/albertozafra7/tb2_ws/devel_isolated/ecl_statistics;/home/albertozafra7/tb2_ws/devel_isolated/ecl_mobile_robot;/home/albertozafra7/tb2_ws/devel_isolated/ecl_core_apps;/home/albertozafra7/tb2_ws/devel_isolated/ecl_geometry;/home/albertozafra7/tb2_ws/devel_isolated/ecl_linear_algebra;/home/albertozafra7/tb2_ws/devel_isolated/slam_gmapping;/home/albertozafra7/tb2_ws/devel_isolated/kobuki_rviz_launchers;/home/albertozafra7/tb2_ws/devel_isolated/kobuki_rapps;/home/albertozafra7/tb2_ws/devel_isolated/kobuki_keyop;/home/albertozafra7/tb2_ws/devel_isolated/kobuki_gazebo_plugins;/home/albertozafra7/tb2_ws/devel_isolated/kobuki_dashboard;/home/albertozafra7/tb2_ws/devel_isolated/kobuki_bumper2pc;/home/albertozafra7/tb2_ws/devel_isolated/kobuki_msgs;/home/albertozafra7/tb2_ws/devel_isolated/kobuki_gazebo;/home/albertozafra7/tb2_ws/devel_isolated/kobuki_ftdi;/home/albertozafra7/tb2_ws/devel_isolated/kobuki_desktop;/home/albertozafra7/tb2_ws/devel_isolated/kobuki_description;/home/albertozafra7/tb2_ws/devel_isolated/kobuki_core;/home/albertozafra7/tb2_ws/devel_isolated/kobuki_capabilities;/home/albertozafra7/tb2_ws/devel_isolated/kobuki;/home/albertozafra7/tb2_ws/devel_isolated/gmapping;/home/albertozafra7/tb2_ws/devel_isolated/ecl_streams;/home/albertozafra7/tb2_ws/devel_isolated/ecl_sigslots;/home/albertozafra7/tb2_ws/devel_isolated/ecl_devices;/home/albertozafra7/tb2_ws/devel_isolated/ecl_threads;/home/albertozafra7/tb2_ws/devel_isolated/ecl_containers;/home/albertozafra7/tb2_ws/devel_isolated/ecl_utilities;/home/albertozafra7/tb2_ws/devel_isolated/ecl_math;/home/albertozafra7/tb2_ws/devel_isolated/ecl_formatters;/home/albertozafra7/tb2_ws/devel_isolated/ecl_converters;/home/albertozafra7/tb2_ws/devel_isolated/ecl_concepts;/home/albertozafra7/tb2_ws/devel_isolated/ecl_type_traits;/home/albertozafra7/tb2_ws/devel_isolated/ecl_tools;/home/albertozafra7/tb2_ws/devel_isolated/ecl_ipc;/home/albertozafra7/tb2_ws/devel_isolated/ecl_time;/home/albertozafra7/tb2_ws/devel_isolated/ecl_time_lite;/home/albertozafra7/tb2_ws/devel_isolated/ecl_sigslots_lite;/home/albertozafra7/tb2_ws/devel_isolated/ecl_navigation;/home/albertozafra7/tb2_ws/devel_isolated/ecl_mpl;/home/albertozafra7/tb2_ws/devel_isolated/ecl_lite;/home/albertozafra7/tb2_ws/devel_isolated/ecl_io;/home/albertozafra7/tb2_ws/devel_isolated/ecl_filesystem;/home/albertozafra7/tb2_ws/devel_isolated/ecl_exceptions;/home/albertozafra7/tb2_ws/devel_isolated/ecl_errors;/home/albertozafra7/tb2_ws/devel_isolated/ecl_eigen;/home/albertozafra7/tb2_ws/devel_isolated/ecl_converters_lite;/home/albertozafra7/tb2_ws/devel_isolated/ecl_console;/home/albertozafra7/tb2_ws/devel_isolated/ecl_config;/home/albertozafra7/tb2_ws/devel_isolated/ecl_command_line;/home/albertozafra7/tb2_ws/devel_isolated/ecl_build;/home/albertozafra7/tb2_ws/devel_isolated/ecl_license;/home/albertozafra7/tb2_ws/devel_isolated/ecl_core;/home/albertozafra7/tb2_ws/devel_isolated/depthimage_to_laserscan;/home/albertozafra7/tb2_ws/devel_isolated/ddynamic_reconfigure;/home/albertozafra7/tb2_ws/devel_isolated/ar_track_alvar_msgs;/opt/ros/noetic;/home/albertozafra7/tb2_ws/devel_isolated/sophus
[36m--[0m This workspace overlays: /home/albertozafra7/Desktop/Universidad/Master/AR/Lab3/catkin_ws/devel;/home/albertozafra7/tb2_ws/devel_isolated/mltbot_pr1;/home/albertozafra7/catkin_ws/devel;/home/albertozafra7/tb2_ws/devel_isolated/yujin_ocs;/home/albertozafra7/tb2_ws/devel_isolated/yocs_waypoints_navi;/home/albertozafra7/tb2_ws/devel_isolated/yocs_waypoint_provider;/home/albertozafra7/tb2_ws/devel_isolated/yocs_virtual_sensor;/home/albertozafra7/tb2_ws/devel_isolated/kobuki_qtestsuite;/home/albertozafra7/tb2_ws/devel_isolated/kobuki_testsuite;/home/albertozafra7/tb2_ws/devel_isolated/kobuki_node;/home/albertozafra7/tb2_ws/devel_isolated/yocs_velocity_smoother;/home/albertozafra7/tb2_ws/devel_isolated/yocs_safety_controller;/home/albertozafra7/tb2_ws/devel_isolated/yocs_rapps;/home/albertozafra7/tb2_ws/devel_isolated/yocs_navigator;/home/albertozafra7/tb2_ws/devel_isolated/yocs_navi_toolkit;/home/albertozafra7/tb2_ws/devel_isolated/yocs_joyop;/home/albertozafra7/tb2_ws/devel_isolated/yocs_ar_pair_tracking;/home/albertozafra7/tb2_ws/devel_isolated/yocs_msgs;/home/albertozafra7/tb2_ws/devel_isolated/yocs_diff_drive_pose_controller;/home/albertozafra7/tb2_ws/devel_isolated/yocs_ar_marker_tracking;/home/albertozafra7/tb2_ws/devel_isolated/yocs_math_toolkit;/home/albertozafra7/tb2_ws/devel_isolated/yocs_localization_manager;/home/albertozafra7/tb2_ws/devel_isolated/yocs_keyop;/home/albertozafra7/tb2_ws/devel_isolated/kobuki_safety_controller;/home/albertozafra7/tb2_ws/devel_isolated/kobuki_random_walker;/home/albertozafra7/tb2_ws/devel_isolated/kobuki_controller_tutorial;/home/albertozafra7/tb2_ws/devel_isolated/yocs_controllers;/home/albertozafra7/tb2_ws/devel_isolated/yocs_cmd_vel_mux;/home/albertozafra7/tb2_ws/devel_isolated/yocs_ar_pair_approach;/home/albertozafra7/tb2_ws/devel_isolated/turtlebot_teleop;/home/albertozafra7/tb2_ws/devel_isolated/turtlebot_stdr;/home/albertozafra7/tb2_ws/devel_isolated/turtlebot_stage;/home/albertozafra7/tb2_ws/devel_isolated/turtlebot_simulator;/home/albertozafra7/tb2_ws/devel_isolated/turtlebot_rviz_launchers;/home/albertozafra7/tb2_ws/devel_isolated/turtlebot_rapps;/home/albertozafra7/tb2_ws/devel_isolated/turtlebot_navigation;/home/albertozafra7/tb2_ws/devel_isolated/turtlebot_follower;/home/albertozafra7/tb2_ws/devel_isolated/turtlebot_msgs;/home/albertozafra7/tb2_ws/devel_isolated/turtlebot_interactive_markers;/home/albertozafra7/tb2_ws/devel_isolated/turtlebot_interactions;/home/albertozafra7/tb2_ws/devel_isolated/turtlebot_gazebo;/home/albertozafra7/tb2_ws/devel_isolated/turtlebot_description;/home/albertozafra7/tb2_ws/devel_isolated/turtlebot_dashboard;/home/albertozafra7/tb2_ws/devel_isolated/turtlebot_capabilities;/home/albertozafra7/tb2_ws/devel_isolated/turtlebot_calibration;/home/albertozafra7/tb2_ws/devel_isolated/turtlebot_bringup;/home/albertozafra7/tb2_ws/devel_isolated/turtlebot_apps;/home/albertozafra7/tb2_ws/devel_isolated/turtlebot_actions;/home/albertozafra7/tb2_ws/devel_isolated/turtlebot;/home/albertozafra7/tb2_ws/devel_isolated/kobuki_driver;/home/albertozafra7/tb2_ws/devel_isolated/kobuki_auto_docking;/home/albertozafra7/tb2_ws/devel_isolated/kobuki_dock_drive;/home/albertozafra7/tb2_ws/devel_isolated/ecl_statistics;/home/albertozafra7/tb2_ws/devel_isolated/ecl_mobile_robot;/home/albertozafra7/tb2_ws/devel_isolated/ecl_core_apps;/home/albertozafra7/tb2_ws/devel_isolated/ecl_geometry;/home/albertozafra7/tb2_ws/devel_isolated/ecl_linear_algebra;/home/albertozafra7/tb2_ws/devel_isolated/slam_gmapping;/home/albertozafra7/tb2_ws/devel_isolated/kobuki_rviz_launchers;/home/albertozafra7/tb2_ws/devel_isolated/kobuki_rapps;/home/albertozafra7/tb2_ws/devel_isolated/kobuki_keyop;/home/albertozafra7/tb2_ws/devel_isolated/kobuki_gazebo_plugins;/home/albertozafra7/tb2_ws/devel_isolated/kobuki_dashboard;/home/albertozafra7/tb2_ws/devel_isolated/kobuki_bumper2pc;/home/albertozafra7/tb2_ws/devel_isolated/kobuki_msgs;/home/albertozafra7/tb2_ws/devel_isolated/kobuki_gazebo;/home/albertozafra7/tb2_ws/devel_isolated/kobuki_ftdi;/home/albertozafra7/tb2_ws/devel_isolated/kobuki_desktop;/home/albertozafra7/tb2_ws/devel_isolated/kobuki_description;/home/albertozafra7/tb2_ws/devel_isolated/kobuki_core;/home/albertozafra7/tb2_ws/devel_isolated/kobuki_capabilities;/home/albertozafra7/tb2_ws/devel_isolated/kobuki;/home/albertozafra7/tb2_ws/devel_isolated/gmapping;/home/albertozafra7/tb2_ws/devel_isolated/ecl_streams;/home/albertozafra7/tb2_ws/devel_isolated/ecl_sigslots;/home/albertozafra7/tb2_ws/devel_isolated/ecl_devices;/home/albertozafra7/tb2_ws/devel_isolated/ecl_threads;/home/albertozafra7/tb2_ws/devel_isolated/ecl_containers;/home/albertozafra7/tb2_ws/devel_isolated/ecl_utilities;/home/albertozafra7/tb2_ws/devel_isolated/ecl_math;/home/albertozafra7/tb2_ws/devel_isolated/ecl_formatters;/home/albertozafra7/tb2_ws/devel_isolated/ecl_converters;/home/albertozafra7/tb2_ws/devel_isolated/ecl_concepts;/home/albertozafra7/tb2_ws/devel_isolated/ecl_type_traits;/home/albertozafra7/tb2_ws/devel_isolated/ecl_tools;/home/albertozafra7/tb2_ws/devel_isolated/ecl_ipc;/home/albertozafra7/tb2_ws/devel_isolated/ecl_time;/home/albertozafra7/tb2_ws/devel_isolated/ecl_time_lite;/home/albertozafra7/tb2_ws/devel_isolated/ecl_sigslots_lite;/home/albertozafra7/tb2_ws/devel_isolated/ecl_navigation;/home/albertozafra7/tb2_ws/devel_isolated/ecl_mpl;/home/albertozafra7/tb2_ws/devel_isolated/ecl_lite;/home/albertozafra7/tb2_ws/devel_isolated/ecl_io;/home/albertozafra7/tb2_ws/devel_isolated/ecl_filesystem;/home/albertozafra7/tb2_ws/devel_isolated/ecl_exceptions;/home/albertozafra7/tb2_ws/devel_isolated/ecl_errors;/home/albertozafra7/tb2_ws/devel_isolated/ecl_eigen;/home/albertozafra7/tb2_ws/devel_isolated/ecl_converters_lite;/home/albertozafra7/tb2_ws/devel_isolated/ecl_console;/home/albertozafra7/tb2_ws/devel_isolated/ecl_config;/home/albertozafra7/tb2_ws/devel_isolated/ecl_command_line;/home/albertozafra7/tb2_ws/devel_isolated/ecl_build;/home/albertozafra7/tb2_ws/devel_isolated/ecl_license;/home/albertozafra7/tb2_ws/devel_isolated/ecl_core;/home/albertozafra7/tb2_ws/devel_isolated/depthimage_to_laserscan;/home/albertozafra7/tb2_ws/devel_isolated/ddynamic_reconfigure;/home/albertozafra7/tb2_ws/devel_isolated/ar_track_alvar_msgs;/opt/ros/noetic
[36m--[0m Found PythonInterp: /usr/bin/python3 (found suitable version "3.8.10", minimum required is "3")
[36m--[0m Using PYTHON_EXECUTABLE: /usr/bin/python3
[36m--[0m Using Debian Python package layout
[36m--[0m Using empy: /usr/lib/python3/dist-packages/em.py
[36m--[0m Using CATKIN_ENABLE_TESTING: ON
[36m--[0m Call enable_testing()
[36m--[0m Using CATKIN_TEST_RESULTS_DIR: /home/albertozafra7/Desktop/Universidad/Master/AR/Lab3/catkin_ws/build/hector_quadrotor_controller_gazebo/test_results
[36m--[0m Forcing gtest/gmock from source, though one was otherwise available.
[36m--[0m Found gtest sources under '/usr/src/googletest': gtests will be built
[36m--[0m Found gmock sources under '/usr/src/googletest': gmock will be built
[36m--[0m Found PythonInterp: /usr/bin/python3 (found version "3.8.10")
[36m--[0m Using Python nosetests: /usr/bin/nosetests3
[36m--[0m catkin 0.8.10
[36m--[0m BUILD_SHARED_LIBS is on
[36m--[0m Using these message generators: gencpp;geneus;genlisp;gennodejs;genpy
[36m--[0m Found DART: /usr/include (Required is at least version "6.6") found components: dart
[36m--[0m Found Protobuf: /usr/lib/x86_64-linux-gnu/libprotobuf.so;-lpthread (found version "3.6.1")
[36m--[0m Looking for ignition-math6 -- found version 6.15.1
[36m--[0m Searching for dependencies of ignition-math6
[36m--[0m Looking for OGRE...
[36m--[0m Found Ogre Ghadamon (1.9.0)
[36m--[0m Found OGRE: optimized;/usr/lib/x86_64-linux-gnu/libOgreMain.so;debug;/usr/lib/x86_64-linux-gnu/libOgreMain.so
[36m--[0m Looking for OGRE_Paging...
[36m--[0m Found OGRE_Paging: optimized;/usr/lib/x86_64-linux-gnu/libOgrePaging.so;debug;/usr/lib/x86_64-linux-gnu/libOgrePaging.so
[36m--[0m Looking for OGRE_Terrain...
[36m--[0m Found OGRE_Terrain: optimized;/usr/lib/x86_64-linux-gnu/libOgreTerrain.so;debug;/usr/lib/x86_64-linux-gnu/libOgreTerrain.so
[36m--[0m Looking for OGRE_Property...
[36m--[0m Found OGRE_Property: optimized;/usr/lib/x86_64-linux-gnu/libOgreProperty.so;debug;/usr/lib/x86_64-linux-gnu/libOgreProperty.so
[36m--[0m Looking for OGRE_RTShaderSystem...
[36m--[0m Found OGRE_RTShaderSystem: optimized;/usr/lib/x86_64-linux-gnu/libOgreRTShaderSystem.so;debug;/usr/lib/x86_64-linux-gnu/libOgreRTShaderSystem.so
[36m--[0m Looking for OGRE_Volume...
[36m--[0m Found OGRE_Volume: optimized;/usr/lib/x86_64-linux-gnu/libOgreVolume.so;debug;/usr/lib/x86_64-linux-gnu/libOgreVolume.so
[36m--[0m Looking for OGRE_Overlay...
[36m--[0m Found OGRE_Overlay: optimized;/usr/lib/x86_64-linux-gnu/libOgreOverlay.so;debug;/usr/lib/x86_64-linux-gnu/libOgreOverlay.so
[36m--[0m Looking for ignition-math6 -- found version 6.15.1
[36m--[0m Looking for ignition-transport8 -- found version 8.3.0
[36m--[0m Searching for dependencies of ignition-transport8
[36m--[0m Found Protobuf: /usr/lib/x86_64-linux-gnu/libprotobuf.so;-lpthread (found suitable version "3.6.1", minimum required is "3")
[36m--[0m Config-file not installed for ZeroMQ -- checking for pkg-config
[36m--[0m Checking for module 'libzmq >= 4'
[36m--[0m   Found libzmq , version 4.3.2
[36m--[0m Checking for module 'uuid'
[36m--[0m   Found uuid, version 2.34.0
[36m--[0m Looking for ignition-msgs5 -- found version 5.10.0
[36m--[0m Searching for dependencies of ignition-msgs5
[36m--[0m Looking for ignition-math6 -- found version 6.15.1
[36m--[0m Checking for module 'tinyxml2'
[36m--[0m   Found tinyxml2, version 6.2.0
[36m--[0m Looking for ignition-msgs5 -- found version 5.10.0
[36m--[0m Looking for ignition-common3 -- found version 3.14.2
[36m--[0m Searching for dependencies of ignition-common3
[36m--[0m Looking for dlfcn.h - found
[36m--[0m Looking for libdl - found
[36m--[0m Searching for <ignition-common3> component [graphics]
[36m--[0m Looking for ignition-common3-graphics -- found version 3.14.2
[36m--[0m Searching for dependencies of ignition-common3-graphics
[36m--[0m Looking for ignition-math6 -- found version 6.15.1
[36m--[0m Looking for ignition-fuel_tools4 -- found version 4.6.0
[36m--[0m Searching for dependencies of ignition-fuel_tools4
[36m--[0m Checking for module 'jsoncpp'
[36m--[0m   Found jsoncpp, version 1.7.4
[36m--[0m Checking for module 'yaml-0.1'
[36m--[0m   Found yaml-0.1, version 0.2.2
[36m--[0m Checking for module 'libzip'
[36m--[0m   Found libzip, version 1.5.1
[36m--[0m Looking for ignition-common3 -- found version 3.14.2
[36m--[0m Looking for ignition-math6 -- found version 6.15.1
[36m--[0m Looking for ignition-msgs5 -- found version 5.10.0
[36m--[0m Configuring done
[36m--[0m Generating done
[36m--[0m Build files have been written to: /home/albertozafra7/Desktop/Universidad/Master/AR/Lab3/catkin_ws/build/hector_quadrotor_controller_gazebo
