[  7%] Built target hector_gazebo_plugins_gencfg
[  7%] Built target geometry_msgs_generate_messages_cpp
[  7%] Built target _hector_gazebo_plugins_generate_messages_check_deps_SetBias
[35m[1mScanning dependencies of target gazebo_ros_force_based_move[0m
[35m[1mScanning dependencies of target diffdrive_plugin_multi_wheel[0m
[ 11%] [32mBuilding CXX object CMakeFiles/gazebo_ros_force_based_move.dir/src/gazebo_ros_force_based_move.cpp.o[0m
[ 14%] [32mBuilding CXX object CMakeFiles/diffdrive_plugin_multi_wheel.dir/src/diffdrive_plugin_multi_wheel.cpp.o[0m
[35m[1mScanning dependencies of target diffdrive_plugin_6w[0m
[ 14%] Built target geometry_msgs_generate_messages_eus
[ 18%] [32mBuilding CXX object CMakeFiles/diffdrive_plugin_6w.dir/src/diffdrive_plugin_6w.cpp.o[0m
[ 18%] Built target geometry_msgs_generate_messages_py
[ 18%] Built target geometry_msgs_generate_messages_nodejs
[ 18%] Built target geometry_msgs_generate_messages_lisp
[35m[1mScanning dependencies of target hector_servo_plugin[0m
[ 22%] [32mBuilding CXX object CMakeFiles/hector_servo_plugin.dir/src/servo_plugin.cpp.o[0m
[35m[1mScanning dependencies of target hector_gazebo_reset_plugin[0m
[ 25%] [32mBuilding CXX object CMakeFiles/hector_gazebo_reset_plugin.dir/src/reset_plugin.cpp.o[0m
[ 29%] [32m[1mLinking CXX shared library /home/albertozafra7/Desktop/Universidad/Master/AR/Lab3/catkin_ws/devel/.private/hector_gazebo_plugins/lib/libhector_gazebo_reset_plugin.so[0m
[ 29%] Built target hector_gazebo_reset_plugin
[35m[1mScanning dependencies of target hector_gazebo_ros_sonar[0m
[ 33%] [32mBuilding CXX object CMakeFiles/hector_gazebo_ros_sonar.dir/src/gazebo_ros_sonar.cpp.o[0m
[ 37%] [32m[1mLinking CXX shared library /home/albertozafra7/Desktop/Universidad/Master/AR/Lab3/catkin_ws/devel/.private/hector_gazebo_plugins/lib/libhector_servo_plugin.so[0m
[ 40%] [32m[1mLinking CXX shared library /home/albertozafra7/Desktop/Universidad/Master/AR/Lab3/catkin_ws/devel/.private/hector_gazebo_plugins/lib/libdiffdrive_plugin_6w.so[0m
[ 40%] Built target hector_servo_plugin
[ 44%] [32m[1mLinking CXX shared library /home/albertozafra7/Desktop/Universidad/Master/AR/Lab3/catkin_ws/devel/.private/hector_gazebo_plugins/lib/libgazebo_ros_force_based_move.so[0m
[ 44%] Built target diffdrive_plugin_6w
[ 48%] [32m[1mLinking CXX shared library /home/albertozafra7/Desktop/Universidad/Master/AR/Lab3/catkin_ws/devel/.private/hector_gazebo_plugins/lib/libdiffdrive_plugin_multi_wheel.so[0m
[35m[1mScanning dependencies of target hector_gazebo_ros_magnetic[0m
[35m[1mScanning dependencies of target hector_gazebo_ros_gps[0m
[ 48%] Built target gazebo_ros_force_based_move
[ 51%] Built target hector_gazebo_plugins_generate_messages_cpp
[ 59%] Built target hector_gazebo_plugins_generate_messages_eus
[ 59%] Built target diffdrive_plugin_multi_wheel
[ 62%] [32mBuilding CXX object CMakeFiles/hector_gazebo_ros_magnetic.dir/src/gazebo_ros_magnetic.cpp.o[0m
[ 66%] [32mBuilding CXX object CMakeFiles/hector_gazebo_ros_gps.dir/src/gazebo_ros_gps.cpp.o[0m
[ 70%] Built target hector_gazebo_plugins_generate_messages_nodejs
[ 77%] Built target hector_gazebo_plugins_generate_messages_py
[35m[1mScanning dependencies of target hector_gazebo_ros_imu[0m
[ 81%] Built target hector_gazebo_plugins_generate_messages_lisp
[ 81%] Built target hector_gazebo_plugins_generate_messages
[ 85%] [32mBuilding CXX object CMakeFiles/hector_gazebo_ros_imu.dir/src/gazebo_ros_imu.cpp.o[0m
[ 88%] [32m[1mLinking CXX shared library /home/albertozafra7/Desktop/Universidad/Master/AR/Lab3/catkin_ws/devel/.private/hector_gazebo_plugins/lib/libhector_gazebo_ros_sonar.so[0m
[ 88%] Built target hector_gazebo_ros_sonar
[ 92%] [32m[1mLinking CXX shared library /home/albertozafra7/Desktop/Universidad/Master/AR/Lab3/catkin_ws/devel/.private/hector_gazebo_plugins/lib/libhector_gazebo_ros_magnetic.so[0m
[ 92%] Built target hector_gazebo_ros_magnetic
[ 96%] [32m[1mLinking CXX shared library /home/albertozafra7/Desktop/Universidad/Master/AR/Lab3/catkin_ws/devel/.private/hector_gazebo_plugins/lib/libhector_gazebo_ros_gps.so[0m
[100%] [32m[1mLinking CXX shared library /home/albertozafra7/Desktop/Universidad/Master/AR/Lab3/catkin_ws/devel/.private/hector_gazebo_plugins/lib/libhector_gazebo_ros_imu.so[0m
[100%] Built target hector_gazebo_ros_gps
[100%] Built target hector_gazebo_ros_imu
