Linked: (/home/albertozafra7/Desktop/Universidad/Master/AR/Lab3/catkin_ws/devel/.private/hector_gazebo_plugins/share/hector_gazebo_plugins/cmake/hector_gazebo_pluginsConfig.cmake, /home/albertozafra7/Desktop/Universidad/Master/AR/Lab3/catkin_ws/devel/share/hector_gazebo_plugins/cmake/hector_gazebo_pluginsConfig.cmake)
Linked: (/home/albertozafra7/Desktop/Universidad/Master/AR/Lab3/catkin_ws/devel/.private/hector_gazebo_plugins/share/hector_gazebo_plugins/cmake/hector_gazebo_pluginsConfig-version.cmake, /home/albertozafra7/Desktop/Universidad/Master/AR/Lab3/catkin_ws/devel/share/hector_gazebo_plugins/cmake/hector_gazebo_pluginsConfig-version.cmake)
Linked: (/home/albertozafra7/Desktop/Universidad/Master/AR/Lab3/catkin_ws/devel/.private/hector_gazebo_plugins/share/hector_gazebo_plugins/cmake/hector_gazebo_plugins-msg-paths.cmake, /home/albertozafra7/Desktop/Universidad/Master/AR/Lab3/catkin_ws/devel/share/hector_gazebo_plugins/cmake/hector_gazebo_plugins-msg-paths.cmake)
Linked: (/home/albertozafra7/Desktop/Universidad/Master/AR/Lab3/catkin_ws/devel/.private/hector_gazebo_plugins/share/hector_gazebo_plugins/cmake/hector_gazebo_plugins-msg-extras.cmake, /home/albertozafra7/Desktop/Universidad/Master/AR/Lab3/catkin_ws/devel/share/hector_gazebo_plugins/cmake/hector_gazebo_plugins-msg-extras.cmake)
Linked: (/home/albertozafra7/Desktop/Universidad/Master/AR/Lab3/catkin_ws/devel/.private/hector_gazebo_plugins/share/hector_gazebo_plugins/docs/GNSSConfig.dox, /home/albertozafra7/Desktop/Universidad/Master/AR/Lab3/catkin_ws/devel/share/hector_gazebo_plugins/docs/GNSSConfig.dox)
Linked: (/home/albertozafra7/Desktop/Universidad/Master/AR/Lab3/catkin_ws/devel/.private/hector_gazebo_plugins/share/hector_gazebo_plugins/docs/SensorModelConfig-usage.dox, /home/albertozafra7/Desktop/Universidad/Master/AR/Lab3/catkin_ws/devel/share/hector_gazebo_plugins/docs/SensorModelConfig-usage.dox)
Linked: (/home/albertozafra7/Desktop/Universidad/Master/AR/Lab3/catkin_ws/devel/.private/hector_gazebo_plugins/share/hector_gazebo_plugins/docs/SensorModelConfig.wikidoc, /home/albertozafra7/Desktop/Universidad/Master/AR/Lab3/catkin_ws/devel/share/hector_gazebo_plugins/docs/SensorModelConfig.wikidoc)
Linked: (/home/albertozafra7/Desktop/Universidad/Master/AR/Lab3/catkin_ws/devel/.private/hector_gazebo_plugins/share/hector_gazebo_plugins/docs/GNSSConfig.wikidoc, /home/albertozafra7/Desktop/Universidad/Master/AR/Lab3/catkin_ws/devel/share/hector_gazebo_plugins/docs/GNSSConfig.wikidoc)
Linked: (/home/albertozafra7/Desktop/Universidad/Master/AR/Lab3/catkin_ws/devel/.private/hector_gazebo_plugins/share/hector_gazebo_plugins/docs/SensorModelConfig.dox, /home/albertozafra7/Desktop/Universidad/Master/AR/Lab3/catkin_ws/devel/share/hector_gazebo_plugins/docs/SensorModelConfig.dox)
Linked: (/home/albertozafra7/Desktop/Universidad/Master/AR/Lab3/catkin_ws/devel/.private/hector_gazebo_plugins/share/hector_gazebo_plugins/docs/GNSSConfig-usage.dox, /home/albertozafra7/Desktop/Universidad/Master/AR/Lab3/catkin_ws/devel/share/hector_gazebo_plugins/docs/GNSSConfig-usage.dox)
Linked: (/home/albertozafra7/Desktop/Universidad/Master/AR/Lab3/catkin_ws/devel/.private/hector_gazebo_plugins/share/roseus/ros/hector_gazebo_plugins/manifest.l, /home/albertozafra7/Desktop/Universidad/Master/AR/Lab3/catkin_ws/devel/share/roseus/ros/hector_gazebo_plugins/manifest.l)
Linked: (/home/albertozafra7/Desktop/Universidad/Master/AR/Lab3/catkin_ws/devel/.private/hector_gazebo_plugins/share/roseus/ros/hector_gazebo_plugins/srv/SetBias.l, /home/albertozafra7/Desktop/Universidad/Master/AR/Lab3/catkin_ws/devel/share/roseus/ros/hector_gazebo_plugins/srv/SetBias.l)
Linked: (/home/albertozafra7/Desktop/Universidad/Master/AR/Lab3/catkin_ws/devel/.private/hector_gazebo_plugins/share/gennodejs/ros/hector_gazebo_plugins/_index.js, /home/albertozafra7/Desktop/Universidad/Master/AR/Lab3/catkin_ws/devel/share/gennodejs/ros/hector_gazebo_plugins/_index.js)
Linked: (/home/albertozafra7/Desktop/Universidad/Master/AR/Lab3/catkin_ws/devel/.private/hector_gazebo_plugins/share/gennodejs/ros/hector_gazebo_plugins/srv/_index.js, /home/albertozafra7/Desktop/Universidad/Master/AR/Lab3/catkin_ws/devel/share/gennodejs/ros/hector_gazebo_plugins/srv/_index.js)
Linked: (/home/albertozafra7/Desktop/Universidad/Master/AR/Lab3/catkin_ws/devel/.private/hector_gazebo_plugins/share/gennodejs/ros/hector_gazebo_plugins/srv/SetBias.js, /home/albertozafra7/Desktop/Universidad/Master/AR/Lab3/catkin_ws/devel/share/gennodejs/ros/hector_gazebo_plugins/srv/SetBias.js)
Linked: (/home/albertozafra7/Desktop/Universidad/Master/AR/Lab3/catkin_ws/devel/.private/hector_gazebo_plugins/share/common-lisp/ros/hector_gazebo_plugins/srv/_package.lisp, /home/albertozafra7/Desktop/Universidad/Master/AR/Lab3/catkin_ws/devel/share/common-lisp/ros/hector_gazebo_plugins/srv/_package.lisp)
Linked: (/home/albertozafra7/Desktop/Universidad/Master/AR/Lab3/catkin_ws/devel/.private/hector_gazebo_plugins/share/common-lisp/ros/hector_gazebo_plugins/srv/SetBias.lisp, /home/albertozafra7/Desktop/Universidad/Master/AR/Lab3/catkin_ws/devel/share/common-lisp/ros/hector_gazebo_plugins/srv/SetBias.lisp)
Linked: (/home/albertozafra7/Desktop/Universidad/Master/AR/Lab3/catkin_ws/devel/.private/hector_gazebo_plugins/share/common-lisp/ros/hector_gazebo_plugins/srv/hector_gazebo_plugins-srv.asd, /home/albertozafra7/Desktop/Universidad/Master/AR/Lab3/catkin_ws/devel/share/common-lisp/ros/hector_gazebo_plugins/srv/hector_gazebo_plugins-srv.asd)
Linked: (/home/albertozafra7/Desktop/Universidad/Master/AR/Lab3/catkin_ws/devel/.private/hector_gazebo_plugins/share/common-lisp/ros/hector_gazebo_plugins/srv/_package_SetBias.lisp, /home/albertozafra7/Desktop/Universidad/Master/AR/Lab3/catkin_ws/devel/share/common-lisp/ros/hector_gazebo_plugins/srv/_package_SetBias.lisp)
Linked: (/home/albertozafra7/Desktop/Universidad/Master/AR/Lab3/catkin_ws/devel/.private/hector_gazebo_plugins/lib/libgazebo_ros_force_based_move.so, /home/albertozafra7/Desktop/Universidad/Master/AR/Lab3/catkin_ws/devel/lib/libgazebo_ros_force_based_move.so)
Linked: (/home/albertozafra7/Desktop/Universidad/Master/AR/Lab3/catkin_ws/devel/.private/hector_gazebo_plugins/lib/libdiffdrive_plugin_6w.so, /home/albertozafra7/Desktop/Universidad/Master/AR/Lab3/catkin_ws/devel/lib/libdiffdrive_plugin_6w.so)
Linked: (/home/albertozafra7/Desktop/Universidad/Master/AR/Lab3/catkin_ws/devel/.private/hector_gazebo_plugins/lib/libhector_gazebo_ros_gps.so, /home/albertozafra7/Desktop/Universidad/Master/AR/Lab3/catkin_ws/devel/lib/libhector_gazebo_ros_gps.so)
Linked: (/home/albertozafra7/Desktop/Universidad/Master/AR/Lab3/catkin_ws/devel/.private/hector_gazebo_plugins/lib/libhector_gazebo_ros_sonar.so, /home/albertozafra7/Desktop/Universidad/Master/AR/Lab3/catkin_ws/devel/lib/libhector_gazebo_ros_sonar.so)
Linked: (/home/albertozafra7/Desktop/Universidad/Master/AR/Lab3/catkin_ws/devel/.private/hector_gazebo_plugins/lib/libdiffdrive_plugin_multi_wheel.so, /home/albertozafra7/Desktop/Universidad/Master/AR/Lab3/catkin_ws/devel/lib/libdiffdrive_plugin_multi_wheel.so)
Linked: (/home/albertozafra7/Desktop/Universidad/Master/AR/Lab3/catkin_ws/devel/.private/hector_gazebo_plugins/lib/libhector_gazebo_reset_plugin.so, /home/albertozafra7/Desktop/Universidad/Master/AR/Lab3/catkin_ws/devel/lib/libhector_gazebo_reset_plugin.so)
Linked: (/home/albertozafra7/Desktop/Universidad/Master/AR/Lab3/catkin_ws/devel/.private/hector_gazebo_plugins/lib/libhector_gazebo_ros_imu.so, /home/albertozafra7/Desktop/Universidad/Master/AR/Lab3/catkin_ws/devel/lib/libhector_gazebo_ros_imu.so)
Linked: (/home/albertozafra7/Desktop/Universidad/Master/AR/Lab3/catkin_ws/devel/.private/hector_gazebo_plugins/lib/libhector_servo_plugin.so, /home/albertozafra7/Desktop/Universidad/Master/AR/Lab3/catkin_ws/devel/lib/libhector_servo_plugin.so)
Linked: (/home/albertozafra7/Desktop/Universidad/Master/AR/Lab3/catkin_ws/devel/.private/hector_gazebo_plugins/lib/libhector_gazebo_ros_magnetic.so, /home/albertozafra7/Desktop/Universidad/Master/AR/Lab3/catkin_ws/devel/lib/libhector_gazebo_ros_magnetic.so)
Linked: (/home/albertozafra7/Desktop/Universidad/Master/AR/Lab3/catkin_ws/devel/.private/hector_gazebo_plugins/lib/pkgconfig/hector_gazebo_plugins.pc, /home/albertozafra7/Desktop/Universidad/Master/AR/Lab3/catkin_ws/devel/lib/pkgconfig/hector_gazebo_plugins.pc)
Linked: (/home/albertozafra7/Desktop/Universidad/Master/AR/Lab3/catkin_ws/devel/.private/hector_gazebo_plugins/lib/python3/dist-packages/hector_gazebo_plugins/__init__.py, /home/albertozafra7/Desktop/Universidad/Master/AR/Lab3/catkin_ws/devel/lib/python3/dist-packages/hector_gazebo_plugins/__init__.py)
Linked: (/home/albertozafra7/Desktop/Universidad/Master/AR/Lab3/catkin_ws/devel/.private/hector_gazebo_plugins/lib/python3/dist-packages/hector_gazebo_plugins/cfg/__init__.py, /home/albertozafra7/Desktop/Universidad/Master/AR/Lab3/catkin_ws/devel/lib/python3/dist-packages/hector_gazebo_plugins/cfg/__init__.py)
Linked: (/home/albertozafra7/Desktop/Universidad/Master/AR/Lab3/catkin_ws/devel/.private/hector_gazebo_plugins/lib/python3/dist-packages/hector_gazebo_plugins/cfg/SensorModelConfig.py, /home/albertozafra7/Desktop/Universidad/Master/AR/Lab3/catkin_ws/devel/lib/python3/dist-packages/hector_gazebo_plugins/cfg/SensorModelConfig.py)
Linked: (/home/albertozafra7/Desktop/Universidad/Master/AR/Lab3/catkin_ws/devel/.private/hector_gazebo_plugins/lib/python3/dist-packages/hector_gazebo_plugins/cfg/GNSSConfig.py, /home/albertozafra7/Desktop/Universidad/Master/AR/Lab3/catkin_ws/devel/lib/python3/dist-packages/hector_gazebo_plugins/cfg/GNSSConfig.py)
Linked: (/home/albertozafra7/Desktop/Universidad/Master/AR/Lab3/catkin_ws/devel/.private/hector_gazebo_plugins/lib/python3/dist-packages/hector_gazebo_plugins/srv/__init__.py, /home/albertozafra7/Desktop/Universidad/Master/AR/Lab3/catkin_ws/devel/lib/python3/dist-packages/hector_gazebo_plugins/srv/__init__.py)
Linked: (/home/albertozafra7/Desktop/Universidad/Master/AR/Lab3/catkin_ws/devel/.private/hector_gazebo_plugins/lib/python3/dist-packages/hector_gazebo_plugins/srv/_SetBias.py, /home/albertozafra7/Desktop/Universidad/Master/AR/Lab3/catkin_ws/devel/lib/python3/dist-packages/hector_gazebo_plugins/srv/_SetBias.py)
Linked: (/home/albertozafra7/Desktop/Universidad/Master/AR/Lab3/catkin_ws/devel/.private/hector_gazebo_plugins/include/hector_gazebo_plugins/SetBias.h, /home/albertozafra7/Desktop/Universidad/Master/AR/Lab3/catkin_ws/devel/include/hector_gazebo_plugins/SetBias.h)
Linked: (/home/albertozafra7/Desktop/Universidad/Master/AR/Lab3/catkin_ws/devel/.private/hector_gazebo_plugins/include/hector_gazebo_plugins/SetBiasRequest.h, /home/albertozafra7/Desktop/Universidad/Master/AR/Lab3/catkin_ws/devel/include/hector_gazebo_plugins/SetBiasRequest.h)
Linked: (/home/albertozafra7/Desktop/Universidad/Master/AR/Lab3/catkin_ws/devel/.private/hector_gazebo_plugins/include/hector_gazebo_plugins/GNSSConfig.h, /home/albertozafra7/Desktop/Universidad/Master/AR/Lab3/catkin_ws/devel/include/hector_gazebo_plugins/GNSSConfig.h)
Linked: (/home/albertozafra7/Desktop/Universidad/Master/AR/Lab3/catkin_ws/devel/.private/hector_gazebo_plugins/include/hector_gazebo_plugins/SetBiasResponse.h, /home/albertozafra7/Desktop/Universidad/Master/AR/Lab3/catkin_ws/devel/include/hector_gazebo_plugins/SetBiasResponse.h)
Linked: (/home/albertozafra7/Desktop/Universidad/Master/AR/Lab3/catkin_ws/devel/.private/hector_gazebo_plugins/include/hector_gazebo_plugins/SensorModelConfig.h, /home/albertozafra7/Desktop/Universidad/Master/AR/Lab3/catkin_ws/devel/include/hector_gazebo_plugins/SensorModelConfig.h)
