[35m[1mScanning dependencies of target _uuid_msgs_generate_messages_check_deps_UniqueID[0m
[35m[1mScanning dependencies of target std_msgs_generate_messages_py[0m
[35m[1mScanning dependencies of target std_msgs_generate_messages_eus[0m
[35m[1mScanning dependencies of target std_msgs_generate_messages_nodejs[0m
[35m[1mScanning dependencies of target std_msgs_generate_messages_lisp[0m
[35m[1mScanning dependencies of target std_msgs_generate_messages_cpp[0m
[  0%] Built target std_msgs_generate_messages_eus
[  0%] Built target std_msgs_generate_messages_nodejs
[  0%] Built target std_msgs_generate_messages_lisp
[  0%] Built target std_msgs_generate_messages_py
[  0%] Built target std_msgs_generate_messages_cpp
[  0%] Built target _uuid_msgs_generate_messages_check_deps_UniqueID
[35m[1mScanning dependencies of target uuid_msgs_generate_messages_py[0m
[35m[1mScanning dependencies of target uuid_msgs_generate_messages_lisp[0m
[35m[1mScanning dependencies of target uuid_msgs_generate_messages_eus[0m
[35m[1mScanning dependencies of target uuid_msgs_generate_messages_nodejs[0m
[35m[1mScanning dependencies of target uuid_msgs_generate_messages_cpp[0m
[ 28%] Built target uuid_msgs_generate_messages_py
[ 71%] Built target uuid_msgs_generate_messages_eus
[ 71%] Built target uuid_msgs_generate_messages_lisp
[ 85%] Built target uuid_msgs_generate_messages_cpp
[100%] Built target uuid_msgs_generate_messages_nodejs
[35m[1mScanning dependencies of target uuid_msgs_generate_messages[0m
[100%] Built target uuid_msgs_generate_messages
