Not searching for unused variables given on the command line.
[0mCMake Deprecation Warning at CMakeLists.txt:1 (cmake_minimum_required):
  Compatibility with CMake < 3.5 will be removed from a future version of
  CMake.

  Update the VERSION argument <min> value or use a ...<max> suffix to tell
  CMake that the project does not need compatibility with older versions.

[0m
[36m--[0m The C compiler identification is GNU 9.4.0
[36m--[0m The CXX compiler identification is GNU 9.4.0
[36m--[0m Detecting C compiler ABI info
[36m--[0m Detecting C compiler ABI info - done
[36m--[0m Check for working C compiler: /usr/bin/cc - skipped
[36m--[0m Detecting C compile features
[36m--[0m Detecting C compile features - done
[36m--[0m Detecting CXX compiler ABI info
[36m--[0m Detecting CXX compiler ABI info - done
[36m--[0m Check for working CXX compiler: /usr/bin/c++ - skipped
[36m--[0m Detecting CXX compile features
[36m--[0m Detecting CXX compile features - done
[36m--[0m Using CATKIN_DEVEL_PREFIX: /home/albertozafra7/Desktop/Universidad/Master/AR/project/catkin_ws/devel/.private/hector_localization
[36m--[0m Using CMAKE_PREFIX_PATH: /home/albertozafra7/Desktop/Universidad/Master/AR/project/catkin_ws/devel;/home/albertozafra7/tb2_ws/devel_isolated/mltbot_pr1;/home/albertozafra7/catkin_ws/devel;/home/albertozafra7/tb2_ws/devel_isolated/yujin_ocs;/home/albertozafra7/tb2_ws/devel_isolated/yocs_waypoints_navi;/home/albertozafra7/tb2_ws/devel_isolated/yocs_waypoint_provider;/home/albertozafra7/tb2_ws/devel_isolated/yocs_virtual_sensor;/home/albertozafra7/tb2_ws/devel_isolated/kobuki_qtestsuite;/home/albertozafra7/tb2_ws/devel_isolated/kobuki_testsuite;/home/albertozafra7/tb2_ws/devel_isolated/kobuki_node;/home/albertozafra7/tb2_ws/devel_isolated/yocs_velocity_smoother;/home/albertozafra7/tb2_ws/devel_isolated/yocs_safety_controller;/home/albertozafra7/tb2_ws/devel_isolated/yocs_rapps;/home/albertozafra7/tb2_ws/devel_isolated/yocs_navigator;/home/albertozafra7/tb2_ws/devel_isolated/yocs_navi_toolkit;/home/albertozafra7/tb2_ws/devel_isolated/yocs_joyop;/home/albertozafra7/tb2_ws/devel_isolated/yocs_ar_pair_tracking;/home/albertozafra7/tb2_ws/devel_isolated/yocs_msgs;/home/albertozafra7/tb2_ws/devel_isolated/yocs_diff_drive_pose_controller;/home/albertozafra7/tb2_ws/devel_isolated/yocs_ar_marker_tracking;/home/albertozafra7/tb2_ws/devel_isolated/yocs_math_toolkit;/home/albertozafra7/tb2_ws/devel_isolated/yocs_localization_manager;/home/albertozafra7/tb2_ws/devel_isolated/yocs_keyop;/home/albertozafra7/tb2_ws/devel_isolated/kobuki_safety_controller;/home/albertozafra7/tb2_ws/devel_isolated/kobuki_random_walker;/home/albertozafra7/tb2_ws/devel_isolated/kobuki_controller_tutorial;/home/albertozafra7/tb2_ws/devel_isolated/yocs_controllers;/home/albertozafra7/tb2_ws/devel_isolated/yocs_cmd_vel_mux;/home/albertozafra7/tb2_ws/devel_isolated/yocs_ar_pair_approach;/home/albertozafra7/tb2_ws/devel_isolated/turtlebot_teleop;/home/albertozafra7/tb2_ws/devel_isolated/turtlebot_stdr;/home/albertozafra7/tb2_ws/devel_isolated/turtlebot_stage;/home/albertozafra7/tb2_ws/devel_isolated/turtlebot_simulator;/home/albertozafra7/tb2_ws/devel_isolated/turtlebot_rviz_launchers;/home/albertozafra7/tb2_ws/devel_isolated/turtlebot_rapps;/home/albertozafra7/tb2_ws/devel_isolated/turtlebot_navigation;/home/albertozafra7/tb2_ws/devel_isolated/turtlebot_follower;/home/albertozafra7/tb2_ws/devel_isolated/turtlebot_msgs;/home/albertozafra7/tb2_ws/devel_isolated/turtlebot_interactive_markers;/home/albertozafra7/tb2_ws/devel_isolated/turtlebot_interactions;/home/albertozafra7/tb2_ws/devel_isolated/turtlebot_gazebo;/home/albertozafra7/tb2_ws/devel_isolated/turtlebot_description;/home/albertozafra7/tb2_ws/devel_isolated/turtlebot_dashboard;/home/albertozafra7/tb2_ws/devel_isolated/turtlebot_capabilities;/home/albertozafra7/tb2_ws/devel_isolated/turtlebot_calibration;/home/albertozafra7/tb2_ws/devel_isolated/turtlebot_bringup;/home/albertozafra7/tb2_ws/devel_isolated/turtlebot_apps;/home/albertozafra7/tb2_ws/devel_isolated/turtlebot_actions;/home/albertozafra7/tb2_ws/devel_isolated/turtlebot;/home/albertozafra7/tb2_ws/devel_isolated/kobuki_driver;/home/albertozafra7/tb2_ws/devel_isolated/kobuki_auto_docking;/home/albertozafra7/tb2_ws/devel_isolated/kobuki_dock_drive;/home/albertozafra7/tb2_ws/devel_isolated/ecl_statistics;/home/albertozafra7/tb2_ws/devel_isolated/ecl_mobile_robot;/home/albertozafra7/tb2_ws/devel_isolated/ecl_core_apps;/home/albertozafra7/tb2_ws/devel_isolated/ecl_geometry;/home/albertozafra7/tb2_ws/devel_isolated/ecl_linear_algebra;/home/albertozafra7/tb2_ws/devel_isolated/slam_gmapping;/home/albertozafra7/tb2_ws/devel_isolated/kobuki_rviz_launchers;/home/albertozafra7/tb2_ws/devel_isolated/kobuki_rapps;/home/albertozafra7/tb2_ws/devel_isolated/kobuki_keyop;/home/albertozafra7/tb2_ws/devel_isolated/kobuki_gazebo_plugins;/home/albertozafra7/tb2_ws/devel_isolated/kobuki_dashboard;/home/albertozafra7/tb2_ws/devel_isolated/kobuki_bumper2pc;/home/albertozafra7/tb2_ws/devel_isolated/kobuki_msgs;/home/albertozafra7/tb2_ws/devel_isolated/kobuki_gazebo;/home/albertozafra7/tb2_ws/devel_isolated/kobuki_ftdi;/home/albertozafra7/tb2_ws/devel_isolated/kobuki_desktop;/home/albertozafra7/tb2_ws/devel_isolated/kobuki_description;/home/albertozafra7/tb2_ws/devel_isolated/kobuki_core;/home/albertozafra7/tb2_ws/devel_isolated/kobuki_capabilities;/home/albertozafra7/tb2_ws/devel_isolated/kobuki;/home/albertozafra7/tb2_ws/devel_isolated/gmapping;/home/albertozafra7/tb2_ws/devel_isolated/ecl_streams;/home/albertozafra7/tb2_ws/devel_isolated/ecl_sigslots;/home/albertozafra7/tb2_ws/devel_isolated/ecl_devices;/home/albertozafra7/tb2_ws/devel_isolated/ecl_threads;/home/albertozafra7/tb2_ws/devel_isolated/ecl_containers;/home/albertozafra7/tb2_ws/devel_isolated/ecl_utilities;/home/albertozafra7/tb2_ws/devel_isolated/ecl_math;/home/albertozafra7/tb2_ws/devel_isolated/ecl_formatters;/home/albertozafra7/tb2_ws/devel_isolated/ecl_converters;/home/albertozafra7/tb2_ws/devel_isolated/ecl_concepts;/home/albertozafra7/tb2_ws/devel_isolated/ecl_type_traits;/home/albertozafra7/tb2_ws/devel_isolated/ecl_tools;/home/albertozafra7/tb2_ws/devel_isolated/ecl_ipc;/home/albertozafra7/tb2_ws/devel_isolated/ecl_time;/home/albertozafra7/tb2_ws/devel_isolated/ecl_time_lite;/home/albertozafra7/tb2_ws/devel_isolated/ecl_sigslots_lite;/home/albertozafra7/tb2_ws/devel_isolated/ecl_navigation;/home/albertozafra7/tb2_ws/devel_isolated/ecl_mpl;/home/albertozafra7/tb2_ws/devel_isolated/ecl_lite;/home/albertozafra7/tb2_ws/devel_isolated/ecl_io;/home/albertozafra7/tb2_ws/devel_isolated/ecl_filesystem;/home/albertozafra7/tb2_ws/devel_isolated/ecl_exceptions;/home/albertozafra7/tb2_ws/devel_isolated/ecl_errors;/home/albertozafra7/tb2_ws/devel_isolated/ecl_eigen;/home/albertozafra7/tb2_ws/devel_isolated/ecl_converters_lite;/home/albertozafra7/tb2_ws/devel_isolated/ecl_console;/home/albertozafra7/tb2_ws/devel_isolated/ecl_config;/home/albertozafra7/tb2_ws/devel_isolated/ecl_command_line;/home/albertozafra7/tb2_ws/devel_isolated/ecl_build;/home/albertozafra7/tb2_ws/devel_isolated/ecl_license;/home/albertozafra7/tb2_ws/devel_isolated/ecl_core;/home/albertozafra7/tb2_ws/devel_isolated/depthimage_to_laserscan;/home/albertozafra7/tb2_ws/devel_isolated/ddynamic_reconfigure;/home/albertozafra7/tb2_ws/devel_isolated/ar_track_alvar_msgs;/opt/ros/noetic;/home/albertozafra7/tb2_ws/devel_isolated/sophus
[36m--[0m This workspace overlays: /home/albertozafra7/Desktop/Universidad/Master/AR/project/catkin_ws/devel;/home/albertozafra7/tb2_ws/devel_isolated/mltbot_pr1;/home/albertozafra7/catkin_ws/devel;/home/albertozafra7/tb2_ws/devel_isolated/yujin_ocs;/home/albertozafra7/tb2_ws/devel_isolated/yocs_waypoints_navi;/home/albertozafra7/tb2_ws/devel_isolated/yocs_waypoint_provider;/home/albertozafra7/tb2_ws/devel_isolated/yocs_virtual_sensor;/home/albertozafra7/tb2_ws/devel_isolated/kobuki_qtestsuite;/home/albertozafra7/tb2_ws/devel_isolated/kobuki_testsuite;/home/albertozafra7/tb2_ws/devel_isolated/kobuki_node;/home/albertozafra7/tb2_ws/devel_isolated/yocs_velocity_smoother;/home/albertozafra7/tb2_ws/devel_isolated/yocs_safety_controller;/home/albertozafra7/tb2_ws/devel_isolated/yocs_rapps;/home/albertozafra7/tb2_ws/devel_isolated/yocs_navigator;/home/albertozafra7/tb2_ws/devel_isolated/yocs_navi_toolkit;/home/albertozafra7/tb2_ws/devel_isolated/yocs_joyop;/home/albertozafra7/tb2_ws/devel_isolated/yocs_ar_pair_tracking;/home/albertozafra7/tb2_ws/devel_isolated/yocs_msgs;/home/albertozafra7/tb2_ws/devel_isolated/yocs_diff_drive_pose_controller;/home/albertozafra7/tb2_ws/devel_isolated/yocs_ar_marker_tracking;/home/albertozafra7/tb2_ws/devel_isolated/yocs_math_toolkit;/home/albertozafra7/tb2_ws/devel_isolated/yocs_localization_manager;/home/albertozafra7/tb2_ws/devel_isolated/yocs_keyop;/home/albertozafra7/tb2_ws/devel_isolated/kobuki_safety_controller;/home/albertozafra7/tb2_ws/devel_isolated/kobuki_random_walker;/home/albertozafra7/tb2_ws/devel_isolated/kobuki_controller_tutorial;/home/albertozafra7/tb2_ws/devel_isolated/yocs_controllers;/home/albertozafra7/tb2_ws/devel_isolated/yocs_cmd_vel_mux;/home/albertozafra7/tb2_ws/devel_isolated/yocs_ar_pair_approach;/home/albertozafra7/tb2_ws/devel_isolated/turtlebot_teleop;/home/albertozafra7/tb2_ws/devel_isolated/turtlebot_stdr;/home/albertozafra7/tb2_ws/devel_isolated/turtlebot_stage;/home/albertozafra7/tb2_ws/devel_isolated/turtlebot_simulator;/home/albertozafra7/tb2_ws/devel_isolated/turtlebot_rviz_launchers;/home/albertozafra7/tb2_ws/devel_isolated/turtlebot_rapps;/home/albertozafra7/tb2_ws/devel_isolated/turtlebot_navigation;/home/albertozafra7/tb2_ws/devel_isolated/turtlebot_follower;/home/albertozafra7/tb2_ws/devel_isolated/turtlebot_msgs;/home/albertozafra7/tb2_ws/devel_isolated/turtlebot_interactive_markers;/home/albertozafra7/tb2_ws/devel_isolated/turtlebot_interactions;/home/albertozafra7/tb2_ws/devel_isolated/turtlebot_gazebo;/home/albertozafra7/tb2_ws/devel_isolated/turtlebot_description;/home/albertozafra7/tb2_ws/devel_isolated/turtlebot_dashboard;/home/albertozafra7/tb2_ws/devel_isolated/turtlebot_capabilities;/home/albertozafra7/tb2_ws/devel_isolated/turtlebot_calibration;/home/albertozafra7/tb2_ws/devel_isolated/turtlebot_bringup;/home/albertozafra7/tb2_ws/devel_isolated/turtlebot_apps;/home/albertozafra7/tb2_ws/devel_isolated/turtlebot_actions;/home/albertozafra7/tb2_ws/devel_isolated/turtlebot;/home/albertozafra7/tb2_ws/devel_isolated/kobuki_driver;/home/albertozafra7/tb2_ws/devel_isolated/kobuki_auto_docking;/home/albertozafra7/tb2_ws/devel_isolated/kobuki_dock_drive;/home/albertozafra7/tb2_ws/devel_isolated/ecl_statistics;/home/albertozafra7/tb2_ws/devel_isolated/ecl_mobile_robot;/home/albertozafra7/tb2_ws/devel_isolated/ecl_core_apps;/home/albertozafra7/tb2_ws/devel_isolated/ecl_geometry;/home/albertozafra7/tb2_ws/devel_isolated/ecl_linear_algebra;/home/albertozafra7/tb2_ws/devel_isolated/slam_gmapping;/home/albertozafra7/tb2_ws/devel_isolated/kobuki_rviz_launchers;/home/albertozafra7/tb2_ws/devel_isolated/kobuki_rapps;/home/albertozafra7/tb2_ws/devel_isolated/kobuki_keyop;/home/albertozafra7/tb2_ws/devel_isolated/kobuki_gazebo_plugins;/home/albertozafra7/tb2_ws/devel_isolated/kobuki_dashboard;/home/albertozafra7/tb2_ws/devel_isolated/kobuki_bumper2pc;/home/albertozafra7/tb2_ws/devel_isolated/kobuki_msgs;/home/albertozafra7/tb2_ws/devel_isolated/kobuki_gazebo;/home/albertozafra7/tb2_ws/devel_isolated/kobuki_ftdi;/home/albertozafra7/tb2_ws/devel_isolated/kobuki_desktop;/home/albertozafra7/tb2_ws/devel_isolated/kobuki_description;/home/albertozafra7/tb2_ws/devel_isolated/kobuki_core;/home/albertozafra7/tb2_ws/devel_isolated/kobuki_capabilities;/home/albertozafra7/tb2_ws/devel_isolated/kobuki;/home/albertozafra7/tb2_ws/devel_isolated/gmapping;/home/albertozafra7/tb2_ws/devel_isolated/ecl_streams;/home/albertozafra7/tb2_ws/devel_isolated/ecl_sigslots;/home/albertozafra7/tb2_ws/devel_isolated/ecl_devices;/home/albertozafra7/tb2_ws/devel_isolated/ecl_threads;/home/albertozafra7/tb2_ws/devel_isolated/ecl_containers;/home/albertozafra7/tb2_ws/devel_isolated/ecl_utilities;/home/albertozafra7/tb2_ws/devel_isolated/ecl_math;/home/albertozafra7/tb2_ws/devel_isolated/ecl_formatters;/home/albertozafra7/tb2_ws/devel_isolated/ecl_converters;/home/albertozafra7/tb2_ws/devel_isolated/ecl_concepts;/home/albertozafra7/tb2_ws/devel_isolated/ecl_type_traits;/home/albertozafra7/tb2_ws/devel_isolated/ecl_tools;/home/albertozafra7/tb2_ws/devel_isolated/ecl_ipc;/home/albertozafra7/tb2_ws/devel_isolated/ecl_time;/home/albertozafra7/tb2_ws/devel_isolated/ecl_time_lite;/home/albertozafra7/tb2_ws/devel_isolated/ecl_sigslots_lite;/home/albertozafra7/tb2_ws/devel_isolated/ecl_navigation;/home/albertozafra7/tb2_ws/devel_isolated/ecl_mpl;/home/albertozafra7/tb2_ws/devel_isolated/ecl_lite;/home/albertozafra7/tb2_ws/devel_isolated/ecl_io;/home/albertozafra7/tb2_ws/devel_isolated/ecl_filesystem;/home/albertozafra7/tb2_ws/devel_isolated/ecl_exceptions;/home/albertozafra7/tb2_ws/devel_isolated/ecl_errors;/home/albertozafra7/tb2_ws/devel_isolated/ecl_eigen;/home/albertozafra7/tb2_ws/devel_isolated/ecl_converters_lite;/home/albertozafra7/tb2_ws/devel_isolated/ecl_console;/home/albertozafra7/tb2_ws/devel_isolated/ecl_config;/home/albertozafra7/tb2_ws/devel_isolated/ecl_command_line;/home/albertozafra7/tb2_ws/devel_isolated/ecl_build;/home/albertozafra7/tb2_ws/devel_isolated/ecl_license;/home/albertozafra7/tb2_ws/devel_isolated/ecl_core;/home/albertozafra7/tb2_ws/devel_isolated/depthimage_to_laserscan;/home/albertozafra7/tb2_ws/devel_isolated/ddynamic_reconfigure;/home/albertozafra7/tb2_ws/devel_isolated/ar_track_alvar_msgs;/opt/ros/noetic
[33mCMake Warning (dev) at /opt/ros/noetic/share/catkin/cmake/python.cmake:4 (find_package):
  Policy CMP0148 is not set: The FindPythonInterp and FindPythonLibs modules
  are removed.  Run "cmake --help-policy CMP0148" for policy details.  Use
  the cmake_policy command to set the policy and suppress this warning.

[36mCall Stack (most recent call first):[0m
  /opt/ros/noetic/share/catkin/cmake/all.cmake:164 (include)
  /opt/ros/noetic/share/catkin/cmake/catkinConfig.cmake:20 (include)
  CMakeLists.txt:3 (find_package)
This warning is for project developers.  Use -Wno-dev to suppress it.
[0m
[36m--[0m Found PythonInterp: /usr/bin/python3 (found suitable version "3.8.10", minimum required is "3")
[36m--[0m Using PYTHON_EXECUTABLE: /usr/bin/python3
[36m--[0m Using Debian Python package layout
[36m--[0m Found PY_em: /usr/lib/python3/dist-packages/em.py
[36m--[0m Using empy: /usr/lib/python3/dist-packages/em.py
[36m--[0m Using CATKIN_ENABLE_TESTING: ON
[36m--[0m Call enable_testing()
[36m--[0m Using CATKIN_TEST_RESULTS_DIR: /home/albertozafra7/Desktop/Universidad/Master/AR/project/catkin_ws/build/hector_localization/test_results
[36m--[0m Forcing gtest/gmock from source, though one was otherwise available.
[36m--[0m Found gtest sources under '/usr/src/googletest': gtests will be built
[36m--[0m Found gmock sources under '/usr/src/googletest': gmock will be built
[0mCMake Deprecation Warning at /usr/src/googletest/CMakeLists.txt:4 (cmake_minimum_required):
  Compatibility with CMake < 3.5 will be removed from a future version of
  CMake.

  Update the VERSION argument <min> value or use a ...<max> suffix to tell
  CMake that the project does not need compatibility with older versions.

[0m
[0mCMake Deprecation Warning at /usr/src/googletest/googlemock/CMakeLists.txt:45 (cmake_minimum_required):
  Compatibility with CMake < 3.5 will be removed from a future version of
  CMake.

  Update the VERSION argument <min> value or use a ...<max> suffix to tell
  CMake that the project does not need compatibility with older versions.

[0m
[0mCMake Deprecation Warning at /usr/src/googletest/googletest/CMakeLists.txt:56 (cmake_minimum_required):
  Compatibility with CMake < 3.5 will be removed from a future version of
  CMake.

  Update the VERSION argument <min> value or use a ...<max> suffix to tell
  CMake that the project does not need compatibility with older versions.

[0m
[33mCMake Warning (dev) at /usr/src/googletest/googletest/cmake/internal_utils.cmake:249 (find_package):
  Policy CMP0148 is not set: The FindPythonInterp and FindPythonLibs modules
  are removed.  Run "cmake --help-policy CMP0148" for policy details.  Use
  the cmake_policy command to set the policy and suppress this warning.

[36mCall Stack (most recent call first):[0m
  /usr/src/googletest/googletest/CMakeLists.txt:91 (include)
This warning is for project developers.  Use -Wno-dev to suppress it.
[0m
[36m--[0m Found PythonInterp: /usr/bin/python3 (found version "3.8.10")
[36m--[0m Found Threads: TRUE
[36m--[0m Using Python nosetests: /usr/bin/nosetests3
[36m--[0m catkin 0.8.10
[36m--[0m BUILD_SHARED_LIBS is on
[36m--[0m Configuring done (1.8s)
[36m--[0m Generating done (0.0s)
[36m--[0m Build files have been written to: /home/albertozafra7/Desktop/Universidad/Master/AR/project/catkin_ws/build/hector_localization
