Warning: Cannot symlink from /home/albertozafra7/Desktop/Universidad/Master/AR/project/catkin_ws/devel/.private/nlopt/share/nlopt/cmake/nloptConfig.cmake to existing file /home/albertozafra7/Desktop/Universidad/Master/AR/project/catkin_ws/devel/share/nlopt/cmake/nloptConfig.cmake
Warning: Source hash: 84fe36d7a224abe201cd734df45b7ba5
Warning: Dest hash: d79503d619a57d2a063a18283499b177
Warning: Cannot symlink from /home/albertozafra7/Desktop/Universidad/Master/AR/project/catkin_ws/devel/.private/nlopt/lib/libnlopt_cxx.a to existing file /home/albertozafra7/Desktop/Universidad/Master/AR/project/catkin_ws/devel/lib/libnlopt_cxx.a
Warning: Source hash: 90261725ea1e0a17d743c6bad2f52e25
Warning: Dest hash: 809bb14c99e7c0dceaf74bb2f179b8eb
Warning: Cannot symlink from /home/albertozafra7/Desktop/Universidad/Master/AR/project/catkin_ws/devel/.private/nlopt/lib/libnlopt_wrap.so to existing file /home/albertozafra7/Desktop/Universidad/Master/AR/project/catkin_ws/devel/lib/libnlopt_wrap.so
Warning: Source hash: e24d66e319612a56aa5656c75fd2ff50
Warning: Dest hash: 3a72f051a2ce74351af19d6983e0c2e5
Warning: Cannot symlink from /home/albertozafra7/Desktop/Universidad/Master/AR/project/catkin_ws/devel/.private/nlopt/lib/libnlopt_cxx.la to existing file /home/albertozafra7/Desktop/Universidad/Master/AR/project/catkin_ws/devel/lib/libnlopt_cxx.la
Warning: Source hash: 2e6a06b1d4a420428b2c58649eb6953b
Warning: Dest hash: cff709c9bfaa8710a14f7689c15e8e5f
Warning: Cannot symlink from /home/albertozafra7/Desktop/Universidad/Master/AR/project/catkin_ws/devel/.private/nlopt/lib/pkgconfig/nlopt.pc to existing file /home/albertozafra7/Desktop/Universidad/Master/AR/project/catkin_ws/devel/lib/pkgconfig/nlopt.pc
Warning: Source hash: 3a9da49f323004ddc2a98d5b0d670b61
Warning: Dest hash: 075af8c095c1a299c62cd122cc3783f5
Cleaning: (/home/albertozafra7/Desktop/Universidad/Master/AR/Lab6/catkin_ws/devel/.private/nlopt/cmake.lock, /home/albertozafra7/Desktop/Universidad/Master/AR/Lab6/catkin_ws/devel/./cmake.lock)
Cleaning: (/home/albertozafra7/Desktop/Universidad/Master/AR/Lab6/catkin_ws/devel/.private/nlopt/share/man/man3/nlopt.3, /home/albertozafra7/Desktop/Universidad/Master/AR/Lab6/catkin_ws/devel/share/man/man3/nlopt.3)
Cleaning: (/home/albertozafra7/Desktop/Universidad/Master/AR/Lab6/catkin_ws/devel/.private/nlopt/share/nlopt/cmake/nloptConfig-version.cmake, /home/albertozafra7/Desktop/Universidad/Master/AR/Lab6/catkin_ws/devel/share/nlopt/cmake/nloptConfig-version.cmake)
Cleaning: (/home/albertozafra7/Desktop/Universidad/Master/AR/Lab6/catkin_ws/devel/.private/nlopt/share/nlopt/cmake/nloptConfig.cmake, /home/albertozafra7/Desktop/Universidad/Master/AR/Lab6/catkin_ws/devel/share/nlopt/cmake/nloptConfig.cmake)
Cleaning: (/home/albertozafra7/Desktop/Universidad/Master/AR/Lab6/catkin_ws/devel/.private/nlopt/lib/libnlopt_cxx.a, /home/albertozafra7/Desktop/Universidad/Master/AR/Lab6/catkin_ws/devel/lib/libnlopt_cxx.a)
Cleaning: (/home/albertozafra7/Desktop/Universidad/Master/AR/Lab6/catkin_ws/devel/.private/nlopt/lib/libnlopt_wrap.so, /home/albertozafra7/Desktop/Universidad/Master/AR/Lab6/catkin_ws/devel/lib/libnlopt_wrap.so)
Cleaning: (/home/albertozafra7/Desktop/Universidad/Master/AR/Lab6/catkin_ws/devel/.private/nlopt/lib/libnlopt_cxx.la, /home/albertozafra7/Desktop/Universidad/Master/AR/Lab6/catkin_ws/devel/lib/libnlopt_cxx.la)
Cleaning: (/home/albertozafra7/Desktop/Universidad/Master/AR/Lab6/catkin_ws/devel/.private/nlopt/lib/pkgconfig/nlopt.pc, /home/albertozafra7/Desktop/Universidad/Master/AR/Lab6/catkin_ws/devel/lib/pkgconfig/nlopt.pc)
Cleaning: (/home/albertozafra7/Desktop/Universidad/Master/AR/Lab6/catkin_ws/devel/.private/nlopt/include/nlopt.f, /home/albertozafra7/Desktop/Universidad/Master/AR/Lab6/catkin_ws/devel/include/nlopt.f)
Cleaning: (/home/albertozafra7/Desktop/Universidad/Master/AR/Lab6/catkin_ws/devel/.private/nlopt/include/nlopt.h, /home/albertozafra7/Desktop/Universidad/Master/AR/Lab6/catkin_ws/devel/include/nlopt.h)
Cleaning: (/home/albertozafra7/Desktop/Universidad/Master/AR/Lab6/catkin_ws/devel/.private/nlopt/include/nlopt.hpp, /home/albertozafra7/Desktop/Universidad/Master/AR/Lab6/catkin_ws/devel/include/nlopt.hpp)
Unlinking: /home/albertozafra7/Desktop/Universidad/Master/AR/Lab6/catkin_ws/devel/share/man/man3/nlopt.3
Unlinking: /home/albertozafra7/Desktop/Universidad/Master/AR/Lab6/catkin_ws/devel/share/nlopt/cmake/nloptConfig-version.cmake
Unlinking: /home/albertozafra7/Desktop/Universidad/Master/AR/Lab6/catkin_ws/devel/share/nlopt/cmake/nloptConfig.cmake
Unlinking: /home/albertozafra7/Desktop/Universidad/Master/AR/Lab6/catkin_ws/devel/lib/libnlopt_cxx.a
Unlinking: /home/albertozafra7/Desktop/Universidad/Master/AR/Lab6/catkin_ws/devel/lib/libnlopt_wrap.so
Unlinking: /home/albertozafra7/Desktop/Universidad/Master/AR/Lab6/catkin_ws/devel/lib/libnlopt_cxx.la
Unlinking: /home/albertozafra7/Desktop/Universidad/Master/AR/Lab6/catkin_ws/devel/lib/pkgconfig/nlopt.pc
Unlinking: /home/albertozafra7/Desktop/Universidad/Master/AR/Lab6/catkin_ws/devel/include/nlopt.f
Unlinking: /home/albertozafra7/Desktop/Universidad/Master/AR/Lab6/catkin_ws/devel/include/nlopt.h
Unlinking: /home/albertozafra7/Desktop/Universidad/Master/AR/Lab6/catkin_ws/devel/include/nlopt.hpp
