[35m[1mScanning dependencies of target _mav_state_machine_msgs_generate_messages_check_deps_RunTaskService[0m
[35m[1mScanning dependencies of target std_msgs_generate_messages_eus[0m
[35m[1mScanning dependencies of target _mav_state_machine_msgs_generate_messages_check_deps_StartStopTask[0m
[35m[1mScanning dependencies of target std_msgs_generate_messages_cpp[0m
[35m[1mScanning dependencies of target std_msgs_generate_messages_nodejs[0m
[35m[1mScanning dependencies of target std_msgs_generate_messages_py[0m
[35m[1mScanning dependencies of target std_msgs_generate_messages_lisp[0m
[  0%] Built target std_msgs_generate_messages_cpp
[  0%] Built target std_msgs_generate_messages_nodejs
[  0%] Built target std_msgs_generate_messages_py
[  0%] Built target std_msgs_generate_messages_lisp
[  0%] Built target std_msgs_generate_messages_eus
[  0%] Built target _mav_state_machine_msgs_generate_messages_check_deps_RunTaskService
[  0%] Built target _mav_state_machine_msgs_generate_messages_check_deps_StartStopTask
[35m[1mScanning dependencies of target mav_state_machine_msgs_generate_messages_lisp[0m
[35m[1mScanning dependencies of target mav_state_machine_msgs_generate_messages_eus[0m
[35m[1mScanning dependencies of target mav_state_machine_msgs_generate_messages_cpp[0m
[35m[1mScanning dependencies of target mav_state_machine_msgs_generate_messages_py[0m
[35m[1mScanning dependencies of target mav_state_machine_msgs_generate_messages_nodejs[0m
[ 30%] Built target mav_state_machine_msgs_generate_messages_py
[ 46%] Built target mav_state_machine_msgs_generate_messages_cpp
[ 61%] Built target mav_state_machine_msgs_generate_messages_nodejs
[ 84%] Built target mav_state_machine_msgs_generate_messages_eus
[100%] Built target mav_state_machine_msgs_generate_messages_lisp
[35m[1mScanning dependencies of target mav_state_machine_msgs_generate_messages[0m
[100%] Built target mav_state_machine_msgs_generate_messages
