[35m[1mScanning dependencies of target nav_msgs_generate_messages_eus[0m
[  0%] Built target nav_msgs_generate_messages_eus
[35m[1mScanning dependencies of target _mav_msgs_generate_messages_check_deps_GpsWaypoint[0m
[  0%] Built target _mav_msgs_generate_messages_check_deps_GpsWaypoint
[35m[1mScanning dependencies of target _mav_msgs_generate_messages_check_deps_FilteredSensorData[0m
[  0%] Built target _mav_msgs_generate_messages_check_deps_FilteredSensorData
[35m[1mScanning dependencies of target _mav_msgs_generate_messages_check_deps_Status[0m
[  0%] Built target _mav_msgs_generate_messages_check_deps_Status
[35m[1mScanning dependencies of target _mav_msgs_generate_messages_check_deps_RateThrust[0m
[  0%] Built target _mav_msgs_generate_messages_check_deps_RateThrust
[35m[1mScanning dependencies of target _mav_msgs_generate_messages_check_deps_Actuators[0m
[  0%] Built target _mav_msgs_generate_messages_check_deps_Actuators
[35m[1mScanning dependencies of target _mav_msgs_generate_messages_check_deps_TorqueThrust[0m
[  0%] Built target _mav_msgs_generate_messages_check_deps_TorqueThrust
[35m[1mScanning dependencies of target _mav_msgs_generate_messages_check_deps_AttitudeThrust[0m
[  0%] Built target _mav_msgs_generate_messages_check_deps_AttitudeThrust
[35m[1mScanning dependencies of target std_msgs_generate_messages_eus[0m
[  0%] Built target std_msgs_generate_messages_eus
[35m[1mScanning dependencies of target geometry_msgs_generate_messages_eus[0m
[  0%] Built target geometry_msgs_generate_messages_eus
[35m[1mScanning dependencies of target _mav_msgs_generate_messages_check_deps_RollPitchYawrateThrust[0m
[  0%] Built target _mav_msgs_generate_messages_check_deps_RollPitchYawrateThrust
[35m[1mScanning dependencies of target std_msgs_generate_messages_py[0m
[  0%] Built target std_msgs_generate_messages_py
[35m[1mScanning dependencies of target nav_msgs_generate_messages_py[0m
[  0%] Built target nav_msgs_generate_messages_py
[35m[1mScanning dependencies of target geometry_msgs_generate_messages_py[0m
[  0%] Built target geometry_msgs_generate_messages_py
[35m[1mScanning dependencies of target geometry_msgs_generate_messages_nodejs[0m
[  0%] Built target geometry_msgs_generate_messages_nodejs
[35m[1mScanning dependencies of target nav_msgs_generate_messages_nodejs[0m
[  0%] Built target nav_msgs_generate_messages_nodejs
[35m[1mScanning dependencies of target std_msgs_generate_messages_nodejs[0m
[  0%] Built target std_msgs_generate_messages_nodejs
[35m[1mScanning dependencies of target nav_msgs_generate_messages_cpp[0m
[  0%] Built target nav_msgs_generate_messages_cpp
[35m[1mScanning dependencies of target std_msgs_generate_messages_cpp[0m
[  0%] Built target std_msgs_generate_messages_cpp
[35m[1mScanning dependencies of target geometry_msgs_generate_messages_cpp[0m
[  0%] Built target geometry_msgs_generate_messages_cpp
[35m[1mScanning dependencies of target nav_msgs_generate_messages_lisp[0m
[  0%] Built target nav_msgs_generate_messages_lisp
[35m[1mScanning dependencies of target std_msgs_generate_messages_lisp[0m
[  0%] Built target std_msgs_generate_messages_lisp
[35m[1mScanning dependencies of target geometry_msgs_generate_messages_lisp[0m
[  0%] Built target geometry_msgs_generate_messages_lisp
[35m[1mScanning dependencies of target mav_msgs_generate_messages_eus[0m
[ 21%] Built target mav_msgs_generate_messages_eus
[35m[1mScanning dependencies of target mav_msgs_generate_messages_py[0m
[ 42%] Built target mav_msgs_generate_messages_py
[35m[1mScanning dependencies of target mav_msgs_generate_messages_nodejs[0m
[ 61%] Built target mav_msgs_generate_messages_nodejs
[35m[1mScanning dependencies of target mav_msgs_generate_messages_cpp[0m
[ 80%] Built target mav_msgs_generate_messages_cpp
[35m[1mScanning dependencies of target mav_msgs_generate_messages_lisp[0m
[100%] Built target mav_msgs_generate_messages_lisp
[35m[1mScanning dependencies of target mav_msgs_generate_messages[0m
[100%] Built target mav_msgs_generate_messages
