Warning: Cannot symlink from /home/albertozafra7/Desktop/Universidad/Master/AR/project/catkin_ws/devel/.private/mav_msgs/share/mav_msgs/cmake/mav_msgs-msg-extras.cmake to existing file /home/albertozafra7/Desktop/Universidad/Master/AR/project/catkin_ws/devel/share/mav_msgs/cmake/mav_msgs-msg-extras.cmake
Warning: Source hash: ef51fe676f0c59b5fbc0633477a144fa
Warning: Dest hash: f93f5c625d144cb1082a5ec1b08d8960
Warning: Cannot symlink from /home/albertozafra7/Desktop/Universidad/Master/AR/project/catkin_ws/devel/.private/mav_msgs/share/mav_msgs/cmake/mav_msgs-msg-paths.cmake to existing file /home/albertozafra7/Desktop/Universidad/Master/AR/project/catkin_ws/devel/share/mav_msgs/cmake/mav_msgs-msg-paths.cmake
Warning: Source hash: d893cd5502826fe32927140d9e62d1a8
Warning: Dest hash: 0aecc8efdabf0e93513ef4743c4ecf09
Warning: Cannot symlink from /home/albertozafra7/Desktop/Universidad/Master/AR/project/catkin_ws/devel/.private/mav_msgs/share/mav_msgs/cmake/mav_msgsConfig.cmake to existing file /home/albertozafra7/Desktop/Universidad/Master/AR/project/catkin_ws/devel/share/mav_msgs/cmake/mav_msgsConfig.cmake
Warning: Source hash: 04ddeb8f717c624b365f5fa801e70e63
Warning: Dest hash: 42d9b66c35ebec03ae138e3b8ecd6318
Warning: Cannot symlink from /home/albertozafra7/Desktop/Universidad/Master/AR/project/catkin_ws/devel/.private/mav_msgs/lib/pkgconfig/mav_msgs.pc to existing file /home/albertozafra7/Desktop/Universidad/Master/AR/project/catkin_ws/devel/lib/pkgconfig/mav_msgs.pc
Warning: Source hash: 12131174bb2220b2ef3de747bd9a693b
Warning: Dest hash: cbf8b71fc263ce5f8afafcd27bfe52db
Cleaning: (/home/albertozafra7/Desktop/Universidad/Master/AR/Lab6/catkin_ws/devel/.private/mav_msgs/cmake.lock, /home/albertozafra7/Desktop/Universidad/Master/AR/Lab6/catkin_ws/devel/./cmake.lock)
Cleaning: (/home/albertozafra7/Desktop/Universidad/Master/AR/Lab6/catkin_ws/devel/.private/mav_msgs/share/mav_msgs/cmake/mav_msgsConfig-version.cmake, /home/albertozafra7/Desktop/Universidad/Master/AR/Lab6/catkin_ws/devel/share/mav_msgs/cmake/mav_msgsConfig-version.cmake)
Cleaning: (/home/albertozafra7/Desktop/Universidad/Master/AR/Lab6/catkin_ws/devel/.private/mav_msgs/share/mav_msgs/cmake/mav_msgs-msg-extras.cmake, /home/albertozafra7/Desktop/Universidad/Master/AR/Lab6/catkin_ws/devel/share/mav_msgs/cmake/mav_msgs-msg-extras.cmake)
Cleaning: (/home/albertozafra7/Desktop/Universidad/Master/AR/Lab6/catkin_ws/devel/.private/mav_msgs/share/mav_msgs/cmake/mav_msgs-msg-paths.cmake, /home/albertozafra7/Desktop/Universidad/Master/AR/Lab6/catkin_ws/devel/share/mav_msgs/cmake/mav_msgs-msg-paths.cmake)
Cleaning: (/home/albertozafra7/Desktop/Universidad/Master/AR/Lab6/catkin_ws/devel/.private/mav_msgs/share/mav_msgs/cmake/mav_msgsConfig.cmake, /home/albertozafra7/Desktop/Universidad/Master/AR/Lab6/catkin_ws/devel/share/mav_msgs/cmake/mav_msgsConfig.cmake)
Cleaning: (/home/albertozafra7/Desktop/Universidad/Master/AR/Lab6/catkin_ws/devel/.private/mav_msgs/share/roseus/ros/mav_msgs/manifest.l, /home/albertozafra7/Desktop/Universidad/Master/AR/Lab6/catkin_ws/devel/share/roseus/ros/mav_msgs/manifest.l)
Cleaning: (/home/albertozafra7/Desktop/Universidad/Master/AR/Lab6/catkin_ws/devel/.private/mav_msgs/share/roseus/ros/mav_msgs/msg/AttitudeThrust.l, /home/albertozafra7/Desktop/Universidad/Master/AR/Lab6/catkin_ws/devel/share/roseus/ros/mav_msgs/msg/AttitudeThrust.l)
Cleaning: (/home/albertozafra7/Desktop/Universidad/Master/AR/Lab6/catkin_ws/devel/.private/mav_msgs/share/roseus/ros/mav_msgs/msg/Actuators.l, /home/albertozafra7/Desktop/Universidad/Master/AR/Lab6/catkin_ws/devel/share/roseus/ros/mav_msgs/msg/Actuators.l)
Cleaning: (/home/albertozafra7/Desktop/Universidad/Master/AR/Lab6/catkin_ws/devel/.private/mav_msgs/share/roseus/ros/mav_msgs/msg/Status.l, /home/albertozafra7/Desktop/Universidad/Master/AR/Lab6/catkin_ws/devel/share/roseus/ros/mav_msgs/msg/Status.l)
Cleaning: (/home/albertozafra7/Desktop/Universidad/Master/AR/Lab6/catkin_ws/devel/.private/mav_msgs/share/roseus/ros/mav_msgs/msg/FilteredSensorData.l, /home/albertozafra7/Desktop/Universidad/Master/AR/Lab6/catkin_ws/devel/share/roseus/ros/mav_msgs/msg/FilteredSensorData.l)
Cleaning: (/home/albertozafra7/Desktop/Universidad/Master/AR/Lab6/catkin_ws/devel/.private/mav_msgs/share/roseus/ros/mav_msgs/msg/TorqueThrust.l, /home/albertozafra7/Desktop/Universidad/Master/AR/Lab6/catkin_ws/devel/share/roseus/ros/mav_msgs/msg/TorqueThrust.l)
Cleaning: (/home/albertozafra7/Desktop/Universidad/Master/AR/Lab6/catkin_ws/devel/.private/mav_msgs/share/roseus/ros/mav_msgs/msg/RollPitchYawrateThrust.l, /home/albertozafra7/Desktop/Universidad/Master/AR/Lab6/catkin_ws/devel/share/roseus/ros/mav_msgs/msg/RollPitchYawrateThrust.l)
Cleaning: (/home/albertozafra7/Desktop/Universidad/Master/AR/Lab6/catkin_ws/devel/.private/mav_msgs/share/roseus/ros/mav_msgs/msg/GpsWaypoint.l, /home/albertozafra7/Desktop/Universidad/Master/AR/Lab6/catkin_ws/devel/share/roseus/ros/mav_msgs/msg/GpsWaypoint.l)
Cleaning: (/home/albertozafra7/Desktop/Universidad/Master/AR/Lab6/catkin_ws/devel/.private/mav_msgs/share/roseus/ros/mav_msgs/msg/RateThrust.l, /home/albertozafra7/Desktop/Universidad/Master/AR/Lab6/catkin_ws/devel/share/roseus/ros/mav_msgs/msg/RateThrust.l)
Cleaning: (/home/albertozafra7/Desktop/Universidad/Master/AR/Lab6/catkin_ws/devel/.private/mav_msgs/share/gennodejs/ros/mav_msgs/_index.js, /home/albertozafra7/Desktop/Universidad/Master/AR/Lab6/catkin_ws/devel/share/gennodejs/ros/mav_msgs/_index.js)
Cleaning: (/home/albertozafra7/Desktop/Universidad/Master/AR/Lab6/catkin_ws/devel/.private/mav_msgs/share/gennodejs/ros/mav_msgs/msg/_index.js, /home/albertozafra7/Desktop/Universidad/Master/AR/Lab6/catkin_ws/devel/share/gennodejs/ros/mav_msgs/msg/_index.js)
Cleaning: (/home/albertozafra7/Desktop/Universidad/Master/AR/Lab6/catkin_ws/devel/.private/mav_msgs/share/gennodejs/ros/mav_msgs/msg/Status.js, /home/albertozafra7/Desktop/Universidad/Master/AR/Lab6/catkin_ws/devel/share/gennodejs/ros/mav_msgs/msg/Status.js)
Cleaning: (/home/albertozafra7/Desktop/Universidad/Master/AR/Lab6/catkin_ws/devel/.private/mav_msgs/share/gennodejs/ros/mav_msgs/msg/TorqueThrust.js, /home/albertozafra7/Desktop/Universidad/Master/AR/Lab6/catkin_ws/devel/share/gennodejs/ros/mav_msgs/msg/TorqueThrust.js)
Cleaning: (/home/albertozafra7/Desktop/Universidad/Master/AR/Lab6/catkin_ws/devel/.private/mav_msgs/share/gennodejs/ros/mav_msgs/msg/RollPitchYawrateThrust.js, /home/albertozafra7/Desktop/Universidad/Master/AR/Lab6/catkin_ws/devel/share/gennodejs/ros/mav_msgs/msg/RollPitchYawrateThrust.js)
Cleaning: (/home/albertozafra7/Desktop/Universidad/Master/AR/Lab6/catkin_ws/devel/.private/mav_msgs/share/gennodejs/ros/mav_msgs/msg/AttitudeThrust.js, /home/albertozafra7/Desktop/Universidad/Master/AR/Lab6/catkin_ws/devel/share/gennodejs/ros/mav_msgs/msg/AttitudeThrust.js)
Cleaning: (/home/albertozafra7/Desktop/Universidad/Master/AR/Lab6/catkin_ws/devel/.private/mav_msgs/share/gennodejs/ros/mav_msgs/msg/GpsWaypoint.js, /home/albertozafra7/Desktop/Universidad/Master/AR/Lab6/catkin_ws/devel/share/gennodejs/ros/mav_msgs/msg/GpsWaypoint.js)
Cleaning: (/home/albertozafra7/Desktop/Universidad/Master/AR/Lab6/catkin_ws/devel/.private/mav_msgs/share/gennodejs/ros/mav_msgs/msg/FilteredSensorData.js, /home/albertozafra7/Desktop/Universidad/Master/AR/Lab6/catkin_ws/devel/share/gennodejs/ros/mav_msgs/msg/FilteredSensorData.js)
Cleaning: (/home/albertozafra7/Desktop/Universidad/Master/AR/Lab6/catkin_ws/devel/.private/mav_msgs/share/gennodejs/ros/mav_msgs/msg/Actuators.js, /home/albertozafra7/Desktop/Universidad/Master/AR/Lab6/catkin_ws/devel/share/gennodejs/ros/mav_msgs/msg/Actuators.js)
Cleaning: (/home/albertozafra7/Desktop/Universidad/Master/AR/Lab6/catkin_ws/devel/.private/mav_msgs/share/gennodejs/ros/mav_msgs/msg/RateThrust.js, /home/albertozafra7/Desktop/Universidad/Master/AR/Lab6/catkin_ws/devel/share/gennodejs/ros/mav_msgs/msg/RateThrust.js)
Cleaning: (/home/albertozafra7/Desktop/Universidad/Master/AR/Lab6/catkin_ws/devel/.private/mav_msgs/share/common-lisp/ros/mav_msgs/msg/_package_Status.lisp, /home/albertozafra7/Desktop/Universidad/Master/AR/Lab6/catkin_ws/devel/share/common-lisp/ros/mav_msgs/msg/_package_Status.lisp)
Cleaning: (/home/albertozafra7/Desktop/Universidad/Master/AR/Lab6/catkin_ws/devel/.private/mav_msgs/share/common-lisp/ros/mav_msgs/msg/Status.lisp, /home/albertozafra7/Desktop/Universidad/Master/AR/Lab6/catkin_ws/devel/share/common-lisp/ros/mav_msgs/msg/Status.lisp)
Cleaning: (/home/albertozafra7/Desktop/Universidad/Master/AR/Lab6/catkin_ws/devel/.private/mav_msgs/share/common-lisp/ros/mav_msgs/msg/_package.lisp, /home/albertozafra7/Desktop/Universidad/Master/AR/Lab6/catkin_ws/devel/share/common-lisp/ros/mav_msgs/msg/_package.lisp)
Cleaning: (/home/albertozafra7/Desktop/Universidad/Master/AR/Lab6/catkin_ws/devel/.private/mav_msgs/share/common-lisp/ros/mav_msgs/msg/_package_TorqueThrust.lisp, /home/albertozafra7/Desktop/Universidad/Master/AR/Lab6/catkin_ws/devel/share/common-lisp/ros/mav_msgs/msg/_package_TorqueThrust.lisp)
Cleaning: (/home/albertozafra7/Desktop/Universidad/Master/AR/Lab6/catkin_ws/devel/.private/mav_msgs/share/common-lisp/ros/mav_msgs/msg/_package_Actuators.lisp, /home/albertozafra7/Desktop/Universidad/Master/AR/Lab6/catkin_ws/devel/share/common-lisp/ros/mav_msgs/msg/_package_Actuators.lisp)
Cleaning: (/home/albertozafra7/Desktop/Universidad/Master/AR/Lab6/catkin_ws/devel/.private/mav_msgs/share/common-lisp/ros/mav_msgs/msg/mav_msgs-msg.asd, /home/albertozafra7/Desktop/Universidad/Master/AR/Lab6/catkin_ws/devel/share/common-lisp/ros/mav_msgs/msg/mav_msgs-msg.asd)
Cleaning: (/home/albertozafra7/Desktop/Universidad/Master/AR/Lab6/catkin_ws/devel/.private/mav_msgs/share/common-lisp/ros/mav_msgs/msg/FilteredSensorData.lisp, /home/albertozafra7/Desktop/Universidad/Master/AR/Lab6/catkin_ws/devel/share/common-lisp/ros/mav_msgs/msg/FilteredSensorData.lisp)
Cleaning: (/home/albertozafra7/Desktop/Universidad/Master/AR/Lab6/catkin_ws/devel/.private/mav_msgs/share/common-lisp/ros/mav_msgs/msg/RollPitchYawrateThrust.lisp, /home/albertozafra7/Desktop/Universidad/Master/AR/Lab6/catkin_ws/devel/share/common-lisp/ros/mav_msgs/msg/RollPitchYawrateThrust.lisp)
Cleaning: (/home/albertozafra7/Desktop/Universidad/Master/AR/Lab6/catkin_ws/devel/.private/mav_msgs/share/common-lisp/ros/mav_msgs/msg/_package_AttitudeThrust.lisp, /home/albertozafra7/Desktop/Universidad/Master/AR/Lab6/catkin_ws/devel/share/common-lisp/ros/mav_msgs/msg/_package_AttitudeThrust.lisp)
Cleaning: (/home/albertozafra7/Desktop/Universidad/Master/AR/Lab6/catkin_ws/devel/.private/mav_msgs/share/common-lisp/ros/mav_msgs/msg/_package_FilteredSensorData.lisp, /home/albertozafra7/Desktop/Universidad/Master/AR/Lab6/catkin_ws/devel/share/common-lisp/ros/mav_msgs/msg/_package_FilteredSensorData.lisp)
Cleaning: (/home/albertozafra7/Desktop/Universidad/Master/AR/Lab6/catkin_ws/devel/.private/mav_msgs/share/common-lisp/ros/mav_msgs/msg/TorqueThrust.lisp, /home/albertozafra7/Desktop/Universidad/Master/AR/Lab6/catkin_ws/devel/share/common-lisp/ros/mav_msgs/msg/TorqueThrust.lisp)
Cleaning: (/home/albertozafra7/Desktop/Universidad/Master/AR/Lab6/catkin_ws/devel/.private/mav_msgs/share/common-lisp/ros/mav_msgs/msg/_package_RateThrust.lisp, /home/albertozafra7/Desktop/Universidad/Master/AR/Lab6/catkin_ws/devel/share/common-lisp/ros/mav_msgs/msg/_package_RateThrust.lisp)
Cleaning: (/home/albertozafra7/Desktop/Universidad/Master/AR/Lab6/catkin_ws/devel/.private/mav_msgs/share/common-lisp/ros/mav_msgs/msg/RateThrust.lisp, /home/albertozafra7/Desktop/Universidad/Master/AR/Lab6/catkin_ws/devel/share/common-lisp/ros/mav_msgs/msg/RateThrust.lisp)
Cleaning: (/home/albertozafra7/Desktop/Universidad/Master/AR/Lab6/catkin_ws/devel/.private/mav_msgs/share/common-lisp/ros/mav_msgs/msg/Actuators.lisp, /home/albertozafra7/Desktop/Universidad/Master/AR/Lab6/catkin_ws/devel/share/common-lisp/ros/mav_msgs/msg/Actuators.lisp)
Cleaning: (/home/albertozafra7/Desktop/Universidad/Master/AR/Lab6/catkin_ws/devel/.private/mav_msgs/share/common-lisp/ros/mav_msgs/msg/AttitudeThrust.lisp, /home/albertozafra7/Desktop/Universidad/Master/AR/Lab6/catkin_ws/devel/share/common-lisp/ros/mav_msgs/msg/AttitudeThrust.lisp)
Cleaning: (/home/albertozafra7/Desktop/Universidad/Master/AR/Lab6/catkin_ws/devel/.private/mav_msgs/share/common-lisp/ros/mav_msgs/msg/GpsWaypoint.lisp, /home/albertozafra7/Desktop/Universidad/Master/AR/Lab6/catkin_ws/devel/share/common-lisp/ros/mav_msgs/msg/GpsWaypoint.lisp)
Cleaning: (/home/albertozafra7/Desktop/Universidad/Master/AR/Lab6/catkin_ws/devel/.private/mav_msgs/share/common-lisp/ros/mav_msgs/msg/_package_GpsWaypoint.lisp, /home/albertozafra7/Desktop/Universidad/Master/AR/Lab6/catkin_ws/devel/share/common-lisp/ros/mav_msgs/msg/_package_GpsWaypoint.lisp)
Cleaning: (/home/albertozafra7/Desktop/Universidad/Master/AR/Lab6/catkin_ws/devel/.private/mav_msgs/share/common-lisp/ros/mav_msgs/msg/_package_RollPitchYawrateThrust.lisp, /home/albertozafra7/Desktop/Universidad/Master/AR/Lab6/catkin_ws/devel/share/common-lisp/ros/mav_msgs/msg/_package_RollPitchYawrateThrust.lisp)
Cleaning: (/home/albertozafra7/Desktop/Universidad/Master/AR/Lab6/catkin_ws/devel/.private/mav_msgs/lib/pkgconfig/mav_msgs.pc, /home/albertozafra7/Desktop/Universidad/Master/AR/Lab6/catkin_ws/devel/lib/pkgconfig/mav_msgs.pc)
Cleaning: (/home/albertozafra7/Desktop/Universidad/Master/AR/Lab6/catkin_ws/devel/.private/mav_msgs/lib/python3/dist-packages/mav_msgs/__init__.py, /home/albertozafra7/Desktop/Universidad/Master/AR/Lab6/catkin_ws/devel/lib/python3/dist-packages/mav_msgs/__init__.py)
Cleaning: (/home/albertozafra7/Desktop/Universidad/Master/AR/Lab6/catkin_ws/devel/.private/mav_msgs/lib/python3/dist-packages/mav_msgs/msg/_Actuators.py, /home/albertozafra7/Desktop/Universidad/Master/AR/Lab6/catkin_ws/devel/lib/python3/dist-packages/mav_msgs/msg/_Actuators.py)
Cleaning: (/home/albertozafra7/Desktop/Universidad/Master/AR/Lab6/catkin_ws/devel/.private/mav_msgs/lib/python3/dist-packages/mav_msgs/msg/_AttitudeThrust.py, /home/albertozafra7/Desktop/Universidad/Master/AR/Lab6/catkin_ws/devel/lib/python3/dist-packages/mav_msgs/msg/_AttitudeThrust.py)
Cleaning: (/home/albertozafra7/Desktop/Universidad/Master/AR/Lab6/catkin_ws/devel/.private/mav_msgs/lib/python3/dist-packages/mav_msgs/msg/__init__.py, /home/albertozafra7/Desktop/Universidad/Master/AR/Lab6/catkin_ws/devel/lib/python3/dist-packages/mav_msgs/msg/__init__.py)
Cleaning: (/home/albertozafra7/Desktop/Universidad/Master/AR/Lab6/catkin_ws/devel/.private/mav_msgs/lib/python3/dist-packages/mav_msgs/msg/_FilteredSensorData.py, /home/albertozafra7/Desktop/Universidad/Master/AR/Lab6/catkin_ws/devel/lib/python3/dist-packages/mav_msgs/msg/_FilteredSensorData.py)
Cleaning: (/home/albertozafra7/Desktop/Universidad/Master/AR/Lab6/catkin_ws/devel/.private/mav_msgs/lib/python3/dist-packages/mav_msgs/msg/_TorqueThrust.py, /home/albertozafra7/Desktop/Universidad/Master/AR/Lab6/catkin_ws/devel/lib/python3/dist-packages/mav_msgs/msg/_TorqueThrust.py)
Cleaning: (/home/albertozafra7/Desktop/Universidad/Master/AR/Lab6/catkin_ws/devel/.private/mav_msgs/lib/python3/dist-packages/mav_msgs/msg/_RateThrust.py, /home/albertozafra7/Desktop/Universidad/Master/AR/Lab6/catkin_ws/devel/lib/python3/dist-packages/mav_msgs/msg/_RateThrust.py)
Cleaning: (/home/albertozafra7/Desktop/Universidad/Master/AR/Lab6/catkin_ws/devel/.private/mav_msgs/lib/python3/dist-packages/mav_msgs/msg/_GpsWaypoint.py, /home/albertozafra7/Desktop/Universidad/Master/AR/Lab6/catkin_ws/devel/lib/python3/dist-packages/mav_msgs/msg/_GpsWaypoint.py)
Cleaning: (/home/albertozafra7/Desktop/Universidad/Master/AR/Lab6/catkin_ws/devel/.private/mav_msgs/lib/python3/dist-packages/mav_msgs/msg/_RollPitchYawrateThrust.py, /home/albertozafra7/Desktop/Universidad/Master/AR/Lab6/catkin_ws/devel/lib/python3/dist-packages/mav_msgs/msg/_RollPitchYawrateThrust.py)
Cleaning: (/home/albertozafra7/Desktop/Universidad/Master/AR/Lab6/catkin_ws/devel/.private/mav_msgs/lib/python3/dist-packages/mav_msgs/msg/_Status.py, /home/albertozafra7/Desktop/Universidad/Master/AR/Lab6/catkin_ws/devel/lib/python3/dist-packages/mav_msgs/msg/_Status.py)
Cleaning: (/home/albertozafra7/Desktop/Universidad/Master/AR/Lab6/catkin_ws/devel/.private/mav_msgs/include/mav_msgs/RateThrust.h, /home/albertozafra7/Desktop/Universidad/Master/AR/Lab6/catkin_ws/devel/include/mav_msgs/RateThrust.h)
Cleaning: (/home/albertozafra7/Desktop/Universidad/Master/AR/Lab6/catkin_ws/devel/.private/mav_msgs/include/mav_msgs/AttitudeThrust.h, /home/albertozafra7/Desktop/Universidad/Master/AR/Lab6/catkin_ws/devel/include/mav_msgs/AttitudeThrust.h)
Cleaning: (/home/albertozafra7/Desktop/Universidad/Master/AR/Lab6/catkin_ws/devel/.private/mav_msgs/include/mav_msgs/RollPitchYawrateThrust.h, /home/albertozafra7/Desktop/Universidad/Master/AR/Lab6/catkin_ws/devel/include/mav_msgs/RollPitchYawrateThrust.h)
Cleaning: (/home/albertozafra7/Desktop/Universidad/Master/AR/Lab6/catkin_ws/devel/.private/mav_msgs/include/mav_msgs/Actuators.h, /home/albertozafra7/Desktop/Universidad/Master/AR/Lab6/catkin_ws/devel/include/mav_msgs/Actuators.h)
Cleaning: (/home/albertozafra7/Desktop/Universidad/Master/AR/Lab6/catkin_ws/devel/.private/mav_msgs/include/mav_msgs/Status.h, /home/albertozafra7/Desktop/Universidad/Master/AR/Lab6/catkin_ws/devel/include/mav_msgs/Status.h)
Cleaning: (/home/albertozafra7/Desktop/Universidad/Master/AR/Lab6/catkin_ws/devel/.private/mav_msgs/include/mav_msgs/FilteredSensorData.h, /home/albertozafra7/Desktop/Universidad/Master/AR/Lab6/catkin_ws/devel/include/mav_msgs/FilteredSensorData.h)
Cleaning: (/home/albertozafra7/Desktop/Universidad/Master/AR/Lab6/catkin_ws/devel/.private/mav_msgs/include/mav_msgs/TorqueThrust.h, /home/albertozafra7/Desktop/Universidad/Master/AR/Lab6/catkin_ws/devel/include/mav_msgs/TorqueThrust.h)
Cleaning: (/home/albertozafra7/Desktop/Universidad/Master/AR/Lab6/catkin_ws/devel/.private/mav_msgs/include/mav_msgs/GpsWaypoint.h, /home/albertozafra7/Desktop/Universidad/Master/AR/Lab6/catkin_ws/devel/include/mav_msgs/GpsWaypoint.h)
Unlinking: /home/albertozafra7/Desktop/Universidad/Master/AR/Lab6/catkin_ws/devel/share/mav_msgs/cmake/mav_msgsConfig-version.cmake
Unlinking: /home/albertozafra7/Desktop/Universidad/Master/AR/Lab6/catkin_ws/devel/share/mav_msgs/cmake/mav_msgs-msg-extras.cmake
Unlinking: /home/albertozafra7/Desktop/Universidad/Master/AR/Lab6/catkin_ws/devel/share/mav_msgs/cmake/mav_msgs-msg-paths.cmake
Unlinking: /home/albertozafra7/Desktop/Universidad/Master/AR/Lab6/catkin_ws/devel/share/mav_msgs/cmake/mav_msgsConfig.cmake
Unlinking: /home/albertozafra7/Desktop/Universidad/Master/AR/Lab6/catkin_ws/devel/share/roseus/ros/mav_msgs/manifest.l
Unlinking: /home/albertozafra7/Desktop/Universidad/Master/AR/Lab6/catkin_ws/devel/share/roseus/ros/mav_msgs/msg/AttitudeThrust.l
Unlinking: /home/albertozafra7/Desktop/Universidad/Master/AR/Lab6/catkin_ws/devel/share/roseus/ros/mav_msgs/msg/Actuators.l
Unlinking: /home/albertozafra7/Desktop/Universidad/Master/AR/Lab6/catkin_ws/devel/share/roseus/ros/mav_msgs/msg/Status.l
Unlinking: /home/albertozafra7/Desktop/Universidad/Master/AR/Lab6/catkin_ws/devel/share/roseus/ros/mav_msgs/msg/FilteredSensorData.l
Unlinking: /home/albertozafra7/Desktop/Universidad/Master/AR/Lab6/catkin_ws/devel/share/roseus/ros/mav_msgs/msg/TorqueThrust.l
Unlinking: /home/albertozafra7/Desktop/Universidad/Master/AR/Lab6/catkin_ws/devel/share/roseus/ros/mav_msgs/msg/RollPitchYawrateThrust.l
Unlinking: /home/albertozafra7/Desktop/Universidad/Master/AR/Lab6/catkin_ws/devel/share/roseus/ros/mav_msgs/msg/GpsWaypoint.l
Unlinking: /home/albertozafra7/Desktop/Universidad/Master/AR/Lab6/catkin_ws/devel/share/roseus/ros/mav_msgs/msg/RateThrust.l
Unlinking: /home/albertozafra7/Desktop/Universidad/Master/AR/Lab6/catkin_ws/devel/share/gennodejs/ros/mav_msgs/_index.js
Unlinking: /home/albertozafra7/Desktop/Universidad/Master/AR/Lab6/catkin_ws/devel/share/gennodejs/ros/mav_msgs/msg/_index.js
Unlinking: /home/albertozafra7/Desktop/Universidad/Master/AR/Lab6/catkin_ws/devel/share/gennodejs/ros/mav_msgs/msg/Status.js
Unlinking: /home/albertozafra7/Desktop/Universidad/Master/AR/Lab6/catkin_ws/devel/share/gennodejs/ros/mav_msgs/msg/TorqueThrust.js
Unlinking: /home/albertozafra7/Desktop/Universidad/Master/AR/Lab6/catkin_ws/devel/share/gennodejs/ros/mav_msgs/msg/RollPitchYawrateThrust.js
Unlinking: /home/albertozafra7/Desktop/Universidad/Master/AR/Lab6/catkin_ws/devel/share/gennodejs/ros/mav_msgs/msg/AttitudeThrust.js
Unlinking: /home/albertozafra7/Desktop/Universidad/Master/AR/Lab6/catkin_ws/devel/share/gennodejs/ros/mav_msgs/msg/GpsWaypoint.js
Unlinking: /home/albertozafra7/Desktop/Universidad/Master/AR/Lab6/catkin_ws/devel/share/gennodejs/ros/mav_msgs/msg/FilteredSensorData.js
Unlinking: /home/albertozafra7/Desktop/Universidad/Master/AR/Lab6/catkin_ws/devel/share/gennodejs/ros/mav_msgs/msg/Actuators.js
Unlinking: /home/albertozafra7/Desktop/Universidad/Master/AR/Lab6/catkin_ws/devel/share/gennodejs/ros/mav_msgs/msg/RateThrust.js
Unlinking: /home/albertozafra7/Desktop/Universidad/Master/AR/Lab6/catkin_ws/devel/share/common-lisp/ros/mav_msgs/msg/_package_Status.lisp
Unlinking: /home/albertozafra7/Desktop/Universidad/Master/AR/Lab6/catkin_ws/devel/share/common-lisp/ros/mav_msgs/msg/Status.lisp
Unlinking: /home/albertozafra7/Desktop/Universidad/Master/AR/Lab6/catkin_ws/devel/share/common-lisp/ros/mav_msgs/msg/_package.lisp
Unlinking: /home/albertozafra7/Desktop/Universidad/Master/AR/Lab6/catkin_ws/devel/share/common-lisp/ros/mav_msgs/msg/_package_TorqueThrust.lisp
Unlinking: /home/albertozafra7/Desktop/Universidad/Master/AR/Lab6/catkin_ws/devel/share/common-lisp/ros/mav_msgs/msg/_package_Actuators.lisp
Unlinking: /home/albertozafra7/Desktop/Universidad/Master/AR/Lab6/catkin_ws/devel/share/common-lisp/ros/mav_msgs/msg/mav_msgs-msg.asd
Unlinking: /home/albertozafra7/Desktop/Universidad/Master/AR/Lab6/catkin_ws/devel/share/common-lisp/ros/mav_msgs/msg/FilteredSensorData.lisp
Unlinking: /home/albertozafra7/Desktop/Universidad/Master/AR/Lab6/catkin_ws/devel/share/common-lisp/ros/mav_msgs/msg/RollPitchYawrateThrust.lisp
Unlinking: /home/albertozafra7/Desktop/Universidad/Master/AR/Lab6/catkin_ws/devel/share/common-lisp/ros/mav_msgs/msg/_package_AttitudeThrust.lisp
Unlinking: /home/albertozafra7/Desktop/Universidad/Master/AR/Lab6/catkin_ws/devel/share/common-lisp/ros/mav_msgs/msg/_package_FilteredSensorData.lisp
Unlinking: /home/albertozafra7/Desktop/Universidad/Master/AR/Lab6/catkin_ws/devel/share/common-lisp/ros/mav_msgs/msg/TorqueThrust.lisp
Unlinking: /home/albertozafra7/Desktop/Universidad/Master/AR/Lab6/catkin_ws/devel/share/common-lisp/ros/mav_msgs/msg/_package_RateThrust.lisp
Unlinking: /home/albertozafra7/Desktop/Universidad/Master/AR/Lab6/catkin_ws/devel/share/common-lisp/ros/mav_msgs/msg/RateThrust.lisp
Unlinking: /home/albertozafra7/Desktop/Universidad/Master/AR/Lab6/catkin_ws/devel/share/common-lisp/ros/mav_msgs/msg/Actuators.lisp
Unlinking: /home/albertozafra7/Desktop/Universidad/Master/AR/Lab6/catkin_ws/devel/share/common-lisp/ros/mav_msgs/msg/AttitudeThrust.lisp
Unlinking: /home/albertozafra7/Desktop/Universidad/Master/AR/Lab6/catkin_ws/devel/share/common-lisp/ros/mav_msgs/msg/GpsWaypoint.lisp
Unlinking: /home/albertozafra7/Desktop/Universidad/Master/AR/Lab6/catkin_ws/devel/share/common-lisp/ros/mav_msgs/msg/_package_GpsWaypoint.lisp
Unlinking: /home/albertozafra7/Desktop/Universidad/Master/AR/Lab6/catkin_ws/devel/share/common-lisp/ros/mav_msgs/msg/_package_RollPitchYawrateThrust.lisp
Unlinking: /home/albertozafra7/Desktop/Universidad/Master/AR/Lab6/catkin_ws/devel/lib/pkgconfig/mav_msgs.pc
Unlinking: /home/albertozafra7/Desktop/Universidad/Master/AR/Lab6/catkin_ws/devel/lib/python3/dist-packages/mav_msgs/__init__.py
Unlinking: /home/albertozafra7/Desktop/Universidad/Master/AR/Lab6/catkin_ws/devel/lib/python3/dist-packages/mav_msgs/msg/_Actuators.py
Unlinking: /home/albertozafra7/Desktop/Universidad/Master/AR/Lab6/catkin_ws/devel/lib/python3/dist-packages/mav_msgs/msg/_AttitudeThrust.py
Unlinking: /home/albertozafra7/Desktop/Universidad/Master/AR/Lab6/catkin_ws/devel/lib/python3/dist-packages/mav_msgs/msg/__init__.py
Unlinking: /home/albertozafra7/Desktop/Universidad/Master/AR/Lab6/catkin_ws/devel/lib/python3/dist-packages/mav_msgs/msg/_FilteredSensorData.py
Unlinking: /home/albertozafra7/Desktop/Universidad/Master/AR/Lab6/catkin_ws/devel/lib/python3/dist-packages/mav_msgs/msg/_TorqueThrust.py
Unlinking: /home/albertozafra7/Desktop/Universidad/Master/AR/Lab6/catkin_ws/devel/lib/python3/dist-packages/mav_msgs/msg/_RateThrust.py
Unlinking: /home/albertozafra7/Desktop/Universidad/Master/AR/Lab6/catkin_ws/devel/lib/python3/dist-packages/mav_msgs/msg/_GpsWaypoint.py
Unlinking: /home/albertozafra7/Desktop/Universidad/Master/AR/Lab6/catkin_ws/devel/lib/python3/dist-packages/mav_msgs/msg/_RollPitchYawrateThrust.py
Unlinking: /home/albertozafra7/Desktop/Universidad/Master/AR/Lab6/catkin_ws/devel/lib/python3/dist-packages/mav_msgs/msg/_Status.py
Unlinking: /home/albertozafra7/Desktop/Universidad/Master/AR/Lab6/catkin_ws/devel/include/mav_msgs/RateThrust.h
Unlinking: /home/albertozafra7/Desktop/Universidad/Master/AR/Lab6/catkin_ws/devel/include/mav_msgs/AttitudeThrust.h
Unlinking: /home/albertozafra7/Desktop/Universidad/Master/AR/Lab6/catkin_ws/devel/include/mav_msgs/RollPitchYawrateThrust.h
Unlinking: /home/albertozafra7/Desktop/Universidad/Master/AR/Lab6/catkin_ws/devel/include/mav_msgs/Actuators.h
Unlinking: /home/albertozafra7/Desktop/Universidad/Master/AR/Lab6/catkin_ws/devel/include/mav_msgs/Status.h
Unlinking: /home/albertozafra7/Desktop/Universidad/Master/AR/Lab6/catkin_ws/devel/include/mav_msgs/FilteredSensorData.h
Unlinking: /home/albertozafra7/Desktop/Universidad/Master/AR/Lab6/catkin_ws/devel/include/mav_msgs/TorqueThrust.h
Unlinking: /home/albertozafra7/Desktop/Universidad/Master/AR/Lab6/catkin_ws/devel/include/mav_msgs/GpsWaypoint.h
