Warning: Cannot symlink from /home/albertozafra7/Desktop/Universidad/Master/AR/project/catkin_ws/devel/.private/mav_visualization/share/mav_visualization/cmake/mav_visualizationConfig.cmake to existing file /home/albertozafra7/Desktop/Universidad/Master/AR/project/catkin_ws/devel/share/mav_visualization/cmake/mav_visualizationConfig.cmake
Warning: Source hash: 1041ab1a706d53c8764cf3ab3ff33dba
Warning: Dest hash: fec9ac3e1a16f16e7e6aa53a10d77e27
Warning: Cannot symlink from /home/albertozafra7/Desktop/Universidad/Master/AR/project/catkin_ws/devel/.private/mav_visualization/lib/pkgconfig/mav_visualization.pc to existing file /home/albertozafra7/Desktop/Universidad/Master/AR/project/catkin_ws/devel/lib/pkgconfig/mav_visualization.pc
Warning: Source hash: 0789f62ee0788ce6fdba850951ec9f07
Warning: Dest hash: b66305fa6239887d07315b57558703b5
Warning: Cannot symlink from /home/albertozafra7/Desktop/Universidad/Master/AR/project/catkin_ws/devel/.private/mav_visualization/lib/mav_visualization/hexacopter_publisher to existing file /home/albertozafra7/Desktop/Universidad/Master/AR/project/catkin_ws/devel/lib/mav_visualization/hexacopter_publisher
Warning: Source hash: 98493a3c0d0c4b3b2ba72730f38d589d
Warning: Dest hash: 3a27dddfa9bcade50a54a462e3eff313
Warning: Cannot symlink from /home/albertozafra7/Desktop/Universidad/Master/AR/project/catkin_ws/devel/.private/mav_visualization/lib/mav_visualization/leica_publisher to existing file /home/albertozafra7/Desktop/Universidad/Master/AR/project/catkin_ws/devel/lib/mav_visualization/leica_publisher
Warning: Source hash: d13b11ec91f603dd6e8a7b53bfe573b1
Warning: Dest hash: 1b99f245b543672180c0bcfa9432ee64
Cleaning: (/home/albertozafra7/Desktop/Universidad/Master/AR/Lab6/catkin_ws/devel/.private/mav_visualization/cmake.lock, /home/albertozafra7/Desktop/Universidad/Master/AR/Lab6/catkin_ws/devel/./cmake.lock)
Cleaning: (/home/albertozafra7/Desktop/Universidad/Master/AR/Lab6/catkin_ws/devel/.private/mav_visualization/share/mav_visualization/cmake/mav_visualizationConfig.cmake, /home/albertozafra7/Desktop/Universidad/Master/AR/Lab6/catkin_ws/devel/share/mav_visualization/cmake/mav_visualizationConfig.cmake)
Cleaning: (/home/albertozafra7/Desktop/Universidad/Master/AR/Lab6/catkin_ws/devel/.private/mav_visualization/share/mav_visualization/cmake/mav_visualizationConfig-version.cmake, /home/albertozafra7/Desktop/Universidad/Master/AR/Lab6/catkin_ws/devel/share/mav_visualization/cmake/mav_visualizationConfig-version.cmake)
Cleaning: (/home/albertozafra7/Desktop/Universidad/Master/AR/Lab6/catkin_ws/devel/.private/mav_visualization/lib/libmav_visualization.so, /home/albertozafra7/Desktop/Universidad/Master/AR/Lab6/catkin_ws/devel/lib/libmav_visualization.so)
Cleaning: (/home/albertozafra7/Desktop/Universidad/Master/AR/Lab6/catkin_ws/devel/.private/mav_visualization/lib/pkgconfig/mav_visualization.pc, /home/albertozafra7/Desktop/Universidad/Master/AR/Lab6/catkin_ws/devel/lib/pkgconfig/mav_visualization.pc)
Cleaning: (/home/albertozafra7/Desktop/Universidad/Master/AR/Lab6/catkin_ws/devel/.private/mav_visualization/lib/mav_visualization/hexacopter_publisher, /home/albertozafra7/Desktop/Universidad/Master/AR/Lab6/catkin_ws/devel/lib/mav_visualization/hexacopter_publisher)
Cleaning: (/home/albertozafra7/Desktop/Universidad/Master/AR/Lab6/catkin_ws/devel/.private/mav_visualization/lib/mav_visualization/leica_publisher, /home/albertozafra7/Desktop/Universidad/Master/AR/Lab6/catkin_ws/devel/lib/mav_visualization/leica_publisher)
Unlinking: /home/albertozafra7/Desktop/Universidad/Master/AR/Lab6/catkin_ws/devel/share/mav_visualization/cmake/mav_visualizationConfig.cmake
Unlinking: /home/albertozafra7/Desktop/Universidad/Master/AR/Lab6/catkin_ws/devel/share/mav_visualization/cmake/mav_visualizationConfig-version.cmake
Unlinking: /home/albertozafra7/Desktop/Universidad/Master/AR/Lab6/catkin_ws/devel/lib/libmav_visualization.so
Unlinking: /home/albertozafra7/Desktop/Universidad/Master/AR/Lab6/catkin_ws/devel/lib/pkgconfig/mav_visualization.pc
Unlinking: /home/albertozafra7/Desktop/Universidad/Master/AR/Lab6/catkin_ws/devel/lib/mav_visualization/hexacopter_publisher
Unlinking: /home/albertozafra7/Desktop/Universidad/Master/AR/Lab6/catkin_ws/devel/lib/mav_visualization/leica_publisher
