Warning: Cannot symlink from /home/albertozafra7/Desktop/Universidad/Master/AR/project/catkin_ws/devel/.private/mav_planning_msgs/share/mav_planning_msgs/cmake/mav_planning_msgs-msg-paths.cmake to existing file /home/albertozafra7/Desktop/Universidad/Master/AR/project/catkin_ws/devel/share/mav_planning_msgs/cmake/mav_planning_msgs-msg-paths.cmake
Warning: Source hash: 2e0ac946cedccffd356f2dcf4f42d010
Warning: Dest hash: 58720aeb1aecbf4a7bd62c7d9874374a
Warning: Cannot symlink from /home/albertozafra7/Desktop/Universidad/Master/AR/project/catkin_ws/devel/.private/mav_planning_msgs/share/mav_planning_msgs/cmake/mav_planning_msgsConfig.cmake to existing file /home/albertozafra7/Desktop/Universidad/Master/AR/project/catkin_ws/devel/share/mav_planning_msgs/cmake/mav_planning_msgsConfig.cmake
Warning: Source hash: 48fb91fe2b94567284f07ed70583007d
Warning: Dest hash: 57a6cb50822cf675254f6850b71e37e5
Warning: Cannot symlink from /home/albertozafra7/Desktop/Universidad/Master/AR/project/catkin_ws/devel/.private/mav_planning_msgs/share/mav_planning_msgs/cmake/mav_planning_msgs-msg-extras.cmake to existing file /home/albertozafra7/Desktop/Universidad/Master/AR/project/catkin_ws/devel/share/mav_planning_msgs/cmake/mav_planning_msgs-msg-extras.cmake
Warning: Source hash: ce38704809f43d82258cfe18450f7bfb
Warning: Dest hash: 1428c86466097c9785d831014a76018c
Warning: Cannot symlink from /home/albertozafra7/Desktop/Universidad/Master/AR/project/catkin_ws/devel/.private/mav_planning_msgs/lib/pkgconfig/mav_planning_msgs.pc to existing file /home/albertozafra7/Desktop/Universidad/Master/AR/project/catkin_ws/devel/lib/pkgconfig/mav_planning_msgs.pc
Warning: Source hash: 8c44811cd67d2302d2f764c90fee99b9
Warning: Dest hash: d2900fe16cbcb481e1f03ca8d5760ef9
Cleaning: (/home/albertozafra7/Desktop/Universidad/Master/AR/Lab6/catkin_ws/devel/.private/mav_planning_msgs/cmake.lock, /home/albertozafra7/Desktop/Universidad/Master/AR/Lab6/catkin_ws/devel/./cmake.lock)
Cleaning: (/home/albertozafra7/Desktop/Universidad/Master/AR/Lab6/catkin_ws/devel/.private/mav_planning_msgs/share/mav_planning_msgs/cmake/mav_planning_msgsConfig-version.cmake, /home/albertozafra7/Desktop/Universidad/Master/AR/Lab6/catkin_ws/devel/share/mav_planning_msgs/cmake/mav_planning_msgsConfig-version.cmake)
Cleaning: (/home/albertozafra7/Desktop/Universidad/Master/AR/Lab6/catkin_ws/devel/.private/mav_planning_msgs/share/mav_planning_msgs/cmake/mav_planning_msgs-msg-paths.cmake, /home/albertozafra7/Desktop/Universidad/Master/AR/Lab6/catkin_ws/devel/share/mav_planning_msgs/cmake/mav_planning_msgs-msg-paths.cmake)
Cleaning: (/home/albertozafra7/Desktop/Universidad/Master/AR/Lab6/catkin_ws/devel/.private/mav_planning_msgs/share/mav_planning_msgs/cmake/mav_planning_msgsConfig.cmake, /home/albertozafra7/Desktop/Universidad/Master/AR/Lab6/catkin_ws/devel/share/mav_planning_msgs/cmake/mav_planning_msgsConfig.cmake)
Cleaning: (/home/albertozafra7/Desktop/Universidad/Master/AR/Lab6/catkin_ws/devel/.private/mav_planning_msgs/share/mav_planning_msgs/cmake/mav_planning_msgs-msg-extras.cmake, /home/albertozafra7/Desktop/Universidad/Master/AR/Lab6/catkin_ws/devel/share/mav_planning_msgs/cmake/mav_planning_msgs-msg-extras.cmake)
Cleaning: (/home/albertozafra7/Desktop/Universidad/Master/AR/Lab6/catkin_ws/devel/.private/mav_planning_msgs/share/roseus/ros/mav_planning_msgs/manifest.l, /home/albertozafra7/Desktop/Universidad/Master/AR/Lab6/catkin_ws/devel/share/roseus/ros/mav_planning_msgs/manifest.l)
Cleaning: (/home/albertozafra7/Desktop/Universidad/Master/AR/Lab6/catkin_ws/devel/.private/mav_planning_msgs/share/roseus/ros/mav_planning_msgs/msg/PolynomialSegment4D.l, /home/albertozafra7/Desktop/Universidad/Master/AR/Lab6/catkin_ws/devel/share/roseus/ros/mav_planning_msgs/msg/PolynomialSegment4D.l)
Cleaning: (/home/albertozafra7/Desktop/Universidad/Master/AR/Lab6/catkin_ws/devel/.private/mav_planning_msgs/share/roseus/ros/mav_planning_msgs/msg/PolynomialTrajectory4D.l, /home/albertozafra7/Desktop/Universidad/Master/AR/Lab6/catkin_ws/devel/share/roseus/ros/mav_planning_msgs/msg/PolynomialTrajectory4D.l)
Cleaning: (/home/albertozafra7/Desktop/Universidad/Master/AR/Lab6/catkin_ws/devel/.private/mav_planning_msgs/share/roseus/ros/mav_planning_msgs/msg/PointCloudWithPose.l, /home/albertozafra7/Desktop/Universidad/Master/AR/Lab6/catkin_ws/devel/share/roseus/ros/mav_planning_msgs/msg/PointCloudWithPose.l)
Cleaning: (/home/albertozafra7/Desktop/Universidad/Master/AR/Lab6/catkin_ws/devel/.private/mav_planning_msgs/share/roseus/ros/mav_planning_msgs/msg/PolygonWithHoles.l, /home/albertozafra7/Desktop/Universidad/Master/AR/Lab6/catkin_ws/devel/share/roseus/ros/mav_planning_msgs/msg/PolygonWithHoles.l)
Cleaning: (/home/albertozafra7/Desktop/Universidad/Master/AR/Lab6/catkin_ws/devel/.private/mav_planning_msgs/share/roseus/ros/mav_planning_msgs/msg/PolynomialTrajectory.l, /home/albertozafra7/Desktop/Universidad/Master/AR/Lab6/catkin_ws/devel/share/roseus/ros/mav_planning_msgs/msg/PolynomialTrajectory.l)
Cleaning: (/home/albertozafra7/Desktop/Universidad/Master/AR/Lab6/catkin_ws/devel/.private/mav_planning_msgs/share/roseus/ros/mav_planning_msgs/msg/Point2D.l, /home/albertozafra7/Desktop/Universidad/Master/AR/Lab6/catkin_ws/devel/share/roseus/ros/mav_planning_msgs/msg/Point2D.l)
Cleaning: (/home/albertozafra7/Desktop/Universidad/Master/AR/Lab6/catkin_ws/devel/.private/mav_planning_msgs/share/roseus/ros/mav_planning_msgs/msg/PolygonWithHolesStamped.l, /home/albertozafra7/Desktop/Universidad/Master/AR/Lab6/catkin_ws/devel/share/roseus/ros/mav_planning_msgs/msg/PolygonWithHolesStamped.l)
Cleaning: (/home/albertozafra7/Desktop/Universidad/Master/AR/Lab6/catkin_ws/devel/.private/mav_planning_msgs/share/roseus/ros/mav_planning_msgs/msg/Polygon2D.l, /home/albertozafra7/Desktop/Universidad/Master/AR/Lab6/catkin_ws/devel/share/roseus/ros/mav_planning_msgs/msg/Polygon2D.l)
Cleaning: (/home/albertozafra7/Desktop/Universidad/Master/AR/Lab6/catkin_ws/devel/.private/mav_planning_msgs/share/roseus/ros/mav_planning_msgs/msg/PolynomialSegment.l, /home/albertozafra7/Desktop/Universidad/Master/AR/Lab6/catkin_ws/devel/share/roseus/ros/mav_planning_msgs/msg/PolynomialSegment.l)
Cleaning: (/home/albertozafra7/Desktop/Universidad/Master/AR/Lab6/catkin_ws/devel/.private/mav_planning_msgs/share/roseus/ros/mav_planning_msgs/srv/PlannerService.l, /home/albertozafra7/Desktop/Universidad/Master/AR/Lab6/catkin_ws/devel/share/roseus/ros/mav_planning_msgs/srv/PlannerService.l)
Cleaning: (/home/albertozafra7/Desktop/Universidad/Master/AR/Lab6/catkin_ws/devel/.private/mav_planning_msgs/share/roseus/ros/mav_planning_msgs/srv/PolygonService.l, /home/albertozafra7/Desktop/Universidad/Master/AR/Lab6/catkin_ws/devel/share/roseus/ros/mav_planning_msgs/srv/PolygonService.l)
Cleaning: (/home/albertozafra7/Desktop/Universidad/Master/AR/Lab6/catkin_ws/devel/.private/mav_planning_msgs/share/roseus/ros/mav_planning_msgs/srv/ChangeNameService.l, /home/albertozafra7/Desktop/Universidad/Master/AR/Lab6/catkin_ws/devel/share/roseus/ros/mav_planning_msgs/srv/ChangeNameService.l)
Cleaning: (/home/albertozafra7/Desktop/Universidad/Master/AR/Lab6/catkin_ws/devel/.private/mav_planning_msgs/share/gennodejs/ros/mav_planning_msgs/_index.js, /home/albertozafra7/Desktop/Universidad/Master/AR/Lab6/catkin_ws/devel/share/gennodejs/ros/mav_planning_msgs/_index.js)
Cleaning: (/home/albertozafra7/Desktop/Universidad/Master/AR/Lab6/catkin_ws/devel/.private/mav_planning_msgs/share/gennodejs/ros/mav_planning_msgs/msg/_index.js, /home/albertozafra7/Desktop/Universidad/Master/AR/Lab6/catkin_ws/devel/share/gennodejs/ros/mav_planning_msgs/msg/_index.js)
Cleaning: (/home/albertozafra7/Desktop/Universidad/Master/AR/Lab6/catkin_ws/devel/.private/mav_planning_msgs/share/gennodejs/ros/mav_planning_msgs/msg/Polygon2D.js, /home/albertozafra7/Desktop/Universidad/Master/AR/Lab6/catkin_ws/devel/share/gennodejs/ros/mav_planning_msgs/msg/Polygon2D.js)
Cleaning: (/home/albertozafra7/Desktop/Universidad/Master/AR/Lab6/catkin_ws/devel/.private/mav_planning_msgs/share/gennodejs/ros/mav_planning_msgs/msg/PointCloudWithPose.js, /home/albertozafra7/Desktop/Universidad/Master/AR/Lab6/catkin_ws/devel/share/gennodejs/ros/mav_planning_msgs/msg/PointCloudWithPose.js)
Cleaning: (/home/albertozafra7/Desktop/Universidad/Master/AR/Lab6/catkin_ws/devel/.private/mav_planning_msgs/share/gennodejs/ros/mav_planning_msgs/msg/PolygonWithHoles.js, /home/albertozafra7/Desktop/Universidad/Master/AR/Lab6/catkin_ws/devel/share/gennodejs/ros/mav_planning_msgs/msg/PolygonWithHoles.js)
Cleaning: (/home/albertozafra7/Desktop/Universidad/Master/AR/Lab6/catkin_ws/devel/.private/mav_planning_msgs/share/gennodejs/ros/mav_planning_msgs/msg/PolygonWithHolesStamped.js, /home/albertozafra7/Desktop/Universidad/Master/AR/Lab6/catkin_ws/devel/share/gennodejs/ros/mav_planning_msgs/msg/PolygonWithHolesStamped.js)
Cleaning: (/home/albertozafra7/Desktop/Universidad/Master/AR/Lab6/catkin_ws/devel/.private/mav_planning_msgs/share/gennodejs/ros/mav_planning_msgs/msg/PolynomialTrajectory4D.js, /home/albertozafra7/Desktop/Universidad/Master/AR/Lab6/catkin_ws/devel/share/gennodejs/ros/mav_planning_msgs/msg/PolynomialTrajectory4D.js)
Cleaning: (/home/albertozafra7/Desktop/Universidad/Master/AR/Lab6/catkin_ws/devel/.private/mav_planning_msgs/share/gennodejs/ros/mav_planning_msgs/msg/PolynomialSegment4D.js, /home/albertozafra7/Desktop/Universidad/Master/AR/Lab6/catkin_ws/devel/share/gennodejs/ros/mav_planning_msgs/msg/PolynomialSegment4D.js)
Cleaning: (/home/albertozafra7/Desktop/Universidad/Master/AR/Lab6/catkin_ws/devel/.private/mav_planning_msgs/share/gennodejs/ros/mav_planning_msgs/msg/Point2D.js, /home/albertozafra7/Desktop/Universidad/Master/AR/Lab6/catkin_ws/devel/share/gennodejs/ros/mav_planning_msgs/msg/Point2D.js)
Cleaning: (/home/albertozafra7/Desktop/Universidad/Master/AR/Lab6/catkin_ws/devel/.private/mav_planning_msgs/share/gennodejs/ros/mav_planning_msgs/msg/PolynomialTrajectory.js, /home/albertozafra7/Desktop/Universidad/Master/AR/Lab6/catkin_ws/devel/share/gennodejs/ros/mav_planning_msgs/msg/PolynomialTrajectory.js)
Cleaning: (/home/albertozafra7/Desktop/Universidad/Master/AR/Lab6/catkin_ws/devel/.private/mav_planning_msgs/share/gennodejs/ros/mav_planning_msgs/msg/PolynomialSegment.js, /home/albertozafra7/Desktop/Universidad/Master/AR/Lab6/catkin_ws/devel/share/gennodejs/ros/mav_planning_msgs/msg/PolynomialSegment.js)
Cleaning: (/home/albertozafra7/Desktop/Universidad/Master/AR/Lab6/catkin_ws/devel/.private/mav_planning_msgs/share/gennodejs/ros/mav_planning_msgs/srv/_index.js, /home/albertozafra7/Desktop/Universidad/Master/AR/Lab6/catkin_ws/devel/share/gennodejs/ros/mav_planning_msgs/srv/_index.js)
Cleaning: (/home/albertozafra7/Desktop/Universidad/Master/AR/Lab6/catkin_ws/devel/.private/mav_planning_msgs/share/gennodejs/ros/mav_planning_msgs/srv/PolygonService.js, /home/albertozafra7/Desktop/Universidad/Master/AR/Lab6/catkin_ws/devel/share/gennodejs/ros/mav_planning_msgs/srv/PolygonService.js)
Cleaning: (/home/albertozafra7/Desktop/Universidad/Master/AR/Lab6/catkin_ws/devel/.private/mav_planning_msgs/share/gennodejs/ros/mav_planning_msgs/srv/ChangeNameService.js, /home/albertozafra7/Desktop/Universidad/Master/AR/Lab6/catkin_ws/devel/share/gennodejs/ros/mav_planning_msgs/srv/ChangeNameService.js)
Cleaning: (/home/albertozafra7/Desktop/Universidad/Master/AR/Lab6/catkin_ws/devel/.private/mav_planning_msgs/share/gennodejs/ros/mav_planning_msgs/srv/PlannerService.js, /home/albertozafra7/Desktop/Universidad/Master/AR/Lab6/catkin_ws/devel/share/gennodejs/ros/mav_planning_msgs/srv/PlannerService.js)
Cleaning: (/home/albertozafra7/Desktop/Universidad/Master/AR/Lab6/catkin_ws/devel/.private/mav_planning_msgs/share/common-lisp/ros/mav_planning_msgs/msg/_package_Polygon2D.lisp, /home/albertozafra7/Desktop/Universidad/Master/AR/Lab6/catkin_ws/devel/share/common-lisp/ros/mav_planning_msgs/msg/_package_Polygon2D.lisp)
Cleaning: (/home/albertozafra7/Desktop/Universidad/Master/AR/Lab6/catkin_ws/devel/.private/mav_planning_msgs/share/common-lisp/ros/mav_planning_msgs/msg/PointCloudWithPose.lisp, /home/albertozafra7/Desktop/Universidad/Master/AR/Lab6/catkin_ws/devel/share/common-lisp/ros/mav_planning_msgs/msg/PointCloudWithPose.lisp)
Cleaning: (/home/albertozafra7/Desktop/Universidad/Master/AR/Lab6/catkin_ws/devel/.private/mav_planning_msgs/share/common-lisp/ros/mav_planning_msgs/msg/PolygonWithHoles.lisp, /home/albertozafra7/Desktop/Universidad/Master/AR/Lab6/catkin_ws/devel/share/common-lisp/ros/mav_planning_msgs/msg/PolygonWithHoles.lisp)
Cleaning: (/home/albertozafra7/Desktop/Universidad/Master/AR/Lab6/catkin_ws/devel/.private/mav_planning_msgs/share/common-lisp/ros/mav_planning_msgs/msg/_package.lisp, /home/albertozafra7/Desktop/Universidad/Master/AR/Lab6/catkin_ws/devel/share/common-lisp/ros/mav_planning_msgs/msg/_package.lisp)
Cleaning: (/home/albertozafra7/Desktop/Universidad/Master/AR/Lab6/catkin_ws/devel/.private/mav_planning_msgs/share/common-lisp/ros/mav_planning_msgs/msg/_package_PolynomialSegment4D.lisp, /home/albertozafra7/Desktop/Universidad/Master/AR/Lab6/catkin_ws/devel/share/common-lisp/ros/mav_planning_msgs/msg/_package_PolynomialSegment4D.lisp)
Cleaning: (/home/albertozafra7/Desktop/Universidad/Master/AR/Lab6/catkin_ws/devel/.private/mav_planning_msgs/share/common-lisp/ros/mav_planning_msgs/msg/_package_PolynomialTrajectory.lisp, /home/albertozafra7/Desktop/Universidad/Master/AR/Lab6/catkin_ws/devel/share/common-lisp/ros/mav_planning_msgs/msg/_package_PolynomialTrajectory.lisp)
Cleaning: (/home/albertozafra7/Desktop/Universidad/Master/AR/Lab6/catkin_ws/devel/.private/mav_planning_msgs/share/common-lisp/ros/mav_planning_msgs/msg/_package_PolygonWithHolesStamped.lisp, /home/albertozafra7/Desktop/Universidad/Master/AR/Lab6/catkin_ws/devel/share/common-lisp/ros/mav_planning_msgs/msg/_package_PolygonWithHolesStamped.lisp)
Cleaning: (/home/albertozafra7/Desktop/Universidad/Master/AR/Lab6/catkin_ws/devel/.private/mav_planning_msgs/share/common-lisp/ros/mav_planning_msgs/msg/mav_planning_msgs-msg.asd, /home/albertozafra7/Desktop/Universidad/Master/AR/Lab6/catkin_ws/devel/share/common-lisp/ros/mav_planning_msgs/msg/mav_planning_msgs-msg.asd)
Cleaning: (/home/albertozafra7/Desktop/Universidad/Master/AR/Lab6/catkin_ws/devel/.private/mav_planning_msgs/share/common-lisp/ros/mav_planning_msgs/msg/_package_PolynomialTrajectory4D.lisp, /home/albertozafra7/Desktop/Universidad/Master/AR/Lab6/catkin_ws/devel/share/common-lisp/ros/mav_planning_msgs/msg/_package_PolynomialTrajectory4D.lisp)
Cleaning: (/home/albertozafra7/Desktop/Universidad/Master/AR/Lab6/catkin_ws/devel/.private/mav_planning_msgs/share/common-lisp/ros/mav_planning_msgs/msg/_package_PolygonWithHoles.lisp, /home/albertozafra7/Desktop/Universidad/Master/AR/Lab6/catkin_ws/devel/share/common-lisp/ros/mav_planning_msgs/msg/_package_PolygonWithHoles.lisp)
Cleaning: (/home/albertozafra7/Desktop/Universidad/Master/AR/Lab6/catkin_ws/devel/.private/mav_planning_msgs/share/common-lisp/ros/mav_planning_msgs/msg/PolynomialSegment.lisp, /home/albertozafra7/Desktop/Universidad/Master/AR/Lab6/catkin_ws/devel/share/common-lisp/ros/mav_planning_msgs/msg/PolynomialSegment.lisp)
Cleaning: (/home/albertozafra7/Desktop/Universidad/Master/AR/Lab6/catkin_ws/devel/.private/mav_planning_msgs/share/common-lisp/ros/mav_planning_msgs/msg/Point2D.lisp, /home/albertozafra7/Desktop/Universidad/Master/AR/Lab6/catkin_ws/devel/share/common-lisp/ros/mav_planning_msgs/msg/Point2D.lisp)
Cleaning: (/home/albertozafra7/Desktop/Universidad/Master/AR/Lab6/catkin_ws/devel/.private/mav_planning_msgs/share/common-lisp/ros/mav_planning_msgs/msg/PolynomialTrajectory4D.lisp, /home/albertozafra7/Desktop/Universidad/Master/AR/Lab6/catkin_ws/devel/share/common-lisp/ros/mav_planning_msgs/msg/PolynomialTrajectory4D.lisp)
Cleaning: (/home/albertozafra7/Desktop/Universidad/Master/AR/Lab6/catkin_ws/devel/.private/mav_planning_msgs/share/common-lisp/ros/mav_planning_msgs/msg/PolygonWithHolesStamped.lisp, /home/albertozafra7/Desktop/Universidad/Master/AR/Lab6/catkin_ws/devel/share/common-lisp/ros/mav_planning_msgs/msg/PolygonWithHolesStamped.lisp)
Cleaning: (/home/albertozafra7/Desktop/Universidad/Master/AR/Lab6/catkin_ws/devel/.private/mav_planning_msgs/share/common-lisp/ros/mav_planning_msgs/msg/Polygon2D.lisp, /home/albertozafra7/Desktop/Universidad/Master/AR/Lab6/catkin_ws/devel/share/common-lisp/ros/mav_planning_msgs/msg/Polygon2D.lisp)
Cleaning: (/home/albertozafra7/Desktop/Universidad/Master/AR/Lab6/catkin_ws/devel/.private/mav_planning_msgs/share/common-lisp/ros/mav_planning_msgs/msg/_package_PolynomialSegment.lisp, /home/albertozafra7/Desktop/Universidad/Master/AR/Lab6/catkin_ws/devel/share/common-lisp/ros/mav_planning_msgs/msg/_package_PolynomialSegment.lisp)
Cleaning: (/home/albertozafra7/Desktop/Universidad/Master/AR/Lab6/catkin_ws/devel/.private/mav_planning_msgs/share/common-lisp/ros/mav_planning_msgs/msg/PolynomialSegment4D.lisp, /home/albertozafra7/Desktop/Universidad/Master/AR/Lab6/catkin_ws/devel/share/common-lisp/ros/mav_planning_msgs/msg/PolynomialSegment4D.lisp)
Cleaning: (/home/albertozafra7/Desktop/Universidad/Master/AR/Lab6/catkin_ws/devel/.private/mav_planning_msgs/share/common-lisp/ros/mav_planning_msgs/msg/_package_PointCloudWithPose.lisp, /home/albertozafra7/Desktop/Universidad/Master/AR/Lab6/catkin_ws/devel/share/common-lisp/ros/mav_planning_msgs/msg/_package_PointCloudWithPose.lisp)
Cleaning: (/home/albertozafra7/Desktop/Universidad/Master/AR/Lab6/catkin_ws/devel/.private/mav_planning_msgs/share/common-lisp/ros/mav_planning_msgs/msg/_package_Point2D.lisp, /home/albertozafra7/Desktop/Universidad/Master/AR/Lab6/catkin_ws/devel/share/common-lisp/ros/mav_planning_msgs/msg/_package_Point2D.lisp)
Cleaning: (/home/albertozafra7/Desktop/Universidad/Master/AR/Lab6/catkin_ws/devel/.private/mav_planning_msgs/share/common-lisp/ros/mav_planning_msgs/msg/PolynomialTrajectory.lisp, /home/albertozafra7/Desktop/Universidad/Master/AR/Lab6/catkin_ws/devel/share/common-lisp/ros/mav_planning_msgs/msg/PolynomialTrajectory.lisp)
Cleaning: (/home/albertozafra7/Desktop/Universidad/Master/AR/Lab6/catkin_ws/devel/.private/mav_planning_msgs/share/common-lisp/ros/mav_planning_msgs/srv/_package.lisp, /home/albertozafra7/Desktop/Universidad/Master/AR/Lab6/catkin_ws/devel/share/common-lisp/ros/mav_planning_msgs/srv/_package.lisp)
Cleaning: (/home/albertozafra7/Desktop/Universidad/Master/AR/Lab6/catkin_ws/devel/.private/mav_planning_msgs/share/common-lisp/ros/mav_planning_msgs/srv/PolygonService.lisp, /home/albertozafra7/Desktop/Universidad/Master/AR/Lab6/catkin_ws/devel/share/common-lisp/ros/mav_planning_msgs/srv/PolygonService.lisp)
Cleaning: (/home/albertozafra7/Desktop/Universidad/Master/AR/Lab6/catkin_ws/devel/.private/mav_planning_msgs/share/common-lisp/ros/mav_planning_msgs/srv/mav_planning_msgs-srv.asd, /home/albertozafra7/Desktop/Universidad/Master/AR/Lab6/catkin_ws/devel/share/common-lisp/ros/mav_planning_msgs/srv/mav_planning_msgs-srv.asd)
Cleaning: (/home/albertozafra7/Desktop/Universidad/Master/AR/Lab6/catkin_ws/devel/.private/mav_planning_msgs/share/common-lisp/ros/mav_planning_msgs/srv/PlannerService.lisp, /home/albertozafra7/Desktop/Universidad/Master/AR/Lab6/catkin_ws/devel/share/common-lisp/ros/mav_planning_msgs/srv/PlannerService.lisp)
Cleaning: (/home/albertozafra7/Desktop/Universidad/Master/AR/Lab6/catkin_ws/devel/.private/mav_planning_msgs/share/common-lisp/ros/mav_planning_msgs/srv/_package_PolygonService.lisp, /home/albertozafra7/Desktop/Universidad/Master/AR/Lab6/catkin_ws/devel/share/common-lisp/ros/mav_planning_msgs/srv/_package_PolygonService.lisp)
Cleaning: (/home/albertozafra7/Desktop/Universidad/Master/AR/Lab6/catkin_ws/devel/.private/mav_planning_msgs/share/common-lisp/ros/mav_planning_msgs/srv/_package_PlannerService.lisp, /home/albertozafra7/Desktop/Universidad/Master/AR/Lab6/catkin_ws/devel/share/common-lisp/ros/mav_planning_msgs/srv/_package_PlannerService.lisp)
Cleaning: (/home/albertozafra7/Desktop/Universidad/Master/AR/Lab6/catkin_ws/devel/.private/mav_planning_msgs/share/common-lisp/ros/mav_planning_msgs/srv/_package_ChangeNameService.lisp, /home/albertozafra7/Desktop/Universidad/Master/AR/Lab6/catkin_ws/devel/share/common-lisp/ros/mav_planning_msgs/srv/_package_ChangeNameService.lisp)
Cleaning: (/home/albertozafra7/Desktop/Universidad/Master/AR/Lab6/catkin_ws/devel/.private/mav_planning_msgs/share/common-lisp/ros/mav_planning_msgs/srv/ChangeNameService.lisp, /home/albertozafra7/Desktop/Universidad/Master/AR/Lab6/catkin_ws/devel/share/common-lisp/ros/mav_planning_msgs/srv/ChangeNameService.lisp)
Cleaning: (/home/albertozafra7/Desktop/Universidad/Master/AR/Lab6/catkin_ws/devel/.private/mav_planning_msgs/lib/pkgconfig/mav_planning_msgs.pc, /home/albertozafra7/Desktop/Universidad/Master/AR/Lab6/catkin_ws/devel/lib/pkgconfig/mav_planning_msgs.pc)
Cleaning: (/home/albertozafra7/Desktop/Universidad/Master/AR/Lab6/catkin_ws/devel/.private/mav_planning_msgs/lib/python3/dist-packages/mav_planning_msgs/__init__.py, /home/albertozafra7/Desktop/Universidad/Master/AR/Lab6/catkin_ws/devel/lib/python3/dist-packages/mav_planning_msgs/__init__.py)
Cleaning: (/home/albertozafra7/Desktop/Universidad/Master/AR/Lab6/catkin_ws/devel/.private/mav_planning_msgs/lib/python3/dist-packages/mav_planning_msgs/msg/_PolynomialSegment.py, /home/albertozafra7/Desktop/Universidad/Master/AR/Lab6/catkin_ws/devel/lib/python3/dist-packages/mav_planning_msgs/msg/_PolynomialSegment.py)
Cleaning: (/home/albertozafra7/Desktop/Universidad/Master/AR/Lab6/catkin_ws/devel/.private/mav_planning_msgs/lib/python3/dist-packages/mav_planning_msgs/msg/__init__.py, /home/albertozafra7/Desktop/Universidad/Master/AR/Lab6/catkin_ws/devel/lib/python3/dist-packages/mav_planning_msgs/msg/__init__.py)
Cleaning: (/home/albertozafra7/Desktop/Universidad/Master/AR/Lab6/catkin_ws/devel/.private/mav_planning_msgs/lib/python3/dist-packages/mav_planning_msgs/msg/_PointCloudWithPose.py, /home/albertozafra7/Desktop/Universidad/Master/AR/Lab6/catkin_ws/devel/lib/python3/dist-packages/mav_planning_msgs/msg/_PointCloudWithPose.py)
Cleaning: (/home/albertozafra7/Desktop/Universidad/Master/AR/Lab6/catkin_ws/devel/.private/mav_planning_msgs/lib/python3/dist-packages/mav_planning_msgs/msg/_PolynomialTrajectory4D.py, /home/albertozafra7/Desktop/Universidad/Master/AR/Lab6/catkin_ws/devel/lib/python3/dist-packages/mav_planning_msgs/msg/_PolynomialTrajectory4D.py)
Cleaning: (/home/albertozafra7/Desktop/Universidad/Master/AR/Lab6/catkin_ws/devel/.private/mav_planning_msgs/lib/python3/dist-packages/mav_planning_msgs/msg/_PolygonWithHolesStamped.py, /home/albertozafra7/Desktop/Universidad/Master/AR/Lab6/catkin_ws/devel/lib/python3/dist-packages/mav_planning_msgs/msg/_PolygonWithHolesStamped.py)
Cleaning: (/home/albertozafra7/Desktop/Universidad/Master/AR/Lab6/catkin_ws/devel/.private/mav_planning_msgs/lib/python3/dist-packages/mav_planning_msgs/msg/_PolygonWithHoles.py, /home/albertozafra7/Desktop/Universidad/Master/AR/Lab6/catkin_ws/devel/lib/python3/dist-packages/mav_planning_msgs/msg/_PolygonWithHoles.py)
Cleaning: (/home/albertozafra7/Desktop/Universidad/Master/AR/Lab6/catkin_ws/devel/.private/mav_planning_msgs/lib/python3/dist-packages/mav_planning_msgs/msg/_PolynomialTrajectory.py, /home/albertozafra7/Desktop/Universidad/Master/AR/Lab6/catkin_ws/devel/lib/python3/dist-packages/mav_planning_msgs/msg/_PolynomialTrajectory.py)
Cleaning: (/home/albertozafra7/Desktop/Universidad/Master/AR/Lab6/catkin_ws/devel/.private/mav_planning_msgs/lib/python3/dist-packages/mav_planning_msgs/msg/_Polygon2D.py, /home/albertozafra7/Desktop/Universidad/Master/AR/Lab6/catkin_ws/devel/lib/python3/dist-packages/mav_planning_msgs/msg/_Polygon2D.py)
Cleaning: (/home/albertozafra7/Desktop/Universidad/Master/AR/Lab6/catkin_ws/devel/.private/mav_planning_msgs/lib/python3/dist-packages/mav_planning_msgs/msg/_PolynomialSegment4D.py, /home/albertozafra7/Desktop/Universidad/Master/AR/Lab6/catkin_ws/devel/lib/python3/dist-packages/mav_planning_msgs/msg/_PolynomialSegment4D.py)
Cleaning: (/home/albertozafra7/Desktop/Universidad/Master/AR/Lab6/catkin_ws/devel/.private/mav_planning_msgs/lib/python3/dist-packages/mav_planning_msgs/msg/_Point2D.py, /home/albertozafra7/Desktop/Universidad/Master/AR/Lab6/catkin_ws/devel/lib/python3/dist-packages/mav_planning_msgs/msg/_Point2D.py)
Cleaning: (/home/albertozafra7/Desktop/Universidad/Master/AR/Lab6/catkin_ws/devel/.private/mav_planning_msgs/lib/python3/dist-packages/mav_planning_msgs/srv/__init__.py, /home/albertozafra7/Desktop/Universidad/Master/AR/Lab6/catkin_ws/devel/lib/python3/dist-packages/mav_planning_msgs/srv/__init__.py)
Cleaning: (/home/albertozafra7/Desktop/Universidad/Master/AR/Lab6/catkin_ws/devel/.private/mav_planning_msgs/lib/python3/dist-packages/mav_planning_msgs/srv/_PlannerService.py, /home/albertozafra7/Desktop/Universidad/Master/AR/Lab6/catkin_ws/devel/lib/python3/dist-packages/mav_planning_msgs/srv/_PlannerService.py)
Cleaning: (/home/albertozafra7/Desktop/Universidad/Master/AR/Lab6/catkin_ws/devel/.private/mav_planning_msgs/lib/python3/dist-packages/mav_planning_msgs/srv/_PolygonService.py, /home/albertozafra7/Desktop/Universidad/Master/AR/Lab6/catkin_ws/devel/lib/python3/dist-packages/mav_planning_msgs/srv/_PolygonService.py)
Cleaning: (/home/albertozafra7/Desktop/Universidad/Master/AR/Lab6/catkin_ws/devel/.private/mav_planning_msgs/lib/python3/dist-packages/mav_planning_msgs/srv/_ChangeNameService.py, /home/albertozafra7/Desktop/Universidad/Master/AR/Lab6/catkin_ws/devel/lib/python3/dist-packages/mav_planning_msgs/srv/_ChangeNameService.py)
Cleaning: (/home/albertozafra7/Desktop/Universidad/Master/AR/Lab6/catkin_ws/devel/.private/mav_planning_msgs/include/mav_planning_msgs/PlannerServiceRequest.h, /home/albertozafra7/Desktop/Universidad/Master/AR/Lab6/catkin_ws/devel/include/mav_planning_msgs/PlannerServiceRequest.h)
Cleaning: (/home/albertozafra7/Desktop/Universidad/Master/AR/Lab6/catkin_ws/devel/.private/mav_planning_msgs/include/mav_planning_msgs/PolygonServiceRequest.h, /home/albertozafra7/Desktop/Universidad/Master/AR/Lab6/catkin_ws/devel/include/mav_planning_msgs/PolygonServiceRequest.h)
Cleaning: (/home/albertozafra7/Desktop/Universidad/Master/AR/Lab6/catkin_ws/devel/.private/mav_planning_msgs/include/mav_planning_msgs/PolynomialSegment.h, /home/albertozafra7/Desktop/Universidad/Master/AR/Lab6/catkin_ws/devel/include/mav_planning_msgs/PolynomialSegment.h)
Cleaning: (/home/albertozafra7/Desktop/Universidad/Master/AR/Lab6/catkin_ws/devel/.private/mav_planning_msgs/include/mav_planning_msgs/PolynomialSegment4D.h, /home/albertozafra7/Desktop/Universidad/Master/AR/Lab6/catkin_ws/devel/include/mav_planning_msgs/PolynomialSegment4D.h)
Cleaning: (/home/albertozafra7/Desktop/Universidad/Master/AR/Lab6/catkin_ws/devel/.private/mav_planning_msgs/include/mav_planning_msgs/PlannerService.h, /home/albertozafra7/Desktop/Universidad/Master/AR/Lab6/catkin_ws/devel/include/mav_planning_msgs/PlannerService.h)
Cleaning: (/home/albertozafra7/Desktop/Universidad/Master/AR/Lab6/catkin_ws/devel/.private/mav_planning_msgs/include/mav_planning_msgs/PointCloudWithPose.h, /home/albertozafra7/Desktop/Universidad/Master/AR/Lab6/catkin_ws/devel/include/mav_planning_msgs/PointCloudWithPose.h)
Cleaning: (/home/albertozafra7/Desktop/Universidad/Master/AR/Lab6/catkin_ws/devel/.private/mav_planning_msgs/include/mav_planning_msgs/ChangeNameServiceResponse.h, /home/albertozafra7/Desktop/Universidad/Master/AR/Lab6/catkin_ws/devel/include/mav_planning_msgs/ChangeNameServiceResponse.h)
Cleaning: (/home/albertozafra7/Desktop/Universidad/Master/AR/Lab6/catkin_ws/devel/.private/mav_planning_msgs/include/mav_planning_msgs/PolygonWithHolesStamped.h, /home/albertozafra7/Desktop/Universidad/Master/AR/Lab6/catkin_ws/devel/include/mav_planning_msgs/PolygonWithHolesStamped.h)
Cleaning: (/home/albertozafra7/Desktop/Universidad/Master/AR/Lab6/catkin_ws/devel/.private/mav_planning_msgs/include/mav_planning_msgs/PolynomialTrajectory.h, /home/albertozafra7/Desktop/Universidad/Master/AR/Lab6/catkin_ws/devel/include/mav_planning_msgs/PolynomialTrajectory.h)
Cleaning: (/home/albertozafra7/Desktop/Universidad/Master/AR/Lab6/catkin_ws/devel/.private/mav_planning_msgs/include/mav_planning_msgs/Polygon2D.h, /home/albertozafra7/Desktop/Universidad/Master/AR/Lab6/catkin_ws/devel/include/mav_planning_msgs/Polygon2D.h)
Cleaning: (/home/albertozafra7/Desktop/Universidad/Master/AR/Lab6/catkin_ws/devel/.private/mav_planning_msgs/include/mav_planning_msgs/PolygonWithHoles.h, /home/albertozafra7/Desktop/Universidad/Master/AR/Lab6/catkin_ws/devel/include/mav_planning_msgs/PolygonWithHoles.h)
Cleaning: (/home/albertozafra7/Desktop/Universidad/Master/AR/Lab6/catkin_ws/devel/.private/mav_planning_msgs/include/mav_planning_msgs/PlannerServiceResponse.h, /home/albertozafra7/Desktop/Universidad/Master/AR/Lab6/catkin_ws/devel/include/mav_planning_msgs/PlannerServiceResponse.h)
Cleaning: (/home/albertozafra7/Desktop/Universidad/Master/AR/Lab6/catkin_ws/devel/.private/mav_planning_msgs/include/mav_planning_msgs/Point2D.h, /home/albertozafra7/Desktop/Universidad/Master/AR/Lab6/catkin_ws/devel/include/mav_planning_msgs/Point2D.h)
Cleaning: (/home/albertozafra7/Desktop/Universidad/Master/AR/Lab6/catkin_ws/devel/.private/mav_planning_msgs/include/mav_planning_msgs/ChangeNameServiceRequest.h, /home/albertozafra7/Desktop/Universidad/Master/AR/Lab6/catkin_ws/devel/include/mav_planning_msgs/ChangeNameServiceRequest.h)
Cleaning: (/home/albertozafra7/Desktop/Universidad/Master/AR/Lab6/catkin_ws/devel/.private/mav_planning_msgs/include/mav_planning_msgs/ChangeNameService.h, /home/albertozafra7/Desktop/Universidad/Master/AR/Lab6/catkin_ws/devel/include/mav_planning_msgs/ChangeNameService.h)
Cleaning: (/home/albertozafra7/Desktop/Universidad/Master/AR/Lab6/catkin_ws/devel/.private/mav_planning_msgs/include/mav_planning_msgs/PolynomialTrajectory4D.h, /home/albertozafra7/Desktop/Universidad/Master/AR/Lab6/catkin_ws/devel/include/mav_planning_msgs/PolynomialTrajectory4D.h)
Cleaning: (/home/albertozafra7/Desktop/Universidad/Master/AR/Lab6/catkin_ws/devel/.private/mav_planning_msgs/include/mav_planning_msgs/PolygonServiceResponse.h, /home/albertozafra7/Desktop/Universidad/Master/AR/Lab6/catkin_ws/devel/include/mav_planning_msgs/PolygonServiceResponse.h)
Cleaning: (/home/albertozafra7/Desktop/Universidad/Master/AR/Lab6/catkin_ws/devel/.private/mav_planning_msgs/include/mav_planning_msgs/PolygonService.h, /home/albertozafra7/Desktop/Universidad/Master/AR/Lab6/catkin_ws/devel/include/mav_planning_msgs/PolygonService.h)
Unlinking: /home/albertozafra7/Desktop/Universidad/Master/AR/Lab6/catkin_ws/devel/share/mav_planning_msgs/cmake/mav_planning_msgsConfig-version.cmake
Unlinking: /home/albertozafra7/Desktop/Universidad/Master/AR/Lab6/catkin_ws/devel/share/mav_planning_msgs/cmake/mav_planning_msgs-msg-paths.cmake
Unlinking: /home/albertozafra7/Desktop/Universidad/Master/AR/Lab6/catkin_ws/devel/share/mav_planning_msgs/cmake/mav_planning_msgsConfig.cmake
Unlinking: /home/albertozafra7/Desktop/Universidad/Master/AR/Lab6/catkin_ws/devel/share/mav_planning_msgs/cmake/mav_planning_msgs-msg-extras.cmake
Unlinking: /home/albertozafra7/Desktop/Universidad/Master/AR/Lab6/catkin_ws/devel/share/roseus/ros/mav_planning_msgs/manifest.l
Unlinking: /home/albertozafra7/Desktop/Universidad/Master/AR/Lab6/catkin_ws/devel/share/roseus/ros/mav_planning_msgs/msg/PolynomialSegment4D.l
Unlinking: /home/albertozafra7/Desktop/Universidad/Master/AR/Lab6/catkin_ws/devel/share/roseus/ros/mav_planning_msgs/msg/PolynomialTrajectory4D.l
Unlinking: /home/albertozafra7/Desktop/Universidad/Master/AR/Lab6/catkin_ws/devel/share/roseus/ros/mav_planning_msgs/msg/PointCloudWithPose.l
Unlinking: /home/albertozafra7/Desktop/Universidad/Master/AR/Lab6/catkin_ws/devel/share/roseus/ros/mav_planning_msgs/msg/PolygonWithHoles.l
Unlinking: /home/albertozafra7/Desktop/Universidad/Master/AR/Lab6/catkin_ws/devel/share/roseus/ros/mav_planning_msgs/msg/PolynomialTrajectory.l
Unlinking: /home/albertozafra7/Desktop/Universidad/Master/AR/Lab6/catkin_ws/devel/share/roseus/ros/mav_planning_msgs/msg/Point2D.l
Unlinking: /home/albertozafra7/Desktop/Universidad/Master/AR/Lab6/catkin_ws/devel/share/roseus/ros/mav_planning_msgs/msg/PolygonWithHolesStamped.l
Unlinking: /home/albertozafra7/Desktop/Universidad/Master/AR/Lab6/catkin_ws/devel/share/roseus/ros/mav_planning_msgs/msg/Polygon2D.l
Unlinking: /home/albertozafra7/Desktop/Universidad/Master/AR/Lab6/catkin_ws/devel/share/roseus/ros/mav_planning_msgs/msg/PolynomialSegment.l
Unlinking: /home/albertozafra7/Desktop/Universidad/Master/AR/Lab6/catkin_ws/devel/share/roseus/ros/mav_planning_msgs/srv/PlannerService.l
Unlinking: /home/albertozafra7/Desktop/Universidad/Master/AR/Lab6/catkin_ws/devel/share/roseus/ros/mav_planning_msgs/srv/PolygonService.l
Unlinking: /home/albertozafra7/Desktop/Universidad/Master/AR/Lab6/catkin_ws/devel/share/roseus/ros/mav_planning_msgs/srv/ChangeNameService.l
Unlinking: /home/albertozafra7/Desktop/Universidad/Master/AR/Lab6/catkin_ws/devel/share/gennodejs/ros/mav_planning_msgs/_index.js
Unlinking: /home/albertozafra7/Desktop/Universidad/Master/AR/Lab6/catkin_ws/devel/share/gennodejs/ros/mav_planning_msgs/msg/_index.js
Unlinking: /home/albertozafra7/Desktop/Universidad/Master/AR/Lab6/catkin_ws/devel/share/gennodejs/ros/mav_planning_msgs/msg/Polygon2D.js
Unlinking: /home/albertozafra7/Desktop/Universidad/Master/AR/Lab6/catkin_ws/devel/share/gennodejs/ros/mav_planning_msgs/msg/PointCloudWithPose.js
Unlinking: /home/albertozafra7/Desktop/Universidad/Master/AR/Lab6/catkin_ws/devel/share/gennodejs/ros/mav_planning_msgs/msg/PolygonWithHoles.js
Unlinking: /home/albertozafra7/Desktop/Universidad/Master/AR/Lab6/catkin_ws/devel/share/gennodejs/ros/mav_planning_msgs/msg/PolygonWithHolesStamped.js
Unlinking: /home/albertozafra7/Desktop/Universidad/Master/AR/Lab6/catkin_ws/devel/share/gennodejs/ros/mav_planning_msgs/msg/PolynomialTrajectory4D.js
Unlinking: /home/albertozafra7/Desktop/Universidad/Master/AR/Lab6/catkin_ws/devel/share/gennodejs/ros/mav_planning_msgs/msg/PolynomialSegment4D.js
Unlinking: /home/albertozafra7/Desktop/Universidad/Master/AR/Lab6/catkin_ws/devel/share/gennodejs/ros/mav_planning_msgs/msg/Point2D.js
Unlinking: /home/albertozafra7/Desktop/Universidad/Master/AR/Lab6/catkin_ws/devel/share/gennodejs/ros/mav_planning_msgs/msg/PolynomialTrajectory.js
Unlinking: /home/albertozafra7/Desktop/Universidad/Master/AR/Lab6/catkin_ws/devel/share/gennodejs/ros/mav_planning_msgs/msg/PolynomialSegment.js
Unlinking: /home/albertozafra7/Desktop/Universidad/Master/AR/Lab6/catkin_ws/devel/share/gennodejs/ros/mav_planning_msgs/srv/_index.js
Unlinking: /home/albertozafra7/Desktop/Universidad/Master/AR/Lab6/catkin_ws/devel/share/gennodejs/ros/mav_planning_msgs/srv/PolygonService.js
Unlinking: /home/albertozafra7/Desktop/Universidad/Master/AR/Lab6/catkin_ws/devel/share/gennodejs/ros/mav_planning_msgs/srv/ChangeNameService.js
Unlinking: /home/albertozafra7/Desktop/Universidad/Master/AR/Lab6/catkin_ws/devel/share/gennodejs/ros/mav_planning_msgs/srv/PlannerService.js
Unlinking: /home/albertozafra7/Desktop/Universidad/Master/AR/Lab6/catkin_ws/devel/share/common-lisp/ros/mav_planning_msgs/msg/_package_Polygon2D.lisp
Unlinking: /home/albertozafra7/Desktop/Universidad/Master/AR/Lab6/catkin_ws/devel/share/common-lisp/ros/mav_planning_msgs/msg/PointCloudWithPose.lisp
Unlinking: /home/albertozafra7/Desktop/Universidad/Master/AR/Lab6/catkin_ws/devel/share/common-lisp/ros/mav_planning_msgs/msg/PolygonWithHoles.lisp
Unlinking: /home/albertozafra7/Desktop/Universidad/Master/AR/Lab6/catkin_ws/devel/share/common-lisp/ros/mav_planning_msgs/msg/_package.lisp
Unlinking: /home/albertozafra7/Desktop/Universidad/Master/AR/Lab6/catkin_ws/devel/share/common-lisp/ros/mav_planning_msgs/msg/_package_PolynomialSegment4D.lisp
Unlinking: /home/albertozafra7/Desktop/Universidad/Master/AR/Lab6/catkin_ws/devel/share/common-lisp/ros/mav_planning_msgs/msg/_package_PolynomialTrajectory.lisp
Unlinking: /home/albertozafra7/Desktop/Universidad/Master/AR/Lab6/catkin_ws/devel/share/common-lisp/ros/mav_planning_msgs/msg/_package_PolygonWithHolesStamped.lisp
Unlinking: /home/albertozafra7/Desktop/Universidad/Master/AR/Lab6/catkin_ws/devel/share/common-lisp/ros/mav_planning_msgs/msg/mav_planning_msgs-msg.asd
Unlinking: /home/albertozafra7/Desktop/Universidad/Master/AR/Lab6/catkin_ws/devel/share/common-lisp/ros/mav_planning_msgs/msg/_package_PolynomialTrajectory4D.lisp
Unlinking: /home/albertozafra7/Desktop/Universidad/Master/AR/Lab6/catkin_ws/devel/share/common-lisp/ros/mav_planning_msgs/msg/_package_PolygonWithHoles.lisp
Unlinking: /home/albertozafra7/Desktop/Universidad/Master/AR/Lab6/catkin_ws/devel/share/common-lisp/ros/mav_planning_msgs/msg/PolynomialSegment.lisp
Unlinking: /home/albertozafra7/Desktop/Universidad/Master/AR/Lab6/catkin_ws/devel/share/common-lisp/ros/mav_planning_msgs/msg/Point2D.lisp
Unlinking: /home/albertozafra7/Desktop/Universidad/Master/AR/Lab6/catkin_ws/devel/share/common-lisp/ros/mav_planning_msgs/msg/PolynomialTrajectory4D.lisp
Unlinking: /home/albertozafra7/Desktop/Universidad/Master/AR/Lab6/catkin_ws/devel/share/common-lisp/ros/mav_planning_msgs/msg/PolygonWithHolesStamped.lisp
Unlinking: /home/albertozafra7/Desktop/Universidad/Master/AR/Lab6/catkin_ws/devel/share/common-lisp/ros/mav_planning_msgs/msg/Polygon2D.lisp
Unlinking: /home/albertozafra7/Desktop/Universidad/Master/AR/Lab6/catkin_ws/devel/share/common-lisp/ros/mav_planning_msgs/msg/_package_PolynomialSegment.lisp
Unlinking: /home/albertozafra7/Desktop/Universidad/Master/AR/Lab6/catkin_ws/devel/share/common-lisp/ros/mav_planning_msgs/msg/PolynomialSegment4D.lisp
Unlinking: /home/albertozafra7/Desktop/Universidad/Master/AR/Lab6/catkin_ws/devel/share/common-lisp/ros/mav_planning_msgs/msg/_package_PointCloudWithPose.lisp
Unlinking: /home/albertozafra7/Desktop/Universidad/Master/AR/Lab6/catkin_ws/devel/share/common-lisp/ros/mav_planning_msgs/msg/_package_Point2D.lisp
Unlinking: /home/albertozafra7/Desktop/Universidad/Master/AR/Lab6/catkin_ws/devel/share/common-lisp/ros/mav_planning_msgs/msg/PolynomialTrajectory.lisp
Unlinking: /home/albertozafra7/Desktop/Universidad/Master/AR/Lab6/catkin_ws/devel/share/common-lisp/ros/mav_planning_msgs/srv/_package.lisp
Unlinking: /home/albertozafra7/Desktop/Universidad/Master/AR/Lab6/catkin_ws/devel/share/common-lisp/ros/mav_planning_msgs/srv/PolygonService.lisp
Unlinking: /home/albertozafra7/Desktop/Universidad/Master/AR/Lab6/catkin_ws/devel/share/common-lisp/ros/mav_planning_msgs/srv/mav_planning_msgs-srv.asd
Unlinking: /home/albertozafra7/Desktop/Universidad/Master/AR/Lab6/catkin_ws/devel/share/common-lisp/ros/mav_planning_msgs/srv/PlannerService.lisp
Unlinking: /home/albertozafra7/Desktop/Universidad/Master/AR/Lab6/catkin_ws/devel/share/common-lisp/ros/mav_planning_msgs/srv/_package_PolygonService.lisp
Unlinking: /home/albertozafra7/Desktop/Universidad/Master/AR/Lab6/catkin_ws/devel/share/common-lisp/ros/mav_planning_msgs/srv/_package_PlannerService.lisp
Unlinking: /home/albertozafra7/Desktop/Universidad/Master/AR/Lab6/catkin_ws/devel/share/common-lisp/ros/mav_planning_msgs/srv/_package_ChangeNameService.lisp
Unlinking: /home/albertozafra7/Desktop/Universidad/Master/AR/Lab6/catkin_ws/devel/share/common-lisp/ros/mav_planning_msgs/srv/ChangeNameService.lisp
Unlinking: /home/albertozafra7/Desktop/Universidad/Master/AR/Lab6/catkin_ws/devel/lib/pkgconfig/mav_planning_msgs.pc
Unlinking: /home/albertozafra7/Desktop/Universidad/Master/AR/Lab6/catkin_ws/devel/lib/python3/dist-packages/mav_planning_msgs/__init__.py
Unlinking: /home/albertozafra7/Desktop/Universidad/Master/AR/Lab6/catkin_ws/devel/lib/python3/dist-packages/mav_planning_msgs/msg/_PolynomialSegment.py
Unlinking: /home/albertozafra7/Desktop/Universidad/Master/AR/Lab6/catkin_ws/devel/lib/python3/dist-packages/mav_planning_msgs/msg/__init__.py
Unlinking: /home/albertozafra7/Desktop/Universidad/Master/AR/Lab6/catkin_ws/devel/lib/python3/dist-packages/mav_planning_msgs/msg/_PointCloudWithPose.py
Unlinking: /home/albertozafra7/Desktop/Universidad/Master/AR/Lab6/catkin_ws/devel/lib/python3/dist-packages/mav_planning_msgs/msg/_PolynomialTrajectory4D.py
Unlinking: /home/albertozafra7/Desktop/Universidad/Master/AR/Lab6/catkin_ws/devel/lib/python3/dist-packages/mav_planning_msgs/msg/_PolygonWithHolesStamped.py
Unlinking: /home/albertozafra7/Desktop/Universidad/Master/AR/Lab6/catkin_ws/devel/lib/python3/dist-packages/mav_planning_msgs/msg/_PolygonWithHoles.py
Unlinking: /home/albertozafra7/Desktop/Universidad/Master/AR/Lab6/catkin_ws/devel/lib/python3/dist-packages/mav_planning_msgs/msg/_PolynomialTrajectory.py
Unlinking: /home/albertozafra7/Desktop/Universidad/Master/AR/Lab6/catkin_ws/devel/lib/python3/dist-packages/mav_planning_msgs/msg/_Polygon2D.py
Unlinking: /home/albertozafra7/Desktop/Universidad/Master/AR/Lab6/catkin_ws/devel/lib/python3/dist-packages/mav_planning_msgs/msg/_PolynomialSegment4D.py
Unlinking: /home/albertozafra7/Desktop/Universidad/Master/AR/Lab6/catkin_ws/devel/lib/python3/dist-packages/mav_planning_msgs/msg/_Point2D.py
Unlinking: /home/albertozafra7/Desktop/Universidad/Master/AR/Lab6/catkin_ws/devel/lib/python3/dist-packages/mav_planning_msgs/srv/__init__.py
Unlinking: /home/albertozafra7/Desktop/Universidad/Master/AR/Lab6/catkin_ws/devel/lib/python3/dist-packages/mav_planning_msgs/srv/_PlannerService.py
Unlinking: /home/albertozafra7/Desktop/Universidad/Master/AR/Lab6/catkin_ws/devel/lib/python3/dist-packages/mav_planning_msgs/srv/_PolygonService.py
Unlinking: /home/albertozafra7/Desktop/Universidad/Master/AR/Lab6/catkin_ws/devel/lib/python3/dist-packages/mav_planning_msgs/srv/_ChangeNameService.py
Unlinking: /home/albertozafra7/Desktop/Universidad/Master/AR/Lab6/catkin_ws/devel/include/mav_planning_msgs/PlannerServiceRequest.h
Unlinking: /home/albertozafra7/Desktop/Universidad/Master/AR/Lab6/catkin_ws/devel/include/mav_planning_msgs/PolygonServiceRequest.h
Unlinking: /home/albertozafra7/Desktop/Universidad/Master/AR/Lab6/catkin_ws/devel/include/mav_planning_msgs/PolynomialSegment.h
Unlinking: /home/albertozafra7/Desktop/Universidad/Master/AR/Lab6/catkin_ws/devel/include/mav_planning_msgs/PolynomialSegment4D.h
Unlinking: /home/albertozafra7/Desktop/Universidad/Master/AR/Lab6/catkin_ws/devel/include/mav_planning_msgs/PlannerService.h
Unlinking: /home/albertozafra7/Desktop/Universidad/Master/AR/Lab6/catkin_ws/devel/include/mav_planning_msgs/PointCloudWithPose.h
Unlinking: /home/albertozafra7/Desktop/Universidad/Master/AR/Lab6/catkin_ws/devel/include/mav_planning_msgs/ChangeNameServiceResponse.h
Unlinking: /home/albertozafra7/Desktop/Universidad/Master/AR/Lab6/catkin_ws/devel/include/mav_planning_msgs/PolygonWithHolesStamped.h
Unlinking: /home/albertozafra7/Desktop/Universidad/Master/AR/Lab6/catkin_ws/devel/include/mav_planning_msgs/PolynomialTrajectory.h
Unlinking: /home/albertozafra7/Desktop/Universidad/Master/AR/Lab6/catkin_ws/devel/include/mav_planning_msgs/Polygon2D.h
Unlinking: /home/albertozafra7/Desktop/Universidad/Master/AR/Lab6/catkin_ws/devel/include/mav_planning_msgs/PolygonWithHoles.h
Unlinking: /home/albertozafra7/Desktop/Universidad/Master/AR/Lab6/catkin_ws/devel/include/mav_planning_msgs/PlannerServiceResponse.h
Unlinking: /home/albertozafra7/Desktop/Universidad/Master/AR/Lab6/catkin_ws/devel/include/mav_planning_msgs/Point2D.h
Unlinking: /home/albertozafra7/Desktop/Universidad/Master/AR/Lab6/catkin_ws/devel/include/mav_planning_msgs/ChangeNameServiceRequest.h
Unlinking: /home/albertozafra7/Desktop/Universidad/Master/AR/Lab6/catkin_ws/devel/include/mav_planning_msgs/ChangeNameService.h
Unlinking: /home/albertozafra7/Desktop/Universidad/Master/AR/Lab6/catkin_ws/devel/include/mav_planning_msgs/PolynomialTrajectory4D.h
Unlinking: /home/albertozafra7/Desktop/Universidad/Master/AR/Lab6/catkin_ws/devel/include/mav_planning_msgs/PolygonServiceResponse.h
Unlinking: /home/albertozafra7/Desktop/Universidad/Master/AR/Lab6/catkin_ws/devel/include/mav_planning_msgs/PolygonService.h
