[35m[1mScanning dependencies of target sensor_msgs_generate_messages_eus[0m
[  0%] Built target sensor_msgs_generate_messages_eus
[35m[1mScanning dependencies of target trajectory_msgs_generate_messages_eus[0m
[  0%] Built target trajectory_msgs_generate_messages_eus
[35m[1mScanning dependencies of target _mav_planning_msgs_generate_messages_check_deps_Polygon2D[0m
[  0%] Built target _mav_planning_msgs_generate_messages_check_deps_Polygon2D
[35m[1mScanning dependencies of target geometry_msgs_generate_messages_eus[0m
[  0%] Built target geometry_msgs_generate_messages_eus
[35m[1mScanning dependencies of target _mav_planning_msgs_generate_messages_check_deps_PolygonWithHoles[0m
[  0%] Built target _mav_planning_msgs_generate_messages_check_deps_PolygonWithHoles
[35m[1mScanning dependencies of target _mav_planning_msgs_generate_messages_check_deps_PolynomialTrajectory4D[0m
[  0%] Built target _mav_planning_msgs_generate_messages_check_deps_PolynomialTrajectory4D
[35m[1mScanning dependencies of target _mav_planning_msgs_generate_messages_check_deps_PolynomialTrajectory[0m
[  0%] Built target _mav_planning_msgs_generate_messages_check_deps_PolynomialTrajectory
[35m[1mScanning dependencies of target _mav_planning_msgs_generate_messages_check_deps_PolynomialSegment[0m
[  0%] Built target _mav_planning_msgs_generate_messages_check_deps_PolynomialSegment
[35m[1mScanning dependencies of target mav_msgs_generate_messages_eus[0m
[  0%] Built target mav_msgs_generate_messages_eus
[35m[1mScanning dependencies of target _mav_planning_msgs_generate_messages_check_deps_ChangeNameService[0m
[  0%] Built target _mav_planning_msgs_generate_messages_check_deps_ChangeNameService
[35m[1mScanning dependencies of target _mav_planning_msgs_generate_messages_check_deps_Point2D[0m
[  0%] Built target _mav_planning_msgs_generate_messages_check_deps_Point2D
[35m[1mScanning dependencies of target std_msgs_generate_messages_eus[0m
[  0%] Built target std_msgs_generate_messages_eus
[35m[1mScanning dependencies of target _mav_planning_msgs_generate_messages_check_deps_PointCloudWithPose[0m
[  0%] Built target _mav_planning_msgs_generate_messages_check_deps_PointCloudWithPose
[35m[1mScanning dependencies of target _mav_planning_msgs_generate_messages_check_deps_PolygonWithHolesStamped[0m
[  0%] Built target _mav_planning_msgs_generate_messages_check_deps_PolygonWithHolesStamped
[35m[1mScanning dependencies of target _mav_planning_msgs_generate_messages_check_deps_PolynomialSegment4D[0m
[  0%] Built target _mav_planning_msgs_generate_messages_check_deps_PolynomialSegment4D
[35m[1mScanning dependencies of target _mav_planning_msgs_generate_messages_check_deps_PlannerService[0m
[  0%] Built target _mav_planning_msgs_generate_messages_check_deps_PlannerService
[35m[1mScanning dependencies of target _mav_planning_msgs_generate_messages_check_deps_PolygonService[0m
[  0%] Built target _mav_planning_msgs_generate_messages_check_deps_PolygonService
[35m[1mScanning dependencies of target mav_msgs_generate_messages_py[0m
[  0%] Built target mav_msgs_generate_messages_py
[35m[1mScanning dependencies of target geometry_msgs_generate_messages_py[0m
[  0%] Built target geometry_msgs_generate_messages_py
[35m[1mScanning dependencies of target sensor_msgs_generate_messages_py[0m
[  0%] Built target sensor_msgs_generate_messages_py
[35m[1mScanning dependencies of target std_msgs_generate_messages_py[0m
[  0%] Built target std_msgs_generate_messages_py
[35m[1mScanning dependencies of target trajectory_msgs_generate_messages_py[0m
[  0%] Built target trajectory_msgs_generate_messages_py
[35m[1mScanning dependencies of target sensor_msgs_generate_messages_lisp[0m
[  0%] Built target sensor_msgs_generate_messages_lisp
[35m[1mScanning dependencies of target mav_msgs_generate_messages_lisp[0m
[  0%] Built target mav_msgs_generate_messages_lisp
[35m[1mScanning dependencies of target trajectory_msgs_generate_messages_lisp[0m
[  0%] Built target trajectory_msgs_generate_messages_lisp
[35m[1mScanning dependencies of target geometry_msgs_generate_messages_lisp[0m
[  0%] Built target geometry_msgs_generate_messages_lisp
[35m[1mScanning dependencies of target std_msgs_generate_messages_lisp[0m
[  0%] Built target std_msgs_generate_messages_lisp
[35m[1mScanning dependencies of target sensor_msgs_generate_messages_cpp[0m
[  0%] Built target sensor_msgs_generate_messages_cpp
[35m[1mScanning dependencies of target std_msgs_generate_messages_cpp[0m
[  0%] Built target std_msgs_generate_messages_cpp
[35m[1mScanning dependencies of target geometry_msgs_generate_messages_cpp[0m
[  0%] Built target geometry_msgs_generate_messages_cpp
[35m[1mScanning dependencies of target trajectory_msgs_generate_messages_cpp[0m
[  0%] Built target trajectory_msgs_generate_messages_cpp
[35m[1mScanning dependencies of target mav_msgs_generate_messages_cpp[0m
[  0%] Built target mav_msgs_generate_messages_cpp
[35m[1mScanning dependencies of target trajectory_msgs_generate_messages_nodejs[0m
[  0%] Built target trajectory_msgs_generate_messages_nodejs
[35m[1mScanning dependencies of target mav_msgs_generate_messages_nodejs[0m
[  0%] Built target mav_msgs_generate_messages_nodejs
[35m[1mScanning dependencies of target std_msgs_generate_messages_nodejs[0m
[  0%] Built target std_msgs_generate_messages_nodejs
[35m[1mScanning dependencies of target sensor_msgs_generate_messages_nodejs[0m
[  0%] Built target sensor_msgs_generate_messages_nodejs
[35m[1mScanning dependencies of target geometry_msgs_generate_messages_nodejs[0m
[  0%] Built target geometry_msgs_generate_messages_nodejs
[35m[1mScanning dependencies of target mav_planning_msgs_generate_messages_eus[0m
[ 20%] Built target mav_planning_msgs_generate_messages_eus
[35m[1mScanning dependencies of target mav_planning_msgs_generate_messages_py[0m
[ 42%] Built target mav_planning_msgs_generate_messages_py
[35m[1mScanning dependencies of target mav_planning_msgs_generate_messages_lisp[0m
[ 61%] Built target mav_planning_msgs_generate_messages_lisp
[35m[1mScanning dependencies of target mav_planning_msgs_generate_messages_cpp[0m
[ 80%] Built target mav_planning_msgs_generate_messages_cpp
[35m[1mScanning dependencies of target mav_planning_msgs_generate_messages_nodejs[0m
[100%] Built target mav_planning_msgs_generate_messages_nodejs
[35m[1mScanning dependencies of target mav_planning_msgs_generate_messages[0m
[100%] Built target mav_planning_msgs_generate_messages
